     0.237506240606308E+00     0.263805297436193E-03     0.115313577651978E+01     0.263503723545000E-03
     0.254470974206924E+00     0.142585497815162E-02     0.200449514389038E+01     0.142429443076253E-02
     0.271435707807541E+00     0.332118547521532E-02     0.262979817390442E+01     0.331915286369622E-02
     0.288400441408157E+00     0.597003195434809E-02     0.316254258155823E+01     0.596935721114278E-02
     0.305365145206451E+00     0.945176184177399E-02     0.364834785461426E+01     0.945672020316124E-02
     0.322329878807068E+00     0.136942844837904E-01     0.408647394180298E+01     0.137109775096178E-01
     0.339294612407684E+00     0.186474304646254E-01     0.448269510269165E+01     0.186837743967772E-01
     0.356259346008301E+00     0.244968719780445E-01     0.486162996292114E+01     0.245640743523836E-01
     0.373224079608917E+00     0.310626178979874E-01     0.521015501022339E+01     0.311735235154629E-01
     0.390188813209534E+00     0.386242009699345E-01     0.555149269104004E+01     0.387967154383659E-01
     0.407153546810150E+00     0.469817519187927E-01     0.587255716323853E+01     0.472354441881180E-01
     0.424118280410767E+00     0.561013482511044E-01     0.617432737350464E+01     0.564585737884045E-01
     0.441083014011383E+00     0.659143775701523E-01     0.645623922348022E+01     0.663997456431389E-01
     0.458047747612000E+00     0.768051370978355E-01     0.673780918121338E+01     0.774523541331291E-01
     0.475012481212616E+00     0.881949737668037E-01     0.699450445175171E+01     0.890326574444771E-01
     0.491977214813232E+00     0.100528486073017E+00     0.724689579010010E+01     0.101596318185329E+00
     0.508941948413849E+00     0.113590665161610E+00     0.748743820190430E+01     0.114928528666496E+00
     0.525906682014465E+00     0.127440318465233E+00     0.771952772140503E+01     0.129093363881111E+00
     0.542871415615082E+00     0.142031937837601E+00     0.794269180297852E+01     0.144048497080803E+00
     0.559836149215698E+00     0.157312229275703E+00     0.815643119812012E+01     0.159743398427963E+00
     0.576800882816315E+00     0.173444435000420E+00     0.836648178100586E+01     0.176350384950638E+00
     0.593765616416931E+00     0.190030202269554E+00     0.856261539459229E+01     0.193463280797005E+00
     0.610730290412903E+00     0.207438379526138E+00     0.875603008270264E+01     0.211466759443283E+00
     0.627695024013519E+00     0.225433990359306E+00     0.894132709503174E+01     0.230122432112694E+00
     0.644659757614136E+00     0.243937939405441E+00     0.911764526367188E+01     0.249351859092712E+00
     0.661624491214752E+00     0.262284666299820E+00     0.928183364868164E+01     0.268464386463165E+00
     0.678589224815369E+00     0.274377405643463E+00     0.938087844848633E+01     0.281086742877960E+00
     0.695553958415985E+00     0.288831382989883E+00     0.950346565246582E+01     0.296199977397919E+00
     0.712518692016602E+00     0.303818494081497E+00     0.961407661437988E+01     0.311900258064270E+00
     0.729483425617218E+00     0.320126265287399E+00     0.973315143585205E+01     0.329018592834473E+00
     0.746448159217834E+00     0.337522715330124E+00     0.985702419281006E+01     0.347319304943085E+00
     0.763412892818451E+00     0.355392962694168E+00     0.997421264648438E+01     0.366160660982132E+00
     0.780377626419067E+00     0.373558014631271E+00     0.100824108123779E+02     0.385356634855270E+00
     0.797342360019684E+00     0.393112033605576E+00     0.102032890319824E+02     0.406070113182068E+00
     0.814307093620300E+00     0.412583351135254E+00     0.103094377517700E+02     0.426746547222137E+00
     0.831271827220917E+00     0.433036565780640E+00     0.104213666915894E+02     0.448520421981812E+00
     0.848236560821533E+00     0.453857898712158E+00     0.105282974243164E+02     0.470743566751480E+00
     0.865201294422150E+00     0.474919259548187E+00     0.106287002563477E+02     0.493281751871109E+00
     0.882166028022766E+00     0.496877312660217E+00     0.107344522476196E+02     0.516842842102051E+00
     0.899130761623383E+00     0.518607616424561E+00     0.108269309997559E+02     0.540222883224487E+00
     0.916095495223999E+00     0.541278183460236E+00     0.109262685775757E+02     0.564682126045227E+00
     0.933060228824615E+00     0.564389526844025E+00     0.110244808197021E+02     0.589687943458557E+00
     0.950024962425232E+00     0.587028086185455E+00     0.111078777313232E+02     0.614251494407654E+00
     0.966989696025848E+00     0.608889222145081E+00     0.111958112716675E+02     0.638037443161011E+00
     0.983954429626465E+00     0.630422830581665E+00     0.112758474349976E+02     0.661529958248138E+00
     0.100091910362244E+01     0.651767492294312E+00     0.113473625183105E+02     0.684877872467041E+00
     0.101788389682770E+01     0.673419654369354E+00     0.114184179306030E+02     0.708625495433807E+00
     0.103484857082367E+01     0.695745646953583E+00     0.114946241378784E+02     0.733179330825806E+00
     0.105181336402893E+01     0.717723250389099E+00     0.115611982345581E+02     0.757416188716888E+00
     0.106877803802490E+01     0.740513563156128E+00     0.116353960037231E+02     0.782619893550873E+00
     0.108574283123016E+01     0.762973010540009E+00     0.117009363174438E+02     0.807527482509613E+00
     0.110270750522614E+01     0.785503745079041E+00     0.117639951705933E+02     0.832584321498871E+00
     0.111967229843140E+01     0.808044195175171E+00     0.118240251541138E+02     0.857722580432892E+00
     0.113663697242737E+01     0.831043004989624E+00     0.118875284194946E+02     0.883445680141449E+00
     0.115360176563263E+01     0.853715837001801E+00     0.119438953399658E+02     0.908876657485962E+00
     0.117056643962860E+01     0.876552581787109E+00     0.120001850128174E+02     0.934565186500549E+00
     0.118753123283386E+01     0.899114549160004E+00     0.120507335662842E+02     0.960017204284668E+00
     0.120449590682983E+01     0.921906769275665E+00     0.121025829315186E+02     0.985803067684174E+00
     0.122146058082581E+01     0.944648027420044E+00     0.121522045135498E+02     0.101160585880280E+01
     0.123842537403107E+01     0.967943549156189E+00     0.122076759338379E+02     0.103811597824097E+01
     0.125539004802704E+01     0.990252852439880E+00     0.122492218017578E+02     0.106357669830322E+01
     0.127235484123230E+01     0.101332473754883E+01     0.122996644973755E+02     0.108998560905457E+01
     0.128931951522827E+01     0.103587472438812E+01     0.123427076339722E+02     0.111587262153625E+01
     0.130628430843353E+01     0.105896580219269E+01     0.123920936584473E+02     0.114246022701263E+01
     0.132324898242950E+01     0.108118295669556E+01     0.124300289154053E+02     0.116811561584473E+01
     0.134021377563477E+01     0.110342049598694E+01     0.124681110382080E+02     0.119386923313141E+01
     0.135717844963074E+01     0.112539052963257E+01     0.125029163360596E+02     0.121938633918762E+01
     0.137414324283600E+01     0.114811277389526E+01     0.125471334457397E+02     0.124585688114166E+01
     0.139110791683197E+01     0.117018902301788E+01     0.125836734771729E+02     0.127165007591248E+01
     0.140807271003723E+01     0.119157445430756E+01     0.126122112274170E+02     0.129670679569244E+01
     0.142503738403320E+01     0.121337139606476E+01     0.126463651657104E+02     0.132232069969177E+01
     0.144200217723846E+01     0.123511421680450E+01     0.126805553436279E+02     0.134794592857361E+01
     0.145896685123444E+01     0.125614559650421E+01     0.127070102691650E+02     0.137280261516571E+01
     0.147593164443970E+01     0.127745246887207E+01     0.127376956939697E+02     0.139805829524994E+01
     0.149289631843567E+01     0.129811429977417E+01     0.127620391845703E+02     0.142261803150177E+01
     0.150986111164093E+01     0.131314051151276E+01     0.127850732803345E+02     0.144052410125732E+01
     0.152682578563690E+01     0.132339453697205E+01     0.127985267639160E+02     0.145276367664337E+01
     0.154379057884216E+01     0.133397555351257E+01     0.128078002929688E+02     0.146540975570679E+01
     0.156075525283813E+01     0.134554433822632E+01     0.128227424621582E+02     0.147925853729248E+01
     0.157772004604340E+01     0.135772800445557E+01     0.128402242660522E+02     0.149386751651764E+01
     0.159468472003937E+01     0.136958134174347E+01     0.128500890731812E+02     0.150810086727142E+01
     0.161164951324463E+01     0.138236415386200E+01     0.128677139282227E+02     0.152347862720490E+01
     0.162861418724060E+01     0.139454269409180E+01     0.128757705688477E+02     0.153815078735352E+01
     0.164557886123657E+01     0.140746033191681E+01     0.128902873992920E+02     0.155374240875244E+01
     0.166254365444183E+01     0.142010700702667E+01     0.128999319076538E+02     0.156903183460236E+01
     0.167950832843781E+01     0.143353641033173E+01     0.129171304702759E+02     0.158530008792877E+01
     0.169647312164307E+01     0.144597566127777E+01     0.129217052459717E+02     0.160039007663727E+01
     0.171343779563904E+01     0.145967316627502E+01     0.129397354125977E+02     0.161704337596893E+01
     0.173040258884430E+01     0.147221827507019E+01     0.129442443847656E+02     0.163231694698334E+01
     0.174736726284027E+01     0.148512494564056E+01     0.129556331634521E+02     0.164806258678436E+01
     0.176433205604553E+01     0.149795579910278E+01     0.129656095504761E+02     0.166374337673187E+01
     0.178129673004150E+01     0.151046597957611E+01     0.129714832305908E+02     0.167905688285828E+01
     0.179826152324677E+01     0.152284669876099E+01     0.129756126403809E+02     0.169423758983612E+01
     0.181522619724274E+01     0.153610658645630E+01     0.129894905090332E+02     0.171053242683411E+01
     0.183219099044800E+01     0.154816198348999E+01     0.129895906448364E+02     0.172536492347717E+01
     0.184915566444397E+01     0.156114470958710E+01     0.130001554489136E+02     0.174137473106384E+01
     0.186612045764923E+01     0.157338488101959E+01     0.130024003982544E+02     0.175649034976959E+01
     0.188308513164520E+01     0.158600151538849E+01     0.130090227127075E+02     0.177210211753845E+01
     0.190004992485046E+01     0.159850013256073E+01     0.130148916244507E+02     0.178759586811066E+01
     0.191701459884644E+01     0.160857558250427E+01     0.130228939056396E+02     0.180010914802551E+01
     0.193397939205170E+01     0.161767470836639E+01     0.130230121612549E+02     0.181141877174377E+01
     0.195094406604767E+01     0.162745952606201E+01     0.130301866531372E+02     0.182360410690308E+01
     0.196790885925293E+01     0.163641667366028E+01     0.130274314880371E+02     0.183476424217224E+01
     0.198487353324890E+01     0.164540684223175E+01     0.130249633789062E+02     0.184597969055176E+01
     0.200183820724487E+01     0.165569853782654E+01     0.130344133377075E+02     0.185884940624237E+01
     0.201880288124084E+01     0.166541194915771E+01     0.130341014862061E+02     0.187100350856781E+01
     0.203576779365540E+01     0.167513430118561E+01     0.130335721969604E+02     0.188318514823914E+01
     0.205273246765137E+01     0.168311405181885E+01     0.130381641387939E+02     0.189320206642151E+01
     0.206969714164734E+01     0.168948709964752E+01     0.130303354263306E+02     0.190119576454163E+01
     0.208666181564331E+01     0.169695496559143E+01     0.130327892303467E+02     0.191058588027954E+01
     0.210362672805786E+01     0.170496392250061E+01     0.130398998260498E+02     0.192067337036133E+01
     0.212059140205383E+01     0.171223473548889E+01     0.130374212265015E+02     0.192982840538025E+01
     0.213755607604980E+01     0.171923828125000E+01     0.130311727523804E+02     0.193864989280701E+01
     0.215452075004578E+01     0.172671759128571E+01     0.130312776565552E+02     0.194808900356293E+01
     0.217148566246033E+01     0.173423218727112E+01     0.130324726104736E+02     0.195758402347565E+01
     0.218845033645630E+01     0.174113833904266E+01     0.130274028778076E+02     0.196630883216858E+01
     0.220541501045227E+01     0.174825894832611E+01     0.130253267288208E+02     0.197531771659851E+01
     0.222237968444824E+01     0.175591766834259E+01     0.130299263000488E+02     0.198502802848816E+01
     0.223934459686279E+01     0.176215302944183E+01     0.130191287994385E+02     0.199291610717773E+01
     0.225630927085876E+01     0.176952874660492E+01     0.130217523574829E+02     0.200228166580200E+01
     0.227327394485474E+01     0.177654790878296E+01     0.130210971832275E+02     0.201119709014893E+01
     0.229023861885071E+01     0.178345751762390E+01     0.130199060440063E+02     0.201998066902161E+01
     0.230720353126526E+01     0.179001450538635E+01     0.130153856277466E+02     0.202831602096558E+01
     0.232416820526123E+01     0.179655754566193E+01     0.130114297866821E+02     0.203664159774780E+01
     0.234113287925720E+01     0.180296075344086E+01     0.130066061019897E+02     0.204479384422302E+01
     0.235809755325317E+01     0.180911183357239E+01     0.129996738433838E+02     0.205262565612793E+01
     0.237506246566772E+01     0.181579780578613E+01     0.129994773864746E+02     0.206116104125977E+01
     0.239202713966370E+01     0.182199406623840E+01     0.129944839477539E+02     0.206906700134277E+01
     0.240899181365967E+01     0.182790946960449E+01     0.129870605468750E+02     0.207661342620850E+01
     0.242595648765564E+01     0.183446538448334E+01     0.129875831604004E+02     0.208500361442566E+01
     0.244292116165161E+01     0.184032821655273E+01     0.129809856414795E+02     0.209249544143677E+01
     0.245988607406616E+01     0.184608936309814E+01     0.129739799499512E+02     0.209986042976379E+01
     0.247685074806213E+01     0.185245585441589E+01     0.129745779037476E+02     0.210802650451660E+01
     0.249381542205811E+01     0.185822761058807E+01     0.129691267013550E+02     0.211541914939880E+01
     0.251078009605408E+01     0.186395037174225E+01     0.129638471603394E+02     0.212275433540344E+01
     0.252774500846863E+01     0.186926209926605E+01     0.129545841217041E+02     0.212955403327942E+01
     0.254470968246460E+01     0.187455463409424E+01     0.129458789825439E+02     0.213633394241333E+01
     0.256167435646057E+01     0.188049626350403E+01     0.129452066421509E+02     0.214397621154785E+01
     0.257863903045654E+01     0.188558232784271E+01     0.129355459213257E+02     0.215049481391907E+01
     0.259560394287109E+01     0.189152348041534E+01     0.129363622665405E+02     0.215815043449402E+01
     0.261256861686707E+01     0.189634370803833E+01     0.129250164031982E+02     0.216432785987854E+01
     0.262953329086304E+01     0.190157902240753E+01     0.129191513061523E+02     0.217106032371521E+01
     0.264649796485901E+01     0.190662431716919E+01     0.129118185043335E+02     0.217754578590393E+01
     0.266346287727356E+01     0.191139101982117E+01     0.129020433425903E+02     0.218366599082947E+01
     0.268042755126953E+01     0.191657674312592E+01     0.128976440429688E+02     0.219034838676453E+01
     0.269739222526550E+01     0.192160427570343E+01     0.128921537399292E+02     0.219682598114014E+01
     0.271435689926147E+01     0.192633414268494E+01     0.128839626312256E+02     0.220291113853455E+01
     0.273132181167603E+01     0.193114936351776E+01     0.128774032592773E+02     0.220911526679993E+01
     0.274828648567200E+01     0.193624341487885E+01     0.128747110366821E+02     0.221569728851318E+01
     0.276525115966797E+01     0.194072258472443E+01     0.128656339645386E+02     0.222146153450012E+01
     0.278221583366394E+01     0.194546699523926E+01     0.128601942062378E+02     0.222758531570435E+01
     0.279918074607849E+01     0.194946300983429E+01     0.128497648239136E+02     0.223272061347961E+01
     0.281614542007446E+01     0.195397508144379E+01     0.128463602066040E+02     0.223855543136597E+01
     0.283311009407043E+01     0.195845723152161E+01     0.128431415557861E+02     0.224435377120972E+01
     0.285007476806641E+01     0.196175801753998E+01     0.128266782760620E+02     0.224856400489807E+01
     0.286703944206238E+01     0.196627187728882E+01     0.128246278762817E+02     0.225441169738770E+01
     0.288400435447693E+01     0.197044134140015E+01     0.128191661834717E+02     0.225979852676392E+01
     0.290096902847290E+01     0.197389388084412E+01     0.128059186935425E+02     0.226421952247620E+01
     0.291793370246887E+01     0.197796988487244E+01     0.128003244400024E+02     0.226948595046997E+01
     0.293489837646484E+01     0.198236620426178E+01     0.127990217208862E+02     0.227518987655640E+01
     0.295186328887939E+01     0.198620724678040E+01     0.127917652130127E+02     0.228014516830444E+01
     0.296882796287537E+01     0.198958849906921E+01     0.127796230316162E+02     0.228447890281677E+01
     0.298579263687134E+01     0.199298167228699E+01     0.127682361602783E+02     0.228883075714111E+01
     0.300275731086731E+01     0.199721288681030E+01     0.127670240402222E+02     0.229432463645935E+01
     0.301972222328186E+01     0.200090575218201E+01     0.127601222991943E+02     0.229908967018127E+01
     0.303668689727783E+01     0.200411343574524E+01     0.127480440139771E+02     0.230319619178772E+01
     0.305365157127380E+01     0.200777530670166E+01     0.127417984008789E+02     0.230792403221130E+01
     0.307061624526978E+01     0.201153516769409E+01     0.127372694015503E+02     0.231278896331787E+01
     0.308758115768433E+01     0.201458072662354E+01     0.127248249053955E+02     0.231668066978455E+01
     0.310454583168030E+01     0.201823973655701E+01     0.127201261520386E+02     0.232141351699829E+01
     0.312151050567627E+01     0.202133083343506E+01     0.127092561721802E+02     0.232537126541138E+01
     0.313847517967224E+01     0.202436876296997E+01     0.126983242034912E+02     0.232925820350647E+01
     0.315544009208679E+01     0.202787756919861E+01     0.126933574676514E+02     0.233379364013672E+01
     0.317240476608276E+01     0.203103780746460E+01     0.126848411560059E+02     0.233785295486450E+01
     0.318936944007874E+01     0.203456974029541E+01     0.126812524795532E+02     0.234242582321167E+01
     0.320633411407471E+01     0.203779411315918E+01     0.126745491027832E+02     0.234657883644104E+01
     0.322329902648926E+01     0.204013657569885E+01     0.126578369140625E+02     0.234951877593994E+01
     0.324026370048523E+01     0.204357409477234E+01     0.126545753479004E+02     0.235396981239319E+01
     0.325722837448120E+01     0.204673933982849E+01     0.126486692428589E+02     0.235804867744446E+01
     0.327419304847717E+01     0.204951953887939E+01     0.126386175155640E+02     0.236159777641296E+01
     0.329115772247314E+01     0.205209422111511E+01     0.126266374588013E+02     0.236486434936523E+01
     0.330812263488770E+01     0.205520272254944E+01     0.126214838027954E+02     0.236887145042419E+01
     0.332508730888367E+01     0.205789303779602E+01     0.126118364334106E+02     0.237230181694031E+01
     0.334205198287964E+01     0.206027460098267E+01     0.125990581512451E+02     0.237530612945557E+01
     0.335901665687561E+01     0.206296730041504E+01     0.125903997421265E+02     0.237874317169189E+01
     0.337598156929016E+01     0.206582808494568E+01     0.125841608047485E+02     0.238241600990295E+01
     0.339294624328613E+01     0.206862044334412E+01     0.125776109695435E+02     0.238599658012390E+01
     0.340991091728210E+01     0.207092857360840E+01     0.125658044815063E+02     0.238890480995178E+01
     0.342687559127808E+01     0.207385039329529E+01     0.125616970062256E+02     0.239266991615295E+01
     0.344384050369263E+01     0.207627892494202E+01     0.125521936416626E+02     0.239574980735779E+01
     0.346080517768860E+01     0.207871389389038E+01     0.125432214736938E+02     0.239884042739868E+01
     0.347776985168457E+01     0.208115887641907E+01     0.125348138809204E+02     0.240194702148438E+01
     0.349473452568054E+01     0.208398747444153E+01     0.125315189361572E+02     0.240559196472168E+01
     0.351169943809509E+01     0.208643889427185E+01     0.125241193771362E+02     0.240871214866638E+01
     0.352866411209106E+01     0.208806037902832E+01     0.125070695877075E+02     0.241067099571228E+01
     0.354562878608704E+01     0.209108424186707E+01     0.125074663162231E+02     0.241459727287292E+01
     0.356259346008301E+01     0.209317994117737E+01     0.124969778060913E+02     0.241722393035889E+01
     0.357955837249756E+01     0.209536409378052E+01     0.124880352020264E+02     0.241997671127319E+01
     0.359652304649353E+01     0.209745430946350E+01     0.124783649444580E+02     0.242259883880615E+01
     0.361348772048950E+01     0.209922766685486E+01     0.124653186798096E+02     0.242477703094482E+01
     0.363045239448547E+01     0.210179138183594E+01     0.124622268676758E+02     0.242806911468506E+01
     0.364741706848145E+01     0.210401892662048E+01     0.124555301666260E+02     0.243089032173157E+01
     0.366438198089600E+01     0.210596609115601E+01     0.124457635879517E+02     0.243331837654114E+01
     0.368134665489197E+01     0.210750246047974E+01     0.124314374923706E+02     0.243516755104065E+01
     0.369831132888794E+01     0.210943007469177E+01     0.124222755432129E+02     0.243757033348083E+01
     0.371527600288391E+01     0.211145973205566E+01     0.124147129058838E+02     0.244011902809143E+01
     0.373224091529846E+01     0.211328172683716E+01     0.124050664901733E+02     0.244237613677979E+01
     0.374920558929443E+01     0.211590600013733E+01     0.124055919647217E+02     0.244577074050903E+01
     0.376617026329041E+01     0.211712265014648E+01     0.123892412185669E+02     0.244717335700989E+01
     0.378313493728638E+01     0.211885356903076E+01     0.123796339035034E+02     0.244930601119995E+01
     0.380009984970093E+01     0.212119317054749E+01     0.123777656555176E+02     0.245230436325073E+01
     0.381706452369690E+01     0.212271499633789E+01     0.123662958145142E+02     0.245414352416992E+01
     0.383402919769287E+01     0.212446331977844E+01     0.123579750061035E+02     0.245630574226379E+01
     0.385099387168884E+01     0.212623739242554E+01     0.123513860702515E+02     0.245851826667786E+01
     0.386795878410339E+01     0.212790632247925E+01     0.123439083099365E+02     0.246058320999146E+01
     0.388492345809937E+01     0.212949395179749E+01     0.123357067108154E+02     0.246253299713135E+01
     0.390188813209534E+01     0.213100743293762E+01     0.123268823623657E+02     0.246437859535217E+01
     0.391885280609131E+01     0.213231182098389E+01     0.123158092498779E+02     0.246592640876770E+01
     0.393581771850586E+01     0.213387537002563E+01     0.123081808090210E+02     0.246784520149231E+01
     0.395278239250183E+01     0.213575220108032E+01     0.123047170639038E+02     0.247021245956421E+01
     0.396974706649780E+01     0.213722300529480E+01     0.122965526580811E+02     0.247200155258179E+01
     0.398671174049377E+01     0.213890004158020E+01     0.122913103103638E+02     0.247408676147461E+01
     0.400367641448975E+01     0.213964772224426E+01     0.122747678756714E+02     0.247484230995178E+01
     0.402064132690430E+01     0.214184737205505E+01     0.122766075134277E+02     0.247767901420593E+01
     0.403760576248169E+01     0.214298915863037E+01     0.122654485702515E+02     0.247900104522705E+01
     0.405457067489624E+01     0.214429903030396E+01     0.122567653656006E+02     0.248056530952454E+01
     0.407153558731079E+01     0.214520955085754E+01     0.122434520721436E+02     0.248155713081360E+01
     0.408850002288818E+01     0.214656877517700E+01     0.122359657287598E+02     0.248319411277771E+01
     0.410546493530273E+01     0.214801311492920E+01     0.122298154830933E+02     0.248495531082153E+01
     0.412242984771729E+01     0.214933681488037E+01     0.122224779129028E+02     0.248654413223267E+01
     0.413939428329468E+01     0.215101027488708E+01     0.122198915481567E+02     0.248863840103149E+01
     0.415635919570923E+01     0.215188598632812E+01     0.122074508666992E+02     0.248958492279053E+01
     0.417332363128662E+01     0.215323781967163E+01     0.122013454437256E+02     0.249121880531311E+01
     0.419028854370117E+01     0.215473079681396E+01     0.121974067687988E+02     0.249305820465088E+01
     0.420725345611572E+01     0.215529251098633E+01     0.121818237304688E+02     0.249355435371399E+01
     0.422421789169312E+01     0.215677690505981E+01     0.121782169342041E+02     0.249538397789001E+01
     0.424118280410767E+01     0.215742850303650E+01     0.121644573211670E+02     0.249601197242737E+01
     0.425814771652222E+01     0.215923237800598E+01     0.121654710769653E+02     0.249830698966980E+01
     0.427511215209961E+01     0.215971302986145E+01     0.121500749588013E+02     0.249869108200073E+01
     0.429207706451416E+01     0.216066956520081E+01     0.121411914825439E+02     0.249976682662964E+01
     0.430904150009155E+01     0.216207122802734E+01     0.121381759643555E+02     0.250148963928223E+01
     0.432600641250610E+01     0.216281509399414E+01     0.121272630691528E+02     0.250226211547852E+01
     0.434297132492065E+01     0.216437172889709E+01     0.121269731521606E+02     0.250421571731567E+01
     0.435993576049805E+01     0.216495394706726E+01     0.121144943237305E+02     0.250475716590881E+01
     0.437690067291260E+01     0.216580009460449E+01     0.121057443618774E+02     0.250568342208862E+01
     0.439386558532715E+01     0.216715407371521E+01     0.121037549972534E+02     0.250734949111938E+01
     0.441083002090454E+01     0.216813492774963E+01     0.120972967147827E+02     0.250847554206848E+01
     0.442779493331909E+01     0.216899156570435E+01     0.120894832611084E+02     0.250942301750183E+01
     0.444475936889648E+01     0.216958522796631E+01     0.120785226821899E+02     0.250998926162720E+01
     0.446172428131104E+01     0.217086219787598E+01     0.120767641067505E+02     0.251155185699463E+01
     0.447868919372559E+01     0.217096590995789E+01     0.120600223541260E+02     0.251140689849854E+01
     0.449565362930298E+01     0.217226147651672E+01     0.120588436126709E+02     0.251300072669983E+01
     0.451261854171753E+01     0.217287468910217E+01     0.120491828918457E+02     0.251360154151917E+01
     0.452958297729492E+01     0.217403411865234E+01     0.120469036102295E+02     0.251500105857849E+01
     0.454654788970947E+01     0.217434740066528E+01     0.120337982177734E+02     0.251516652107239E+01
     0.456351280212402E+01     0.217502403259277E+01     0.120257072448730E+02     0.251586413383484E+01
     0.458047723770142E+01     0.217629957199097E+01     0.120256433486938E+02     0.251743912696838E+01
     0.459744215011597E+01     0.217691874504089E+01     0.120172176361084E+02     0.251805591583252E+01
     0.461440706253052E+01     0.217777729034424E+01     0.120122480392456E+02     0.251902484893799E+01
     0.463137149810791E+01     0.217844891548157E+01     0.120049982070923E+02     0.251972198486328E+01
     0.464833641052246E+01     0.217854666709900E+01     0.119904403686523E+02     0.251957941055298E+01
     0.466530084609985E+01     0.217918038368225E+01     0.119831485748291E+02     0.252022314071655E+01
     0.468226575851440E+01     0.217982983589172E+01     0.119762725830078E+02     0.252089166641235E+01
     0.469923067092896E+01     0.218035316467285E+01     0.119680128097534E+02     0.252137684822083E+01
     0.471619510650635E+01     0.218160223960876E+01     0.119693880081177E+02     0.252292895317078E+01
     0.473316001892090E+01     0.218196678161621E+01     0.119593658447266E+02     0.252318382263184E+01
     0.475012493133545E+01     0.218244481086731E+01     0.119510974884033E+02     0.252360653877258E+01
     0.476708936691284E+01     0.218299341201782E+01     0.119439611434937E+02     0.252413463592529E+01
     0.478405427932739E+01     0.218361854553223E+01     0.119380245208740E+02     0.252477669715881E+01
     0.480101871490479E+01     0.218403697013855E+01     0.119295949935913E+02     0.252511644363403E+01
     0.481798362731934E+01     0.218451142311096E+01     0.119220962524414E+02     0.252553963661194E+01
     0.483494853973389E+01     0.218492722511292E+01     0.119140434265137E+02     0.252587771415710E+01
     0.485191297531128E+01     0.218553757667542E+01     0.119086656570435E+02     0.252650403976440E+01
     0.486887788772583E+01     0.218607950210571E+01     0.119026050567627E+02     0.252703070640564E+01
     0.488584232330322E+01     0.218672013282776E+01     0.118980350494385E+02     0.252770495414734E+01
     0.490280723571777E+01     0.218718981742859E+01     0.118914117813110E+02     0.252812838554382E+01
     0.491977214813232E+01     0.218780589103699E+01     0.118869342803955E+02     0.252876949310303E+01
     0.493673658370972E+01     0.218839502334595E+01     0.118823184967041E+02     0.252937245368958E+01
     0.495370149612427E+01     0.218848681449890E+01     0.118711557388306E+02     0.252924156188965E+01
     0.497066640853882E+01     0.218905997276306E+01     0.118666439056396E+02     0.252982401847839E+01
     0.498763084411621E+01     0.218916821479797E+01     0.118561363220215E+02     0.252971982955933E+01
     0.500459575653076E+01     0.218982005119324E+01     0.118529844284058E+02     0.253042149543762E+01
     0.502156019210815E+01     0.219047307968140E+01     0.118501405715942E+02     0.253112649917603E+01
     0.503852510452271E+01     0.219042730331421E+01     0.118379878997803E+02     0.253079819679260E+01
     0.505549001693726E+01     0.219092631340027E+01     0.118333339691162E+02     0.253127789497375E+01
     0.507245445251465E+01     0.219158506393433E+01     0.118310861587524E+02     0.253199601173401E+01
     0.508941936492920E+01     0.219139456748962E+01     0.118175001144409E+02     0.253145647048950E+01
     0.510638427734375E+01     0.219177484512329E+01     0.118117456436157E+02     0.253176426887512E+01
     0.512334871292114E+01     0.219205355644226E+01     0.118048229217529E+02     0.253192305564880E+01
     0.514031362533569E+01     0.219254398345947E+01     0.118008422851562E+02     0.253239703178406E+01
     0.515727806091309E+01     0.219265460968018E+01     0.117920055389404E+02     0.253230881690979E+01
     0.517424297332764E+01     0.219329643249512E+01     0.117903776168823E+02     0.253301095962524E+01
     0.519120788574219E+01     0.219332623481750E+01     0.117807207107544E+02     0.253280520439148E+01
     0.520817232131958E+01     0.219357061386108E+01     0.117740983963013E+02     0.253291940689087E+01
     0.522513723373413E+01     0.219433879852295E+01     0.117747440338135E+02     0.253381443023682E+01
     0.524210214614868E+01     0.219415974617004E+01     0.117626180648804E+02     0.253330111503601E+01
     0.525906658172607E+01     0.219426083564758E+01     0.117545394897461E+02     0.253320598602295E+01
     0.527603149414062E+01     0.219506096839905E+01     0.117560272216797E+02     0.253415346145630E+01
     0.529299592971802E+01     0.219504928588867E+01     0.117465858459473E+02     0.253389310836792E+01
     0.530996084213257E+01     0.219514012336731E+01     0.117387466430664E+02     0.253378629684448E+01
     0.532692575454712E+01     0.219542789459229E+01     0.117337064743042E+02     0.253397440910339E+01
     0.534389019012451E+01     0.219569540023804E+01     0.117285490036011E+02     0.253413438796997E+01
     0.536085510253906E+01     0.219615817070007E+01     0.117263574600220E+02     0.253458905220032E+01
     0.537781953811646E+01     0.219601106643677E+01     0.117158231735229E+02     0.253413510322571E+01
     0.539478445053101E+01     0.219652771949768E+01     0.117146368026733E+02     0.253467345237732E+01
     0.541174936294556E+01     0.219631528854370E+01     0.117034521102905E+02     0.253412342071533E+01
     0.542871379852295E+01     0.219637441635132E+01     0.116962051391602E+02     0.253398036956787E+01
     0.544567871093750E+01     0.219698977470398E+01     0.116967020034790E+02     0.253466987609863E+01
     0.546264362335205E+01     0.219648599624634E+01     0.116820211410522E+02     0.253368711471558E+01
     0.547960805892944E+01     0.219672226905823E+01     0.116774797439575E+02     0.253381204605103E+01
     0.549657297134399E+01     0.219718122482300E+01     0.116761007308960E+02     0.253427195549011E+01
     0.551353740692139E+01     0.219726300239563E+01     0.116697378158569E+02     0.253416824340820E+01
     0.553050231933594E+01     0.219745802879333E+01     0.116650552749634E+02     0.253423547744751E+01
     0.554746723175049E+01     0.219734334945679E+01     0.116562461853027E+02     0.253383994102478E+01
     0.556443166732788E+01     0.219749903678894E+01     0.116512384414673E+02     0.253385043144226E+01
     0.558139657974243E+01     0.219797062873840E+01     0.116507720947266E+02     0.253433609008789E+01
     0.559836149215698E+01     0.219773888587952E+01     0.116406011581421E+02     0.253376817703247E+01
     0.561532592773438E+01     0.219768476486206E+01     0.116330871582031E+02     0.253346776962280E+01
     0.563229084014893E+01     0.219764852523804E+01     0.116259508132935E+02     0.253319549560547E+01
     0.564925527572632E+01     0.219815897941589E+01     0.116263523101807E+02     0.253374481201172E+01
     0.566622018814087E+01     0.219839739799500E+01     0.116232557296753E+02     0.253388714790344E+01
     0.568318510055542E+01     0.219812297821045E+01     0.116130046844482E+02     0.253326034545898E+01
     0.570014953613281E+01     0.219848632812500E+01     0.116118602752686E+02     0.253359293937683E+01
     0.571711444854736E+01     0.219803118705750E+01     0.115993671417236E+02     0.253269672393799E+01
     0.573407888412476E+01     0.219824910163879E+01     0.115962944030762E+02     0.253281307220459E+01
     0.575104379653931E+01     0.219820833206177E+01     0.115897951126099E+02     0.253254199028015E+01
     0.576800870895386E+01     0.219802641868591E+01     0.115815076828003E+02     0.253205919265747E+01
     0.578497314453125E+01     0.219844627380371E+01     0.115815048217773E+02     0.253248333930969E+01
     0.580193805694580E+01     0.219818520545959E+01     0.115722656250000E+02     0.253188395500183E+01
     0.581890296936035E+01     0.219854068756104E+01     0.115716686248779E+02     0.253221487998962E+01
     0.583586740493774E+01     0.219874167442322E+01     0.115691413879395E+02     0.253231453895569E+01
     0.585283231735229E+01     0.219813799858093E+01     0.115553474426270E+02     0.253120255470276E+01
     0.586979675292969E+01     0.219817948341370E+01     0.115506629943848E+02     0.253106379508972E+01
     0.588676166534424E+01     0.219835805892944E+01     0.115479640960693E+02     0.253113293647766E+01
     0.590372657775879E+01     0.219829583168030E+01     0.115420503616333E+02     0.253084039688110E+01
     0.592069101333618E+01     0.219813179969788E+01     0.115348396301270E+02     0.253039550781250E+01
     0.593765592575073E+01     0.219815015792847E+01     0.115302095413208E+02     0.253022646903992E+01
     0.595462083816528E+01     0.219827318191528E+01     0.115271348953247E+02     0.253021740913391E+01
     0.597158527374268E+01     0.219847154617310E+01     0.115254993438721E+02     0.253033208847046E+01
     0.598855018615723E+01     0.219809079170227E+01     0.115167427062988E+02     0.252961492538452E+01
     0.600551462173462E+01     0.219806742668152E+01     0.115127696990967E+02     0.252942538261414E+01
     0.602247953414917E+01     0.219835376739502E+01     0.115131044387817E+02     0.252969908714294E+01
     0.603944444656372E+01     0.219816541671753E+01     0.115066890716553E+02     0.252925229072571E+01
     0.605640888214111E+01     0.219818520545959E+01     0.115032587051392E+02     0.252911853790283E+01
     0.607337379455566E+01     0.219807934761047E+01     0.114980649948120E+02     0.252879381179810E+01
     0.609033823013306E+01     0.219778847694397E+01     0.114903278350830E+02     0.252818822860718E+01
     0.610730314254761E+01     0.219775176048279E+01     0.114861888885498E+02     0.252796697616577E+01
     0.612426805496216E+01     0.219798827171326E+01     0.114859781265259E+02     0.252815890312195E+01
     0.614123249053955E+01     0.219743371009827E+01     0.114747056961060E+02     0.252715396881104E+01
     0.615819740295410E+01     0.219740772247314E+01     0.114708557128906E+02     0.252694892883301E+01
     0.617516231536865E+01     0.219727635383606E+01     0.114656333923340E+02     0.252658462524414E+01
     0.619212675094604E+01     0.219777488708496E+01     0.114693460464478E+02     0.252717518806458E+01
     0.620909166336060E+01     0.219760513305664E+01     0.114636363983154E+02     0.252675366401672E+01
     0.622605609893799E+01     0.219724297523499E+01     0.114552650451660E+02     0.252604126930237E+01
     0.624302101135254E+01     0.219754481315613E+01     0.114565219879150E+02     0.252633595466614E+01
     0.625998592376709E+01     0.219745278358459E+01     0.114521512985229E+02     0.252603387832642E+01
     0.627695035934448E+01     0.219666028022766E+01     0.114378814697266E+02     0.252467083930969E+01
     0.629391527175903E+01     0.219662880897522E+01     0.114344358444214E+02     0.252446198463440E+01
     0.631088018417358E+01     0.219693088531494E+01     0.114357967376709E+02     0.252475953102112E+01
     0.632784461975098E+01     0.219644594192505E+01     0.114261045455933E+02     0.252386450767517E+01
     0.634480953216553E+01     0.219636869430542E+01     0.114222307205200E+02     0.252358841896057E+01
     0.636177396774292E+01     0.219646382331848E+01     0.114208669662476E+02     0.252357459068298E+01
     0.637873888015747E+01     0.219633102416992E+01     0.114163475036621E+02     0.252321577072144E+01
     0.639570379257202E+01     0.219603490829468E+01     0.114095697402954E+02     0.252260947227478E+01
     0.641266822814941E+01     0.219622564315796E+01     0.114098320007324E+02     0.252274394035339E+01
     0.642963314056396E+01     0.219597458839417E+01     0.114037704467773E+02     0.252220773696899E+01
     0.644659805297852E+01     0.219582176208496E+01     0.113992099761963E+02     0.252182173728943E+01
     0.646356248855591E+01     0.219557142257690E+01     0.113933076858521E+02     0.252128815650940E+01
     0.648052740097046E+01     0.219545507431030E+01     0.113893918991089E+02     0.252095913887024E+01
     0.649749183654785E+01     0.219557332992554E+01     0.113889989852905E+02     0.252098774909973E+01
     0.651445674896240E+01     0.219488072395325E+01     0.113768997192383E+02     0.251978421211243E+01
     0.653142166137695E+01     0.219528484344482E+01     0.113806962966919E+02     0.252024960517883E+01
     0.654838609695435E+01     0.219461584091187E+01     0.113689908981323E+02     0.251908278465271E+01
     0.656535100936890E+01     0.219496321678162E+01     0.113721361160278E+02     0.251946401596069E+01
     0.658231544494629E+01     0.219464302062988E+01     0.113655509948730E+02     0.251882982254028E+01
     0.659928035736084E+01     0.219397091865540E+01     0.113541107177734E+02     0.251766085624695E+01
     0.661624526977539E+01     0.219438052177429E+01     0.113582181930542E+02     0.251813936233521E+01
     0.663320970535278E+01     0.219399595260620E+01     0.113508787155151E+02     0.251740956306458E+01
     0.665017461776733E+01     0.219348216056824E+01     0.113418788909912E+02     0.251648378372192E+01
     0.666713953018188E+01     0.219353652000427E+01     0.113409881591797E+02     0.251642441749573E+01
     0.668410396575928E+01     0.219332242012024E+01     0.113363504409790E+02     0.251595664024353E+01
     0.670106887817383E+01     0.219314122200012E+01     0.113322391510010E+02     0.251554012298584E+01
     0.671803331375122E+01     0.219289231300354E+01     0.113272113800049E+02     0.251502108573914E+01
     0.673499822616577E+01     0.219292855262756E+01     0.113263645172119E+02     0.251493740081787E+01
     0.675196313858032E+01     0.219283962249756E+01     0.113238019943237E+02     0.251466417312622E+01
     0.676892757415771E+01     0.219270896911621E+01     0.113206882476807E+02     0.251432824134827E+01
     0.678589248657227E+01     0.219186592102051E+01     0.113072242736816E+02     0.251290655136108E+01
     0.680285739898682E+01     0.219207859039307E+01     0.113090419769287E+02     0.251309561729431E+01
     0.681982183456421E+01     0.219199466705322E+01     0.113067579269409E+02     0.251283359527588E+01
     0.683678674697876E+01     0.219154024124146E+01     0.112990274429321E+02     0.251200723648071E+01
     0.685375118255615E+01     0.219110798835754E+01     0.112917833328247E+02     0.251121497154236E+01
     0.687071609497070E+01     0.219083881378174E+01     0.112869262695312E+02     0.251067256927490E+01
     0.688768100738525E+01     0.219083166122437E+01     0.112858209609985E+02     0.251053094863892E+01
     0.690464544296265E+01     0.219085335731506E+01     0.112853002548218E+02     0.251043438911438E+01
     0.692161035537720E+01     0.219041132926941E+01     0.112781009674072E+02     0.250964570045471E+01
     0.693857479095459E+01     0.219008278846741E+01     0.112728080749512E+02     0.250905251502991E+01
     0.695553970336914E+01     0.219005155563354E+01     0.112717504501343E+02     0.250891065597534E+01
     0.697250461578369E+01     0.219011640548706E+01     0.112721767425537E+02     0.250891351699829E+01
     0.698946905136108E+01     0.218963646888733E+01     0.112646579742432E+02     0.250808238983154E+01
     0.700643396377563E+01     0.218947076797485E+01     0.112617397308350E+02     0.250773024559021E+01
     0.702339887619019E+01     0.218915247917175E+01     0.112566833496094E+02     0.250714421272278E+01
     0.704036331176758E+01     0.218938112258911E+01     0.112595481872559E+02     0.250739407539368E+01
     0.705732822418213E+01     0.218893122673035E+01     0.112525463104248E+02     0.250660610198975E+01
     0.707429265975952E+01     0.218891763687134E+01     0.112519826889038E+02     0.250648522377014E+01
     0.709125757217407E+01     0.218879747390747E+01     0.112499170303345E+02     0.250620126724243E+01
     0.710822248458862E+01     0.218869423866272E+01     0.112481632232666E+02     0.250594329833984E+01
     0.712518692016602E+01     0.218802833557129E+01     0.112380847930908E+02     0.250482487678528E+01
     0.714215183258057E+01     0.218816947937012E+01     0.112399225234985E+02     0.250494098663330E+01
     0.715911674499512E+01     0.218801331520081E+01     0.112374668121338E+02     0.250460267066956E+01
     0.717608118057251E+01     0.218761944770813E+01     0.112314653396606E+02     0.250390076637268E+01
     0.719304609298706E+01     0.218745183944702E+01     0.112288951873779E+02     0.250354623794556E+01
     0.721001052856445E+01     0.218725562095642E+01     0.112259302139282E+02     0.250314736366272E+01
     0.722697544097900E+01     0.218710541725159E+01     0.112237024307251E+02     0.250281977653503E+01
     0.724394035339355E+01     0.218692636489868E+01     0.112210826873779E+02     0.250244855880737E+01
     0.726090478897095E+01     0.218617916107178E+01     0.112101173400879E+02     0.250120759010315E+01
     0.727786970138550E+01     0.218599414825439E+01     0.112074241638184E+02     0.250082850456238E+01
     0.729483413696289E+01     0.218601322174072E+01     0.112077322006226E+02     0.250076198577881E+01
     0.731179904937744E+01     0.218603849411011E+01     0.112083330154419E+02     0.250070643424988E+01
     0.732876396179199E+01     0.218521475791931E+01     0.111963567733765E+02     0.249934983253479E+01
     0.734572839736938E+01     0.218495368957520E+01     0.111927175521851E+02     0.249885654449463E+01
     0.736269330978394E+01     0.218480062484741E+01     0.111906299591064E+02     0.249852943420410E+01
     0.737965822219849E+01     0.218471336364746E+01     0.111895380020142E+02     0.249830389022827E+01
     0.739662265777588E+01     0.218474268913269E+01     0.111902894973755E+02     0.249825859069824E+01
     0.741358757019043E+01     0.218414521217346E+01     0.111817884445190E+02     0.249725341796875E+01
     0.743055200576782E+01     0.218403005599976E+01     0.111803922653198E+02     0.249699091911316E+01
     0.744751691818237E+01     0.218365383148193E+01     0.111752605438232E+02     0.249632382392883E+01
     0.746448183059692E+01     0.218352365493774E+01     0.111737327575684E+02     0.249603295326233E+01
     0.748144626617432E+01     0.218333673477173E+01     0.111714296340942E+02     0.249565505981445E+01
     0.749841117858887E+01     0.218334937095642E+01     0.111722145080566E+02     0.249558401107788E+01
     0.751537609100342E+01     0.218287944793701E+01     0.111657066345215E+02     0.249477314949036E+01
     0.753234052658081E+01     0.218275880813599E+01     0.111645412445068E+02     0.249449920654297E+01
     0.754930543899536E+01     0.218230962753296E+01     0.111584358215332E+02     0.249372124671936E+01
     0.756626987457275E+01     0.218235683441162E+01     0.111599159240723E+02     0.249370622634888E+01
     0.758323478698730E+01     0.218174815177917E+01     0.111514139175415E+02     0.249268436431885E+01
     0.760019969940186E+01     0.218162727355957E+01     0.111503448486328E+02     0.249241256713867E+01
     0.761716413497925E+01     0.218135809898376E+01     0.111470813751221E+02     0.249191355705261E+01
     0.763412904739380E+01     0.218129420280457E+01     0.111470270156860E+02     0.249173045158386E+01
     0.765109395980835E+01     0.218093323707581E+01     0.111423864364624E+02     0.249109172821045E+01
     0.766805839538574E+01     0.218067955970764E+01     0.111394529342651E+02     0.249061846733093E+01
     0.768502330780029E+01     0.217986750602722E+01     0.111282129287720E+02     0.248928809165955E+01
     0.770198774337769E+01     0.218018937110901E+01     0.111339492797852E+02     0.248970079421997E+01
     0.771895265579224E+01     0.217940783500671E+01     0.111231107711792E+02     0.248841857910156E+01
     0.773591756820679E+01     0.217913556098938E+01     0.111199865341187E+02     0.248791956901550E+01
     0.775288200378418E+01     0.217870831489563E+01     0.111146955490112E+02     0.248718023300171E+01
     0.776984691619873E+01     0.217861437797546E+01     0.111142339706421E+02     0.248695302009583E+01
     0.778681135177612E+01     0.217872571945190E+01     0.111170701980591E+02     0.248704218864441E+01
     0.780377626419067E+01     0.217845916748047E+01     0.111142196655273E+02     0.248655104637146E+01
     0.782074117660522E+01     0.217755341529846E+01     0.111017847061157E+02     0.248507738113403E+01
     0.783770561218262E+01     0.217753553390503E+01     0.111025819778442E+02     0.248496961593628E+01
     0.785467052459717E+01     0.217700934410095E+01     0.110959701538086E+02     0.248408055305481E+01
     0.787163543701172E+01     0.217673850059509E+01     0.110931253433228E+02     0.248358511924744E+01
     0.788859987258911E+01     0.217691373825073E+01     0.110970516204834E+02     0.248377633094788E+01
     0.790556478500366E+01     0.217619943618774E+01     0.110875597000122E+02     0.248259997367859E+01
     0.792252922058105E+01     0.217601084709167E+01     0.110860185623169E+02     0.248223257064819E+01
     0.793949413299561E+01     0.217588019371033E+01     0.110854330062866E+02     0.248195528984070E+01
     0.795645904541016E+01     0.217544579505920E+01     0.110802536010742E+02     0.248121070861816E+01
     0.797342348098755E+01     0.217506051063538E+01     0.110758686065674E+02     0.248054265975952E+01
     0.799038839340210E+01     0.217473053932190E+01     0.110723381042480E+02     0.247995996475220E+01
     0.800735282897949E+01     0.217457008361816E+01     0.110713796615601E+02     0.247963905334473E+01
     0.802431774139404E+01     0.217420530319214E+01     0.110673694610596E+02     0.247900438308716E+01
     0.804128265380859E+01     0.217373228073120E+01     0.110617780685425E+02     0.247820305824280E+01
     0.805824756622314E+01     0.217357492446899E+01     0.110609216690063E+02     0.247788882255554E+01
     0.807521152496338E+01     0.217324757575989E+01     0.110575485229492E+02     0.247731304168701E+01
     0.809217643737793E+01     0.217304420471191E+01     0.110560655593872E+02     0.247692990303040E+01
     0.810914134979248E+01     0.217256498336792E+01     0.110501537322998E+02     0.247613406181335E+01
     0.812610626220703E+01     0.217254352569580E+01     0.110511646270752E+02     0.247604441642761E+01
     0.814307117462158E+01     0.217234396934509E+01     0.110495452880859E+02     0.247568011283875E+01
     0.816003608703613E+01     0.217218327522278E+01     0.110485944747925E+02     0.247537493705750E+01
     0.817700004577637E+01     0.217160129547119E+01     0.110411062240601E+02     0.247442078590393E+01
     0.819396495819092E+01     0.217139649391174E+01     0.110394859313965E+02     0.247404766082764E+01
     0.821092987060547E+01     0.217111897468567E+01     0.110367851257324E+02     0.247356247901917E+01
     0.822789478302002E+01     0.217084002494812E+01     0.110340919494629E+02     0.247307515144348E+01
     0.824485969543457E+01     0.217072176933289E+01     0.110339279174805E+02     0.247283577919006E+01
     0.826182365417480E+01     0.217022442817688E+01     0.110279092788696E+02     0.247201204299927E+01
     0.827878856658936E+01     0.216996121406555E+01     0.110255327224731E+02     0.247154927253723E+01
     0.829575347900391E+01     0.216982221603394E+01     0.110251140594482E+02     0.247127866744995E+01
     0.831271839141846E+01     0.216948175430298E+01     0.110215930938721E+02     0.247069764137268E+01
     0.832968330383301E+01     0.216917538642883E+01     0.110186281204224E+02     0.247016906738281E+01
     0.834664726257324E+01     0.216888213157654E+01     0.110158958435059E+02     0.246966147422791E+01
     0.836361217498779E+01     0.216868996620178E+01     0.110147695541382E+02     0.246930980682373E+01
     0.838057708740234E+01     0.216842174530029E+01     0.110124797821045E+02     0.246884107589722E+01
     0.839754199981689E+01     0.216804957389832E+01     0.110085668563843E+02     0.246821236610413E+01
     0.841450691223145E+01     0.216770076751709E+01     0.110050563812256E+02     0.246762037277222E+01
     0.843147182464600E+01     0.216698455810547E+01     0.109960689544678E+02     0.246646165847778E+01
     0.844843578338623E+01     0.216727471351624E+01     0.110023889541626E+02     0.246685600280762E+01
     0.846540069580078E+01     0.216693210601807E+01     0.109990282058716E+02     0.246627473831177E+01
