     0.182405002415180E-01     0.151113967876881E-02     0.513178491592407E+01     0.150838878471404E-02
     0.273607503622770E-01     0.392378633841872E-02     0.670317029953003E+01     0.391539325937629E-02
     0.364810004830360E-01     0.524620851501822E-02     0.715302228927612E+01     0.523510156199336E-02
     0.456012487411499E-01     0.595224602147937E-02     0.730350446701050E+01     0.593828456476331E-02
     0.547215007245541E-01     0.637787021696568E-02     0.736387968063354E+01     0.635942257940769E-02
     0.638417527079582E-01     0.665566883981228E-02     0.738468360900879E+01     0.663254503160715E-02
     0.729620009660721E-01     0.685079023241997E-02     0.738456153869629E+01     0.682319886982441E-02
     0.820822492241859E-01     0.699137896299362E-02     0.736746549606323E+01     0.695952447131276E-02
     0.912024974822998E-01     0.711052352562547E-02     0.734596300125122E+01     0.707454793155193E-02
     0.100322753190994E+00     0.719985319301486E-02     0.731048059463501E+01     0.715990737080574E-02
     0.109443001449108E+00     0.726857595145702E-02     0.726480340957642E+01     0.722493510693312E-02
     0.118563249707222E+00     0.734314275905490E-02     0.722534179687500E+01     0.729631818830967E-02
     0.127683505415916E+00     0.735783251002431E-02     0.714882183074951E+01     0.730863260105252E-02
     0.136803746223450E+00     0.739195430651307E-02     0.708477354049683E+01     0.734149245545268E-02
     0.145924001932144E+00     0.739344675093889E-02     0.699209880828857E+01     0.734251458197832E-02
     0.155044242739677E+00     0.741205504164100E-02     0.689142942428589E+01     0.736079877242446E-02
     0.164164498448372E+00     0.746438419446349E-02     0.677458667755127E+01     0.741280848160386E-02
     0.173284754157066E+00     0.758247403427958E-02     0.663055706024170E+01     0.753054954111576E-02
     0.182404994964600E+00     0.787484832108021E-02     0.648679304122925E+01     0.782246049493551E-02
     0.191525250673294E+00     0.841994863003492E-02     0.634071636199951E+01     0.836686044931412E-02
     0.200645506381989E+00     0.928866770118475E-02     0.624701499938965E+01     0.923456065356731E-02
     0.209765747189522E+00     0.103804524987936E-01     0.619307756423950E+01     0.103250369429588E-01
     0.218886002898216E+00     0.116051705554128E-01     0.617013072967529E+01     0.115488041192293E-01
     0.228006243705750E+00     0.129505731165409E-01     0.617948865890503E+01     0.128940427675843E-01
     0.237126499414444E+00     0.144386161118746E-01     0.620382595062256E+01     0.143822859972715E-01
     0.246246755123138E+00     0.161064602434635E-01     0.624753999710083E+01     0.160512961447239E-01
     0.255367010831833E+00     0.179475247859955E-01     0.629640054702759E+01     0.178946517407894E-01
     0.264487236738205E+00     0.200044885277748E-01     0.637200212478638E+01     0.199551079422235E-01
     0.273607492446899E+00     0.222664624452591E-01     0.643558788299561E+01     0.222223009914160E-01
     0.282727748155594E+00     0.248297620564699E-01     0.652227354049683E+01     0.247928351163864E-01
     0.291848003864288E+00     0.277163404971361E-01     0.662261390686035E+01     0.276893619447947E-01
     0.300968259572983E+00     0.307242162525654E-01     0.671516418457031E+01     0.307089779525995E-01
     0.310088485479355E+00     0.336323007941246E-01     0.680746746063232E+01     0.336303450167179E-01
     0.319208741188049E+00     0.366305857896805E-01     0.689756679534912E+01     0.366440415382385E-01
     0.328328996896744E+00     0.400113537907600E-01     0.699299716949463E+01     0.400444157421589E-01
     0.337449252605438E+00     0.437030196189880E-01     0.709371662139893E+01     0.437597893178463E-01
     0.346569508314133E+00     0.476411171257496E-01     0.719715356826782E+01     0.477263256907463E-01
     0.355689764022827E+00     0.519343987107277E-01     0.730866861343384E+01     0.520540513098240E-01
     0.364809989929199E+00     0.561938956379890E-01     0.741080999374390E+01     0.563507191836834E-01
     0.373930245637894E+00     0.602913089096546E-01     0.750421190261841E+01     0.604861825704575E-01
     0.383050501346588E+00     0.647803992033005E-01     0.760533905029297E+01     0.650206208229065E-01
     0.392170757055283E+00     0.696147084236145E-01     0.769635486602783E+01     0.699078887701035E-01
     0.401291012763977E+00     0.747400373220444E-01     0.780035972595215E+01     0.750935152173042E-01
     0.410411238670349E+00     0.801224261522293E-01     0.790460681915283E+01     0.805435255169868E-01
     0.419531494379044E+00     0.854850038886070E-01     0.800615692138672E+01     0.859782174229622E-01
     0.428651750087738E+00     0.908114761114120E-01     0.809907150268555E+01     0.913809761404991E-01
     0.437772005796432E+00     0.964283272624016E-01     0.819420337677002E+01     0.970831736922264E-01
     0.446892261505127E+00     0.102421157062054E+00     0.828792953491211E+01     0.103172101080418E+00
     0.456012487411499E+00     0.108702160418034E+00     0.838432502746582E+01     0.109559930860996E+00
     0.465132743120193E+00     0.115173637866974E+00     0.847971630096436E+01     0.116147756576538E+00
     0.474252998828888E+00     0.121379986405373E+00     0.856015205383301E+01     0.122471958398819E+00
     0.483373254537582E+00     0.127824157476425E+00     0.865178489685059E+01     0.129044011235237E+00
     0.492493510246277E+00     0.134646207094193E+00     0.873927688598633E+01     0.136007905006409E+00
     0.501613736152649E+00     0.141746684908867E+00     0.882749938964844E+01     0.143263533711433E+00
     0.510734021663666E+00     0.149105012416840E+00     0.891284847259521E+01     0.150789663195610E+00
     0.519854247570038E+00     0.156294062733650E+00     0.899721145629883E+01     0.158151760697365E+00
     0.528974473476410E+00     0.163454547524452E+00     0.907596588134766E+01     0.165491148829460E+00
     0.538094758987427E+00     0.171076342463493E+00     0.916744804382324E+01     0.173311263322830E+00
     0.547214984893799E+00     0.178948581218719E+00     0.924088668823242E+01     0.181397557258606E+00
     0.556335270404816E+00     0.187150686979294E+00     0.932789707183838E+01     0.189830228686333E+00
     0.565455496311188E+00     0.195178925991058E+00     0.940025901794434E+01     0.198094293475151E+00
     0.574575722217560E+00     0.202932819724083E+00     0.947595310211182E+01     0.206085473299026E+00
     0.583696007728577E+00     0.211313605308533E+00     0.955104160308838E+01     0.214730262756348E+00
     0.592816233634949E+00     0.219925567507744E+00     0.962442398071289E+01     0.223624974489212E+00
     0.601936519145966E+00     0.228791877627373E+00     0.970031356811523E+01     0.232791289687157E+00
     0.611056745052338E+00     0.237296447157860E+00     0.977375793457031E+01     0.241595149040222E+00
     0.620176970958710E+00     0.245958179235458E+00     0.984100532531738E+01     0.250571697950363E+00
     0.629297256469727E+00     0.254780232906342E+00     0.990675354003906E+01     0.259723871946335E+00
     0.638417482376099E+00     0.263786196708679E+00     0.997995281219482E+01     0.269078522920609E+00
     0.647537767887115E+00     0.273054689168930E+00     0.100471038818359E+02     0.278716534376144E+00
     0.656657993793488E+00     0.281849354505539E+00     0.101075344085693E+02     0.287873506546021E+00
     0.665778279304504E+00     0.291134774684906E+00     0.101691589355469E+02     0.297551155090332E+00
     0.674898505210876E+00     0.300118267536163E+00     0.102350511550903E+02     0.306926131248474E+00
     0.684018731117249E+00     0.309339642524719E+00     0.102942695617676E+02     0.316560387611389E+00
     0.693139016628265E+00     0.318727761507034E+00     0.103481111526489E+02     0.326380342245102E+00
     0.702259242534637E+00     0.327969700098038E+00     0.104055042266846E+02     0.336058080196381E+00
     0.711379528045654E+00     0.337526321411133E+00     0.104609060287476E+02     0.346078366041183E+00
     0.720499753952026E+00     0.346727281808853E+00     0.105152473449707E+02     0.355737030506134E+00
     0.729619979858398E+00     0.356314510107040E+00     0.105739669799805E+02     0.365812361240387E+00
     0.738740265369415E+00     0.366184353828430E+00     0.106307973861694E+02     0.376197963953018E+00
     0.747860491275787E+00     0.375629574060440E+00     0.106790475845337E+02     0.386149138212204E+00
     0.756980776786804E+00     0.385459065437317E+00     0.107330226898193E+02     0.396516591310501E+00
     0.766101002693176E+00     0.394933730363846E+00     0.107775363922119E+02     0.406522274017334E+00
     0.775221228599548E+00     0.404916495084763E+00     0.108328838348389E+02     0.417077869176865E+00
     0.784341514110565E+00     0.414935320615768E+00     0.108822383880615E+02     0.427684515714645E+00
     0.793461740016937E+00     0.424570411443710E+00     0.109214096069336E+02     0.437897235155106E+00
     0.802582025527954E+00     0.434795588254929E+00     0.109756927490234E+02     0.448749572038651E+00
     0.811702251434326E+00     0.444491416215897E+00     0.110134983062744E+02     0.459052085876465E+00
     0.820822477340698E+00     0.454586267471313E+00     0.110573062896729E+02     0.469791918992996E+00
     0.829942762851715E+00     0.464885532855988E+00     0.111010313034058E+02     0.480763286352158E+00
     0.839062988758087E+00     0.474906384944916E+00     0.111476402282715E+02     0.491451531648636E+00
     0.848183274269104E+00     0.485124111175537E+00     0.111944198608398E+02     0.502363741397858E+00
     0.857303500175476E+00     0.495164483785629E+00     0.112320613861084E+02     0.513099849224091E+00
     0.866423726081848E+00     0.505566656589508E+00     0.112686662673950E+02     0.524236559867859E+00
     0.875544011592865E+00     0.515951633453369E+00     0.113132858276367E+02     0.535370051860809E+00
     0.884664237499237E+00     0.526085138320923E+00     0.113492393493652E+02     0.546247124671936E+00
     0.893784523010254E+00     0.536694824695587E+00     0.113966073989868E+02     0.557650744915009E+00
     0.902904748916626E+00     0.546783924102783E+00     0.114263286590576E+02     0.568507730960846E+00
     0.912024974822998E+00     0.557277977466583E+00     0.114680757522583E+02     0.579816043376923E+00
     0.921145260334015E+00     0.567855715751648E+00     0.115057477951050E+02     0.591228783130646E+00
     0.930265486240387E+00     0.578236103057861E+00     0.115386009216309E+02     0.602443456649780E+00
     0.939385771751404E+00     0.588800728321075E+00     0.115730438232422E+02     0.613872051239014E+00
     0.948505997657776E+00     0.599083125591278E+00     0.116062097549438E+02     0.625009715557098E+00
     0.957626223564148E+00     0.609801650047302E+00     0.116447753906250E+02     0.636635065078735E+00
     0.966746509075165E+00     0.620388269424438E+00     0.116752643585205E+02     0.648132681846619E+00
     0.975866734981537E+00     0.630805253982544E+00     0.117065296173096E+02     0.659460663795471E+00
     0.984987020492554E+00     0.641578018665314E+00     0.117412137985229E+02     0.671191513538361E+00
     0.994107246398926E+00     0.651940345764160E+00     0.117755937576294E+02     0.682489931583405E+00
     0.100322747230530E+01     0.662572443485260E+00     0.118027877807617E+02     0.694097816944122E+00
     0.101234769821167E+01     0.673447370529175E+00     0.118362836837769E+02     0.705987095832825E+00
     0.102146804332733E+01     0.683931171894073E+00     0.118651809692383E+02     0.717463791370392E+00
     0.103058826923370E+01     0.694694995880127E+00     0.118994522094727E+02     0.729263603687286E+00
     0.103970849514008E+01     0.705079734325409E+00     0.119254331588745E+02     0.740661740303040E+00
     0.104882872104645E+01     0.715867638587952E+00     0.119562902450562E+02     0.752519011497498E+00
     0.105794894695282E+01     0.726578414440155E+00     0.119839744567871E+02     0.764307439327240E+00
     0.106706929206848E+01     0.737140953540802E+00     0.120077600479126E+02     0.775948405265808E+00
     0.107618951797485E+01     0.747969508171082E+00     0.120339517593384E+02     0.787898361682892E+00
     0.108530974388123E+01     0.758387088775635E+00     0.120621871948242E+02     0.799410879611969E+00
     0.109442996978760E+01     0.769059598445892E+00     0.120848474502563E+02     0.811220407485962E+00
     0.110355019569397E+01     0.779872119426727E+00     0.121092605590820E+02     0.823201119899750E+00
     0.111267054080963E+01     0.790406048297882E+00     0.121322517395020E+02     0.834889948368073E+00
     0.112179076671600E+01     0.801137387752533E+00     0.121627979278564E+02     0.846813023090363E+00
     0.113091099262238E+01     0.811600565910339E+00     0.121808671951294E+02     0.858454644680023E+00
     0.114003121852875E+01     0.822283923625946E+00     0.122046155929565E+02     0.870356619358063E+00
     0.114915144443512E+01     0.832964539527893E+00     0.122265214920044E+02     0.882272481918335E+00
     0.115827178955078E+01     0.843521416187286E+00     0.122529153823853E+02     0.894066631793976E+00
     0.116739201545715E+01     0.854205846786499E+00     0.122763833999634E+02     0.906018912792206E+00
     0.117651224136353E+01     0.864648938179016E+00     0.123015499114990E+02     0.917717635631561E+00
     0.118563246726990E+01     0.875246584415436E+00     0.123232040405273E+02     0.929605901241302E+00
     0.119475269317627E+01     0.885889351367950E+00     0.123364467620850E+02     0.941560685634613E+00
     0.120387303829193E+01     0.896250903606415E+00     0.123586244583130E+02     0.953215897083282E+00
     0.121299326419830E+01     0.906896471977234E+00     0.123755893707275E+02     0.965206980705261E+00
     0.122211349010468E+01     0.917267918586731E+00     0.124005069732666E+02     0.976904928684235E+00
     0.123123371601105E+01     0.927764296531677E+00     0.124204120635986E+02     0.988761007785797E+00
     0.124035394191742E+01     0.938293099403381E+00     0.124379682540894E+02     0.100066947937012E+01
     0.124947428703308E+01     0.948629379272461E+00     0.124528474807739E+02     0.101237618923187E+01
     0.125859451293945E+01     0.959145784378052E+00     0.124744625091553E+02     0.102430367469788E+01
     0.126771473884583E+01     0.969478070735931E+00     0.124957427978516E+02     0.103603851795197E+01
     0.127683496475220E+01     0.979680955410004E+00     0.125069971084595E+02     0.104764187335968E+01
     0.128595519065857E+01     0.990193724632263E+00     0.125241603851318E+02     0.105961430072784E+01
     0.129507553577423E+01     0.100037443637848E+01     0.125409803390503E+02     0.107122457027435E+01
     0.130419576168060E+01     0.101064109802246E+01     0.125590925216675E+02     0.108294928073883E+01
     0.131331598758698E+01     0.102104032039642E+01     0.125801639556885E+02     0.109484159946442E+01
     0.132243621349335E+01     0.103108775615692E+01     0.125894069671631E+02     0.110634732246399E+01
     0.133155655860901E+01     0.104129397869110E+01     0.126095075607300E+02     0.111805093288422E+01
     0.134067678451538E+01     0.105151307582855E+01     0.126254482269287E+02     0.112978565692902E+01
     0.134979701042175E+01     0.106170427799225E+01     0.126393766403198E+02     0.114150476455688E+01
     0.135891723632812E+01     0.107170629501343E+01     0.126547899246216E+02     0.115302157402039E+01
     0.136803746223450E+01     0.108160006999969E+01     0.126699676513672E+02     0.116442990303040E+01
     0.137715780735016E+01     0.109171903133392E+01     0.126850214004517E+02     0.117611360549927E+01
     0.138627803325653E+01     0.110180020332336E+01     0.126972675323486E+02     0.118776977062225E+01
     0.139539825916290E+01     0.111160385608673E+01     0.127081375122070E+02     0.119912087917328E+01
     0.140451848506927E+01     0.112152028083801E+01     0.127187757492065E+02     0.121061801910400E+01
     0.141363871097565E+01     0.113143312931061E+01     0.127300443649292E+02     0.122212684154510E+01
     0.142275905609131E+01     0.114105880260468E+01     0.127442274093628E+02     0.123331737518311E+01
     0.143187928199768E+01     0.115103435516357E+01     0.127582817077637E+02     0.124493098258972E+01
     0.144099950790405E+01     0.116082417964935E+01     0.127714090347290E+02     0.125634360313416E+01
     0.145011973381042E+01     0.117038059234619E+01     0.127784652709961E+02     0.126749956607819E+01
     0.145923995971680E+01     0.118009698390961E+01     0.127952413558960E+02     0.127885758876801E+01
     0.146836030483246E+01     0.118969440460205E+01     0.128055849075317E+02     0.129009211063385E+01
     0.147748053073883E+01     0.119937407970428E+01     0.128130292892456E+02     0.130143833160400E+01
     0.148660075664520E+01     0.120889317989349E+01     0.128287906646729E+02     0.131261169910431E+01
     0.149572098255157E+01     0.121829259395599E+01     0.128348340988159E+02     0.132365918159485E+01
     0.150484120845795E+01     0.122779881954193E+01     0.128448877334595E+02     0.133484756946564E+01
     0.151396155357361E+01     0.123709821701050E+01     0.128518466949463E+02     0.134580731391907E+01
     0.152308177947998E+01     0.124639809131622E+01     0.128618383407593E+02     0.135678255558014E+01
     0.153220200538635E+01     0.125579273700714E+01     0.128717365264893E+02     0.136788415908813E+01
     0.154132223129272E+01     0.126471614837646E+01     0.128822565078735E+02     0.137844288349152E+01
     0.155044245719910E+01     0.127227973937988E+01     0.128853454589844E+02     0.138740396499634E+01
     0.155956280231476E+01     0.127961349487305E+01     0.128982238769531E+02     0.139610183238983E+01
     0.156868302822113E+01     0.128669250011444E+01     0.129002914428711E+02     0.140450656414032E+01
     0.157780325412750E+01     0.129359388351440E+01     0.129129018783569E+02     0.141270875930786E+01
     0.158692348003387E+01     0.130032801628113E+01     0.129127092361450E+02     0.142072033882141E+01
     0.159604370594025E+01     0.130684065818787E+01     0.129253158569336E+02     0.142847573757172E+01
     0.160516405105591E+01     0.131332612037659E+01     0.129295864105225E+02     0.143620669841766E+01
     0.161428427696228E+01     0.131971728801727E+01     0.129305858612061E+02     0.144383192062378E+01
     0.162340450286865E+01     0.132603800296783E+01     0.129331150054932E+02     0.145138096809387E+01
     0.163252472877502E+01     0.133228230476379E+01     0.129396219253540E+02     0.145884537696838E+01
     0.164164495468140E+01     0.133840680122375E+01     0.129479637145996E+02     0.146617352962494E+01
     0.165076529979706E+01     0.134444737434387E+01     0.129500637054443E+02     0.147340750694275E+01
     0.165988552570343E+01     0.135058736801147E+01     0.129547090530396E+02     0.148076796531677E+01
     0.166900575160980E+01     0.135636150836945E+01     0.129583864212036E+02     0.148769557476044E+01
     0.167812597751617E+01     0.136238217353821E+01     0.129593687057495E+02     0.149492609500885E+01
     0.168724620342255E+01     0.136813974380493E+01     0.129639482498169E+02     0.150184643268585E+01
     0.169636654853821E+01     0.137385249137878E+01     0.129673881530762E+02     0.150871884822845E+01
     0.170548677444458E+01     0.137965905666351E+01     0.129753999710083E+02     0.151571071147919E+01
     0.171460700035095E+01     0.138528251647949E+01     0.129799108505249E+02     0.152248811721802E+01
     0.172372722625732E+01     0.139087045192719E+01     0.129789543151855E+02     0.152922797203064E+01
     0.173284745216370E+01     0.139650952816010E+01     0.129836540222168E+02     0.153603589534760E+01
     0.174196779727936E+01     0.140195262432098E+01     0.129875288009644E+02     0.154261314868927E+01
     0.175108802318573E+01     0.140754771232605E+01     0.129961652755737E+02     0.154937911033630E+01
     0.176020824909210E+01     0.141283726692200E+01     0.129987077713013E+02     0.155578219890594E+01
     0.176932847499847E+01     0.141816854476929E+01     0.129921741485596E+02     0.156224036216736E+01
     0.177844870090485E+01     0.142360591888428E+01     0.130021810531616E+02     0.156883323192596E+01
     0.178756904602051E+01     0.142878365516663E+01     0.130003356933594E+02     0.157511627674103E+01
     0.179668927192688E+01     0.143415486812592E+01     0.130079870223999E+02     0.158163964748383E+01
     0.180580949783325E+01     0.143920886516571E+01     0.130088443756104E+02     0.158778274059296E+01
     0.181492972373962E+01     0.144435465335846E+01     0.130064077377319E+02     0.159404265880585E+01
     0.182404994964600E+01     0.144953346252441E+01     0.130092172622681E+02     0.160034835338593E+01
     0.183317029476166E+01     0.145453035831451E+01     0.130138359069824E+02     0.160643684864044E+01
     0.184229052066803E+01     0.145960164070129E+01     0.130095682144165E+02     0.161262178421021E+01
     0.185141074657440E+01     0.146456325054169E+01     0.130102157592773E+02     0.161867761611938E+01
     0.186053097248077E+01     0.146956300735474E+01     0.130200242996216E+02     0.162478506565094E+01
     0.186965119838715E+01     0.147442495822906E+01     0.130139007568359E+02     0.163072884082794E+01
     0.187877154350281E+01     0.147932028770447E+01     0.130150728225708E+02     0.163671839237213E+01
     0.188789176940918E+01     0.148413026332855E+01     0.130162372589111E+02     0.164260840415955E+01
     0.189701199531555E+01     0.148905861377716E+01     0.130225553512573E+02     0.164864790439606E+01
     0.190613222122192E+01     0.149368822574615E+01     0.130196924209595E+02     0.165432596206665E+01
     0.191525244712830E+01     0.149855387210846E+01     0.130221672058105E+02     0.166029870510101E+01
     0.192437279224396E+01     0.150321316719055E+01     0.130227661132812E+02     0.166602218151093E+01
     0.193349301815033E+01     0.150787985324860E+01     0.130224647521973E+02     0.167175960540771E+01
     0.194261324405670E+01     0.151250922679901E+01     0.130224485397339E+02     0.167745542526245E+01
     0.195173346996307E+01     0.151712143421173E+01     0.130197162628174E+02     0.168313479423523E+01
     0.196085369586945E+01     0.152160835266113E+01     0.130197019577026E+02     0.168866395950317E+01
     0.196997404098511E+01     0.152627718448639E+01     0.130285434722900E+02     0.169442224502563E+01
     0.197909426689148E+01     0.153070485591888E+01     0.130285720825195E+02     0.169988703727722E+01
     0.198821449279785E+01     0.153520989418030E+01     0.130256509780884E+02     0.170545160770416E+01
     0.199733471870422E+01     0.153963041305542E+01     0.130190706253052E+02     0.171091639995575E+01
     0.200645494461060E+01     0.154401266574860E+01     0.130218782424927E+02     0.171633756160736E+01
     0.201557517051697E+01     0.154839050769806E+01     0.130232000350952E+02     0.172175776958466E+01
     0.202469539642334E+01     0.155287957191467E+01     0.130256986618042E+02     0.172731995582581E+01
     0.203381586074829E+01     0.155708682537079E+01     0.130266990661621E+02     0.173253691196442E+01
     0.204293608665466E+01     0.156141054630280E+01     0.130185613632202E+02     0.173790252208710E+01
     0.205205631256104E+01     0.156565892696381E+01     0.130201539993286E+02     0.174317848682404E+01
     0.206117653846741E+01     0.156987094879150E+01     0.130200881958008E+02     0.174841320514679E+01
     0.207029676437378E+01     0.157409965991974E+01     0.130217943191528E+02     0.175367283821106E+01
     0.207941699028015E+01     0.157831978797913E+01     0.130176763534546E+02     0.175892579555511E+01
     0.208853721618652E+01     0.158236539363861E+01     0.130142459869385E+02     0.176396512985229E+01
     0.209765744209290E+01     0.158655655384064E+01     0.130167455673218E+02     0.176918995380402E+01
     0.210677766799927E+01     0.159066116809845E+01     0.130170965194702E+02     0.177431070804596E+01
     0.211589789390564E+01     0.159467768669128E+01     0.130189533233643E+02     0.177932500839233E+01
     0.212501835823059E+01     0.159872114658356E+01     0.130103940963745E+02     0.178437697887421E+01
     0.213413858413696E+01     0.160252153873444E+01     0.130149545669556E+02     0.178912842273712E+01
     0.214325881004333E+01     0.160627448558807E+01     0.130120973587036E+02     0.179382419586182E+01
     0.215237903594971E+01     0.160997498035431E+01     0.130131101608276E+02     0.179845714569092E+01
     0.216149926185608E+01     0.161358213424683E+01     0.130049638748169E+02     0.180297672748566E+01
     0.217061948776245E+01     0.161714053153992E+01     0.130020360946655E+02     0.180743801593781E+01
     0.217973971366882E+01     0.162066888809204E+01     0.130051908493042E+02     0.181186473369598E+01
     0.218885993957520E+01     0.162418258190155E+01     0.130044536590576E+02     0.181627571582794E+01
     0.219798016548157E+01     0.162759375572205E+01     0.130008382797241E+02     0.182056105136871E+01
     0.220710039138794E+01     0.163098216056824E+01     0.130017623901367E+02     0.182482051849365E+01
     0.221622085571289E+01     0.163433289527893E+01     0.129981060028076E+02     0.182903516292572E+01
     0.222534108161926E+01     0.163769245147705E+01     0.129969568252563E+02     0.183326375484467E+01
     0.223446130752563E+01     0.164088416099548E+01     0.129897012710571E+02     0.183728373050690E+01
     0.224358153343201E+01     0.164415359497070E+01     0.129911899566650E+02     0.184140408039093E+01
     0.225270175933838E+01     0.164736449718475E+01     0.129919042587280E+02     0.184545302391052E+01
     0.226182198524475E+01     0.165055298805237E+01     0.129898948669434E+02     0.184947669506073E+01
     0.227094221115112E+01     0.165371668338776E+01     0.129896125793457E+02     0.185347104072571E+01
     0.228006243705750E+01     0.165673851966858E+01     0.129814815521240E+02     0.185728883743286E+01
     0.228918266296387E+01     0.165985321998596E+01     0.129796695709229E+02     0.186122643947601E+01
     0.229830288887024E+01     0.166295683383942E+01     0.129835786819458E+02     0.186515212059021E+01
     0.230742335319519E+01     0.166591274738312E+01     0.129769859313965E+02     0.186889350414276E+01
     0.231654357910156E+01     0.166888928413391E+01     0.129763250350952E+02     0.187266314029694E+01
     0.232566380500793E+01     0.167185878753662E+01     0.129709806442261E+02     0.187642633914948E+01
     0.233478403091431E+01     0.167484021186829E+01     0.129731636047363E+02     0.188020646572113E+01
     0.234390425682068E+01     0.167768764495850E+01     0.129654817581177E+02     0.188381910324097E+01
     0.235302448272705E+01     0.168059313297272E+01     0.129689617156982E+02     0.188750755786896E+01
     0.236214470863342E+01     0.168343162536621E+01     0.129620504379272E+02     0.189111292362213E+01
     0.237126493453979E+01     0.168627679347992E+01     0.129663505554199E+02     0.189472889900208E+01
     0.238038516044617E+01     0.168908429145813E+01     0.129603376388550E+02     0.189829921722412E+01
     0.238950538635254E+01     0.169185829162598E+01     0.129606838226318E+02     0.190182888507843E+01
     0.239862585067749E+01     0.169456303119659E+01     0.129583616256714E+02     0.190527236461639E+01
     0.240774607658386E+01     0.169725847244263E+01     0.129512825012207E+02     0.190870606899261E+01
     0.241686630249023E+01     0.170002818107605E+01     0.129533929824829E+02     0.191223621368408E+01
     0.242598652839661E+01     0.170268487930298E+01     0.129480962753296E+02     0.191562414169312E+01
     0.243510675430298E+01     0.170526790618896E+01     0.129416437149048E+02     0.191892027854919E+01
     0.244422698020935E+01     0.170791900157928E+01     0.129392509460449E+02     0.192230498790741E+01
     0.245334720611572E+01     0.171053194999695E+01     0.129353933334351E+02     0.192564272880554E+01
     0.246246743202209E+01     0.171311628818512E+01     0.129385366439819E+02     0.192894589900970E+01
     0.247158765792847E+01     0.171566176414490E+01     0.129279804229736E+02     0.193220138549805E+01
     0.248070788383484E+01     0.171820282936096E+01     0.129274282455444E+02     0.193545246124268E+01
     0.248982834815979E+01     0.172070169448853E+01     0.129268779754639E+02     0.193865168094635E+01
     0.249894857406616E+01     0.172319853305817E+01     0.129228229522705E+02     0.194185006618500E+01
     0.250806879997253E+01     0.172570157051086E+01     0.129218950271606E+02     0.194505786895752E+01
     0.251718902587891E+01     0.172819566726685E+01     0.129222450256348E+02     0.194825613498688E+01
     0.252630925178528E+01     0.173053741455078E+01     0.129124145507812E+02     0.195126056671143E+01
     0.253542947769165E+01     0.173298549652100E+01     0.129169549942017E+02     0.195440316200256E+01
     0.254454970359802E+01     0.173536968231201E+01     0.129074153900146E+02     0.195746541023254E+01
     0.255366992950439E+01     0.173775386810303E+01     0.129073324203491E+02     0.196052908897400E+01
     0.256279015541077E+01     0.174007236957550E+01     0.128988656997681E+02     0.196351003646851E+01
     0.257191038131714E+01     0.174237859249115E+01     0.128958835601807E+02     0.196647679805756E+01
     0.258103084564209E+01     0.174474334716797E+01     0.129005384445190E+02     0.196952021121979E+01
     0.259015107154846E+01     0.174697220325470E+01     0.128907060623169E+02     0.197239041328430E+01
     0.259927129745483E+01     0.174924719333649E+01     0.128856372833252E+02     0.197532165050507E+01
     0.260839152336121E+01     0.175151538848877E+01     0.128826208114624E+02     0.197824525833130E+01
     0.261751174926758E+01     0.175382447242737E+01     0.128883028030396E+02     0.198122346401215E+01
     0.262663197517395E+01     0.175598943233490E+01     0.128826608657837E+02     0.198401701450348E+01
     0.263575220108032E+01     0.175816762447357E+01     0.128757247924805E+02     0.198682916164398E+01
     0.264487242698669E+01     0.176037561893463E+01     0.128762035369873E+02     0.198968100547791E+01
     0.265399265289307E+01     0.176256918907166E+01     0.128740177154541E+02     0.199251604080200E+01
     0.266311311721802E+01     0.176469111442566E+01     0.128703079223633E+02     0.199525964260101E+01
     0.267223334312439E+01     0.176679563522339E+01     0.128654851913452E+02     0.199798202514648E+01
     0.268135356903076E+01     0.176892077922821E+01     0.128639392852783E+02     0.200073289871216E+01
     0.269047379493713E+01     0.177098000049591E+01     0.128549633026123E+02     0.200339913368225E+01
     0.269959402084351E+01     0.177308416366577E+01     0.128549852371216E+02     0.200612545013428E+01
     0.270871424674988E+01     0.177514839172363E+01     0.128509416580200E+02     0.200880098342896E+01
     0.271783447265625E+01     0.177719593048096E+01     0.128438568115234E+02     0.201145648956299E+01
     0.272695469856262E+01     0.177920949459076E+01     0.128429498672485E+02     0.201406908035278E+01
     0.273607492446899E+01     0.178120374679565E+01     0.128390064239502E+02     0.201665759086609E+01
     0.274519515037537E+01     0.178323626518250E+01     0.128392467498779E+02     0.201929759979248E+01
     0.275431561470032E+01     0.178521132469177E+01     0.128336400985718E+02     0.202186369895935E+01
     0.276343584060669E+01     0.178717648983002E+01     0.128263406753540E+02     0.202441859245300E+01
     0.277255606651306E+01     0.178912961483002E+01     0.128284597396851E+02     0.202695870399475E+01
     0.278167629241943E+01     0.179104042053223E+01     0.128225946426392E+02     0.202944540977478E+01
     0.279079651832581E+01     0.179294848442078E+01     0.128172216415405E+02     0.203192925453186E+01
     0.279991674423218E+01     0.179484033584595E+01     0.128114643096924E+02     0.203439354896545E+01
     0.280903697013855E+01     0.179677653312683E+01     0.128145322799683E+02     0.203691673278809E+01
     0.281815719604492E+01     0.179858565330505E+01     0.128013582229614E+02     0.203927516937256E+01
     0.282727742195129E+01     0.180044305324554E+01     0.127975158691406E+02     0.204169774055481E+01
     0.283639764785767E+01     0.180228602886200E+01     0.127934827804565E+02     0.204410290718079E+01
     0.284551811218262E+01     0.180415439605713E+01     0.127965116500854E+02     0.204654192924500E+01
     0.285463833808899E+01     0.180593585968018E+01     0.127913169860840E+02     0.204886865615845E+01
     0.286375856399536E+01     0.180775761604309E+01     0.127867298126221E+02     0.205124950408936E+01
     0.287287878990173E+01     0.180955600738525E+01     0.127855052947998E+02     0.205360054969788E+01
     0.288199901580811E+01     0.181131386756897E+01     0.127761926651001E+02     0.205589985847473E+01
     0.289111924171448E+01     0.181307399272919E+01     0.127753992080688E+02     0.205820298194885E+01
     0.290023946762085E+01     0.181479120254517E+01     0.127711687088013E+02     0.206045103073120E+01
     0.290935969352722E+01     0.181655168533325E+01     0.127722492218018E+02     0.206275701522827E+01
     0.291847991943359E+01     0.181826078891754E+01     0.127649993896484E+02     0.206499648094177E+01
     0.292760014533997E+01     0.181996834278107E+01     0.127603511810303E+02     0.206723499298096E+01
     0.293672060966492E+01     0.182165968418121E+01     0.127568130493164E+02     0.206945323944092E+01
     0.294584083557129E+01     0.182332932949066E+01     0.127514839172363E+02     0.207164406776428E+01
     0.295496106147766E+01     0.182501411437988E+01     0.127512073516846E+02     0.207385563850403E+01
     0.296408128738403E+01     0.182667505741119E+01     0.127480487823486E+02     0.207603716850281E+01
     0.297320151329041E+01     0.182829856872559E+01     0.127427415847778E+02     0.207817029953003E+01
     0.298232173919678E+01     0.182987344264984E+01     0.127310295104980E+02     0.208024024963379E+01
     0.299144196510315E+01     0.183153450489044E+01     0.127312431335449E+02     0.208242487907410E+01
     0.300056219100952E+01     0.183315849304199E+01     0.127316341400146E+02     0.208456110954285E+01
     0.300968241691589E+01     0.183473742008209E+01     0.127263593673706E+02     0.208663940429688E+01
     0.301880264282227E+01     0.183629965782166E+01     0.127222852706909E+02     0.208869647979736E+01
     0.302792310714722E+01     0.183784854412079E+01     0.127167186737061E+02     0.209073686599731E+01
     0.303704333305359E+01     0.183936512470245E+01     0.127072668075562E+02     0.209273576736450E+01
     0.304616355895996E+01     0.184091281890869E+01     0.127023305892944E+02     0.209477639198303E+01
     0.305528378486633E+01     0.184249007701874E+01     0.127037181854248E+02     0.209685683250427E+01
     0.306440401077271E+01     0.184401202201843E+01     0.127004451751709E+02     0.209886527061462E+01
     0.307352423667908E+01     0.184549713134766E+01     0.126968765258789E+02     0.210082578659058E+01
     0.308264446258545E+01     0.184701883792877E+01     0.126954650878906E+02     0.210283565521240E+01
     0.309176468849182E+01     0.184848868846893E+01     0.126897459030151E+02     0.210477781295776E+01
     0.310088491439819E+01     0.184992313385010E+01     0.126792173385620E+02     0.210667395591736E+01
     0.311000514030457E+01     0.185140609741211E+01     0.126801300048828E+02     0.210863518714905E+01
     0.311912560462952E+01     0.185282135009766E+01     0.126703081130981E+02     0.211050748825073E+01
     0.312824583053589E+01     0.185430383682251E+01     0.126720266342163E+02     0.211246967315674E+01
     0.313736605644226E+01     0.185573685169220E+01     0.126692266464233E+02     0.211436700820923E+01
     0.314648628234863E+01     0.185712456703186E+01     0.126609487533569E+02     0.211620545387268E+01
     0.315560650825500E+01     0.185852479934692E+01     0.126565551757812E+02     0.211806082725525E+01
     0.316472673416138E+01     0.185988724231720E+01     0.126483449935913E+02     0.211986708641052E+01
     0.317384696006775E+01     0.186132872104645E+01     0.126526365280151E+02     0.212177896499634E+01
     0.318296718597412E+01     0.186267912387848E+01     0.126435604095459E+02     0.212357068061829E+01
     0.319208741188049E+01     0.186406946182251E+01     0.126425209045410E+02     0.212541627883911E+01
     0.320120763778687E+01     0.186539757251740E+01     0.126346664428711E+02     0.212717986106873E+01
     0.321032810211182E+01     0.186674773693085E+01     0.126327409744263E+02     0.212897372245789E+01
     0.321944832801819E+01     0.186807429790497E+01     0.126287603378296E+02     0.213073658943176E+01
     0.322856855392456E+01     0.186936032772064E+01     0.126195173263550E+02     0.213244652748108E+01
     0.323768877983093E+01     0.187070393562317E+01     0.126176853179932E+02     0.213423371315002E+01
     0.324680900573730E+01     0.187197864055634E+01     0.126126527786255E+02     0.213592982292175E+01
     0.325592923164368E+01     0.187327980995178E+01     0.126082811355591E+02     0.213766193389893E+01
     0.326504945755005E+01     0.187457406520844E+01     0.126064920425415E+02     0.213938546180725E+01
     0.327416968345642E+01     0.187585711479187E+01     0.126029977798462E+02     0.214109468460083E+01
     0.328328990936279E+01     0.187707650661469E+01     0.125926027297974E+02     0.214271998405457E+01
     0.329241013526917E+01     0.187833118438721E+01     0.125890369415283E+02     0.214439272880554E+01
     0.330153059959412E+01     0.187956357002258E+01     0.125842580795288E+02     0.214603638648987E+01
     0.331065082550049E+01     0.188084125518799E+01     0.125851640701294E+02     0.214774131774902E+01
     0.331977105140686E+01     0.188203907012939E+01     0.125774812698364E+02     0.214934015274048E+01
     0.332889127731323E+01     0.188329291343689E+01     0.125781030654907E+02     0.215101480484009E+01
     0.333801150321960E+01     0.188450539112091E+01     0.125761451721191E+02     0.215263438224792E+01
     0.334713172912598E+01     0.188569712638855E+01     0.125718727111816E+02     0.215422701835632E+01
     0.335625195503235E+01     0.188683998584747E+01     0.125600290298462E+02     0.215575504302979E+01
     0.336537218093872E+01     0.188804018497467E+01     0.125609092712402E+02     0.215736031532288E+01
     0.337449240684509E+01     0.188918566703796E+01     0.125505857467651E+02     0.215889286994934E+01
     0.338361263275146E+01     0.189035904407501E+01     0.125476551055908E+02     0.216046357154846E+01
     0.339273309707642E+01     0.189149546623230E+01     0.125412120819092E+02     0.216198515892029E+01
     0.340185332298279E+01     0.189265298843384E+01     0.125399923324585E+02     0.216353559494019E+01
     0.341097354888916E+01     0.189379739761353E+01     0.125367107391357E+02     0.216506910324097E+01
     0.342009377479553E+01     0.189490866661072E+01     0.125299072265625E+02     0.216655898094177E+01
     0.342921400070190E+01     0.189603519439697E+01     0.125274744033813E+02     0.216806960105896E+01
     0.343833422660828E+01     0.189715361595154E+01     0.125259342193604E+02     0.216956996917725E+01
     0.344745445251465E+01     0.189824783802032E+01     0.125213623046875E+02     0.217103862762451E+01
     0.345657467842102E+01     0.189933574199677E+01     0.125174303054810E+02     0.217249917984009E+01
     0.346569490432739E+01     0.190042150020599E+01     0.125116701126099E+02     0.217395734786987E+01
     0.347481536865234E+01     0.190148961544037E+01     0.125055084228516E+02     0.217539238929749E+01
     0.348393559455872E+01     0.190257775783539E+01     0.125052938461304E+02     0.217685484886169E+01
     0.349305582046509E+01     0.190359389781952E+01     0.124921255111694E+02     0.217822122573853E+01
     0.350217604637146E+01     0.190467107295990E+01     0.124950904846191E+02     0.217967009544373E+01
     0.351129627227783E+01     0.190571498870850E+01     0.124920492172241E+02     0.218107461929321E+01
     0.352041649818420E+01     0.190669465065002E+01     0.124788103103638E+02     0.218239331245422E+01
     0.352953672409058E+01     0.190776062011719E+01     0.124794178009033E+02     0.218382883071899E+01
     0.353865694999695E+01     0.190876019001007E+01     0.124725255966187E+02     0.218517518043518E+01
     0.354777717590332E+01     0.190977132320404E+01     0.124686126708984E+02     0.218653774261475E+01
     0.355689740180969E+01     0.191076445579529E+01     0.124619140625000E+02     0.218787646293640E+01
     0.356601786613464E+01     0.191179573535919E+01     0.124630937576294E+02     0.218926692008972E+01
     0.357513809204102E+01     0.191276967525482E+01     0.124556579589844E+02     0.219058084487915E+01
     0.358425831794739E+01     0.191376519203186E+01     0.124542922973633E+02     0.219192433357239E+01
     0.359337854385376E+01     0.191472566127777E+01     0.124483270645142E+02     0.219322085380554E+01
     0.360249876976013E+01     0.191569197177887E+01     0.124443044662476E+02     0.219452595710754E+01
     0.361161899566650E+01     0.191663134098053E+01     0.124380273818970E+02     0.219579482078552E+01
     0.362073922157288E+01     0.191760742664337E+01     0.124372158050537E+02     0.219711399078369E+01
     0.362985944747925E+01     0.191853260993958E+01     0.124298734664917E+02     0.219836473464966E+01
     0.363897967338562E+01     0.191947841644287E+01     0.124276056289673E+02     0.219964361190796E+01
     0.364809989929199E+01     0.192039442062378E+01     0.124203786849976E+02     0.220088291168213E+01
     0.365722036361694E+01     0.192131078243256E+01     0.124151277542114E+02     0.220212292671204E+01
     0.366634058952332E+01     0.192222702503204E+01     0.124113111495972E+02     0.220336341857910E+01
     0.367546081542969E+01     0.192313694953918E+01     0.124079856872559E+02     0.220459556579590E+01
     0.368458104133606E+01     0.192401027679443E+01     0.123995227813721E+02     0.220577883720398E+01
     0.369370126724243E+01     0.192489743232727E+01     0.123948793411255E+02     0.220698094367981E+01
     0.370282149314880E+01     0.192583501338959E+01     0.123978271484375E+02     0.220825195312500E+01
     0.371194171905518E+01     0.192672002315521E+01     0.123949804306030E+02     0.220945215225220E+01
     0.372106194496155E+01     0.192756879329681E+01     0.123864955902100E+02     0.221060371398926E+01
     0.373018217086792E+01     0.192842519283295E+01     0.123804588317871E+02     0.221176576614380E+01
     0.373930239677429E+01     0.192930233478546E+01     0.123800106048584E+02     0.221295642852783E+01
     0.374842286109924E+01     0.193012177944183E+01     0.123699665069580E+02     0.221406912803650E+01
     0.375754308700562E+01     0.193096971511841E+01     0.123657093048096E+02     0.221522116661072E+01
     0.376666331291199E+01     0.193182551860809E+01     0.123634071350098E+02     0.221638393402100E+01
     0.377578353881836E+01     0.193266248703003E+01     0.123599185943604E+02     0.221752166748047E+01
     0.378490376472473E+01     0.193344926834106E+01     0.123495426177979E+02     0.221859169006348E+01
     0.379402399063110E+01     0.193428921699524E+01     0.123482885360718E+02     0.221973395347595E+01
     0.380314421653748E+01     0.193508815765381E+01     0.123422574996948E+02     0.222082114219666E+01
     0.381226444244385E+01     0.193592679500580E+01     0.123414869308472E+02     0.222196292877197E+01
     0.382138466835022E+01     0.193672478199005E+01     0.123370370864868E+02     0.222304916381836E+01
     0.383050489425659E+01     0.193754148483276E+01     0.123367843627930E+02     0.222416186332703E+01
     0.383962535858154E+01     0.193830025196075E+01     0.123281011581421E+02     0.222519564628601E+01
     0.384874558448792E+01     0.193907988071442E+01     0.123240022659302E+02     0.222625803947449E+01
     0.385786581039429E+01     0.193986916542053E+01     0.123224430084229E+02     0.222733426094055E+01
     0.386698603630066E+01     0.194060599803925E+01     0.123122482299805E+02     0.222833919525146E+01
     0.387610626220703E+01     0.194138836860657E+01     0.123109588623047E+02     0.222940659523010E+01
     0.388522648811340E+01     0.194213974475861E+01     0.123077087402344E+02     0.223043203353882E+01
     0.389434671401978E+01     0.194285249710083E+01     0.123004884719849E+02     0.223140501976013E+01
     0.390346693992615E+01     0.194358289241791E+01     0.122978639602661E+02     0.223240256309509E+01
     0.391258716583252E+01     0.194429242610931E+01     0.122927713394165E+02     0.223337173461914E+01
     0.392170739173889E+01     0.194500625133514E+01     0.122906007766724E+02     0.223434710502625E+01
     0.393082785606384E+01     0.194570982456207E+01     0.122880363464355E+02     0.223530888557434E+01
     0.393994808197021E+01     0.194640719890594E+01     0.122840185165405E+02     0.223626232147217E+01
     0.394906830787659E+01     0.194705212116241E+01     0.122734003067017E+02     0.223714470863342E+01
     0.395818853378296E+01     0.194771099090576E+01     0.122667922973633E+02     0.223804593086243E+01
     0.396730875968933E+01     0.194841325283051E+01     0.122674608230591E+02     0.223900699615479E+01
     0.397642898559570E+01     0.194907248020172E+01     0.122637300491333E+02     0.223990941047668E+01
     0.398554921150208E+01     0.194974577426910E+01     0.122617702484131E+02     0.224083137512207E+01
     0.399466943740845E+01     0.195036804676056E+01     0.122538270950317E+02     0.224168372154236E+01
     0.400378990173340E+01     0.195102286338806E+01     0.122508993148804E+02     0.224258089065552E+01
     0.401290988922119E+01     0.195167613029480E+01     0.122506427764893E+02     0.224347615242004E+01
     0.402203035354614E+01     0.195230853557587E+01     0.122472381591797E+02     0.224434328079224E+01
     0.403115034103394E+01     0.195287775993347E+01     0.122335863113403E+02     0.224512410163879E+01
     0.404027080535889E+01     0.195350599288940E+01     0.122306480407715E+02     0.224598574638367E+01
     0.404939079284668E+01     0.195415008068085E+01     0.122319488525391E+02     0.224686932563782E+01
     0.405851125717163E+01     0.195475304126740E+01     0.122275552749634E+02     0.224769711494446E+01
     0.406763172149658E+01     0.195533263683319E+01     0.122204589843750E+02     0.224849295616150E+01
     0.407675170898438E+01     0.195594811439514E+01     0.122203006744385E+02     0.224933815002441E+01
     0.408587217330933E+01     0.195649957656860E+01     0.122094602584839E+02     0.225009560585022E+01
     0.409499216079712E+01     0.195710492134094E+01     0.122096557617188E+02     0.225092744827271E+01
     0.410411262512207E+01     0.195770907402039E+01     0.122096147537231E+02     0.225175786018372E+01
     0.411323261260986E+01     0.195827913284302E+01     0.122064933776855E+02     0.225254154205322E+01
     0.412235307693481E+01     0.195882964134216E+01     0.121984949111938E+02     0.225329875946045E+01
     0.413147306442261E+01     0.195941030979156E+01     0.121985187530518E+02     0.225409746170044E+01
     0.414059352874756E+01     0.195995652675629E+01     0.121923055648804E+02     0.225484895706177E+01
     0.414971351623535E+01     0.196047461032867E+01     0.121824302673340E+02     0.225556230545044E+01
     0.415883398056030E+01     0.196106123924255E+01     0.121853055953979E+02     0.225636982917786E+01
     0.416795444488525E+01     0.196159851551056E+01     0.121816291809082E+02     0.225710988044739E+01
     0.417707443237305E+01     0.196209430694580E+01     0.121699695587158E+02     0.225779271125793E+01
     0.418619489669800E+01     0.196264517307281E+01     0.121689662933350E+02     0.225855183601379E+01
     0.419531488418579E+01     0.196314215660095E+01     0.121606206893921E+02     0.225923681259155E+01
     0.420443534851074E+01     0.196367216110229E+01     0.121581411361694E+02     0.225996732711792E+01
     0.421355533599854E+01     0.196418762207031E+01     0.121553277969360E+02     0.226067829132080E+01
     0.422267580032349E+01     0.196469593048096E+01     0.121516075134277E+02     0.226137948036194E+01
     0.423179578781128E+01     0.196520888805389E+01     0.121481771469116E+02     0.226208710670471E+01
     0.424091625213623E+01     0.196574115753174E+01     0.121500530242920E+02     0.226282167434692E+01
     0.425003671646118E+01     0.196623027324677E+01     0.121464624404907E+02     0.226349687576294E+01
     0.425915670394897E+01     0.196669173240662E+01     0.121353044509888E+02     0.226413393020630E+01
     0.426827716827393E+01     0.196717143058777E+01     0.121317033767700E+02     0.226479673385620E+01
     0.427739715576172E+01     0.196769094467163E+01     0.121338329315186E+02     0.226551437377930E+01
     0.428651762008667E+01     0.196817886829376E+01     0.121309289932251E+02     0.226618862152100E+01
     0.429563760757446E+01     0.196862912178040E+01     0.121245479583740E+02     0.226681113243103E+01
     0.430475807189941E+01     0.196909809112549E+01     0.121203908920288E+02     0.226745915412903E+01
     0.431387805938721E+01     0.196953952312469E+01     0.121122694015503E+02     0.226806998252869E+01
     0.432299852371216E+01     0.197002100944519E+01     0.121117401123047E+02     0.226873588562012E+01
     0.433211898803711E+01     0.197046148777008E+01     0.121047506332397E+02     0.226934552192688E+01
     0.434123897552490E+01     0.197092497348785E+01     0.121038389205933E+02     0.226998662948608E+01
     0.435035943984985E+01     0.197138202190399E+01     0.121015634536743E+02     0.227061963081360E+01
     0.435947942733765E+01     0.197182607650757E+01     0.120992107391357E+02     0.227123451232910E+01
     0.436859989166260E+01     0.197221839427948E+01     0.120863552093506E+02     0.227177786827087E+01
     0.437771987915039E+01     0.197265982627869E+01     0.120830841064453E+02     0.227238941192627E+01
     0.438684034347534E+01     0.197309982776642E+01     0.120821924209595E+02     0.227299904823303E+01
     0.439596033096313E+01     0.197353446483612E+01     0.120794734954834E+02     0.227360153198242E+01
     0.440508079528809E+01     0.197396361827850E+01     0.120783958435059E+02     0.227419662475586E+01
     0.441420078277588E+01     0.197436666488647E+01     0.120719766616821E+02     0.227475547790527E+01
     0.442332124710083E+01     0.197479569911957E+01     0.120711555480957E+02     0.227535057067871E+01
     0.443244171142578E+01     0.197521007061005E+01     0.120679187774658E+02     0.227592563629150E+01
     0.444156169891357E+01     0.197561430931091E+01     0.120639162063599E+02     0.227648639678955E+01
     0.445068216323853E+01     0.197595787048340E+01     0.120512027740479E+02     0.227696347236633E+01
     0.445980215072632E+01     0.197636556625366E+01     0.120489606857300E+02     0.227752947807312E+01
     0.446892261505127E+01     0.197676014900208E+01     0.120452718734741E+02     0.227807736396790E+01
     0.447804260253906E+01     0.197713851928711E+01     0.120398130416870E+02     0.227860307693481E+01
     0.448716306686401E+01     0.197756493091583E+01     0.120434198379517E+02     0.227919554710388E+01
     0.449628305435181E+01     0.197795510292053E+01     0.120406246185303E+02     0.227973771095276E+01
     0.450540351867676E+01     0.197833657264709E+01     0.120365438461304E+02     0.228026795387268E+01
     0.451452398300171E+01     0.197864961624146E+01     0.120245790481567E+02     0.228070330619812E+01
     0.452364397048950E+01     0.197906911373138E+01     0.120287961959839E+02     0.228128671646118E+01
     0.453276443481445E+01     0.197941505908966E+01     0.120207033157349E+02     0.228176784515381E+01
     0.454188442230225E+01     0.197974967956543E+01     0.120130929946899E+02     0.228223347663879E+01
     0.455100488662720E+01     0.198011267185211E+01     0.120095643997192E+02     0.228273868560791E+01
     0.456012487411499E+01     0.198050367832184E+01     0.120124273300171E+02     0.228328299522400E+01
     0.456924533843994E+01     0.198085343837738E+01     0.120077753067017E+02     0.228377008438110E+01
     0.457836532592773E+01     0.198119544982910E+01     0.120021448135376E+02     0.228424644470215E+01
     0.458748579025269E+01     0.198153066635132E+01     0.119977903366089E+02     0.228471326828003E+01
     0.459660577774048E+01     0.198187041282654E+01     0.119934740066528E+02     0.228518676757812E+01
     0.460572624206543E+01     0.198222947120667E+01     0.119938554763794E+02     0.228568696975708E+01
     0.461484670639038E+01     0.198256433010101E+01     0.119909467697144E+02     0.228615379333496E+01
     0.462396669387817E+01     0.198288035392761E+01     0.119842805862427E+02     0.228659462928772E+01
     0.463308715820312E+01     0.198321676254272E+01     0.119833335876465E+02     0.228706359863281E+01
     0.464220714569092E+01     0.198354423046112E+01     0.119798259735107E+02     0.228752040863037E+01
     0.465132761001587E+01     0.198386073112488E+01     0.119748840332031E+02     0.228796195983887E+01
     0.466044759750366E+01     0.198414456844330E+01     0.119664907455444E+02     0.228835821151733E+01
     0.466956806182861E+01     0.198444795608521E+01     0.119608039855957E+02     0.228878164291382E+01
     0.467868804931641E+01     0.198476159572601E+01     0.119585475921631E+02     0.228921937942505E+01
     0.468780851364136E+01     0.198507654666901E+01     0.119548540115356E+02     0.228965950012207E+01
     0.469692897796631E+01     0.198538625240326E+01     0.119531307220459E+02     0.229009199142456E+01
     0.470604896545410E+01     0.198568916320801E+01     0.119497184753418E+02     0.229051518440247E+01
     0.471516942977905E+01     0.198598027229309E+01     0.119445695877075E+02     0.229092192649841E+01
     0.472428941726685E+01     0.198629105091095E+01     0.119452857971191E+02     0.229135608673096E+01
     0.473340988159180E+01     0.198656463623047E+01     0.119381990432739E+02     0.229173874855042E+01
     0.474252986907959E+01     0.198685598373413E+01     0.119350519180298E+02     0.229214620590210E+01
     0.475165033340454E+01     0.198711419105530E+01     0.119277019500732E+02     0.229250717163086E+01
     0.476077032089233E+01     0.198738598823547E+01     0.119230966567993E+02     0.229288744926453E+01
     0.476989078521729E+01     0.198770892620087E+01     0.119276094436646E+02     0.229333925247192E+01
     0.477901077270508E+01     0.198796367645264E+01     0.119200696945190E+02     0.229369568824768E+01
     0.478813123703003E+01     0.198825871944427E+01     0.119203090667725E+02     0.229410886764526E+01
     0.479725170135498E+01     0.198851108551025E+01     0.119135951995850E+02     0.229446220397949E+01
     0.480637168884277E+01     0.198877668380737E+01     0.119108428955078E+02     0.229483389854431E+01
     0.481549215316772E+01     0.198901057243347E+01     0.119020175933838E+02     0.229516172409058E+01
     0.482461214065552E+01     0.198929572105408E+01     0.119026594161987E+02     0.229556107521057E+01
     0.483373260498047E+01     0.198954713344574E+01     0.118986129760742E+02     0.229591345787048E+01
     0.484285259246826E+01     0.198980963230133E+01     0.118971147537231E+02     0.229628133773804E+01
     0.485197305679321E+01     0.199002301692963E+01     0.118868961334229E+02     0.229658055305481E+01
     0.486109304428101E+01     0.199027597904205E+01     0.118840742111206E+02     0.229693508148193E+01
     0.487021350860596E+01     0.199055778980255E+01     0.118879127502441E+02     0.229733037948608E+01
     0.487933397293091E+01     0.199080538749695E+01     0.118847656250000E+02     0.229767775535583E+01
     0.488845396041870E+01     0.199102449417114E+01     0.118774976730347E+02     0.229798507690430E+01
     0.489757442474365E+01     0.199124181270599E+01     0.118700428009033E+02     0.229829001426697E+01
     0.490669441223145E+01     0.199149250984192E+01     0.118703603744507E+02     0.229864192008972E+01
     0.491581487655640E+01     0.199170470237732E+01     0.118632574081421E+02     0.229893970489502E+01
     0.492493486404419E+01     0.199195051193237E+01     0.118625917434692E+02     0.229928493499756E+01
     0.493405532836914E+01     0.199217510223389E+01     0.118600339889526E+02     0.229960036277771E+01
     0.494317531585693E+01     0.199237918853760E+01     0.118529386520386E+02     0.229988718032837E+01
     0.495229578018188E+01     0.199259054660797E+01     0.118485021591187E+02     0.230018401145935E+01
     0.496141576766968E+01     0.199279558658600E+01     0.118431253433228E+02     0.230047202110291E+01
     0.497053623199463E+01     0.199304926395416E+01     0.118462200164795E+02     0.230082845687866E+01
     0.497965669631958E+01     0.199326276779175E+01     0.118425378799438E+02     0.230112886428833E+01
     0.498877668380737E+01     0.199346256256104E+01     0.118377084732056E+02     0.230140972137451E+01
     0.499789714813232E+01     0.199365568161011E+01     0.118321027755737E+02     0.230168128013611E+01
     0.500701713562012E+01     0.199388778209686E+01     0.118340282440186E+02     0.230200767517090E+01
     0.501613759994507E+01     0.199406051635742E+01     0.118243761062622E+02     0.230225086212158E+01
     0.502525758743286E+01     0.199426281452179E+01     0.118222236633301E+02     0.230253529548645E+01
     0.503437805175781E+01     0.199448037147522E+01     0.118229351043701E+02     0.230284166336060E+01
     0.504349803924561E+01     0.199467802047729E+01     0.118199319839478E+02     0.230311989784241E+01
     0.505261850357056E+01     0.199484527111053E+01     0.118120040893555E+02     0.230335521697998E+01
     0.506173896789551E+01     0.199503147602081E+01     0.118080549240112E+02     0.230361747741699E+01
     0.507085895538330E+01     0.199522674083710E+01     0.118058071136475E+02     0.230389261245728E+01
     0.507997941970825E+01     0.199539101123810E+01     0.117995796203613E+02     0.230412411689758E+01
     0.508909940719604E+01     0.199558925628662E+01     0.117990074157715E+02     0.230440330505371E+01
     0.509821987152100E+01     0.199577248096466E+01     0.117963304519653E+02     0.230466151237488E+01
     0.510733985900879E+01     0.199592614173889E+01     0.117894735336304E+02     0.230487823486328E+01
     0.511646032333374E+01     0.199613034725189E+01     0.117912473678589E+02     0.230516600608826E+01
     0.512558031082153E+01     0.199626016616821E+01     0.117809209823608E+02     0.230534911155701E+01
     0.513470077514648E+01     0.199646317958832E+01     0.117836399078369E+02     0.230563545227051E+01
     0.514382076263428E+01     0.199660813808441E+01     0.117757167816162E+02     0.230583977699280E+01
     0.515294122695923E+01     0.199675893783569E+01     0.117697801589966E+02     0.230605268478394E+01
     0.516206169128418E+01     0.199693989753723E+01     0.117699947357178E+02     0.230630803108215E+01
     0.517118167877197E+01     0.199706780910492E+01     0.117618589401245E+02     0.230648851394653E+01
     0.518030214309692E+01     0.199724841117859E+01     0.117627973556519E+02     0.230674362182617E+01
     0.518942213058472E+01     0.199740421772003E+01     0.117611875534058E+02     0.230696344375610E+01
     0.519854259490967E+01     0.199752128124237E+01     0.117532634735107E+02     0.230712866783142E+01
     0.520766258239746E+01     0.199769127368927E+01     0.117547035217285E+02     0.230736899375916E+01
     0.521678304672241E+01     0.199779438972473E+01     0.117455749511719E+02     0.230751442909241E+01
     0.522590303421021E+01     0.199795961380005E+01     0.117465686798096E+02     0.230774807929993E+01
     0.523502349853516E+01     0.199806046485901E+01     0.117383317947388E+02     0.230789065361023E+01
     0.524414396286011E+01     0.199820113182068E+01     0.117371721267700E+02     0.230808925628662E+01
     0.525326395034790E+01     0.199832677841187E+01     0.117325897216797E+02     0.230826687812805E+01
     0.526238441467285E+01     0.199846720695496E+01     0.117328176498413E+02     0.230846548080444E+01
     0.527150440216064E+01     0.199860394001007E+01     0.117313156127930E+02     0.230865883827209E+01
     0.528062486648560E+01     0.199870657920837E+01     0.117252235412598E+02     0.230880379676819E+01
     0.528974485397339E+01     0.199886131286621E+01     0.117292089462280E+02     0.230902266502380E+01
     0.529886531829834E+01     0.199895799160004E+01     0.117217712402344E+02     0.230915951728821E+01
     0.530798530578613E+01     0.199903798103333E+01     0.117131452560425E+02     0.230927276611328E+01
     0.531710577011108E+01     0.199917268753052E+01     0.117135772705078E+02     0.230946326255798E+01
     0.532622623443604E+01     0.199930810928345E+01     0.117158384323120E+02     0.230965518951416E+01
     0.533534622192383E+01     0.199940228462219E+01     0.117101554870605E+02     0.230978822708130E+01
     0.534446668624878E+01     0.199950385093689E+01     0.117057285308838E+02     0.230993199348450E+01
     0.535358667373657E+01     0.199958443641663E+01     0.116990528106689E+02     0.231004619598389E+01
     0.536270713806152E+01     0.199971437454224E+01     0.117010583877563E+02     0.231023025512695E+01
     0.537182712554932E+01     0.199980235099792E+01     0.116953754425049E+02     0.231035494804382E+01
     0.538094758987427E+01     0.199992835521698E+01     0.116981420516968E+02     0.231053328514099E+01
     0.539006757736206E+01     0.200001811981201E+01     0.116936578750610E+02     0.231066036224365E+01
     0.539918804168701E+01     0.200010347366333E+01     0.116889295578003E+02     0.231078147888184E+01
     0.540830802917480E+01     0.200020599365234E+01     0.116889619827271E+02     0.231092667579651E+01
     0.541742849349976E+01     0.200029134750366E+01     0.116846742630005E+02     0.231104779243469E+01
     0.542654895782471E+01     0.200033736228943E+01     0.116737480163574E+02     0.231111288070679E+01
     0.543566894531250E+01     0.200047159194946E+01     0.116799278259277E+02     0.231130313873291E+01
     0.544478940963745E+01     0.200055623054504E+01     0.116769056320190E+02     0.231142306327820E+01
     0.545390939712524E+01     0.200063014030457E+01     0.116719360351562E+02     0.231152796745300E+01
     0.546302986145020E+01     0.200069999694824E+01     0.116670970916748E+02     0.231162714958191E+01
     0.547214984893799E+01     0.200076961517334E+01     0.116623773574829E+02     0.231172585487366E+01
     0.548127031326294E+01     0.200084018707275E+01     0.116580362319946E+02     0.231182575225830E+01
     0.549039030075073E+01     0.200093507766724E+01     0.116590528488159E+02     0.231196069717407E+01
     0.549951076507568E+01     0.200100684165955E+01     0.116555261611938E+02     0.231206250190735E+01
     0.550863122940063E+01     0.200106835365295E+01     0.116506519317627E+02     0.231215000152588E+01
     0.551775121688843E+01     0.200112700462341E+01     0.116459732055664E+02     0.231223297119141E+01
     0.552687168121338E+01     0.200119590759277E+01     0.116431541442871E+02     0.231233072280884E+01
     0.553599166870117E+01     0.200129890441895E+01     0.116470289230347E+02     0.231247687339783E+01
     0.554511213302612E+01     0.200136446952820E+01     0.116446800231934E+02     0.231257009506226E+01
     0.555423212051392E+01     0.200138950347900E+01     0.116347131729126E+02     0.231260561943054E+01
     0.556335258483887E+01     0.200148415565491E+01     0.116375713348389E+02     0.231274008750916E+01
     0.557247257232666E+01     0.200151896476746E+01     0.116299524307251E+02     0.231278967857361E+01
     0.558159303665161E+01     0.200159907341003E+01     0.116314907073975E+02     0.231290340423584E+01
     0.559071302413940E+01     0.200161790847778E+01     0.116218118667603E+02     0.231293010711670E+01
     0.559983348846436E+01     0.200168991088867E+01     0.116217107772827E+02     0.231303238868713E+01
     0.560895395278931E+01     0.200173091888428E+01     0.116169319152832E+02     0.231309056282043E+01
     0.561807394027710E+01     0.200178647041321E+01     0.116145439147949E+02     0.231316971778870E+01
     0.562719440460205E+01     0.200187277793884E+01     0.116184549331665E+02     0.231329226493835E+01
     0.563631439208984E+01     0.200188255310059E+01     0.116085662841797E+02     0.231330609321594E+01
     0.564543485641479E+01     0.200192523002625E+01     0.116050395965576E+02     0.231336688995361E+01
     0.565455484390259E+01     0.200198531150818E+01     0.116045827865601E+02     0.231345224380493E+01
     0.566367530822754E+01     0.200203275680542E+01     0.116025590896606E+02     0.231351995468140E+01
     0.567279529571533E+01     0.200205779075623E+01     0.115969457626343E+02     0.231355547904968E+01
     0.568191576004028E+01     0.200210404396057E+01     0.115948762893677E+02     0.231362128257751E+01
     0.569103622436523E+01     0.200215840339661E+01     0.115945758819580E+02     0.231369829177856E+01
     0.570015621185303E+01     0.200219392776489E+01     0.115915203094482E+02     0.231374883651733E+01
     0.570927667617798E+01     0.200220251083374E+01     0.115842638015747E+02     0.231376123428345E+01
     0.571839666366577E+01     0.200225281715393E+01     0.115837631225586E+02     0.231383275985718E+01
     0.572751712799072E+01     0.200228881835938E+01     0.115817003250122E+02     0.231388378143311E+01
     0.573663711547852E+01     0.200232696533203E+01     0.115798110961914E+02     0.231393790245056E+01
     0.574575757980347E+01     0.200235033035278E+01     0.115760068893433E+02     0.231397128105164E+01
     0.575487756729126E+01     0.200236058235168E+01     0.115704250335693E+02     0.231398582458496E+01
     0.576399803161621E+01     0.200238776206970E+01     0.115677499771118E+02     0.231402468681335E+01
     0.577311801910400E+01     0.200244092941284E+01     0.115691900253296E+02     0.231410026550293E+01
     0.578223848342896E+01     0.200247478485107E+01     0.115683546066284E+02     0.231414842605591E+01
     0.579135894775391E+01     0.200249171257019E+01     0.115645303726196E+02     0.231417250633240E+01
     0.580047893524170E+01     0.200248479843140E+01     0.115569229125977E+02     0.231416273117065E+01
     0.580959939956665E+01     0.200252914428711E+01     0.115582237243652E+02     0.231422591209412E+01
     0.581871938705444E+01     0.200256323814392E+01     0.115585632324219E+02     0.231427454948425E+01
     0.582783985137939E+01     0.200257682800293E+01     0.115549612045288E+02     0.231429362297058E+01
     0.583695983886719E+01     0.200259470939636E+01     0.115524959564209E+02     0.231431913375854E+01
     0.584608030319214E+01     0.200261116027832E+01     0.115503301620483E+02     0.231434249877930E+01
     0.585520029067993E+01     0.200260019302368E+01     0.115429849624634E+02     0.231432676315308E+01
     0.586432075500488E+01     0.200261116027832E+01     0.115401124954224E+02     0.231434249877930E+01
     0.587344121932983E+01     0.200262379646301E+01     0.115378351211548E+02     0.231436038017273E+01
     0.588256120681763E+01     0.200265526771545E+01     0.115394592285156E+02     0.231440520286560E+01
     0.589168167114258E+01     0.200263905525208E+01     0.115321455001831E+02     0.231438207626343E+01
     0.590080165863037E+01     0.200265336036682E+01     0.115308561325073E+02     0.231440234184265E+01
     0.590992212295532E+01     0.200267958641052E+01     0.115325326919556E+02     0.231443977355957E+01
     0.591904211044312E+01     0.200265431404114E+01     0.115240449905396E+02     0.231440353393555E+01
     0.592816257476807E+01     0.200268936157227E+01     0.115278615951538E+02     0.231445336341858E+01
     0.593728256225586E+01     0.200268888473511E+01     0.115248260498047E+02     0.231445288658142E+01
     0.594640302658081E+01     0.200266265869141E+01     0.115167837142944E+02     0.231441521644592E+01
     0.595552301406860E+01     0.200265574455261E+01     0.115131578445435E+02     0.231440496444702E+01
     0.596464347839355E+01     0.200268125534058E+01     0.115159111022949E+02     0.231444144248962E+01
     0.597376394271851E+01     0.200264358520508E+01     0.115069580078125E+02     0.231438779830933E+01
     0.598288393020630E+01     0.200262570381165E+01     0.115024003982544E+02     0.231436181068420E+01
     0.599200439453125E+01     0.200262832641602E+01     0.115010519027710E+02     0.231436562538147E+01
     0.600112438201904E+01     0.200266098976135E+01     0.115059909820557E+02     0.231441235542297E+01
     0.601024484634399E+01     0.200263714790344E+01     0.115000600814819E+02     0.231437802314758E+01
     0.601936483383179E+01     0.200259780883789E+01     0.114925432205200E+02     0.231432175636292E+01
     0.602848529815674E+01     0.200261569023132E+01     0.114947814941406E+02     0.231434702873230E+01
     0.603760528564453E+01     0.200259304046631E+01     0.114902915954590E+02     0.231431460380554E+01
     0.604672574996948E+01     0.200260329246521E+01     0.114925146102905E+02     0.231432938575745E+01
     0.605584621429443E+01     0.200254011154175E+01     0.114812498092651E+02     0.231423878669739E+01
     0.606496620178223E+01     0.200257253646851E+01     0.114873170852661E+02     0.231428480148315E+01
     0.607408666610718E+01     0.200252485275269E+01     0.114787282943726E+02     0.231421661376953E+01
     0.608320665359497E+01     0.200249767303467E+01     0.114747571945190E+02     0.231417775154114E+01
     0.609232711791992E+01     0.200251340866089E+01     0.114786691665649E+02     0.231419992446899E+01
     0.610144710540771E+01     0.200249218940735E+01     0.114759588241577E+02     0.231416964530945E+01
     0.611056756973267E+01     0.200245594978333E+01     0.114704341888428E+02     0.231411767005920E+01
     0.611968755722046E+01     0.200240349769592E+01     0.114630670547485E+02     0.231404256820679E+01
     0.612880802154541E+01     0.200242114067078E+01     0.114678087234497E+02     0.231406760215759E+01
     0.613792848587036E+01     0.200238633155823E+01     0.114632043838501E+02     0.231401753425598E+01
     0.614704847335815E+01     0.200237035751343E+01     0.114628982543945E+02     0.231399440765381E+01
     0.615616893768311E+01     0.200229787826538E+01     0.114524459838867E+02     0.231389045715332E+01
     0.616528892517090E+01     0.200231504440308E+01     0.114579620361328E+02     0.231391501426697E+01
     0.617440938949585E+01     0.200228857994080E+01     0.114561777114868E+02     0.231387710571289E+01
     0.618352937698364E+01     0.200224947929382E+01     0.114517498016357E+02     0.231382083892822E+01
     0.619264984130859E+01     0.200220513343811E+01     0.114468412399292E+02     0.231375741958618E+01
     0.620176982879639E+01     0.200214457511902E+01     0.114397792816162E+02     0.231367039680481E+01
     0.621089029312134E+01     0.200215530395508E+01     0.114452486038208E+02     0.231368565559387E+01
     0.622001028060913E+01     0.200210428237915E+01     0.114394588470459E+02     0.231361222267151E+01
     0.622913074493408E+01     0.200203633308411E+01     0.114318704605103E+02     0.231351470947266E+01
     0.623825120925903E+01     0.200200271606445E+01     0.114297571182251E+02     0.231346654891968E+01
     0.624737119674683E+01     0.200196385383606E+01     0.114271612167358E+02     0.231341052055359E+01
     0.625649166107178E+01     0.200195169448853E+01     0.114291114807129E+02     0.231339311599731E+01
     0.626561164855957E+01     0.200188112258911E+01     0.114217119216919E+02     0.231329154968262E+01
     0.627473211288452E+01     0.200184631347656E+01     0.114201526641846E+02     0.231324148178101E+01
     0.628385210037231E+01     0.200180006027222E+01     0.114171361923218E+02     0.231317496299744E+01
     0.629297256469727E+01     0.200180220603943E+01     0.114233217239380E+02     0.231317806243896E+01
     0.630209255218506E+01     0.200172400474548E+01     0.114139375686646E+02     0.231306576728821E+01
     0.631121301651001E+01     0.200168085098267E+01     0.114118232727051E+02     0.231300354003906E+01
     0.632033348083496E+01     0.200165104866028E+01     0.114124708175659E+02     0.231296062469482E+01
     0.632945346832275E+01     0.200156807899475E+01     0.114040794372559E+02     0.231284165382385E+01
     0.633857393264771E+01     0.200153231620789E+01     0.114034347534180E+02     0.231279015541077E+01
     0.634769392013550E+01     0.200151538848877E+01     0.114073228836060E+02     0.231276535987854E+01
     0.635681438446045E+01     0.200146794319153E+01     0.114056816101074E+02     0.231269741058350E+01
     0.636593437194824E+01     0.200140929222107E+01     0.114017963409424E+02     0.231261301040649E+01
     0.637505483627319E+01     0.200132942199707E+01     0.113937730789185E+02     0.231249785423279E+01
     0.638417482376099E+01     0.200126290321350E+01     0.113892803192139E+02     0.231240248680115E+01
     0.639329528808594E+01     0.200123882293701E+01     0.113921785354614E+02     0.231236767768860E+01
     0.640241527557373E+01     0.200119209289551E+01     0.113918218612671E+02     0.231230068206787E+01
     0.641153573989868E+01     0.200111746788025E+01     0.113853521347046E+02     0.231219291687012E+01
     0.642065620422363E+01     0.200103235244751E+01     0.113785858154297E+02     0.231207084655762E+01
     0.642977619171143E+01     0.200097370147705E+01     0.113760795593262E+02     0.231198620796204E+01
     0.643889665603638E+01     0.200092196464539E+01     0.113747854232788E+02     0.231191158294678E+01
     0.644801664352417E+01     0.200089073181152E+01     0.113773698806763E+02     0.231186652183533E+01
     0.645713710784912E+01     0.200079798698425E+01     0.113694190979004E+02     0.231173324584961E+01
     0.646625709533691E+01     0.200073838233948E+01     0.113673448562622E+02     0.231164741516113E+01
     0.647537755966187E+01     0.200067639350891E+01     0.113651962280273E+02     0.231155800819397E+01
     0.648449754714966E+01     0.200065541267395E+01     0.113709678649902E+02     0.231152796745300E+01
     0.649361801147461E+01     0.200055241584778E+01     0.113608570098877E+02     0.231137943267822E+01
     0.650273847579956E+01     0.200049114227295E+01     0.113593320846558E+02     0.231129121780396E+01
     0.651185846328735E+01     0.200041389465332E+01     0.113552923202515E+02     0.231117987632751E+01
     0.652097892761230E+01     0.200035619735718E+01     0.113541021347046E+02     0.231109666824341E+01
     0.653009891510010E+01     0.200029158592224E+01     0.113523921966553E+02     0.231100344657898E+01
     0.653921937942505E+01     0.200022125244141E+01     0.113499431610107E+02     0.231090211868286E+01
     0.654833936691284E+01     0.200014591217041E+01     0.113466453552246E+02     0.231079387664795E+01
     0.655745983123779E+01     0.200008821487427E+01     0.113464803695679E+02     0.231071066856384E+01
     0.656657981872559E+01     0.200002956390381E+01     0.113468484878540E+02     0.231062579154968E+01
     0.657570028305054E+01     0.199992191791534E+01     0.113380355834961E+02     0.231047105789185E+01
     0.658482027053833E+01     0.199983894824982E+01     0.113342895507812E+02     0.231035137176514E+01
     0.659394073486328E+01     0.199979543685913E+01     0.113368167877197E+02     0.231028842926025E+01
     0.660306119918823E+01     0.199972116947174E+01     0.113348569869995E+02     0.231018137931824E+01
     0.661218118667603E+01     0.199962866306305E+01     0.113295831680298E+02     0.231004786491394E+01
     0.662130165100098E+01     0.199956643581390E+01     0.113299837112427E+02     0.230995821952820E+01
     0.663042163848877E+01     0.199950325489044E+01     0.113304424285889E+02     0.230986714363098E+01
     0.663954210281372E+01     0.199940884113312E+01     0.113247499465942E+02     0.230973100662231E+01
     0.664866209030151E+01     0.199932610988617E+01     0.113217811584473E+02     0.230961155891418E+01
     0.665778255462646E+01     0.199926102161407E+01     0.113226461410522E+02     0.230951762199402E+01
     0.666690254211426E+01     0.199914050102234E+01     0.113128671646118E+02     0.230934381484985E+01
     0.667602300643921E+01     0.199908471107483E+01     0.113146419525146E+02     0.230926322937012E+01
     0.668514347076416E+01     0.199899995326996E+01     0.113122282028198E+02     0.230914092063904E+01
     0.669426345825195E+01     0.199892473220825E+01     0.113115396499634E+02     0.230903244018555E+01
     0.670338392257690E+01     0.199883949756622E+01     0.113089733123779E+02     0.230890941619873E+01
     0.671250391006470E+01     0.199873471260071E+01     0.113027305603027E+02     0.230875825881958E+01
     0.672162437438965E+01     0.199865531921387E+01     0.113017778396606E+02     0.230864334106445E+01
     0.673074436187744E+01     0.199854779243469E+01     0.112960863113403E+02     0.230848836898804E+01
     0.673986482620239E+01     0.199850237369537E+01     0.113015403747559E+02     0.230842280387878E+01
     0.674898481369019E+01     0.199839961528778E+01     0.112960500717163E+02     0.230827426910400E+01
     0.675810527801514E+01     0.199828457832336E+01     0.112892227172852E+02     0.230810832977295E+01
     0.676722526550293E+01     0.199822247028351E+01     0.112922248840332E+02     0.230801844596863E+01
     0.677634572982788E+01     0.199812579154968E+01     0.112882480621338E+02     0.230787873268127E+01
     0.678546619415283E+01     0.199805533885956E+01     0.112898292541504E+02     0.230777692794800E+01
     0.679458618164062E+01     0.199792039394379E+01     0.112794141769409E+02     0.230758213996887E+01
     0.680370664596558E+01     0.199786245822906E+01     0.112837915420532E+02     0.230749845504761E+01
     0.681282663345337E+01     0.199773335456848E+01     0.112746171951294E+02     0.230731201171875E+01
     0.682194709777832E+01     0.199766969680786E+01     0.112780294418335E+02     0.230721998214722E+01
     0.683106708526611E+01     0.199758195877075E+01     0.112773637771606E+02     0.230709314346313E+01
     0.684018754959106E+01     0.199743890762329E+01     0.112665452957153E+02     0.230688643455505E+01
     0.684930753707886E+01     0.199738192558289E+01     0.112709197998047E+02     0.230680418014526E+01
     0.685842800140381E+01     0.199727344512939E+01     0.112661533355713E+02     0.230664753913879E+01
     0.686754846572876E+01     0.199717664718628E+01     0.112638835906982E+02     0.230650711059570E+01
     0.687666845321655E+01     0.199708926677704E+01     0.112642297744751E+02     0.230638098716736E+01
     0.688578891754150E+01     0.199699532985687E+01     0.112632207870483E+02     0.230624556541443E+01
     0.689490890502930E+01     0.199688899517059E+01     0.112586107254028E+02     0.230609154701233E+01
     0.690402936935425E+01     0.199676835536957E+01     0.112526445388794E+02     0.230591726303101E+01
     0.691314935684204E+01     0.199669313430786E+01     0.112553234100342E+02     0.230580830574036E+01
     0.692226982116699E+01     0.199658894538879E+01     0.112527980804443E+02     0.230565762519836E+01
     0.693138980865479E+01     0.199646353721619E+01     0.112457027435303E+02     0.230547642707825E+01
     0.694051027297974E+01     0.199636983871460E+01     0.112453508377075E+02     0.230534076690674E+01
     0.694963073730469E+01     0.199628233909607E+01     0.112464733123779E+02     0.230521416664124E+01
     0.695875072479248E+01     0.199616110324860E+01     0.112411975860596E+02     0.230503869056702E+01
     0.696787118911743E+01     0.199604701995850E+01     0.112371912002563E+02     0.230487370491028E+01
     0.697699117660522E+01     0.199596667289734E+01     0.112396907806396E+02     0.230475759506226E+01
     0.698611164093018E+01     0.199581384658813E+01     0.112290639877319E+02     0.230453658103943E+01
     0.699523162841797E+01     0.199572873115540E+01     0.112305727005005E+02     0.230441308021545E+01
     0.700435209274292E+01     0.199561989307404E+01     0.112281265258789E+02     0.230425548553467E+01
     0.701347208023071E+01     0.199552834033966E+01     0.112286834716797E+02     0.230412316322327E+01
     0.702259254455566E+01     0.199541652202606E+01     0.112256574630737E+02     0.230396127700806E+01
     0.703171253204346E+01     0.199527657032013E+01     0.112183151245117E+02     0.230375838279724E+01
     0.704083299636841E+01     0.199516248703003E+01     0.112155761718750E+02     0.230359339714050E+01
     0.704995346069336E+01     0.199508941173553E+01     0.112200479507446E+02     0.230348777770996E+01
     0.705907344818115E+01     0.199497222900391E+01     0.112165479660034E+02     0.230331802368164E+01
     0.706819391250610E+01     0.199482369422913E+01     0.112083587646484E+02     0.230310297012329E+01
     0.707731389999390E+01     0.199472653865814E+01     0.112088880538940E+02     0.230296230316162E+01
     0.708643436431885E+01     0.199460172653198E+01     0.112045154571533E+02     0.230278158187866E+01
     0.709555435180664E+01     0.199448394775391E+01     0.112015476226807E+02     0.230261087417603E+01
     0.710467481613159E+01     0.199438154697418E+01     0.112010993957520E+02     0.230246257781982E+01
     0.711379480361938E+01     0.199425232410431E+01     0.111969881057739E+02     0.230227541923523E+01
     0.712291526794434E+01     0.199416339397430E+01     0.111992254257202E+02     0.230214643478394E+01
     0.713203573226929E+01     0.199406361579895E+01     0.112001142501831E+02     0.230200195312500E+01
     0.714115571975708E+01     0.199394178390503E+01     0.111971797943115E+02     0.230182528495789E+01
     0.715027618408203E+01     0.199379730224609E+01     0.111896953582764E+02     0.230161619186401E+01
     0.715939617156982E+01     0.199369859695435E+01     0.111915206909180E+02     0.230147314071655E+01
     0.716851663589478E+01     0.199357020854950E+01     0.111868753433228E+02     0.230128693580627E+01
     0.717763662338257E+01     0.199346685409546E+01     0.111880178451538E+02     0.230113720893860E+01
     0.718675708770752E+01     0.199331414699554E+01     0.111795444488525E+02     0.230091571807861E+01
     0.719587707519531E+01     0.199320995807648E+01     0.111802139282227E+02     0.230076503753662E+01
     0.720499753952026E+01     0.199307584762573E+01     0.111752738952637E+02     0.230057024955750E+01
     0.721411752700806E+01     0.199296402931213E+01     0.111742849349976E+02     0.230040812492371E+01
     0.722323799133301E+01     0.199286282062531E+01     0.111764764785767E+02     0.230026149749756E+01
     0.723235845565796E+01     0.199273765087128E+01     0.111741943359375E+02     0.230008006095886E+01
     0.724147844314575E+01     0.199261426925659E+01     0.111717824935913E+02     0.229990124702454E+01
     0.725059890747070E+01     0.199248647689819E+01     0.111682701110840E+02     0.229971575737000E+01
     0.725971889495850E+01     0.199233889579773E+01     0.111619415283203E+02     0.229950165748596E+01
     0.726883935928345E+01     0.199221909046173E+01     0.111608257293701E+02     0.229932785034180E+01
     0.727795934677124E+01     0.199211299419403E+01     0.111627464294434E+02     0.229917407035828E+01
     0.728707981109619E+01     0.199194824695587E+01     0.111535320281982E+02     0.229893493652344E+01
