     0.237506240606308E+00     0.262548826867715E-03     0.115127766132355E+01     0.262248213402927E-03
     0.254470974206924E+00     0.143073312938213E-02     0.200687527656555E+01     0.142917234916240E-02
     0.271435707807541E+00     0.329914479516447E-02     0.262352943420410E+01     0.329709565266967E-02
     0.288400441408157E+00     0.600428506731987E-02     0.316924643516541E+01     0.600366853177547E-02
     0.305365145206451E+00     0.944778136909008E-02     0.364776086807251E+01     0.945272855460644E-02
     0.322329878807068E+00     0.136078530922532E-01     0.407629919052124E+01     0.136242127045989E-01
     0.339294612407684E+00     0.186744704842567E-01     0.448533105850220E+01     0.187109503895044E-01
     0.356259346008301E+00     0.244797412306070E-01     0.486020898818970E+01     0.245468337088823E-01
     0.373224079608917E+00     0.310751050710678E-01     0.521105480194092E+01     0.311861094087362E-01
     0.390188813209534E+00     0.386435762047768E-01     0.555272531509399E+01     0.388162694871426E-01
     0.407153546810150E+00     0.469203405082226E-01     0.586906242370605E+01     0.471733622252941E-01
     0.424118280410767E+00     0.561326667666435E-01     0.617593955993652E+01     0.564902834594250E-01
     0.441083014011383E+00     0.658484175801277E-01     0.645314359664917E+01     0.663328543305397E-01
     0.458047747612000E+00     0.766021609306335E-01     0.672904062271118E+01     0.772461220622063E-01
     0.475012481212616E+00     0.882009193301201E-01     0.699474191665649E+01     0.890387073159218E-01
     0.491977185010910E+00     0.100509867072105E+00     0.724620246887207E+01     0.101577326655388E+00
     0.508941948413849E+00     0.113679923117161E+00     0.749055194854736E+01     0.115019753575325E+00
     0.525906682014465E+00     0.127465352416039E+00     0.772034978866577E+01     0.129119008779526E+00
     0.542871415615082E+00     0.142165184020996E+00     0.794682407379150E+01     0.144185259938240E+00
     0.559836149215698E+00     0.157546699047089E+00     0.816332721710205E+01     0.159984558820724E+00
     0.576800882816315E+00     0.173433914780617E+00     0.836618804931641E+01     0.176339536905289E+00
     0.593765556812286E+00     0.189854487776756E+00     0.855793571472168E+01     0.193281725049019E+00
     0.610730290412903E+00     0.207289844751358E+00     0.875224018096924E+01     0.211312919855118E+00
     0.627695024013519E+00     0.225159257650375E+00     0.893460559844971E+01     0.229837208986282E+00
     0.644659757614136E+00     0.243927910923958E+00     0.911740970611572E+01     0.249341428279877E+00
     0.661624491214752E+00     0.262066394090652E+00     0.927688217163086E+01     0.268236666917801E+00
     0.678589224815369E+00     0.274313092231750E+00     0.937945747375488E+01     0.281019538640976E+00
     0.695553958415985E+00     0.288728922605515E+00     0.950123977661133E+01     0.296092689037323E+00
     0.712518692016602E+00     0.303788155317307E+00     0.961343669891357E+01     0.311868458986282E+00
     0.729483425617218E+00     0.320254743099213E+00     0.973579978942871E+01     0.329153656959534E+00
     0.746448159217834E+00     0.337508440017700E+00     0.985673522949219E+01     0.347304254770279E+00
     0.763412892818451E+00     0.355066359043121E+00     0.996779155731201E+01     0.365815818309784E+00
     0.780377626419067E+00     0.373703867197037E+00     0.100852060317993E+02     0.385511010885239E+00
     0.797342360019684E+00     0.392898201942444E+00     0.101992673873901E+02     0.405843228101730E+00
     0.814307093620300E+00     0.412422448396683E+00     0.103064918518066E+02     0.426575422286987E+00
     0.831271827220917E+00     0.432610362768173E+00     0.104137220382690E+02     0.448065996170044E+00
     0.848236560821533E+00     0.453746944665909E+00     0.105263404846191E+02     0.470624953508377E+00
     0.865201294422150E+00     0.474842637777328E+00     0.106273803710938E+02     0.493199616670609E+00
     0.882166028022766E+00     0.496401160955429E+00     0.107264022827148E+02     0.516331076622009E+00
     0.899130761623383E+00     0.519002676010132E+00     0.108334941864014E+02     0.540648639202118E+00
     0.916095495223999E+00     0.541280031204224E+00     0.109262990951538E+02     0.564684092998505E+00
     0.933060228824615E+00     0.564436554908752E+00     0.110252399444580E+02     0.589738965034485E+00
     0.950024962425232E+00     0.587354421615601E+00     0.111130132675171E+02     0.614606261253357E+00
     0.966989696025848E+00     0.608622848987579E+00     0.111916694641113E+02     0.637747049331665E+00
     0.983954370021820E+00     0.630463361740112E+00     0.112764730453491E+02     0.661574244499207E+00
     0.100091910362244E+01     0.651762366294861E+00     0.113472862243652E+02     0.684872269630432E+00
     0.101788389682770E+01     0.673590183258057E+00     0.114209518432617E+02     0.708812892436981E+00
     0.103484857082367E+01     0.695427894592285E+00     0.114899578094482E+02     0.732829153537750E+00
     0.105181336402893E+01     0.717921495437622E+00     0.115640745162964E+02     0.757635235786438E+00
     0.106877803802490E+01     0.740430593490601E+00     0.116341972351074E+02     0.782527983188629E+00
     0.108574283123016E+01     0.762957453727722E+00     0.117007131576538E+02     0.807510197162628E+00
     0.110270750522614E+01     0.785269498825073E+00     0.117607011795044E+02     0.832323193550110E+00
     0.111967229843140E+01     0.808206558227539E+00     0.118262872695923E+02     0.857904016971588E+00
     0.113663697242737E+01     0.830592215061188E+00     0.118813219070435E+02     0.882940351963043E+00
     0.115360176563263E+01     0.853598296642303E+00     0.119422922134399E+02     0.908744513988495E+00
     0.117056643962860E+01     0.876163959503174E+00     0.119949541091919E+02     0.934127032756805E+00
     0.118753111362457E+01     0.899143278598785E+00     0.120511169433594E+02     0.960049688816071E+00
     0.120449590682983E+01     0.921871364116669E+00     0.121021184921265E+02     0.985762953758240E+00
     0.122146058082581E+01     0.944659233093262E+00     0.121523494720459E+02     0.101161861419678E+01
     0.123842537403107E+01     0.968048334121704E+00     0.122090463638306E+02     0.103823554515839E+01
     0.125539004802704E+01     0.990649461746216E+00     0.122543191909790E+02     0.106403052806854E+01
     0.127235484123230E+01     0.101354289054871E+01     0.123024673461914E+02     0.109023606777191E+01
     0.128931951522827E+01     0.103576886653900E+01     0.123413686752319E+02     0.111575067043304E+01
     0.130628430843353E+01     0.105877053737640E+01     0.123896055221558E+02     0.114223468303680E+01
     0.132324898242950E+01     0.108091771602631E+01     0.124267053604126E+02     0.116780841350555E+01
     0.134021377563477E+01     0.110342144966125E+01     0.124681224822998E+02     0.119387030601501E+01
     0.135717844963074E+01     0.112539029121399E+01     0.125029134750366E+02     0.121938610076904E+01
     0.137414324283600E+01     0.114785778522491E+01     0.125439834594727E+02     0.124555885791779E+01
     0.139110791683197E+01     0.117026758193970E+01     0.125846471786499E+02     0.127174222469330E+01
     0.140807271003723E+01     0.119154524803162E+01     0.126118583679199E+02     0.129667246341705E+01
     0.142503738403320E+01     0.121364939212799E+01     0.126497392654419E+02     0.132264864444733E+01
     0.144200217723846E+01     0.123510646820068E+01     0.126804628372192E+02     0.134793686866760E+01
     0.145896685123444E+01     0.125629866123199E+01     0.127088356018066E+02     0.137298417091370E+01
     0.147593164443970E+01     0.127723121643066E+01     0.127350769042969E+02     0.139779496192932E+01
     0.149289631843567E+01     0.129879689216614E+01     0.127701234817505E+02     0.142343270778656E+01
     0.150986111164093E+01     0.131275665760040E+01     0.127805738449097E+02     0.144006490707397E+01
     0.152682578563690E+01     0.132325649261475E+01     0.127969017028809E+02     0.145259833335876E+01
     0.154379057884216E+01     0.133428215980530E+01     0.128113803863525E+02     0.146577751636505E+01
     0.156075525283813E+01     0.134581053256989E+01     0.128258543014526E+02     0.147957837581635E+01
     0.157771992683411E+01     0.135787475109100E+01     0.128419523239136E+02     0.149404418468475E+01
     0.159468472003937E+01     0.136935269832611E+01     0.128474512100220E+02     0.150782501697540E+01
     0.161164939403534E+01     0.138261914253235E+01     0.128707180023193E+02     0.152378666400909E+01
     0.162861418724060E+01     0.139438176155090E+01     0.128739242553711E+02     0.153795599937439E+01
     0.164557886123657E+01     0.140767765045166E+01     0.128928117752075E+02     0.155400609970093E+01
     0.166254365444183E+01     0.142054700851440E+01     0.129050102233887E+02     0.156956660747528E+01
     0.167950832843781E+01     0.143306028842926E+01     0.129116411209106E+02     0.158472037315369E+01
     0.169647312164307E+01     0.144629359245300E+01     0.129253387451172E+02     0.160077798366547E+01
     0.171343779563904E+01     0.145907449722290E+01     0.129328517913818E+02     0.161631143093109E+01
     0.173040258884430E+01     0.147281694412231E+01     0.129511528015137E+02     0.163305056095123E+01
     0.174736726284027E+01     0.148493170738220E+01     0.129534263610840E+02     0.164782536029816E+01
     0.176433205604553E+01     0.149765694141388E+01     0.129621934890747E+02     0.166337573528290E+01
     0.178129673004150E+01     0.151035439968109E+01     0.129702157974243E+02     0.167891943454742E+01
     0.179826152324677E+01     0.152332937717438E+01     0.129810819625854E+02     0.169483351707458E+01
     0.181522619724274E+01     0.153617298603058E+01     0.129902553558350E+02     0.171061468124390E+01
     0.183219099044800E+01     0.154855763912201E+01     0.129940547943115E+02     0.172585535049438E+01
     0.184915566444397E+01     0.156125640869141E+01     0.130014276504517E+02     0.174151349067688E+01
     0.186612045764923E+01     0.157328474521637E+01     0.130012817382812E+02     0.175636565685272E+01
     0.188308513164520E+01     0.158600592613220E+01     0.130090732574463E+02     0.177210772037506E+01
     0.190004992485046E+01     0.159829723834991E+01     0.130126123428345E+02     0.178734219074249E+01
     0.191701459884644E+01     0.160857176780701E+01     0.130228509902954E+02     0.180010437965393E+01
     0.193397939205170E+01     0.161796581745148E+01     0.130263395309448E+02     0.181178414821625E+01
     0.195094406604767E+01     0.162746262550354E+01     0.130302238464355E+02     0.182360804080963E+01
     0.196790874004364E+01     0.163629841804504E+01     0.130260992050171E+02     0.183461534976959E+01
     0.198487353324890E+01     0.164597809314728E+01     0.130313816070557E+02     0.184669971466064E+01
     0.200183820724487E+01     0.165539371967316E+01     0.130309495925903E+02     0.185846447944641E+01
     0.201880288124084E+01     0.166499674320221E+01     0.130294332504272E+02     0.187047827243805E+01
     0.203576779365540E+01     0.167483365535736E+01     0.130302076339722E+02     0.188280427455902E+01
     0.205273246765137E+01     0.168315362930298E+01     0.130386190414429E+02     0.189325237274170E+01
     0.206969714164734E+01     0.168965899944305E+01     0.130322437286377E+02     0.190141415596008E+01
     0.208666181564331E+01     0.169747328758240E+01     0.130386562347412E+02     0.191124546527863E+01
     0.210362672805786E+01     0.170454335212708E+01     0.130350971221924E+02     0.192013728618622E+01
     0.212059140205383E+01     0.171159529685974E+01     0.130302305221558E+02     0.192901265621185E+01
     0.213755607604980E+01     0.171931338310242E+01     0.130320100784302E+02     0.193874573707581E+01
     0.215452075004578E+01     0.172644603252411E+01     0.130282564163208E+02     0.194774162769318E+01
     0.217148566246033E+01     0.173450458049774E+01     0.130355777740479E+02     0.195793306827545E+01
     0.218845033645630E+01     0.174146950244904E+01     0.130311222076416E+02     0.196673369407654E+01
     0.220541501045227E+01     0.174863076210022E+01     0.130295000076294E+02     0.197579526901245E+01
     0.222237968444824E+01     0.175577092170715E+01     0.130282497406006E+02     0.198483920097351E+01
     0.223934459686279E+01     0.176301383972168E+01     0.130288295745850E+02     0.199402523040771E+01
     0.225630927085876E+01     0.176944649219513E+01     0.130208272933960E+02     0.200217556953430E+01
     0.227327394485474E+01     0.177624928951263E+01     0.130177211761475E+02     0.201081132888794E+01
     0.229023861885071E+01     0.178343200683594E+01     0.130196123123169E+02     0.201994752883911E+01
     0.230720353126526E+01     0.178967750072479E+01     0.130115728378296E+02     0.202787947654724E+01
     0.232416820526123E+01     0.179647088050842E+01     0.130104436874390E+02     0.203652906417847E+01
     0.234113287925720E+01     0.180303919315338E+01     0.130074958801270E+02     0.204489564895630E+01
     0.235809755325317E+01     0.180947518348694E+01     0.130037670135498E+02     0.205309820175171E+01
     0.237506222724915E+01     0.181540155410767E+01     0.129950237274170E+02     0.206064510345459E+01
     0.239202713966370E+01     0.182223737239838E+01     0.129972581863403E+02     0.206938409805298E+01
     0.240899181365967E+01     0.182836103439331E+01     0.129921627044678E+02     0.207720303535461E+01
     0.242595648765564E+01     0.183438277244568E+01     0.129866399765015E+02     0.208489561080933E+01
     0.244292116165161E+01     0.184009766578674E+01     0.129783868789673E+02     0.209219360351562E+01
     0.245988607406616E+01     0.184591376781464E+01     0.129720201492310E+02     0.209963035583496E+01
     0.247685074806213E+01     0.185213232040405E+01     0.129708738327026E+02     0.210760188102722E+01
     0.249381542205811E+01     0.185822522640228E+01     0.129690990447998E+02     0.211541604995728E+01
     0.251078009605408E+01     0.186389279365540E+01     0.129631834030151E+02     0.212267851829529E+01
     0.252774500846863E+01     0.186939442157745E+01     0.129560909271240E+02     0.212972831726074E+01
     0.254470968246460E+01     0.187521874904633E+01     0.129534406661987E+02     0.213721013069153E+01
     0.256167435646057E+01     0.188001668453217E+01     0.129397850036621E+02     0.214334273338318E+01
     0.257863903045654E+01     0.188558661937714E+01     0.129355936050415E+02     0.215050053596497E+01
     0.259560394287109E+01     0.189156031608582E+01     0.129367942810059E+02     0.215819931030273E+01
     0.261256861686707E+01     0.189624404907227E+01     0.129238872528076E+02     0.216419553756714E+01
     0.262953329086304E+01     0.190138661861420E+01     0.129169721603394E+02     0.217080473899841E+01
     0.264649796485901E+01     0.190699982643127E+01     0.129161252975464E+02     0.217804479598999E+01
     0.266346287727356E+01     0.191160559654236E+01     0.129044494628906E+02     0.218395137786865E+01
     0.268042755126953E+01     0.191671967506409E+01     0.128992633819580E+02     0.219053888320923E+01
     0.269739222526550E+01     0.192213523387909E+01     0.128982896804810E+02     0.219753408432007E+01
     0.271435689926147E+01     0.192662370204926E+01     0.128872585296631E+02     0.220329785346985E+01
     0.273132181167603E+01     0.193152523040771E+01     0.128817043304443E+02     0.220961785316467E+01
     0.274828648567200E+01     0.193630325794220E+01     0.128754072189331E+02     0.221577763557434E+01
     0.276525115966797E+01     0.194043493270874E+01     0.128623676300049E+02     0.222107601165771E+01
     0.278221583366394E+01     0.194560933113098E+01     0.128618516921997E+02     0.222777628898621E+01
     0.279918050765991E+01     0.194938743114471E+01     0.128489084243774E+02     0.223261928558350E+01
     0.281614542007446E+01     0.195393109321594E+01     0.128458499908447E+02     0.223849630355835E+01
     0.283311009407043E+01     0.195810186862946E+01     0.128389759063721E+02     0.224387550354004E+01
     0.285007476806641E+01     0.196258664131165E+01     0.128362522125244E+02     0.224968099594116E+01
     0.286703944206238E+01     0.196581935882568E+01     0.128194675445557E+02     0.225380134582520E+01
     0.288400435447693E+01     0.197024106979370E+01     0.128168354034424E+02     0.225952816009521E+01
     0.290096902847290E+01     0.197426247596741E+01     0.128101415634155E+02     0.226471805572510E+01
     0.291793370246887E+01     0.197814428806305E+01     0.128023309707642E+02     0.226972222328186E+01
     0.293489837646484E+01     0.198244810104370E+01     0.127999973297119E+02     0.227530097961426E+01
     0.295186328887939E+01     0.198629200458527E+01     0.127927789688110E+02     0.228026008605957E+01
     0.296882796287537E+01     0.198994219303131E+01     0.127837762832642E+02     0.228495931625366E+01
     0.298579263687134E+01     0.199335670471191E+01     0.127725439071655E+02     0.228934049606323E+01
     0.300275731086731E+01     0.199667954444885E+01     0.127608461380005E+02     0.229359889030457E+01
     0.301972222328186E+01     0.200038790702820E+01     0.127540845870972E+02     0.229838418960571E+01
     0.303668689727783E+01     0.200462341308594E+01     0.127540588378906E+02     0.230389142036438E+01
     0.305365157127380E+01     0.200746750831604E+01     0.127382373809814E+02     0.230750393867493E+01
     0.307061624526978E+01     0.201162767410278E+01     0.127383823394775E+02     0.231291580200195E+01
     0.308758115768433E+01     0.201478791236877E+01     0.127272520065308E+02     0.231696391105652E+01
     0.310454583168030E+01     0.201823854446411E+01     0.127201118469238E+02     0.232141184806824E+01
     0.312151050567627E+01     0.202096748352051E+01     0.127050685882568E+02     0.232487368583679E+01
     0.313847517967224E+01     0.202479505538940E+01     0.127032995223999E+02     0.232984304428101E+01
     0.315543985366821E+01     0.202819514274597E+01     0.126971282958984E+02     0.233422970771790E+01
     0.317240476608276E+01     0.203143572807312E+01     0.126895742416382E+02     0.233839988708496E+01
     0.318936944007874E+01     0.203430151939392E+01     0.126780462265015E+02     0.234205675125122E+01
     0.320633411407471E+01     0.203769755363464E+01     0.126733741760254E+02     0.234644603729248E+01
     0.322329878807068E+01     0.204022550582886E+01     0.126588687896729E+02     0.234964132308960E+01
     0.324026370048523E+01     0.204312467575073E+01     0.126492977142334E+02     0.235334992408752E+01
     0.325722837448120E+01     0.204670643806458E+01     0.126482696533203E+02     0.235800313949585E+01
     0.327419304847717E+01     0.204951953887939E+01     0.126386156082153E+02     0.236159753799438E+01
     0.329115772247314E+01     0.205191206932068E+01     0.126245117187500E+02     0.236461210250854E+01
     0.330812263488770E+01     0.205501675605774E+01     0.126192665100098E+02     0.236861395835876E+01
     0.332508730888367E+01     0.205763339996338E+01     0.126087760925293E+02     0.237194228172302E+01
     0.334205198287964E+01     0.206105375289917E+01     0.126083698272705E+02     0.237638735771179E+01
     0.335901665687561E+01     0.206334829330444E+01     0.125948734283447E+02     0.237927222251892E+01
     0.337598156929016E+01     0.206586813926697E+01     0.125846319198608E+02     0.238247179985046E+01
     0.339294624328613E+01     0.206827902793884E+01     0.125735998153687E+02     0.238552141189575E+01
     0.340991091728210E+01     0.207089424133301E+01     0.125654029846191E+02     0.238885688781738E+01
     0.342687559127808E+01     0.207424020767212E+01     0.125664596557617E+02     0.239321351051331E+01
     0.344384050369263E+01     0.207600188255310E+01     0.125489234924316E+02     0.239536333084106E+01
     0.346080517768860E+01     0.207841539382935E+01     0.125397100448608E+02     0.239842343330383E+01
     0.347776985168457E+01     0.208123207092285E+01     0.125356893539429E+02     0.240204930305481E+01
     0.349473452568054E+01     0.208368659019470E+01     0.125278434753418E+02     0.240517115592957E+01
     0.351169943809509E+01     0.208564710617065E+01     0.125145635604858E+02     0.240760326385498E+01
     0.352866411209106E+01     0.208824706077576E+01     0.125092821121216E+02     0.241093254089355E+01
     0.354562878608704E+01     0.209080505371094E+01     0.125040054321289E+02     0.241420531272888E+01
     0.356259346008301E+01     0.209276080131531E+01     0.124918861389160E+02     0.241663551330566E+01
     0.357955813407898E+01     0.209522008895874E+01     0.124862670898438E+02     0.241977429389954E+01
     0.359652304649353E+01     0.209736943244934E+01     0.124773321151733E+02     0.242247986793518E+01
     0.361348772048950E+01     0.209909582138062E+01     0.124637641906738E+02     0.242459177970886E+01
     0.363045239448547E+01     0.210125565528870E+01     0.124557685852051E+02     0.242731451988220E+01
     0.364741706848145E+01     0.210401868820190E+01     0.124555292129517E+02     0.243089032173157E+01
     0.366438198089600E+01     0.210587310791016E+01     0.124446144104004E+02     0.243318724632263E+01
     0.368134665489197E+01     0.210808181762695E+01     0.124385099411011E+02     0.243598556518555E+01
     0.369831132888794E+01     0.210960936546326E+01     0.124244146347046E+02     0.243782353401184E+01
     0.371527600288391E+01     0.211156821250916E+01     0.124160137176514E+02     0.244027256965637E+01
     0.373224091529846E+01     0.211335563659668E+01     0.124059438705444E+02     0.244248056411743E+01
     0.374920558929443E+01     0.211551570892334E+01     0.124007396697998E+02     0.244521808624268E+01
     0.376617026329041E+01     0.211724495887756E+01     0.123907089233398E+02     0.244734668731689E+01
     0.378313493728638E+01     0.211967372894287E+01     0.123897218704224E+02     0.245046997070312E+01
     0.380009984970093E+01     0.212095928192139E+01     0.123748826980591E+02     0.245197200775146E+01
     0.381706452369690E+01     0.212287044525146E+01     0.123682012557983E+02     0.245436453819275E+01
     0.383402919769287E+01     0.212468075752258E+01     0.123606538772583E+02     0.245661520957947E+01
     0.385099387168884E+01     0.212641620635986E+01     0.123536090850830E+02     0.245877265930176E+01
     0.386795878410339E+01     0.212752699851990E+01     0.123392877578735E+02     0.246004295349121E+01
     0.388492345809937E+01     0.212928533554077E+01     0.123331480026245E+02     0.246223592758179E+01
     0.390188813209534E+01     0.213103222846985E+01     0.123271894454956E+02     0.246441388130188E+01
     0.391885280609131E+01     0.213277101516724E+01     0.123214635848999E+02     0.246658158302307E+01
     0.393581748008728E+01     0.213420772552490E+01     0.123122663497925E+02     0.246831989288330E+01
     0.395278239250183E+01     0.213540792465210E+01     0.123004722595215E+02     0.246972084045410E+01
     0.396974706649780E+01     0.213698792457581E+01     0.122936372756958E+02     0.247166538238525E+01
     0.398671174049377E+01     0.213839912414551E+01     0.122850379943848E+02     0.247336959838867E+01
     0.400367641448975E+01     0.214015603065491E+01     0.122810230255127E+02     0.247557044029236E+01
     0.402064132690430E+01     0.214165139198303E+01     0.122740821838379E+02     0.247739791870117E+01
     0.403760576248169E+01     0.214324045181274E+01     0.122686796188354E+02     0.247936177253723E+01
     0.405457067489624E+01     0.214442300796509E+01     0.122583389282227E+02     0.248074316978455E+01
     0.407153558731079E+01     0.214571785926819E+01     0.122497625350952E+02     0.248228716850281E+01
     0.408850002288818E+01     0.214683151245117E+01     0.122392034530640E+02     0.248357200622559E+01
     0.410546493530273E+01     0.214800620079041E+01     0.122297296524048E+02     0.248494529724121E+01
     0.412242984771729E+01     0.214983844757080E+01     0.122288722991943E+02     0.248726630210876E+01
     0.413939428329468E+01     0.215041184425354E+01     0.122123622894287E+02     0.248777675628662E+01
     0.415635919570923E+01     0.215204668045044E+01     0.122094774246216E+02     0.248981642723083E+01
     0.417332363128662E+01     0.215339612960815E+01     0.122033758163452E+02     0.249144721031189E+01
     0.419028854370117E+01     0.215473198890686E+01     0.121974220275879E+02     0.249305987358093E+01
     0.420725345611572E+01     0.215517330169678E+01     0.121803617477417E+02     0.249338221549988E+01
     0.422421789169312E+01     0.215691208839417E+01     0.121799602508545E+02     0.249557948112488E+01
     0.424118280410767E+01     0.215802645683289E+01     0.121719789505005E+02     0.249687647819519E+01
     0.425814771652222E+01     0.215924310684204E+01     0.121656131744385E+02     0.249832272529602E+01
     0.427511215209961E+01     0.216037106513977E+01     0.121584777832031E+02     0.249964356422424E+01
     0.429207706451416E+01     0.216090583801270E+01     0.121441144943237E+02     0.250010895729065E+01
     0.430904150009155E+01     0.216177845001221E+01     0.121345148086548E+02     0.250106573104858E+01
     0.432600641250610E+01     0.216283869743347E+01     0.121275568008423E+02     0.250229644775391E+01
     0.434297132492065E+01     0.216387033462524E+01     0.121205482482910E+02     0.250348782539368E+01
     0.435993576049805E+01     0.216510868072510E+01     0.121164646148682E+02     0.250498175621033E+01
     0.437690067291260E+01     0.216573262214661E+01     0.121049022674561E+02     0.250558543205261E+01
     0.439386510848999E+01     0.216702938079834E+01     0.121021308898926E+02     0.250716829299927E+01
     0.441083002090454E+01     0.216807079315186E+01     0.120964527130127E+02     0.250838255882263E+01
     0.442779493331909E+01     0.216899609565735E+01     0.120895404815674E+02     0.250942945480347E+01
     0.444475936889648E+01     0.216940665245056E+01     0.120762577056885E+02     0.250972914695740E+01
     0.446172428131104E+01     0.217076516151428E+01     0.120754671096802E+02     0.251141071319580E+01
     0.447868919372559E+01     0.217107963562012E+01     0.120614414215088E+02     0.251157259941101E+01
     0.449565362930298E+01     0.217203903198242E+01     0.120559692382812E+02     0.251267647743225E+01
     0.451261854171753E+01     0.217318367958069E+01     0.120532159805298E+02     0.251405239105225E+01
     0.452958297729492E+01     0.217409420013428E+01     0.120477113723755E+02     0.251508879661560E+01
     0.454654788970947E+01     0.217449712753296E+01     0.120357217788696E+02     0.251538538932800E+01
     0.456351280212402E+01     0.217536234855652E+01     0.120300645828247E+02     0.251635837554932E+01
     0.458047723770142E+01     0.217586970329285E+01     0.120199966430664E+02     0.251681041717529E+01
     0.459744215011597E+01     0.217690896987915E+01     0.120170869827271E+02     0.251804161071777E+01
     0.461440706253052E+01     0.217768073081970E+01     0.120109424591064E+02     0.251888346672058E+01
     0.463137149810791E+01     0.217835521697998E+01     0.120037298202515E+02     0.251958441734314E+01
     0.464833641052246E+01     0.217860317230225E+01     0.119911584854126E+02     0.251966190338135E+01
     0.466530084609985E+01     0.217934465408325E+01     0.119852514266968E+02     0.252046418190002E+01
     0.468226575851440E+01     0.217982029914856E+01     0.119761505126953E+02     0.252087759971619E+01
     0.469923067092896E+01     0.218064045906067E+01     0.119716777801514E+02     0.252179813385010E+01
     0.471619510650635E+01     0.218114900588989E+01     0.119634122848511E+02     0.252226328849792E+01
     0.473316001892090E+01     0.218164324760437E+01     0.119551830291748E+02     0.252270841598511E+01
     0.475012445449829E+01     0.218279194831848E+01     0.119557132720947E+02     0.252411699295044E+01
     0.476708936691284E+01     0.218278670310974E+01     0.119413070678711E+02     0.252383089065552E+01
     0.478405427932739E+01     0.218384623527527E+01     0.119410524368286E+02     0.252511191368103E+01
     0.480101871490479E+01     0.218394351005554E+01     0.119283933639526E+02     0.252497887611389E+01
     0.481798362731934E+01     0.218459939956665E+01     0.119232311248779E+02     0.252566909790039E+01
     0.483494853973389E+01     0.218523955345154E+01     0.119180850982666E+02     0.252633786201477E+01
     0.485191297531128E+01     0.218555212020874E+01     0.119088525772095E+02     0.252652525901794E+01
     0.486887788772583E+01     0.218641185760498E+01     0.119070005416870E+02     0.252752113342285E+01
     0.488584232330322E+01     0.218678593635559E+01     0.118989095687866E+02     0.252780222892761E+01
     0.490280723571777E+01     0.218753838539124E+01     0.118961286544800E+02     0.252864336967468E+01
     0.491977214813232E+01     0.218773436546326E+01     0.118859701156616E+02     0.252866363525391E+01
     0.493673658370972E+01     0.218773579597473E+01     0.118736038208008E+02     0.252839851379395E+01
     0.495370149612427E+01     0.218815398216248E+01     0.118668489456177E+02     0.252874970436096E+01
     0.497066640853882E+01     0.218929219245911E+01     0.118698167800903E+02     0.253016734123230E+01
     0.498763084411621E+01     0.218931436538696E+01     0.118580522537231E+02     0.252993607521057E+01
     0.500459575653076E+01     0.218991303443909E+01     0.118542385101318E+02     0.253055906295776E+01
     0.502156019210815E+01     0.219031596183777E+01     0.118479795455933E+02     0.253089380264282E+01
     0.503852510452271E+01     0.219044613838196E+01     0.118382329940796E+02     0.253082585334778E+01
     0.505549001693726E+01     0.219126605987549E+01     0.118379859924316E+02     0.253178143501282E+01
     0.507245445251465E+01     0.219136691093445E+01     0.118280878067017E+02     0.253167271614075E+01
     0.508941936492920E+01     0.219195914268494E+01     0.118251266479492E+02     0.253229379653931E+01
     0.510638380050659E+01     0.219172835350037E+01     0.118111362457275E+02     0.253169512748718E+01
     0.512334871292114E+01     0.219253015518188E+01     0.118112344741821E+02     0.253263044357300E+01
     0.514031362533569E+01     0.219230604171753E+01     0.117977123260498E+02     0.253204393386841E+01
     0.515727806091309E+01     0.219309973716736E+01     0.117979784011841E+02     0.253297019004822E+01
     0.517424297332764E+01     0.219326543807983E+01     0.117899551391602E+02     0.253296470642090E+01
     0.519120788574219E+01     0.219343805313110E+01     0.117822084426880E+02     0.253297138214111E+01
     0.520817232131958E+01     0.219363093376160E+01     0.117748956680298E+02     0.253300905227661E+01
     0.522513723373413E+01     0.219379687309265E+01     0.117673845291138E+02     0.253300786018372E+01
     0.524210166931152E+01     0.219414258003235E+01     0.117623901367188E+02     0.253327584266663E+01
     0.525906658172607E+01     0.219451451301575E+01     0.117579078674316E+02     0.253358387947083E+01
     0.527603149414062E+01     0.219505095481873E+01     0.117558851242065E+02     0.253413844108582E+01
     0.529299592971802E+01     0.219481062889099E+01     0.117433834075928E+02     0.253353738784790E+01
     0.530996084213257E+01     0.219525885581970E+01     0.117403507232666E+02     0.253396320343018E+01
     0.532692575454712E+01     0.219565677642822E+01     0.117368555068970E+02     0.253431606292725E+01
     0.534389019012451E+01     0.219568514823914E+01     0.117284069061279E+02     0.253411889076233E+01
     0.536085510253906E+01     0.219552230834961E+01     0.117177104949951E+02     0.253364014625549E+01
     0.537781953811646E+01     0.219565629959106E+01     0.117111167907715E+02     0.253360533714294E+01
     0.539478445053101E+01     0.219589161872864E+01     0.117059650421143E+02     0.253372311592102E+01
     0.541174936294556E+01     0.219604635238647E+01     0.116998825073242E+02     0.253372168540955E+01
     0.542871379852295E+01     0.219681215286255E+01     0.117022161483765E+02     0.253463459014893E+01
     0.544567871093750E+01     0.219640254974365E+01     0.116886825561523E+02     0.253379178047180E+01
     0.546264362335205E+01     0.219650101661682E+01     0.116822175979614E+02     0.253370952606201E+01
     0.547960805892944E+01     0.219721865653992E+01     0.116842546463013E+02     0.253455495834351E+01
     0.549657297134399E+01     0.219719243049622E+01     0.116762533187866E+02     0.253428840637207E+01
     0.551353740692139E+01     0.219731879234314E+01     0.116705055236816E+02     0.253425168991089E+01
     0.553050231933594E+01     0.219736742973328E+01     0.116638069152832E+02     0.253409981727600E+01
     0.554746723175049E+01     0.219765257835388E+01     0.116604976654053E+02     0.253430294990540E+01
     0.556443166732788E+01     0.219745612144470E+01     0.116506586074829E+02     0.253378629684448E+01
     0.558139657974243E+01     0.219801235198975E+01     0.116513690948486E+02     0.253439855575562E+01
     0.559836101531982E+01     0.219809865951538E+01     0.116456508636475E+02     0.253430795669556E+01
     0.561532592773438E+01     0.219818472862244E+01     0.116400432586670E+02     0.253421783447266E+01
     0.563229084014893E+01     0.219802403450012E+01     0.116310520172119E+02     0.253375887870789E+01
     0.564925527572632E+01     0.219832086563110E+01     0.116286582946777E+02     0.253398776054382E+01
     0.566622018814087E+01     0.219801902770996E+01     0.116179342269897E+02     0.253331875801086E+01
     0.568318510055542E+01     0.219796061515808E+01     0.116107912063599E+02     0.253301644325256E+01
     0.570014953613281E+01     0.219835543632507E+01     0.116099882125854E+02     0.253339600563049E+01
     0.571711444854736E+01     0.219803595542908E+01     0.115994291305542E+02     0.253270363807678E+01
     0.573407888412476E+01     0.219862127304077E+01     0.116015691757202E+02     0.253337287902832E+01
     0.575104379653931E+01     0.219845414161682E+01     0.115932111740112E+02     0.253291153907776E+01
     0.576800870895386E+01     0.219841337203979E+01     0.115867900848389E+02     0.253264164924622E+01
     0.578497314453125E+01     0.219871592521667E+01     0.115853710174561E+02     0.253288960456848E+01
     0.580193805694580E+01     0.219870018959045E+01     0.115794916152954E+02     0.253265953063965E+01
     0.581890296936035E+01     0.219864606857300E+01     0.115731782913208E+02     0.253237366676331E+01
     0.583586740493774E+01     0.219814085960388E+01     0.115607194900513E+02     0.253140926361084E+01
     0.585283231735229E+01     0.219852375984192E+01     0.115606698989868E+02     0.253178381919861E+01
     0.586979675292969E+01     0.219867801666260E+01     0.115576534271240E+02     0.253181552886963E+01
     0.588676166534424E+01     0.219830965995789E+01     0.115472946166992E+02     0.253105998039246E+01
     0.590372657775879E+01     0.219800519943237E+01     0.115381126403809E+02     0.253040218353271E+01
     0.592069101333618E+01     0.219828200340271E+01     0.115368976593018E+02     0.253062200546265E+01
     0.593765592575073E+01     0.219830465316772E+01     0.115323429107666E+02     0.253045988082886E+01
     0.595462036132812E+01     0.219817757606506E+01     0.115258054733276E+02     0.253007268905640E+01
     0.597158527374268E+01     0.219821310043335E+01     0.115218334197998E+02     0.252994203567505E+01
     0.598855018615723E+01     0.219825625419617E+01     0.115190429687500E+02     0.252986478805542E+01
     0.600551462173462E+01     0.219826483726501E+01     0.115155305862427E+02     0.252972388267517E+01
     0.602247953414917E+01     0.219821286201477E+01     0.115110883712769E+02     0.252948617935181E+01
     0.603944444656372E+01     0.219824504852295E+01     0.115078239440918E+02     0.252937269210815E+01
     0.605640888214111E+01     0.219778323173523E+01     0.114976644515991E+02     0.252851080894470E+01
     0.607337379455566E+01     0.219808173179626E+01     0.114980974197388E+02     0.252879714965820E+01
     0.609033823013306E+01     0.219788789749146E+01     0.114917087554932E+02     0.252833867073059E+01
     0.610730314254761E+01     0.219771218299866E+01     0.114856433868408E+02     0.252790713310242E+01
     0.612426805496216E+01     0.219770193099976E+01     0.114819202423096E+02     0.252772593498230E+01
     0.614123249053955E+01     0.219761800765991E+01     0.114772272109985E+02     0.252743291854858E+01
     0.615819740295410E+01     0.219776749610901E+01     0.114758853912354E+02     0.252749371528625E+01
     0.617516231536865E+01     0.219784998893738E+01     0.114737272262573E+02     0.252745342254639E+01
     0.619212675094604E+01     0.219768261909485E+01     0.114679927825928E+02     0.252703523635864E+01
     0.620909166336060E+01     0.219759297370911E+01     0.114634599685669E+02     0.252673554420471E+01
     0.622605609893799E+01     0.219722390174866E+01     0.114549980163574E+02     0.252601242065430E+01
     0.624302101135254E+01     0.219714593887329E+01     0.114507493972778E+02     0.252573132514954E+01
     0.625998592376709E+01     0.219745182991028E+01     0.114521379470825E+02     0.252603268623352E+01
     0.627695035934448E+01     0.219672083854675E+01     0.114387025833130E+02     0.252476239204407E+01
     0.629391527175903E+01     0.219696545600891E+01     0.114391508102417E+02     0.252497220039368E+01
     0.631087970733643E+01     0.219696688652039E+01     0.114363231658936E+02     0.252481436729431E+01
     0.632784461975098E+01     0.219680213928223E+01     0.114311447143555E+02     0.252440476417542E+01
     0.634480953216553E+01     0.219636344909668E+01     0.114221582412720E+02     0.252358031272888E+01
     0.636177396774292E+01     0.219633269309998E+01     0.114190015792847E+02     0.252337551116943E+01
     0.637873888015747E+01     0.219662284851074E+01     0.114206352233887E+02     0.252365875244141E+01
     0.639570379257202E+01     0.219602251052856E+01     0.114093952178955E+02     0.252259063720703E+01
     0.641266822814941E+01     0.219607496261597E+01     0.114076328277588E+02     0.252251482009888E+01
     0.642963314056396E+01     0.219601345062256E+01     0.114043340682983E+02     0.252226662635803E+01
     0.644659757614136E+01     0.219586181640625E+01     0.113997907638550E+02     0.252188229560852E+01
     0.646356248855591E+01     0.219557499885559E+01     0.113933572769165E+02     0.252129364013672E+01
     0.648052740097046E+01     0.219530487060547E+01     0.113872566223145E+02     0.252073073387146E+01
     0.649749183654785E+01     0.219525623321533E+01     0.113843517303467E+02     0.252050542831421E+01
     0.651445674896240E+01     0.219522094726562E+01     0.113817310333252E+02     0.252030158042908E+01
     0.653142166137695E+01     0.219506001472473E+01     0.113773565292358E+02     0.251990747451782E+01
     0.654838609695435E+01     0.219448256492615E+01     0.113671455383301E+02     0.251888036727905E+01
     0.656535100936890E+01     0.219479036331177E+01     0.113695487976074E+02     0.251920104026794E+01
     0.658231544494629E+01     0.219425129890442E+01     0.113599214553833E+02     0.251823377609253E+01
     0.659928035736084E+01     0.219408774375916E+01     0.113557310104370E+02     0.251783871650696E+01
     0.661624526977539E+01     0.219408440589905E+01     0.113538675308228E+02     0.251768851280212E+01
     0.663320970535278E+01     0.219401407241821E+01     0.113511457443237E+02     0.251743721961975E+01
     0.665017461776733E+01     0.219390749931335E+01     0.113479719161987E+02     0.251713156700134E+01
     0.666713905334473E+01     0.219355225563049E+01     0.113412132263184E+02     0.251644825935364E+01
     0.668410396575928E+01     0.219327735900879E+01     0.113357067108154E+02     0.251588797569275E+01
     0.670106887817383E+01     0.219324350357056E+01     0.113337221145630E+02     0.251569604873657E+01
     0.671803331375122E+01     0.219299411773682E+01     0.113286714553833E+02     0.251517605781555E+01
     0.673499822616577E+01     0.219307971000671E+01     0.113286323547363E+02     0.251516819000244E+01
     0.675196313858032E+01     0.219285106658936E+01     0.113239755630493E+02     0.251468181610107E+01
     0.676892757415771E+01     0.219236946105957E+01     0.113156423568726E+02     0.251381063461304E+01
     0.678589248657227E+01     0.219242286682129E+01     0.113152656555176E+02     0.251375627517700E+01
     0.680285692214966E+01     0.219206619262695E+01     0.113088588714600E+02     0.251307678222656E+01
     0.681982183456421E+01     0.219188046455383E+01     0.113050508499146E+02     0.251265931129456E+01
     0.683678674697876E+01     0.219140672683716E+01     0.112971076965332E+02     0.251180315017700E+01
     0.685375118255615E+01     0.219162011146545E+01     0.112992706298828E+02     0.251199674606323E+01
     0.687071609497070E+01     0.219111728668213E+01     0.112908897399902E+02     0.251109743118286E+01
     0.688768100738525E+01     0.219067764282227E+01     0.112836284637451E+02     0.251029586791992E+01
     0.690464544296265E+01     0.219033980369568E+01     0.112779026031494E+02     0.250964975357056E+01
     0.692161035537720E+01     0.219025516510010E+01     0.112758731842041E+02     0.250940680503845E+01
     0.693857479095459E+01     0.219006133079529E+01     0.112725067138672E+02     0.250901985168457E+01
     0.695553970336914E+01     0.218991231918335E+01     0.112697696685791E+02     0.250869774818420E+01
     0.697250461578369E+01     0.218966627120972E+01     0.112656860351562E+02     0.250822567939758E+01
     0.698946905136108E+01     0.218950510025024E+01     0.112628049850464E+02     0.250788164138794E+01
     0.700643396377563E+01     0.218982291221619E+01     0.112669248580933E+02     0.250826883316040E+01
     0.702339887619019E+01     0.218930339813232E+01     0.112588281631470E+02     0.250737524032593E+01
     0.704036331176758E+01     0.218899631500244E+01     0.112539482116699E+02     0.250680565834045E+01
     0.705732822418213E+01     0.218907499313354E+01     0.112546424865723E+02     0.250682592391968E+01
     0.707429265975952E+01     0.218890738487244E+01     0.112518272399902E+02     0.250646924972534E+01
     0.709125757217407E+01     0.218859982490540E+01     0.112469854354858E+02     0.250589895248413E+01
     0.710822248458862E+01     0.218838691711426E+01     0.112435665130615E+02     0.250547313690186E+01
     0.712518692016602E+01     0.218827486038208E+01     0.112416639328003E+02     0.250520181655884E+01
     0.714215183258057E+01     0.218817138671875E+01     0.112399492263794E+02     0.250494384765625E+01
     0.715911626815796E+01     0.218792366981506E+01     0.112361097335815E+02     0.250446557998657E+01
     0.717608118057251E+01     0.218790292739868E+01     0.112357683181763E+02     0.250433492660522E+01
     0.719304609298706E+01     0.218732929229736E+01     0.112270812988281E+02     0.250335836410522E+01
     0.721001052856445E+01     0.218739581108093E+01     0.112280635833740E+02     0.250336241722107E+01
     0.722697544097900E+01     0.218660497665405E+01     0.112163972854614E+02     0.250205349922180E+01
     0.724394035339355E+01     0.218636322021484E+01     0.112128372192383E+02     0.250158643722534E+01
     0.726090478897095E+01     0.218632888793945E+01     0.112122535705566E+02     0.250143694877625E+01
     0.727786970138550E+01     0.218653202056885E+01     0.112154064178467E+02     0.250165247917175E+01
     0.729483413696289E+01     0.218627071380615E+01     0.112116260528564E+02     0.250115680694580E+01
     0.731179904937744E+01     0.218553423881531E+01     0.112008590698242E+02     0.249993371963501E+01
     0.732876396179199E+01     0.218581533432007E+01     0.112052125930786E+02     0.250027036666870E+01
     0.734572839736938E+01     0.218556880950928E+01     0.112017641067505E+02     0.249979925155640E+01
     0.736269330978394E+01     0.218528556823730E+01     0.111977834701538E+02     0.249927258491516E+01
     0.737965822219849E+01     0.218458914756775E+01     0.111877489089966E+02     0.249811339378357E+01
     0.739662265777588E+01     0.218446469306946E+01     0.111861591339111E+02     0.249783229827881E+01
     0.741358757019043E+01     0.218438267707825E+01     0.111852560043335E+02     0.249761724472046E+01
     0.743055200576782E+01     0.218402528762817E+01     0.111803216934204E+02     0.249698352813721E+01
     0.744751691818237E+01     0.218381333351135E+01     0.111775741577148E+02     0.249656844139099E+01
     0.746448183059692E+01     0.218354129791260E+01     0.111739912033081E+02     0.249605989456177E+01
     0.748144626617432E+01     0.218327736854553E+01     0.111705551147461E+02     0.249556374549866E+01
     0.749841117858887E+01     0.218319869041443E+01     0.111699085235596E+02     0.249535274505615E+01
     0.751537561416626E+01     0.218278622627258E+01     0.111643228530884E+02     0.249463009834290E+01
     0.753234052658081E+01     0.218245768547058E+01     0.111600399017334E+02     0.249403715133667E+01
     0.754930543899536E+01     0.218246245384216E+01     0.111607389450073E+02     0.249395608901978E+01
     0.756626987457275E+01     0.218175601959229E+01     0.111509523391724E+02     0.249278378486633E+01
     0.758323478698730E+01     0.218192791938782E+01     0.111541185379028E+02     0.249296069145203E+01
     0.760019969940186E+01     0.218169331550598E+01     0.111513538360596E+02     0.249251389503479E+01
     0.761716413497925E+01     0.218155264854431E+01     0.111500911712646E+02     0.249221253395081E+01
     0.763412904739380E+01     0.218112134933472E+01     0.111443433761597E+02     0.249146509170532E+01
     0.765109348297119E+01     0.218042612075806E+01     0.111348428726196E+02     0.249031281471252E+01
     0.766805839538574E+01     0.218025588989258E+01     0.111330833435059E+02     0.248996758460999E+01
     0.768502330780029E+01     0.218045568466187E+01     0.111370210647583E+02     0.249019193649292E+01
     0.770198774337769E+01     0.218017840385437E+01     0.111337747573853E+02     0.248968386650085E+01
     0.771895265579224E+01     0.217977404594421E+01     0.111285753250122E+02     0.248898124694824E+01
     0.773591756820679E+01     0.217908287048340E+01     0.111192255020142E+02     0.248783850669861E+01
     0.775288200378418E+01     0.217883300781250E+01     0.111164808273315E+02     0.248737192153931E+01
     0.776984691619873E+01     0.217855668067932E+01     0.111133928298950E+02     0.248686432838440E+01
     0.778681135177612E+01     0.217873334884644E+01     0.111171903610229E+02     0.248705410957336E+01
     0.780377626419067E+01     0.217835044860840E+01     0.111125183105469E+02     0.248638391494751E+01
     0.782074117660522E+01     0.217813348770142E+01     0.111104669570923E+02     0.248596930503845E+01
     0.783770561218262E+01     0.217783498764038E+01     0.111071710586548E+02     0.248543024063110E+01
     0.785467052459717E+01     0.217713737487793E+01     0.110978345870972E+02     0.248427772521973E+01
     0.787163496017456E+01     0.217683959007263E+01     0.110946016311646E+02     0.248374080657959E+01
     0.788859987258911E+01     0.217661118507385E+01     0.110924215316772E+02     0.248331093788147E+01
     0.790556478500366E+01     0.217619919776917E+01     0.110875568389893E+02     0.248259973526001E+01
     0.792252922058105E+01     0.217594552040100E+01     0.110850496292114E+02     0.248213195800781E+01
     0.793949413299561E+01     0.217572259902954E+01     0.110830373764038E+02     0.248171257972717E+01
     0.795645904541016E+01     0.217534255981445E+01     0.110787086486816E+02     0.248105168342590E+01
     0.797342348098755E+01     0.217493152618408E+01     0.110739688873291E+02     0.248034429550171E+01
     0.799038839340210E+01     0.217465162277222E+01     0.110711755752563E+02     0.247983860969543E+01
     0.800735282897949E+01     0.217466282844543E+01     0.110728063583374E+02     0.247978186607361E+01
     0.802431774139404E+01     0.217410254478455E+01     0.110658292770386E+02     0.247884607315063E+01
     0.804128265380859E+01     0.217392134666443E+01     0.110646038055420E+02     0.247849416732788E+01
     0.805824756622314E+01     0.217357826232910E+01     0.110609693527222E+02     0.247789359092712E+01
     0.807521152496338E+01     0.217336130142212E+01     0.110592813491821E+02     0.247748804092407E+01
     0.809217643737793E+01     0.217305278778076E+01     0.110561962127686E+02     0.247694301605225E+01
     0.810914134979248E+01     0.217284512519836E+01     0.110544109344482E+02     0.247656559944153E+01
     0.812610626220703E+01     0.217264175415039E+01     0.110526952743530E+02     0.247619581222534E+01
     0.814307117462158E+01     0.217226982116699E+01     0.110483903884888E+02     0.247556567192078E+01
     0.816003608703613E+01     0.217190074920654E+01     0.110441961288452E+02     0.247493958473206E+01
     0.817700004577637E+01     0.217176914215088E+01     0.110436782836914E+02     0.247467923164368E+01
     0.819396495819092E+01     0.217155909538269E+01     0.110420064926147E+02     0.247429800033569E+01
     0.821092987060547E+01     0.217113447189331E+01     0.110370244979858E+02     0.247358655929565E+01
     0.822789478302002E+01     0.217101454734802E+01     0.110368080139160E+02     0.247334408760071E+01
     0.824485969543457E+01     0.217048501968384E+01     0.110302696228027E+02     0.247247076034546E+01
     0.826182365417480E+01     0.217050337791443E+01     0.110322551727295E+02     0.247244191169739E+01
     0.827878856658936E+01     0.216993284225464E+01     0.110251016616821E+02     0.247150564193726E+01
     0.829575347900391E+01     0.216985249519348E+01     0.110255880355835E+02     0.247132515907288E+01
     0.831271839141846E+01     0.216953206062317E+01     0.110223770141602E+02     0.247077488899231E+01
     0.832968330383301E+01     0.216925001144409E+01     0.110197954177856E+02     0.247028422355652E+01
     0.834664726257324E+01     0.216884517669678E+01     0.110153217315674E+02     0.246960425376892E+01
     0.836361217498779E+01     0.216866111755371E+01     0.110143146514893E+02     0.246926546096802E+01
     0.838057708740234E+01     0.216822266578674E+01     0.110093679428101E+02     0.246853423118591E+01
     0.839754199981689E+01     0.216787958145142E+01     0.110059347152710E+02     0.246795034408569E+01
     0.841450691223145E+01     0.216780495643616E+01     0.110066957473755E+02     0.246778106689453E+01
     0.843147087097168E+01     0.216749191284180E+01     0.110037641525269E+02     0.246724438667297E+01
     0.844843578338623E+01     0.216729259490967E+01     0.110026779174805E+02     0.246688365936279E+01
     0.846540069580078E+01     0.216689395904541E+01     0.109984178543091E+02     0.246621584892273E+01
