     0.237506240606308E+00     0.262109999312088E-03     0.115062737464905E+01     0.261809735093266E-03
     0.254470974206924E+00     0.142865162342787E-02     0.200586032867432E+01     0.142709095962346E-02
     0.271435707807541E+00     0.332084950059652E-02     0.262970280647278E+01     0.331881688907743E-02
     0.288400441408157E+00     0.602329755201936E-02     0.317295837402344E+01     0.602271361276507E-02
     0.305365145206451E+00     0.945999193936586E-02     0.364956092834473E+01     0.946497265249491E-02
     0.322329878807068E+00     0.136565631255507E-01     0.408203649520874E+01     0.136731099337339E-01
     0.339294612407684E+00     0.186933185905218E-01     0.448716783523560E+01     0.187298953533173E-01
     0.356259346008301E+00     0.244989860802889E-01     0.486180543899536E+01     0.245662014931440E-01
     0.373224079608917E+00     0.310974344611168E-01     0.521266365051270E+01     0.312086101621389E-01
     0.390188813209534E+00     0.386699773371220E-01     0.555440425872803E+01     0.388429202139378E-01
     0.407153546810150E+00     0.469825975596905E-01     0.587260532379150E+01     0.472362972795963E-01
     0.424118280410767E+00     0.558906197547913E-01     0.616348600387573E+01     0.562452077865601E-01
     0.441083014011383E+00     0.659105107188225E-01     0.645605754852295E+01     0.663958191871643E-01
     0.458047747612000E+00     0.765842720866203E-01     0.672826814651489E+01     0.772279426455498E-01
     0.475012481212616E+00     0.882076546549797E-01     0.699501180648804E+01     0.890455693006516E-01
     0.491977185010910E+00     0.100516997277737E+00     0.724646806716919E+01     0.101584605872631E+00
     0.508941948413849E+00     0.113667748868465E+00     0.749012756347656E+01     0.115007311105728E+00
     0.525906682014465E+00     0.127354413270950E+00     0.771671199798584E+01     0.129005387425423E+00
     0.542871415615082E+00     0.141987964510918E+00     0.794133043289185E+01     0.144003376364708E+00
     0.559836149215698E+00     0.157416567206383E+00     0.815949726104736E+01     0.159850701689720E+00
     0.576800882816315E+00     0.173254519701004E+00     0.836117553710938E+01     0.176154613494873E+00
     0.593765556812286E+00     0.190230414271355E+00     0.856796264648438E+01     0.193670153617859E+00
     0.610730290412903E+00     0.207368284463882E+00     0.875424098968506E+01     0.211394175887108E+00
     0.627695024013519E+00     0.225318819284439E+00     0.893850612640381E+01     0.230002865195274E+00
     0.644659757614136E+00     0.243881538510323E+00     0.911631774902344E+01     0.249293163418770E+00
     0.661624491214752E+00     0.262371152639389E+00     0.928380012512207E+01     0.268554598093033E+00
     0.678589224815369E+00     0.274659126996994E+00     0.938712596893311E+01     0.281381100416183E+00
     0.695553958415985E+00     0.288747876882553E+00     0.950165081024170E+01     0.296112537384033E+00
     0.712518692016602E+00     0.303730070590973E+00     0.961221218109131E+01     0.311807513237000E+00
     0.729483425617218E+00     0.320125311613083E+00     0.973313236236572E+01     0.329017609357834E+00
     0.746448159217834E+00     0.337167859077454E+00     0.984988212585449E+01     0.346945494413376E+00
     0.763412892818451E+00     0.355418711900711E+00     0.997472095489502E+01     0.366187840700150E+00
     0.780377626419067E+00     0.373557835817337E+00     0.100824079513550E+02     0.385356485843658E+00
     0.797342360019684E+00     0.392783850431442E+00     0.101971235275269E+02     0.405721902847290E+00
     0.814307093620300E+00     0.412448883056641E+00     0.103069753646851E+02     0.426603525876999E+00
     0.831271827220917E+00     0.432978957891464E+00     0.104203300476074E+02     0.448458999395370E+00
     0.848236560821533E+00     0.453837066888809E+00     0.105279302597046E+02     0.470721274614334E+00
     0.865201294422150E+00     0.474940687417984E+00     0.106290693283081E+02     0.493304699659348E+00
     0.882166028022766E+00     0.496859967708588E+00     0.107341575622559E+02     0.516824245452881E+00
     0.899130761623383E+00     0.519026339054108E+00     0.108338890075684E+02     0.540674149990082E+00
     0.916095495223999E+00     0.541290819644928E+00     0.109264745712280E+02     0.564695715904236E+00
     0.933060228824615E+00     0.564249992370605E+00     0.110222349166870E+02     0.589536726474762E+00
     0.950024962425232E+00     0.587269663810730E+00     0.111116762161255E+02     0.614514112472534E+00
     0.966989696025848E+00     0.608852982521057E+00     0.111952466964722E+02     0.637997925281525E+00
     0.983954370021820E+00     0.630459964275360E+00     0.112764205932617E+02     0.661570489406586E+00
     0.100091910362244E+01     0.651816666126251E+00     0.113481054306030E+02     0.684931755065918E+00
     0.101788389682770E+01     0.673679709434509E+00     0.114222860336304E+02     0.708911240100861E+00
     0.103484857082367E+01     0.695634663105011E+00     0.114929904937744E+02     0.733057022094727E+00
     0.105181336402893E+01     0.717915773391724E+00     0.115639925003052E+02     0.757628977298737E+00
     0.106877803802490E+01     0.740091919898987E+00     0.116293315887451E+02     0.782152652740479E+00
     0.108574283123016E+01     0.762428402900696E+00     0.116932096481323E+02     0.806922197341919E+00
     0.110270750522614E+01     0.785193562507629E+00     0.117596378326416E+02     0.832238614559174E+00
     0.111967229843140E+01     0.808182239532471E+00     0.118259477615356E+02     0.857876837253571E+00
     0.113663697242737E+01     0.830996751785278E+00     0.118868885040283E+02     0.883393883705139E+00
     0.115360176563263E+01     0.853800415992737E+00     0.119450531005859E+02     0.908971786499023E+00
     0.117056643962860E+01     0.876514613628387E+00     0.119996709823608E+02     0.934522390365601E+00
     0.118753111362457E+01     0.899138212203979E+00     0.120510482788086E+02     0.960043907165527E+00
     0.120449590682983E+01     0.922187209129333E+00     0.121062860488892E+02     0.986121177673340E+00
     0.122146058082581E+01     0.945160746574402E+00     0.121589155197144E+02     0.101218914985657E+01
     0.123842537403107E+01     0.968207180500031E+00     0.122111320495605E+02     0.103841686248779E+01
     0.125539004802704E+01     0.990965664386749E+00     0.122584257125854E+02     0.106439244747162E+01
     0.127235484123230E+01     0.101301980018616E+01     0.122957782745361E+02     0.108963572978973E+01
     0.128931951522827E+01     0.103585481643677E+01     0.123424558639526E+02     0.111584961414337E+01
     0.130628430843353E+01     0.105841016769409E+01     0.123850555419922E+02     0.114181852340698E+01
     0.132324898242950E+01     0.108096468448639E+01     0.124272909164429E+02     0.116786265373230E+01
     0.134021377563477E+01     0.110371029376984E+01     0.124717340469360E+02     0.119420588016510E+01
     0.135717844963074E+01     0.112568354606628E+01     0.125065212249756E+02     0.121972787380219E+01
     0.137414324283600E+01     0.114803040027618E+01     0.125461130142212E+02     0.124576067924500E+01
     0.139110791683197E+01     0.117011296749115E+01     0.125827360153198E+02     0.127156090736389E+01
     0.140807271003723E+01     0.119138884544373E+01     0.126099720001221E+02     0.129648852348328E+01
     0.142503738403320E+01     0.121359574794769E+01     0.126490859985352E+02     0.132258534431458E+01
     0.144200217723846E+01     0.123508298397064E+01     0.126801786422729E+02     0.134790909290314E+01
     0.145896685123444E+01     0.125634539127350E+01     0.127093954086304E+02     0.137303972244263E+01
     0.147593164443970E+01     0.127782106399536E+01     0.127421073913574E+02     0.139849698543549E+01
     0.149289631843567E+01     0.129864144325256E+01     0.127682647705078E+02     0.142324721813202E+01
     0.150986111164093E+01     0.131358671188354E+01     0.127903833389282E+02     0.144105792045593E+01
     0.152682578563690E+01     0.132348418235779E+01     0.127995853424072E+02     0.145287096500397E+01
     0.154379057884216E+01     0.133443355560303E+01     0.128131647109985E+02     0.146595919132233E+01
     0.156075525283813E+01     0.134564578533173E+01     0.128239250183105E+02     0.147938036918640E+01
     0.157771992683411E+01     0.135773301124573E+01     0.128402814865112E+02     0.149387347698212E+01
     0.159468472003937E+01     0.136954283714294E+01     0.128496427536011E+02     0.150805437564850E+01
     0.161164939403534E+01     0.138245761394501E+01     0.128688116073608E+02     0.152359151840210E+01
     0.162861418724060E+01     0.139439070224762E+01     0.128740253448486E+02     0.153796672821045E+01
     0.164557886123657E+01     0.140784311294556E+01     0.128947467803955E+02     0.155420684814453E+01
     0.166254365444183E+01     0.142066955566406E+01     0.129064407348633E+02     0.156971549987793E+01
     0.167950832843781E+01     0.143332171440125E+01     0.129146413803101E+02     0.158503866195679E+01
     0.169647312164307E+01     0.144678270816803E+01     0.129310226440430E+02     0.160137486457825E+01
     0.171343779563904E+01     0.145908617973328E+01     0.129329843521118E+02     0.161632585525513E+01
     0.173040258884430E+01     0.147266566753387E+01     0.129493904113770E+02     0.163286507129669E+01
     0.174736726284027E+01     0.148554146289825E+01     0.129604511260986E+02     0.164857399463654E+01
     0.176433205604553E+01     0.149800121784210E+01     0.129661321640015E+02     0.166379916667938E+01
     0.178129673004150E+01     0.151034069061279E+01     0.129700603485107E+02     0.167890250682831E+01
     0.179826152324677E+01     0.152352321147919E+01     0.129833106994629E+02     0.169507300853729E+01
     0.181522619724274E+01     0.153620147705078E+01     0.129905843734741E+02     0.171064996719360E+01
     0.183219099044800E+01     0.154820311069489E+01     0.129900503158569E+02     0.172541582584381E+01
     0.184915566444397E+01     0.156103229522705E+01     0.129988803863525E+02     0.174123501777649E+01
     0.186612045764923E+01     0.157370626926422E+01     0.130060243606567E+02     0.175689041614532E+01
     0.188308513164520E+01     0.158600556850433E+01     0.130090694427490E+02     0.177210724353790E+01
     0.190004992485046E+01     0.159861338138580E+01     0.130161724090576E+02     0.178773736953735E+01
     0.191701459884644E+01     0.160858798027039E+01     0.130230369567871E+02     0.180012464523315E+01
     0.193397939205170E+01     0.161756372451782E+01     0.130217561721802E+02     0.181127965450287E+01
     0.195094406604767E+01     0.162690675258636E+01     0.130238828659058E+02     0.182290935516357E+01
     0.196790874004364E+01     0.163645052909851E+01     0.130278148651123E+02     0.183480679988861E+01
     0.198487353324890E+01     0.164581239223480E+01     0.130295028686523E+02     0.184649085998535E+01
     0.200183820724487E+01     0.165539073944092E+01     0.130309152603149E+02     0.185846066474915E+01
     0.201880288124084E+01     0.166548347473145E+01     0.130349140167236E+02     0.187109398841858E+01
     0.203576779365540E+01     0.167506480216980E+01     0.130327901840210E+02     0.188309705257416E+01
     0.205273246765137E+01     0.168315362930298E+01     0.130386190414429E+02     0.189325237274170E+01
     0.206969714164734E+01     0.169028282165527E+01     0.130393104553223E+02     0.190220689773560E+01
     0.208666181564331E+01     0.169679594039917E+01     0.130310201644897E+02     0.191038358211517E+01
     0.210362672805786E+01     0.170496630668640E+01     0.130399265289307E+02     0.192067635059357E+01
     0.212059140205383E+01     0.171233427524567E+01     0.130385618209839E+02     0.192995548248291E+01
     0.213755607604980E+01     0.171912789344788E+01     0.130299453735352E+02     0.193850886821747E+01
     0.215452075004578E+01     0.172731244564056E+01     0.130380430221558E+02     0.194885027408600E+01
     0.217148566246033E+01     0.173436224460602E+01     0.130339498519897E+02     0.195775067806244E+01
     0.218845033645630E+01     0.174156415462494E+01     0.130321969985962E+02     0.196685504913330E+01
     0.220541501045227E+01     0.174883115291595E+01     0.130317840576172E+02     0.197605288028717E+01
     0.222237968444824E+01     0.175567770004272E+01     0.130271911621094E+02     0.198471927642822E+01
     0.223934459686279E+01     0.176277816295624E+01     0.130261287689209E+02     0.199372148513794E+01
     0.225630927085876E+01     0.176928687095642E+01     0.130190410614014E+02     0.200196957588196E+01
     0.227327394485474E+01     0.177634584903717E+01     0.130188064575195E+02     0.201093626022339E+01
     0.229023861885071E+01     0.178333330154419E+01     0.130184822082520E+02     0.201981973648071E+01
     0.230720353126526E+01     0.179022336006165E+01     0.130177869796753E+02     0.202858686447144E+01
     0.232416820526123E+01     0.179600799083710E+01     0.130052633285522E+02     0.203592896461487E+01
     0.234113287925720E+01     0.180297911167145E+01     0.130068130493164E+02     0.204481744766235E+01
     0.235809755325317E+01     0.180938303470612E+01     0.130027217864990E+02     0.205297827720642E+01
     0.237506222724915E+01     0.181591665744781E+01     0.130008344650269E+02     0.206131601333618E+01
     0.239202713966370E+01     0.182181584835052E+01     0.129924755096436E+02     0.206883454322815E+01
     0.240899181365967E+01     0.182859504222870E+01     0.129948587417603E+02     0.207750844955444E+01
     0.242595648765564E+01     0.183438348770142E+01     0.129866476058960E+02     0.208489656448364E+01
     0.244292116165161E+01     0.184032654762268E+01     0.129809656143188E+02     0.209249329566956E+01
     0.245988607406616E+01     0.184622073173523E+01     0.129754590988159E+02     0.210003280639648E+01
     0.247685074806213E+01     0.185177505016327E+01     0.129668645858765E+02     0.210713291168213E+01
     0.249381542205811E+01     0.185756027698517E+01     0.129615707397461E+02     0.211454224586487E+01
     0.251078009605408E+01     0.186408567428589E+01     0.129654188156128E+02     0.212293243408203E+01
     0.252774500846863E+01     0.186901295185089E+01     0.129517812728882E+02     0.212922573089600E+01
     0.254470968246460E+01     0.187516546249390E+01     0.129528217315674E+02     0.213713979721069E+01
     0.256167435646057E+01     0.188008236885071E+01     0.129405193328857E+02     0.214342975616455E+01
     0.257863903045654E+01     0.188573992252350E+01     0.129373254776001E+02     0.215070319175720E+01
     0.259560394287109E+01     0.189118170738220E+01     0.129324131011963E+02     0.215769791603088E+01
     0.261256861686707E+01     0.189628362655640E+01     0.129243354797363E+02     0.216424822807312E+01
     0.262953329086304E+01     0.190154838562012E+01     0.129188013076782E+02     0.217101955413818E+01
     0.264649796485901E+01     0.190712714195251E+01     0.129176101684570E+02     0.217821407318115E+01
     0.266346287727356E+01     0.191145730018616E+01     0.129027833938599E+02     0.218375420570374E+01
     0.268042755126953E+01     0.191716015338898E+01     0.129043483734131E+02     0.219112586975098E+01
     0.269739222526550E+01     0.192138719558716E+01     0.128897037506104E+02     0.219653630256653E+01
     0.271435689926147E+01     0.192648065090179E+01     0.128856229782104E+02     0.220310688018799E+01
     0.273132181167603E+01     0.193117964267731E+01     0.128777465820312E+02     0.220915579795837E+01
     0.274828648567200E+01     0.193625712394714E+01     0.128748703002930E+02     0.221571588516235E+01
     0.276525115966797E+01     0.194074571132660E+01     0.128658990859985E+02     0.222149252891541E+01
     0.278221583366394E+01     0.194567751884460E+01     0.128626508712769E+02     0.222786784172058E+01
     0.279918050765991E+01     0.194939231872559E+01     0.128489646911621E+02     0.223262572288513E+01
     0.281614542007446E+01     0.195398771762848E+01     0.128465070724487E+02     0.223857235908508E+01
     0.283311009407043E+01     0.195802152156830E+01     0.128380470275879E+02     0.224376702308655E+01
     0.285007476806641E+01     0.196180760860443E+01     0.128272371292114E+02     0.224863100051880E+01
     0.286703944206238E+01     0.196607565879822E+01     0.128223705291748E+02     0.225414705276489E+01
     0.288400435447693E+01     0.197001433372498E+01     0.128142366409302E+02     0.225922179222107E+01
     0.290096902847290E+01     0.197421479225159E+01     0.128095893859863E+02     0.226465368270874E+01
     0.291793370246887E+01     0.197788584232330E+01     0.127993650436401E+02     0.226937222480774E+01
     0.293489837646484E+01     0.198170053958893E+01     0.127912950515747E+02     0.227428793907166E+01
     0.295186328887939E+01     0.198547339439392E+01     0.127832498550415E+02     0.227914977073669E+01
     0.296882796287537E+01     0.199004364013672E+01     0.127849884033203E+02     0.228509712219238E+01
     0.298579263687134E+01     0.199338173866272E+01     0.127728347778320E+02     0.228937435150146E+01
     0.300275731086731E+01     0.199665570259094E+01     0.127605762481689E+02     0.229356646537781E+01
     0.301972222328186E+01     0.200077295303345E+01     0.127585515975952E+02     0.229890871047974E+01
     0.303668689727783E+01     0.200455856323242E+01     0.127532825469971E+02     0.230380320549011E+01
     0.305365157127380E+01     0.200744318962097E+01     0.127379598617554E+02     0.230747079849243E+01
     0.307061624526978E+01     0.201115870475769E+01     0.127328271865845E+02     0.231227469444275E+01
     0.308758115768433E+01     0.201505422592163E+01     0.127304334640503E+02     0.231732821464539E+01
     0.310454583168030E+01     0.201778531074524E+01     0.127148122787476E+02     0.232079148292542E+01
     0.312151050567627E+01     0.202157521247864E+01     0.127121419906616E+02     0.232570648193359E+01
     0.313847517967224E+01     0.202493381500244E+01     0.127049531936646E+02     0.233003330230713E+01
     0.315543985366821E+01     0.202830696105957E+01     0.126984777450562E+02     0.233438324928284E+01
     0.317240476608276E+01     0.203098511695862E+01     0.126842250823975E+02     0.233778047561646E+01
     0.318936944007874E+01     0.203424191474915E+01     0.126773424148560E+02     0.234197473526001E+01
     0.320633411407471E+01     0.203767037391663E+01     0.126730461120605E+02     0.234640860557556E+01
     0.322329878807068E+01     0.204030537605286E+01     0.126597995758057E+02     0.234975147247314E+01
     0.324026370048523E+01     0.204357218742371E+01     0.126545515060425E+02     0.235396718978882E+01
     0.325722837448120E+01     0.204669594764709E+01     0.126481437683105E+02     0.235798883438110E+01
     0.327419304847717E+01     0.204945755004883E+01     0.126378726959229E+02     0.236151218414307E+01
     0.329115772247314E+01     0.205259370803833E+01     0.126326227188110E+02     0.236555528640747E+01
     0.330812263488770E+01     0.205491232872009E+01     0.126180362701416E+02     0.236846923828125E+01
     0.332508730888367E+01     0.205803132057190E+01     0.126134967803955E+02     0.237249398231506E+01
     0.334205198287964E+01     0.206033658981323E+01     0.125997762680054E+02     0.237539219856262E+01
     0.335901665687561E+01     0.206349182128906E+01     0.125965967178345E+02     0.237947177886963E+01
     0.337598156929016E+01     0.206632900238037E+01     0.125901708602905E+02     0.238311266899109E+01
     0.339294624328613E+01     0.206834936141968E+01     0.125744161605835E+02     0.238561916351318E+01
     0.340991091728210E+01     0.207094955444336E+01     0.125660476684570E+02     0.238893389701843E+01
     0.342687559127808E+01     0.207400512695312E+01     0.125635681152344E+02     0.239288568496704E+01
     0.344384050369263E+01     0.207600140571594E+01     0.125489177703857E+02     0.239536237716675E+01
     0.346080517768860E+01     0.207848429679871E+01     0.125405130386353E+02     0.239851975440979E+01
     0.347776985168457E+01     0.208093309402466E+01     0.125321474075317E+02     0.240163135528564E+01
     0.349473452568054E+01     0.208370828628540E+01     0.125281057357788E+02     0.240520143508911E+01
     0.351169943809509E+01     0.208638978004456E+01     0.125235052108765E+02     0.240864324569702E+01
     0.352866411209106E+01     0.208875226974487E+01     0.125154514312744E+02     0.241164064407349E+01
     0.354562878608704E+01     0.209075355529785E+01     0.125033769607544E+02     0.241413307189941E+01
     0.356259346008301E+01     0.209303689002991E+01     0.124952182769775E+02     0.241702318191528E+01
     0.357955813407898E+01     0.209538054466248E+01     0.124882373809814E+02     0.241999983787537E+01
     0.359652304649353E+01     0.209753727912903E+01     0.124793863296509E+02     0.242271566390991E+01
     0.361348772048950E+01     0.209950637817383E+01     0.124686641693115E+02     0.242516946792603E+01
     0.363045239448547E+01     0.210201978683472E+01     0.124650793075562E+02     0.242839121818542E+01
     0.364741706848145E+01     0.210350537300110E+01     0.124492483139038E+02     0.243016624450684E+01
     0.366438198089600E+01     0.210604476928711E+01     0.124467439651489E+02     0.243342947959900E+01
     0.368134665489197E+01     0.210758757591248E+01     0.124324531555176E+02     0.243528771400452E+01
     0.369831132888794E+01     0.210953354835510E+01     0.124235067367554E+02     0.243771672248840E+01
     0.371527600288391E+01     0.211135292053223E+01     0.124134454727173E+02     0.243996810913086E+01
     0.373224091529846E+01     0.211403155326843E+01     0.124142465591431E+02     0.244343757629395E+01
     0.374920558929443E+01     0.211590600013733E+01     0.124055938720703E+02     0.244577097892761E+01
     0.376617026329041E+01     0.211704611778259E+01     0.123883314132690E+02     0.244706487655640E+01
     0.378313493728638E+01     0.211924076080322E+01     0.123842973709106E+02     0.244985532760620E+01
     0.380009984970093E+01     0.212115502357483E+01     0.123772916793823E+02     0.245225024223328E+01
     0.381706452369690E+01     0.212325382232666E+01     0.123730258941650E+02     0.245490932464600E+01
     0.383402919769287E+01     0.212463998794556E+01     0.123601455688477E+02     0.245655703544617E+01
     0.385099387168884E+01     0.212660908699036E+01     0.123560533523560E+02     0.245904707908630E+01
     0.386795878410339E+01     0.212784576416016E+01     0.123431596755981E+02     0.246049690246582E+01
     0.388492345809937E+01     0.212964820861816E+01     0.123376340866089E+02     0.246275305747986E+01
     0.390188813209534E+01     0.213086605072021E+01     0.123251514434814E+02     0.246417689323425E+01
     0.391885280609131E+01     0.213242650032043E+01     0.123171987533569E+02     0.246609020233154E+01
     0.393581748008728E+01     0.213377237319946E+01     0.123069400787354E+02     0.246769809722900E+01
     0.395278239250183E+01     0.213554859161377E+01     0.123021898269653E+02     0.246992182731628E+01
     0.396974706649780E+01     0.213703370094299E+01     0.122941989898682E+02     0.247173047065735E+01
     0.398671174049377E+01     0.213887166976929E+01     0.122909450531006E+02     0.247404599189758E+01
     0.400367641448975E+01     0.214038491249084E+01     0.122839450836182E+02     0.247589826583862E+01
     0.402064132690430E+01     0.214178681373596E+01     0.122758197784424E+02     0.247759199142456E+01
     0.403760576248169E+01     0.214252114295959E+01     0.122596492767334E+02     0.247832989692688E+01
     0.405457067489624E+01     0.214430403709412E+01     0.122568283081055E+02     0.248057246208191E+01
     0.407153558731079E+01     0.214538335800171E+01     0.122455739974976E+02     0.248180675506592E+01
     0.408850002288818E+01     0.214716863632202E+01     0.122434844970703E+02     0.248405671119690E+01
     0.410546493530273E+01     0.214813399314880E+01     0.122313175201416E+02     0.248512935638428E+01
     0.412242984771729E+01     0.214921784400940E+01     0.122210121154785E+02     0.248637318611145E+01
     0.413939428329468E+01     0.215036439895630E+01     0.122117815017700E+02     0.248770809173584E+01
     0.415635919570923E+01     0.215163588523865E+01     0.122043581008911E+02     0.248922443389893E+01
     0.417332363128662E+01     0.215320467948914E+01     0.122009239196777E+02     0.249117088317871E+01
     0.419028854370117E+01     0.215447115898132E+01     0.121940393447876E+02     0.249268341064453E+01
     0.420725345611572E+01     0.215525913238525E+01     0.121814126968384E+02     0.249350619316101E+01
     0.422421789169312E+01     0.215656399726868E+01     0.121755247116089E+02     0.249507665634155E+01
     0.424118280410767E+01     0.215740561485291E+01     0.121641798019409E+02     0.249597907066345E+01
     0.425814771652222E+01     0.215883946418762E+01     0.121604194641113E+02     0.249773883819580E+01
     0.427511215209961E+01     0.216032910346985E+01     0.121579227447510E+02     0.249958276748657E+01
     0.429207706451416E+01     0.216088867187500E+01     0.121438970565796E+02     0.250008392333984E+01
     0.430904150009155E+01     0.216248750686646E+01     0.121435909271240E+02     0.250209331512451E+01
     0.432600641250610E+01     0.216282343864441E+01     0.121273660659790E+02     0.250227427482605E+01
     0.434297132492065E+01     0.216398262977600E+01     0.121219568252563E+02     0.250365090370178E+01
     0.435993576049805E+01     0.216520881652832E+01     0.121177587509155E+02     0.250512719154358E+01
     0.437690067291260E+01     0.216584730148315E+01     0.121063337326050E+02     0.250575184822083E+01
     0.439386510848999E+01     0.216729164123535E+01     0.121055736541748E+02     0.250754952430725E+01
     0.441083002090454E+01     0.216810154914856E+01     0.120968580245972E+02     0.250842738151550E+01
     0.442779493331909E+01     0.216896152496338E+01     0.120890855789185E+02     0.250937914848328E+01
     0.444475936889648E+01     0.216946649551392E+01     0.120770111083984E+02     0.250981616973877E+01
     0.446172428131104E+01     0.217010474205017E+01     0.120669984817505E+02     0.251044845581055E+01
     0.447868919372559E+01     0.217168855667114E+01     0.120693550109863E+02     0.251246023178101E+01
     0.449565362930298E+01     0.217214679718018E+01     0.120573511123657E+02     0.251283335685730E+01
     0.451261854171753E+01     0.217328095436096E+01     0.120545148849487E+02     0.251419425010681E+01
     0.452958297729492E+01     0.217385601997375E+01     0.120445413589478E+02     0.251474094390869E+01
     0.454654788970947E+01     0.217441248893738E+01     0.120346288681030E+02     0.251526141166687E+01
     0.456351280212402E+01     0.217551231384277E+01     0.120320539474487E+02     0.251657795906067E+01
     0.458047723770142E+01     0.217567586898804E+01     0.120175399780273E+02     0.251652693748474E+01
     0.459744215011597E+01     0.217684292793274E+01     0.120162115097046E+02     0.251794505119324E+01
     0.461440706253052E+01     0.217774701118469E+01     0.120118370056152E+02     0.251898050308228E+01
     0.463137149810791E+01     0.217789244651794E+01     0.119976854324341E+02     0.251890659332275E+01
     0.464833641052246E+01     0.217914414405823E+01     0.119983005523682E+02     0.252045512199402E+01
     0.466530084609985E+01     0.217925572395325E+01     0.119841089248657E+02     0.252033376693726E+01
     0.468226575851440E+01     0.218015909194946E+01     0.119805345535278E+02     0.252137470245361E+01
     0.469923067092896E+01     0.218053960800171E+01     0.119703779220581E+02     0.252165031433105E+01
     0.471619510650635E+01     0.218116259574890E+01     0.119635858535767E+02     0.252228307723999E+01
     0.473316001892090E+01     0.218197941780090E+01     0.119595308303833E+02     0.252320218086243E+01
     0.475012445449829E+01     0.218272519111633E+01     0.119548091888428E+02     0.252401852607727E+01
     0.476708936691284E+01     0.218324875831604E+01     0.119473314285278E+02     0.252451038360596E+01
     0.478405427932739E+01     0.218389415740967E+01     0.119416990280151E+02     0.252518224716187E+01
     0.480101871490479E+01     0.218387341499329E+01     0.119274988174438E+02     0.252487540245056E+01
     0.481798362731934E+01     0.218455362319946E+01     0.119226369857788E+02     0.252560138702393E+01
     0.483494853973389E+01     0.218510031700134E+01     0.119162645339966E+02     0.252613282203674E+01
     0.485191297531128E+01     0.218593788146973E+01     0.119139451980591E+02     0.252709412574768E+01
     0.486887788772583E+01     0.218612742424011E+01     0.119032278060913E+02     0.252710151672363E+01
     0.488584232330322E+01     0.218671941757202E+01     0.118980245590210E+02     0.252770376205444E+01
     0.490280723571777E+01     0.218712449073792E+01     0.118905515670776E+02     0.252803206443787E+01
     0.491977214813232E+01     0.218779969215393E+01     0.118868484497070E+02     0.252876019477844E+01
     0.493673658370972E+01     0.218842649459839E+01     0.118827552795410E+02     0.252941918373108E+01
     0.495370149612427E+01     0.218873977661133E+01     0.118745498657227E+02     0.252961564064026E+01
     0.497066640853882E+01     0.218919134140015E+01     0.118684253692627E+02     0.253001809120178E+01
     0.498763084411621E+01     0.218901205062866E+01     0.118541297912598E+02     0.252948904037476E+01
     0.500459575653076E+01     0.219008326530457E+01     0.118565740585327E+02     0.253081107139587E+01
     0.502156019210815E+01     0.219045424461365E+01     0.118498773574829E+02     0.253109860420227E+01
     0.503852510452271E+01     0.219084501266479E+01     0.118436346054077E+02     0.253141689300537E+01
     0.505549001693726E+01     0.219105410575867E+01     0.118350591659546E+02     0.253146719932556E+01
     0.507245445251465E+01     0.219131922721863E+01     0.118274412155151E+02     0.253160166740417E+01
     0.508941936492920E+01     0.219122385978699E+01     0.118152942657471E+02     0.253120303153992E+01
     0.510638380050659E+01     0.219196557998657E+01     0.118142776489258E+02     0.253204727172852E+01
     0.512334871292114E+01     0.219225955009460E+01     0.118075437545776E+02     0.253222846984863E+01
     0.514031362533569E+01     0.219289731979370E+01     0.118056726455688E+02     0.253292202949524E+01
     0.515727806091309E+01     0.219267797470093E+01     0.117923116683960E+02     0.253234362602234E+01
     0.517424297332764E+01     0.219306659698486E+01     0.117872905731201E+02     0.253266954421997E+01
     0.519120788574219E+01     0.219331860542297E+01     0.117806177139282E+02     0.253279352188110E+01
     0.520817232131958E+01     0.219339466094971E+01     0.117718048095703E+02     0.253265762329102E+01
     0.522513723373413E+01     0.219417166709900E+01     0.117724180221558E+02     0.253356575965881E+01
     0.524210166931152E+01     0.219425940513611E+01     0.117639493942261E+02     0.253344941139221E+01
     0.525906658172607E+01     0.219456291198730E+01     0.117585601806641E+02     0.253365564346313E+01
     0.527603149414062E+01     0.219465827941895E+01     0.117505121231079E+02     0.253355360031128E+01
     0.529299592971802E+01     0.219526195526123E+01     0.117495231628418E+02     0.253420972824097E+01
     0.530996084213257E+01     0.219484782218933E+01     0.117349014282227E+02     0.253335046768188E+01
     0.532692575454712E+01     0.219556093215942E+01     0.117355270385742E+02     0.253417325019836E+01
     0.534389019012451E+01     0.219576930999756E+01     0.117295637130737E+02     0.253424453735352E+01
     0.536085510253906E+01     0.219574046134949E+01     0.117205944061279E+02     0.253396558761597E+01
     0.537781953811646E+01     0.219575333595276E+01     0.117123861312866E+02     0.253375053405762E+01
     0.539478445053101E+01     0.219635891914368E+01     0.117122611999512E+02     0.253442120552063E+01
     0.541174936294556E+01     0.219643068313599E+01     0.117050237655640E+02     0.253429579734802E+01
     0.542871379852295E+01     0.219674539566040E+01     0.117012767791748E+02     0.253453469276428E+01
     0.544567871093750E+01     0.219677066802979E+01     0.116936340332031E+02     0.253434228897095E+01
     0.546264362335205E+01     0.219686961174011E+01     0.116871490478516E+02     0.253426098823547E+01
     0.547960805892944E+01     0.219681048393250E+01     0.116786508560181E+02     0.253394389152527E+01
     0.549657297134399E+01     0.219697213172913E+01     0.116732568740845E+02     0.253395891189575E+01
     0.551353740692139E+01     0.219688296318054E+01     0.116646509170532E+02     0.253359913825989E+01
     0.553050231933594E+01     0.219736123085022E+01     0.116637201309204E+02     0.253409028053284E+01
     0.554746723175049E+01     0.219769263267517E+01     0.116610641479492E+02     0.253436326980591E+01
     0.556443166732788E+01     0.219753074645996E+01     0.116516704559326E+02     0.253389811515808E+01
     0.558139657974243E+01     0.219768524169922E+01     0.116467676162720E+02     0.253390789031982E+01
     0.559836101531982E+01     0.219755506515503E+01     0.116381177902222E+02     0.253349280357361E+01
     0.561532592773438E+01     0.219750118255615E+01     0.116306476593018E+02     0.253319215774536E+01
     0.563229084014893E+01     0.219802355766296E+01     0.116310453414917E+02     0.253375816345215E+01
     0.564925527572632E+01     0.219814705848694E+01     0.116261816024780E+02     0.253372669219971E+01
     0.566622018814087E+01     0.219799637794495E+01     0.116176242828369E+02     0.253328466415405E+01
     0.568318510055542E+01     0.219837403297424E+01     0.116165285110474E+02     0.253363752365112E+01
     0.570014953613281E+01     0.219789695739746E+01     0.116037034988403E+02     0.253270721435547E+01
     0.571711444854736E+01     0.219809818267822E+01     0.116002702713013E+02     0.253279709815979E+01
     0.573407888412476E+01     0.219845557212830E+01     0.115991859436035E+02     0.253312373161316E+01
     0.575104379653931E+01     0.219794774055481E+01     0.115862970352173E+02     0.253215003013611E+01
     0.576800870895386E+01     0.219823789596558E+01     0.115843591690063E+02     0.253237748146057E+01
     0.578497314453125E+01     0.219803810119629E+01     0.115759334564209E+02     0.253186917304993E+01
     0.580193805694580E+01     0.219864320755005E+01     0.115786628723145E+02     0.253257346153259E+01
     0.581890296936035E+01     0.219870400428772E+01     0.115740175247192E+02     0.253246092796326E+01
     0.583586740493774E+01     0.219846701622009E+01     0.115652008056641E+02     0.253190064430237E+01
     0.585283231735229E+01     0.219868636131287E+01     0.115630035400391E+02     0.253202867507935E+01
     0.586979675292969E+01     0.219845223426819E+01     0.115544252395630E+02     0.253147506713867E+01
     0.588676166534424E+01     0.219816350936890E+01     0.115452985763550E+02     0.253083992004395E+01
     0.590372657775879E+01     0.219823408126831E+01     0.115411996841431E+02     0.253074717521667E+01
     0.592069101333618E+01     0.219841814041138E+01     0.115388002395630E+02     0.253082728385925E+01
     0.593765592575073E+01     0.219837188720703E+01     0.115332832336426E+02     0.253056097030640E+01
     0.595462036132812E+01     0.219796824455261E+01     0.115229663848877E+02     0.252975702285767E+01
     0.597158527374268E+01     0.219835996627808E+01     0.115238981246948E+02     0.253016352653503E+01
     0.598855018615723E+01     0.219847726821899E+01     0.115222082138062E+02     0.253019881248474E+01
     0.600551462173462E+01     0.219783234596252E+01     0.115095815658569E+02     0.252907037734985E+01
     0.602247953414917E+01     0.219844675064087E+01     0.115144596099854E+02     0.252983951568604E+01
     0.603944444656372E+01     0.219829654693604E+01     0.115085678100586E+02     0.252945065498352E+01
     0.605640888214111E+01     0.219768857955933E+01     0.114963941574097E+02     0.252836799621582E+01
     0.607337379455566E+01     0.219767785072327E+01     0.114925146102905E+02     0.252818679809570E+01
     0.609033823013306E+01     0.219825792312622E+01     0.114970207214355E+02     0.252889823913574E+01
     0.610730314254761E+01     0.219807124137878E+01     0.114907150268555E+02     0.252845048904419E+01
     0.612426805496216E+01     0.219803667068481E+01     0.114866819381714E+02     0.252823233604431E+01
     0.614123249053955E+01     0.219765019416809E+01     0.114776763916016E+02     0.252748179435730E+01
     0.615819740295410E+01     0.219788289070129E+01     0.114775552749634E+02     0.252766847610474E+01
     0.617516231536865E+01     0.219761085510254E+01     0.114702711105347E+02     0.252709150314331E+01
     0.619212675094604E+01     0.219756817817688E+01     0.114663410186768E+02     0.252686190605164E+01
     0.620909166336060E+01     0.219760513305664E+01     0.114636354446411E+02     0.252675366401672E+01
     0.622605609893799E+01     0.219750475883484E+01     0.114590082168579E+02     0.252643799781799E+01
     0.624302101135254E+01     0.219733285903931E+01     0.114534091949463E+02     0.252601456642151E+01
     0.625998592376709E+01     0.219687151908875E+01     0.114438323974609E+02     0.252515268325806E+01
     0.627695035934448E+01     0.219690656661987E+01     0.114412679672241E+02     0.252504420280457E+01
     0.629391527175903E+01     0.219667434692383E+01     0.114350576400757E+02     0.252453064918518E+01
     0.631087970733643E+01     0.219642353057861E+01     0.114286851882935E+02     0.252398991584778E+01
     0.632784461975098E+01     0.219688367843628E+01     0.114323368072510E+02     0.252452826499939E+01
     0.634480953216553E+01     0.219624328613281E+01     0.114205036163330E+02     0.252339792251587E+01
     0.636177396774292E+01     0.219658899307251E+01     0.114226808547974E+02     0.252376437187195E+01
     0.637873888015747E+01     0.219641065597534E+01     0.114174957275391E+02     0.252333641052246E+01
     0.639570379257202E+01     0.219614291191101E+01     0.114110975265503E+02     0.252277374267578E+01
     0.641266822814941E+01     0.219603276252747E+01     0.114070262908936E+02     0.252245092391968E+01
     0.642963314056396E+01     0.219600009918213E+01     0.114041423797607E+02     0.252224659919739E+01
     0.644659757614136E+01     0.219566774368286E+01     0.113970031738281E+02     0.252158784866333E+01
     0.646356248855591E+01     0.219550204277039E+01     0.113923206329346E+02     0.252118277549744E+01
     0.648052740097046E+01     0.219510030746460E+01     0.113844223022461E+02     0.252041983604431E+01
     0.649749183654785E+01     0.219540691375732E+01     0.113865337371826E+02     0.252073478698730E+01
     0.651445674896240E+01     0.219489288330078E+01     0.113770685195923E+02     0.251980280876160E+01
     0.653142166137695E+01     0.219504833221436E+01     0.113771829605103E+02     0.251988935470581E+01
     0.654838609695435E+01     0.219454622268677E+01     0.113680238723755E+02     0.251897716522217E+01
     0.656535100936890E+01     0.219469499588013E+01     0.113681497573853E+02     0.251905560493469E+01
     0.658231544494629E+01     0.219409823417664E+01     0.113578081130981E+02     0.251800060272217E+01
     0.659928035736084E+01     0.219403100013733E+01     0.113549394607544E+02     0.251775217056274E+01
     0.661624526977539E+01     0.219396185874939E+01     0.113521232604980E+02     0.251750183105469E+01
     0.663320970535278E+01     0.219400382041931E+01     0.113509969711304E+02     0.251742172241211E+01
     0.665017461776733E+01     0.219407749176025E+01     0.113505249023438E+02     0.251739072799683E+01
     0.666713905334473E+01     0.219366455078125E+01     0.113428459167480E+02     0.251661920547485E+01
     0.668410396575928E+01     0.219331479072571E+01     0.113362417221069E+02     0.251594519615173E+01
     0.670106887817383E+01     0.219303226470947E+01     0.113306856155396E+02     0.251537394523621E+01
     0.671803331375122E+01     0.219312596321106E+01     0.113306026458740E+02     0.251537704467773E+01
     0.673499822616577E+01     0.219299721717834E+01     0.113273887634277E+02     0.251504230499268E+01
     0.675196313858032E+01     0.219272923469543E+01     0.113221521377563E+02     0.251449584960938E+01
     0.676892757415771E+01     0.219270920753479E+01     0.113206920623779E+02     0.251432871818542E+01
     0.678589248657227E+01     0.219245433807373E+01     0.113157396316528E+02     0.251380395889282E+01
     0.680285692214966E+01     0.219207215309143E+01     0.113089494705200E+02     0.251308608055115E+01
     0.681982183456421E+01     0.219208621978760E+01     0.113081512451172E+02     0.251297354698181E+01
     0.683678674697876E+01     0.219133496284485E+01     0.112960948944092E+02     0.251169371604919E+01
     0.685375118255615E+01     0.219119238853455E+01     0.112929744720459E+02     0.251134371757507E+01
     0.687071609497070E+01     0.219132876396179E+01     0.112940206527710E+02     0.251142048835754E+01
     0.688768100738525E+01     0.219107580184937E+01     0.112894077301025E+02     0.251090383529663E+01
     0.690464544296265E+01     0.219060850143433E+01     0.112817010879517E+02     0.251006054878235E+01
     0.692161035537720E+01     0.219029974937439E+01     0.112765054702759E+02     0.250947523117065E+01
     0.693857479095459E+01     0.219005084037781E+01     0.112723588943481E+02     0.250900363922119E+01
     0.695553970336914E+01     0.219016361236572E+01     0.112733755111694E+02     0.250908184051514E+01
     0.697250461578369E+01     0.218985390663147E+01     0.112683353424072E+02     0.250851225852966E+01
     0.698946905136108E+01     0.218988728523254E+01     0.112683048248291E+02     0.250846576690674E+01
     0.700643396377563E+01     0.218981194496155E+01     0.112667560577393E+02     0.250825166702271E+01
     0.702339887619019E+01     0.218908619880676E+01     0.112557592391968E+02     0.250704312324524E+01
     0.704036331176758E+01     0.218940329551697E+01     0.112598819732666E+02     0.250742793083191E+01
     0.705732822418213E+01     0.218913412094116E+01     0.112555179595947E+02     0.250691628456116E+01
     0.707429265975952E+01     0.218870496749878E+01     0.112488746643066E+02     0.250615978240967E+01
     0.709125757217407E+01     0.218845057487488E+01     0.112448329925537E+02     0.250567054748535E+01
     0.710822248458862E+01     0.218872141838074E+01     0.112485818862915E+02     0.250598478317261E+01
     0.712518692016602E+01     0.218826222419739E+01     0.112414789199829E+02     0.250518274307251E+01
     0.714215183258057E+01     0.218809938430786E+01     0.112388706207275E+02     0.250483393669128E+01
     0.715911626815796E+01     0.218800878524780E+01     0.112374000549316E+02     0.250459599494934E+01
     0.717608118057251E+01     0.218724632263184E+01     0.112261028289795E+02     0.250332999229431E+01
     0.719304609298706E+01     0.218763637542725E+01     0.112316942214966E+02     0.250382828712463E+01
     0.721001052856445E+01     0.218745613098145E+01     0.112289943695068E+02     0.250345444679260E+01
     0.722697544097900E+01     0.218715691566467E+01     0.112244911193848E+02     0.250289869308472E+01
     0.724394035339355E+01     0.218699574470520E+01     0.112221555709839E+02     0.250255513191223E+01
     0.726090478897095E+01     0.218674302101135E+01     0.112184410095215E+02     0.250207161903381E+01
     0.727786970138550E+01     0.218593859672546E+01     0.112066383361816E+02     0.250074338912964E+01
     0.729483413696289E+01     0.218580412864685E+01     0.112046947479248E+02     0.250044178962708E+01
     0.731179904937744E+01     0.218544697761536E+01     0.111996259689331E+02     0.249979996681213E+01
     0.732876396179199E+01     0.218583822250366E+01     0.112055683135986E+02     0.250030541419983E+01
     0.734572839736938E+01     0.218495726585388E+01     0.111927671432495E+02     0.249886202812195E+01
     0.736269330978394E+01     0.218517017364502E+01     0.111960296630859E+02     0.249909591674805E+01
     0.737965822219849E+01     0.218472003936768E+01     0.111896352767944E+02     0.249831414222717E+01
     0.739662265777588E+01     0.218453288078308E+01     0.111871557235718E+02     0.249793696403503E+01
     0.741358757019043E+01     0.218417119979858E+01     0.111821594238281E+02     0.249729299545288E+01
     0.743055200576782E+01     0.218413686752319E+01     0.111819639205933E+02     0.249715447425842E+01
     0.744751691818237E+01     0.218352818489075E+01     0.111734790802002E+02     0.249613118171692E+01
     0.746448183059692E+01     0.218338751792908E+01     0.111717624664307E+02     0.249582386016846E+01
     0.748144626617432E+01     0.218323469161987E+01     0.111699342727661E+02     0.249549841880798E+01
     0.749841117858887E+01     0.218293905258179E+01     0.111660728454590E+02     0.249495458602905E+01
     0.751537561416626E+01     0.218271374702454E+01     0.111632623672485E+02     0.249451899528503E+01
     0.753234052658081E+01     0.218280553817749E+01     0.111652593612671E+02     0.249457073211670E+01
     0.754930543899536E+01     0.218217658996582E+01     0.111564798355103E+02     0.249351692199707E+01
     0.756626987457275E+01     0.218224072456360E+01     0.111581106185913E+02     0.249352788925171E+01
     0.758323478698730E+01     0.218201804161072E+01     0.111555051803589E+02     0.249309897422791E+01
     0.760019969940186E+01     0.218162727355957E+01     0.111503438949585E+02     0.249241256713867E+01
     0.761716413497925E+01     0.218114137649536E+01     0.111438493728638E+02     0.249158096313477E+01
     0.763412904739380E+01     0.218119478225708E+01     0.111454715728760E+02     0.249157762527466E+01
     0.765109348297119E+01     0.218087458610535E+01     0.111414823532104E+02     0.249100184440613E+01
     0.766805839538574E+01     0.218066048622131E+01     0.111391563415527E+02     0.249058914184570E+01
     0.768502330780029E+01     0.218037629127502E+01     0.111357774734497E+02     0.249006986618042E+01
     0.770198774337769E+01     0.218014311790466E+01     0.111332187652588E+02     0.248962950706482E+01
     0.771895265579224E+01     0.217936873435974E+01     0.111225452423096E+02     0.248835825920105E+01
     0.773591756820679E+01     0.217904090881348E+01     0.111186237335205E+02     0.248777389526367E+01
     0.775288200378418E+01     0.217923259735107E+01     0.111224603652954E+02     0.248798632621765E+01
     0.776984691619873E+01     0.217902755737305E+01     0.111205062866211E+02     0.248758840560913E+01
     0.778681135177612E+01     0.217825889587402E+01     0.111100244522095E+02     0.248632454872131E+01
     0.780377626419067E+01     0.217842030525208E+01     0.111136054992676E+02     0.248649096488953E+01
     0.782074117660522E+01     0.217777013778687E+01     0.111049299240112E+02     0.248541069030762E+01
     0.783770561218262E+01     0.217753887176514E+01     0.111026287078857E+02     0.248497462272644E+01
     0.785467052459717E+01     0.217695569992065E+01     0.110952024459839E+02     0.248399829864502E+01
     0.787163496017456E+01     0.217728114128113E+01     0.111013517379761E+02     0.248442006111145E+01
     0.788859987258911E+01     0.217642402648926E+01     0.110896739959717E+02     0.248302292823792E+01
     0.790556478500366E+01     0.217611622810364E+01     0.110863494873047E+02     0.248247194290161E+01
     0.792252922058105E+01     0.217580652236938E+01     0.110830192565918E+02     0.248191833496094E+01
     0.793949413299561E+01     0.217561078071594E+01     0.110813779830933E+02     0.248154067993164E+01
     0.795645904541016E+01     0.217536425590515E+01     0.110790338516235E+02     0.248108553886414E+01
     0.797342348098755E+01     0.217495799064636E+01     0.110743522644043E+02     0.248038458824158E+01
     0.799038839340210E+01     0.217465329170227E+01     0.110711994171143E+02     0.247984123229980E+01
     0.800735282897949E+01     0.217429947853088E+01     0.110673513412476E+02     0.247922253608704E+01
     0.802431774139404E+01     0.217424559593201E+01     0.110679788589478E+02     0.247906613349915E+01
     0.804128265380859E+01     0.217383360862732E+01     0.110632839202881E+02     0.247835922241211E+01
     0.805824756622314E+01     0.217335748672485E+01     0.110576934814453E+02     0.247755384445190E+01
     0.807521152496338E+01     0.217330336570740E+01     0.110583925247192E+02     0.247739887237549E+01
     0.809217643737793E+01     0.217285108566284E+01     0.110531415939331E+02     0.247663235664368E+01
     0.810914134979248E+01     0.217275524139404E+01     0.110530214309692E+02     0.247642707824707E+01
     0.812610626220703E+01     0.217245149612427E+01     0.110497512817383E+02     0.247590255737305E+01
     0.814307117462158E+01     0.217225170135498E+01     0.110481109619141E+02     0.247553777694702E+01
     0.816003608703613E+01     0.217195630073547E+01     0.110450439453125E+02     0.247502541542053E+01
     0.817700004577637E+01     0.217169594764709E+01     0.110425472259521E+02     0.247456645965576E+01
     0.819396495819092E+01     0.217134332656860E+01     0.110386753082275E+02     0.247396588325500E+01
     0.821092987060547E+01     0.217124724388123E+01     0.110387697219849E+02     0.247376012802124E+01
     0.822789478302002E+01     0.217078590393066E+01     0.110332679748535E+02     0.247299170494080E+01
     0.824485969543457E+01     0.217051792144775E+01     0.110307693481445E+02     0.247252130508423E+01
     0.826182365417480E+01     0.217035460472107E+01     0.110299072265625E+02     0.247221255302429E+01
     0.827878856658936E+01     0.217015314102173E+01     0.110285129547119E+02     0.247184514999390E+01
     0.829575347900391E+01     0.216977071762085E+01     0.110243072509766E+02     0.247119903564453E+01
     0.831271839141846E+01     0.216943216323853E+01     0.110208253860474E+02     0.247062110900879E+01
     0.832968330383301E+01     0.216920018196106E+01     0.110190143585205E+02     0.247020721435547E+01
     0.834664726257324E+01     0.216880941390991E+01     0.110147733688354E+02     0.246954917907715E+01
     0.836361217498779E+01     0.216858553886414E+01     0.110131320953369E+02     0.246914887428284E+01
     0.838057708740234E+01     0.216847610473633E+01     0.110133523941040E+02     0.246892499923706E+01
     0.839754199981689E+01     0.216807436943054E+01     0.110089588165283E+02     0.246825075149536E+01
     0.841450691223145E+01     0.216725254058838E+01     0.109983358383179E+02     0.246692895889282E+01
     0.843147087097168E+01     0.216744184494019E+01     0.110029754638672E+02     0.246716737747192E+01
     0.844843578338623E+01     0.216722416877747E+01     0.110015773773193E+02     0.246677803993225E+01
     0.846540069580078E+01     0.216681385040283E+01     0.109971523284912E+02     0.246609210968018E+01
