     0.967030525207520E+00     0.146370427682996E-02     0.127135443687439E+01     0.143563665915281E-02
     0.983995974063873E+00     0.856247730553150E-02     0.228531861305237E+01     0.841488502919674E-02
     0.100096142292023E+01     0.189171563833952E-01     0.296951007843018E+01     0.186288226395845E-01
     0.101792693138123E+01     0.316365212202072E-01     0.351659917831421E+01     0.312181282788515E-01
     0.103489232063293E+01     0.460734777152538E-01     0.397671008110046E+01     0.455561131238937E-01
     0.105185782909393E+01     0.618943907320499E-01     0.437749528884888E+01     0.613216087222099E-01
     0.106882321834564E+01     0.793192535638809E-01     0.474385499954224E+01     0.787458941340446E-01
     0.108578872680664E+01     0.975473448634148E-01     0.507046079635620E+01     0.970347821712494E-01
     0.110275411605835E+01     0.117782294750214E+00     0.538747930526733E+01     0.117412701249123E+00
     0.111971962451935E+01     0.137798726558685E+00     0.566338586807251E+01     0.137636303901672E+00
     0.113668501377106E+01     0.159511849284172E+00     0.593329191207886E+01     0.159655332565308E+00
     0.115365052223206E+01     0.181742087006569E+00     0.618314838409424E+01     0.182278007268906E+00
     0.117061591148376E+01     0.203700795769691E+00     0.640758895874023E+01     0.204696059226990E+00
     0.118758141994476E+01     0.227087631821632E+00     0.662921762466431E+01     0.228660613298416E+00
     0.120454680919647E+01     0.250640690326691E+00     0.683544921875000E+01     0.252877771854401E+00
     0.122151231765747E+01     0.274880349636078E+00     0.703348445892334E+01     0.277890115976334E+00
     0.123847770690918E+01     0.299592763185501E+00     0.722242593765259E+01     0.303480982780457E+00
     0.125544309616089E+01     0.324062526226044E+00     0.739727640151978E+01     0.328903764486313E+00
     0.127240860462189E+01     0.349770456552505E+00     0.757191753387451E+01     0.355715751647949E+00
     0.128937399387360E+01     0.375751018524170E+00     0.773869132995605E+01     0.382909744977951E+00
     0.130633950233459E+01     0.400288641452789E+00     0.788553524017334E+01     0.408664941787720E+00
     0.132330489158630E+01     0.425209969282150E+00     0.802786445617676E+01     0.434912085533142E+00
     0.134027040004730E+01     0.452096104621887E+00     0.817720508575439E+01     0.463349044322968E+00
     0.135723578929901E+01     0.478074967861176E+00     0.831333827972412E+01     0.490912020206451E+00
     0.137420129776001E+01     0.504341423511505E+00     0.844536113739014E+01     0.518879473209381E+00
     0.139116668701172E+01     0.530577480792999E+00     0.857160758972168E+01     0.546910524368286E+00
     0.140813219547272E+01     0.555027425289154E+00     0.868166065216064E+01     0.573094606399536E+00
     0.142509758472443E+01     0.581859707832336E+00     0.880204200744629E+01     0.601962327957153E+00
     0.144206309318542E+01     0.607200741767883E+00     0.890911769866943E+01     0.629297256469727E+00
     0.145902848243713E+01     0.634644210338593E+00     0.902458572387695E+01     0.659036219120026E+00
     0.147599399089813E+01     0.660606801509857E+00     0.912771034240723E+01     0.687247216701508E+00
     0.149295938014984E+01     0.684828281402588E+00     0.921795749664307E+01     0.713624179363251E+00
     0.150992488861084E+01     0.701720535755157E+00     0.928008937835693E+01     0.732076764106750E+00
     0.152689027786255E+01     0.715006470680237E+00     0.932956981658936E+01     0.746633708477020E+00
     0.154385578632355E+01     0.728072345256805E+00     0.937537765502930E+01     0.760952413082123E+00
     0.156082117557526E+01     0.743682026863098E+00     0.943242263793945E+01     0.778124868869781E+00
     0.157778668403625E+01     0.758688211441040E+00     0.948408412933350E+01     0.794642686843872E+00
     0.159475207328796E+01     0.773176372051239E+00     0.953109169006348E+01     0.810598790645599E+00
     0.161171758174896E+01     0.789884984493256E+00     0.958766651153564E+01     0.829074144363403E+00
     0.162868297100067E+01     0.805070340633392E+00     0.963466358184814E+01     0.845860600471497E+00
     0.164564847946167E+01     0.821457564830780E+00     0.968606567382812E+01     0.864030659198761E+00
     0.166261386871338E+01     0.837992310523987E+00     0.973657131195068E+01     0.882398486137390E+00
     0.167957937717438E+01     0.855605185031891E+00     0.979081249237061E+01     0.902024626731873E+00
     0.169654476642609E+01     0.871531009674072E+00     0.983531475067139E+01     0.919765591621399E+00
     0.171351027488708E+01     0.889423549175262E+00     0.988796234130859E+01     0.939784824848175E+00
     0.173047566413879E+01     0.906158566474915E+00     0.993451976776123E+01     0.958529233932495E+00
     0.174744117259979E+01     0.922099411487579E+00     0.997619247436523E+01     0.976397871971130E+00
     0.176440656185150E+01     0.939760267734528E+00     0.100247974395752E+02     0.996279835700989E+00
     0.178137207031250E+01     0.954184830188751E+00     0.100572309494019E+02     0.101246619224548E+01
     0.179833745956421E+01     0.973497450351715E+00     0.101112432479858E+02     0.103433644771576E+01
     0.181530296802521E+01     0.987839281558990E+00     0.101414222717285E+02     0.105048882961273E+01
     0.183226835727692E+01     0.100477600097656E+01     0.101825609207153E+02     0.106968581676483E+01
     0.184923386573792E+01     0.102200365066528E+01     0.102240962982178E+02     0.108926248550415E+01
     0.186619925498962E+01     0.103917443752289E+01     0.102645025253296E+02     0.110881543159485E+01
     0.188316476345062E+01     0.105549061298370E+01     0.103003101348877E+02     0.112740862369537E+01
     0.190013015270233E+01     0.107302033901215E+01     0.103407535552979E+02     0.114746832847595E+01
     0.191709566116333E+01     0.108603155612946E+01     0.103685903549194E+02     0.116236233711243E+01
     0.193406105041504E+01     0.109825706481934E+01     0.103935527801514E+02     0.117636740207672E+01
     0.195102655887604E+01     0.111212515830994E+01     0.104249105453491E+02     0.119233357906342E+01
     0.196799194812775E+01     0.112515747547150E+01     0.104519987106323E+02     0.120733404159546E+01
     0.198495745658875E+01     0.113788020610809E+01     0.104771938323975E+02     0.122198915481567E+01
     0.200192284584045E+01     0.115107381343842E+01     0.105039300918579E+02     0.123722791671753E+01
     0.201888823509216E+01     0.116337811946869E+01     0.105248603820801E+02     0.125140511989594E+01
     0.203585386276245E+01     0.117765986919403E+01     0.105539131164551E+02     0.126797163486481E+01
     0.205281925201416E+01     0.118740260601044E+01     0.105715494155884E+02     0.127925980091095E+01
     0.206978464126587E+01     0.119733357429504E+01     0.105897512435913E+02     0.129078745841980E+01
     0.208675003051758E+01     0.120725369453430E+01     0.106070585250854E+02     0.130230629444122E+01
     0.210371565818787E+01     0.121550273895264E+01     0.106166629791260E+02     0.131181776523590E+01
     0.212068104743958E+01     0.122646510601044E+01     0.106368885040283E+02     0.132460212707520E+01
     0.213764643669128E+01     0.123711323738098E+01     0.106552181243896E+02     0.133701920509338E+01
     0.215461182594299E+01     0.124893188476562E+01     0.106783227920532E+02     0.135087406635284E+01
     0.217157745361328E+01     0.125823509693146E+01     0.106909627914429E+02     0.136170172691345E+01
     0.218854284286499E+01     0.126643478870392E+01     0.106989736557007E+02     0.137120199203491E+01
     0.220550823211670E+01     0.127791595458984E+01     0.107202816009521E+02     0.138470399379730E+01
     0.222247362136841E+01     0.128862690925598E+01     0.107383031845093E+02     0.139728975296021E+01
     0.223943924903870E+01     0.129807806015015E+01     0.107510919570923E+02     0.140835642814636E+01
     0.225640463829041E+01     0.130826246738434E+01     0.107667636871338E+02     0.142033457756042E+01
     0.227337002754211E+01     0.131795918941498E+01     0.107803812026978E+02     0.143173313140869E+01
     0.229033541679382E+01     0.132856881618500E+01     0.107976093292236E+02     0.144426870346069E+01
     0.230730104446411E+01     0.133765542507172E+01     0.108086442947388E+02     0.145495116710663E+01
     0.232426643371582E+01     0.134679222106934E+01     0.108198461532593E+02     0.146570980548859E+01
     0.234123182296753E+01     0.135602450370789E+01     0.108314008712769E+02     0.147660076618195E+01
     0.235819721221924E+01     0.136580467224121E+01     0.108451185226440E+02     0.148818421363831E+01
     0.237516283988953E+01     0.137458455562592E+01     0.108548288345337E+02     0.149854695796967E+01
     0.239212822914124E+01     0.138363683223724E+01     0.108656206130981E+02     0.150926136970520E+01
     0.240909361839294E+01     0.139260458946228E+01     0.108760766983032E+02     0.151988589763641E+01
     0.242605900764465E+01     0.139942920207977E+01     0.108780593872070E+02     0.152785909175873E+01
     0.244302463531494E+01     0.140801882743835E+01     0.108870582580566E+02     0.153803849220276E+01
     0.245999002456665E+01     0.141662466526031E+01     0.108961448669434E+02     0.154825234413147E+01
     0.247695541381836E+01     0.142549169063568E+01     0.109062871932983E+02     0.155880677700043E+01
     0.249392080307007E+01     0.143380808830261E+01     0.109142951965332E+02     0.156868743896484E+01
     0.251088619232178E+01     0.144227445125580E+01     0.109229316711426E+02     0.157876956462860E+01
     0.252785181999207E+01     0.145066046714783E+01     0.109312973022461E+02     0.158876526355743E+01
     0.254481720924377E+01     0.145884251594543E+01     0.109389133453369E+02     0.159851849079132E+01
     0.256178259849548E+01     0.146687400341034E+01     0.109459962844849E+02     0.160809576511383E+01
     0.257874798774719E+01     0.147561371326447E+01     0.109559030532837E+02     0.161858010292053E+01
     0.259571361541748E+01     0.148269867897034E+01     0.109594154357910E+02     0.162698864936829E+01
     0.261267900466919E+01     0.149216842651367E+01     0.109722900390625E+02     0.163842701911926E+01
     0.262964439392090E+01     0.149851369857788E+01     0.109730701446533E+02     0.164592230319977E+01
     0.264660978317261E+01     0.150607085227966E+01     0.109786472320557E+02     0.165496420860291E+01
     0.266357541084290E+01     0.151595413684845E+01     0.109933328628540E+02     0.166697812080383E+01
     0.268054080009460E+01     0.152107322216034E+01     0.109896106719971E+02     0.167294299602509E+01
     0.269750618934631E+01     0.152866542339325E+01     0.109955730438232E+02     0.168206715583801E+01
     0.271447157859802E+01     0.153577053546906E+01     0.109997396469116E+02     0.169058191776276E+01
     0.273143720626831E+01     0.154359972476959E+01     0.110067996978760E+02     0.170003485679626E+01
     0.274840259552002E+01     0.155017137527466E+01     0.110090932846069E+02     0.170789027214050E+01
     0.276536798477173E+01     0.155728650093079E+01     0.110135879516602E+02     0.171645307540894E+01
     0.278233337402344E+01     0.156479012966156E+01     0.110199890136719E+02     0.172553491592407E+01
     0.279929900169373E+01     0.157069742679596E+01     0.110214128494263E+02     0.173260211944580E+01
     0.281626439094543E+01     0.157706081867218E+01     0.110245876312256E+02     0.174026274681091E+01
     0.283322978019714E+01     0.158468055725098E+01     0.110326395034790E+02     0.174955356121063E+01
     0.285019516944885E+01     0.159030497074127E+01     0.110330514907837E+02     0.175627791881561E+01
     0.286716079711914E+01     0.159575486183167E+01     0.110328502655029E+02     0.176278281211853E+01
     0.288412618637085E+01     0.160376214981079E+01     0.110425481796265E+02     0.177260828018188E+01
     0.290109157562256E+01     0.160767805576324E+01     0.110365791320801E+02     0.177713859081268E+01
     0.291805696487427E+01     0.161427211761475E+01     0.110409793853760E+02     0.178515028953552E+01
     0.293502259254456E+01     0.162223851680756E+01     0.110507278442383E+02     0.179495894908905E+01
     0.295198798179626E+01     0.162649011611938E+01     0.110462846755981E+02     0.179994153976440E+01
     0.296895337104797E+01     0.163202536106110E+01     0.110468606948853E+02     0.180660223960876E+01
     0.298591876029968E+01     0.163973200321198E+01     0.110558595657349E+02     0.181610751152039E+01
     0.300288438796997E+01     0.164343857765198E+01     0.110495967864990E+02     0.182039439678192E+01
     0.301984977722168E+01     0.165025496482849E+01     0.110553617477417E+02     0.182875669002533E+01
     0.303681516647339E+01     0.165525376796722E+01     0.110542507171631E+02     0.183474707603455E+01
     0.305378055572510E+01     0.166077411174774E+01     0.110552406311035E+02     0.184142863750458E+01
     0.307074618339539E+01     0.166769778728485E+01     0.110617141723633E+02     0.184996426105499E+01
     0.308771157264709E+01     0.167248177528381E+01     0.110600852966309E+02     0.185569512844086E+01
     0.310467696189880E+01     0.167620229721069E+01     0.110544881820679E+02     0.186003017425537E+01
     0.312164235115051E+01     0.168290948867798E+01     0.110604457855225E+02     0.186831033229828E+01
     0.313860797882080E+01     0.168679714202881E+01     0.110557069778442E+02     0.187287664413452E+01
     0.315557336807251E+01     0.169302320480347E+01     0.110600404739380E+02     0.188054108619690E+01
     0.317253875732422E+01     0.169698512554169E+01     0.110558090209961E+02     0.188521695137024E+01
     0.318950414657593E+01     0.170309543609619E+01     0.110599250793457E+02     0.189274692535400E+01
     0.320646977424622E+01     0.170689427852631E+01     0.110552968978882E+02     0.189721798896790E+01
     0.322343516349792E+01     0.171205854415894E+01     0.110560159683228E+02     0.190350878238678E+01
     0.324040055274963E+01     0.171786916255951E+01     0.110593309402466E+02     0.191066837310791E+01
     0.325736594200134E+01     0.172258293628693E+01     0.110585584640503E+02     0.191637670993805E+01
     0.327433156967163E+01     0.172616088390350E+01     0.110535497665405E+02     0.192057633399963E+01
     0.329129695892334E+01     0.173140716552734E+01     0.110550565719604E+02     0.192700874805450E+01
     0.330826234817505E+01     0.173660624027252E+01     0.110565023422241E+02     0.193338727951050E+01
     0.332522773742676E+01     0.174028491973877E+01     0.110522375106812E+02     0.193773853778839E+01
     0.334219336509705E+01     0.174554419517517E+01     0.110541563034058E+02     0.194421374797821E+01
     0.335915875434875E+01     0.174995779991150E+01     0.110529527664185E+02     0.194956314563751E+01
     0.337612414360046E+01     0.175366497039795E+01     0.110491580963135E+02     0.195396995544434E+01
     0.339308953285217E+01     0.175859332084656E+01     0.110501737594604E+02     0.196002495288849E+01
     0.341005516052246E+01     0.176341557502747E+01     0.110509071350098E+02     0.196594572067261E+01
     0.342702054977417E+01     0.176728427410126E+01     0.110480985641479E+02     0.197058928012848E+01
     0.344398593902588E+01     0.177134490013123E+01     0.110461502075195E+02     0.197549748420715E+01
     0.346095132827759E+01     0.177583539485931E+01     0.110459785461426E+02     0.198099327087402E+01
     0.347791695594788E+01     0.177752673625946E+01     0.110351629257202E+02     0.198270940780640E+01
     0.349488234519958E+01     0.178383481502533E+01     0.110422277450562E+02     0.199067842960358E+01
     0.351184773445129E+01     0.178648698329926E+01     0.110353488922119E+02     0.199370348453522E+01
     0.352881312370300E+01     0.178935039043427E+01     0.110294065475464E+02     0.199701833724976E+01
     0.354577875137329E+01     0.179410469532013E+01     0.110308628082275E+02     0.200290560722351E+01
     0.356274414062500E+01     0.179863417148590E+01     0.110315809249878E+02     0.200849652290344E+01
     0.357970952987671E+01     0.180188918113708E+01     0.110275106430054E+02     0.201236009597778E+01
     0.359667491912842E+01     0.180601394176483E+01     0.110269165039062E+02     0.201741409301758E+01
     0.361364054679871E+01     0.180959844589233E+01     0.110243597030640E+02     0.202173829078674E+01
     0.363060593605042E+01     0.181103086471558E+01     0.110136222839355E+02     0.202312898635864E+01
     0.364757132530212E+01     0.181508362293243E+01     0.110131120681763E+02     0.202810239791870E+01
     0.366453671455383E+01     0.181858682632446E+01     0.110106039047241E+02     0.203233122825623E+01
     0.368150234222412E+01     0.182193028926849E+01     0.110075998306274E+02     0.203634691238403E+01
     0.369846773147583E+01     0.182638227939606E+01     0.110090017318726E+02     0.204188871383667E+01
     0.371543312072754E+01     0.182886695861816E+01     0.110029172897339E+02     0.204473829269409E+01
     0.373239850997925E+01     0.183293795585632E+01     0.110030889511108E+02     0.204977130889893E+01
     0.374936389923096E+01     0.183567965030670E+01     0.109982366561890E+02     0.205298352241516E+01
     0.376632952690125E+01     0.184027028083801E+01     0.110006656646729E+02     0.205874586105347E+01
     0.378329491615295E+01     0.184168422222137E+01     0.109909019470215E+02     0.206013894081116E+01
     0.380026030540466E+01     0.184414589405060E+01     0.109853181838989E+02     0.206297898292542E+01
     0.381722569465637E+01     0.184881877899170E+01     0.109885101318359E+02     0.206887888908386E+01
     0.383419132232666E+01     0.185215044021606E+01     0.109871044158936E+02     0.207295274734497E+01
     0.385115671157837E+01     0.185471999645233E+01     0.109828310012817E+02     0.207597732543945E+01
     0.386812210083008E+01     0.185721242427826E+01     0.109783382415771E+02     0.207889842987061E+01
     0.388508749008179E+01     0.185919189453125E+01     0.109719333648682E+02     0.208111190795898E+01
     0.390205311775208E+01     0.186149406433105E+01     0.109668684005737E+02     0.208377504348755E+01
     0.391901850700378E+01     0.186439383029938E+01     0.109642143249512E+02     0.208727049827576E+01
     0.393598389625549E+01     0.186868536472321E+01     0.109670734405518E+02     0.209270453453064E+01
     0.395294928550720E+01     0.187209486961365E+01     0.109665966033936E+02     0.209692025184631E+01
     0.396991491317749E+01     0.187444877624512E+01     0.109620952606201E+02     0.209967207908630E+01
     0.398688030242920E+01     0.187596571445465E+01     0.109544200897217E+02     0.210126161575317E+01
     0.400384569168091E+01     0.187817060947418E+01     0.109495220184326E+02     0.210381197929382E+01
     0.402081108093262E+01     0.188022053241730E+01     0.109441127777100E+02     0.210614943504333E+01
     0.403777647018433E+01     0.188371300697327E+01     0.109444341659546E+02     0.211050510406494E+01
     0.405474185943604E+01     0.188473558425903E+01     0.109351968765259E+02     0.211141443252563E+01
     0.407170772552490E+01     0.188815665245056E+01     0.109354314804077E+02     0.211567997932434E+01
     0.408867311477661E+01     0.189108610153198E+01     0.109338445663452E+02     0.211926388740540E+01
     0.410563850402832E+01     0.189378404617310E+01     0.109314489364624E+02     0.212252879142761E+01
     0.412260389328003E+01     0.189493596553802E+01     0.109230861663818E+02     0.212363004684448E+01
     0.413956928253174E+01     0.189677774906158E+01     0.109175214767456E+02     0.212570118904114E+01
     0.415653467178345E+01     0.190027654170990E+01     0.109185543060303E+02     0.213010334968567E+01
     0.417350006103516E+01     0.190322268009186E+01     0.109175205230713E+02     0.213373541831970E+01
     0.419046545028687E+01     0.190552973747253E+01     0.109140710830688E+02     0.213647389411926E+01
     0.420743131637573E+01     0.190682518482208E+01     0.109067335128784E+02     0.213779163360596E+01
     0.422439670562744E+01     0.190787577629089E+01     0.108985252380371E+02     0.213876676559448E+01
     0.424136209487915E+01     0.191025114059448E+01     0.108956222534180E+02     0.214161181449890E+01
     0.425832748413086E+01     0.191316401958466E+01     0.108949337005615E+02     0.214522051811218E+01
     0.427529287338257E+01     0.191525053977966E+01     0.108911352157593E+02     0.214766931533813E+01
     0.429225826263428E+01     0.191626381874084E+01     0.108832817077637E+02     0.214860916137695E+01
     0.430922365188599E+01     0.191881060600281E+01     0.108816165924072E+02     0.215172171592712E+01
     0.432618904113770E+01     0.192070138454437E+01     0.108774900436401E+02     0.215391230583191E+01
     0.434315490722656E+01     0.192350494861603E+01     0.108770923614502E+02     0.215740108489990E+01
     0.436012029647827E+01     0.192431199550629E+01     0.108689107894897E+02     0.215806579589844E+01
     0.437708568572998E+01     0.192742443084717E+01     0.108699674606323E+02     0.216200423240662E+01
     0.439405107498169E+01     0.192925310134888E+01     0.108660497665405E+02     0.216412663459778E+01
     0.441101646423340E+01     0.193153846263885E+01     0.108640518188477E+02     0.216690301895142E+01
     0.442798185348511E+01     0.193273317813873E+01     0.108578252792358E+02     0.216813325881958E+01
     0.444494724273682E+01     0.193367671966553E+01     0.108507003784180E+02     0.216900944709778E+01
     0.446191263198853E+01     0.193728101253510E+01     0.108542556762695E+02     0.217367744445801E+01
     0.447887849807739E+01     0.193874013423920E+01     0.108493785858154E+02     0.217529630661011E+01
     0.449584388732910E+01     0.193927717208862E+01     0.108409223556519E+02     0.217560362815857E+01
     0.451280927658081E+01     0.194196987152100E+01     0.108411521911621E+02     0.217898917198181E+01
     0.452977466583252E+01     0.194207739830017E+01     0.108311662673950E+02     0.217868924140930E+01
     0.454674005508423E+01     0.194403100013733E+01     0.108286352157593E+02     0.218102788925171E+01
     0.456370544433594E+01     0.194531178474426E+01     0.108235101699829E+02     0.218240952491760E+01
     0.458067083358765E+01     0.194644749164581E+01     0.108178949356079E+02     0.218358659744263E+01
     0.459763622283936E+01     0.194972336292267E+01     0.108209276199341E+02     0.218783116340637E+01
     0.461460208892822E+01     0.195072865486145E+01     0.108149671554565E+02     0.218882942199707E+01
     0.463156747817993E+01     0.195225930213928E+01     0.108111972808838E+02     0.219058370590210E+01
     0.464853286743164E+01     0.195444583892822E+01     0.108101453781128E+02     0.219328284263611E+01
     0.466549825668335E+01     0.195475685596466E+01     0.108016548156738E+02     0.219329452514648E+01
     0.468246364593506E+01     0.195623254776001E+01     0.107979192733765E+02     0.219498062133789E+01
     0.469942903518677E+01     0.195837056636810E+01     0.107969312667847E+02     0.219762253761292E+01
     0.471639442443848E+01     0.196028912067413E+01     0.107951488494873E+02     0.219995379447937E+01
     0.473335981369019E+01     0.196037137508392E+01     0.107860555648804E+02     0.219964671134949E+01
     0.475032567977905E+01     0.196131789684296E+01     0.107805194854736E+02     0.220058536529541E+01
     0.476729106903076E+01     0.196205723285675E+01     0.107742280960083E+02     0.220122838020325E+01
     0.478425645828247E+01     0.196414613723755E+01     0.107734518051147E+02     0.220381927490234E+01
     0.480122184753418E+01     0.196511757373810E+01     0.107682514190674E+02     0.220480298995972E+01
     0.481818723678589E+01     0.196615004539490E+01     0.107633733749390E+02     0.220587801933289E+01
     0.483515262603760E+01     0.196753025054932E+01     0.107599754333496E+02     0.220745778083801E+01
     0.485211801528931E+01     0.196874868869781E+01     0.107560005187988E+02     0.220880722999573E+01
     0.486908340454102E+01     0.197039747238159E+01     0.107538423538208E+02     0.221078228950500E+01
     0.488604927062988E+01     0.197172951698303E+01     0.107504787445068E+02     0.221230316162109E+01
     0.490301465988159E+01     0.197281551361084E+01     0.107461929321289E+02     0.221347117424011E+01
     0.491998004913330E+01     0.197533416748047E+01     0.107477970123291E+02     0.221671748161316E+01
     0.493694543838501E+01     0.197442388534546E+01     0.107355508804321E+02     0.221499991416931E+01
     0.495391082763672E+01     0.197612118721008E+01     0.107339630126953E+02     0.221706295013428E+01
     0.497087621688843E+01     0.197682821750641E+01     0.107284240722656E+02     0.221769356727600E+01
     0.498784160614014E+01     0.197828388214111E+01     0.107259988784790E+02     0.221941328048706E+01
     0.500480699539185E+01     0.197897648811340E+01     0.107205390930176E+02     0.222002840042114E+01
     0.502177238464355E+01     0.198081803321838E+01     0.107198286056519E+02     0.222231554985046E+01
     0.503873825073242E+01     0.198164367675781E+01     0.107150468826294E+02     0.222312974929810E+01
     0.505570363998413E+01     0.198193907737732E+01     0.107081689834595E+02     0.222317552566528E+01
     0.507266902923584E+01     0.198453807830811E+01     0.107107658386230E+02     0.222657585144043E+01
     0.508963441848755E+01     0.198424530029297E+01     0.107016115188599E+02     0.222577023506165E+01
     0.510659980773926E+01     0.198494350910187E+01     0.106965742111206E+02     0.222640967369080E+01
     0.512356519699097E+01     0.198713028430939E+01     0.106976947784424E+02     0.222922158241272E+01
     0.514053058624268E+01     0.198793649673462E+01     0.106932296752930E+02     0.223002457618713E+01
     0.515749597549438E+01     0.198924815654755E+01     0.106909027099609E+02     0.223156785964966E+01
     0.517446184158325E+01     0.198857212066650E+01     0.106804819107056E+02     0.223021245002747E+01
     0.519142723083496E+01     0.199009287357330E+01     0.106791372299194E+02     0.223206639289856E+01
     0.520839262008667E+01     0.199139928817749E+01     0.106769790649414E+02     0.223361086845398E+01
     0.522535800933838E+01     0.199180889129639E+01     0.106711950302124E+02     0.223384737968445E+01
     0.524232339859009E+01     0.199283277988434E+01     0.106680002212524E+02     0.223498463630676E+01
     0.525928878784180E+01     0.199315667152405E+01     0.106619825363159E+02     0.223510050773621E+01
     0.527625417709351E+01     0.199471759796143E+01     0.106611223220825E+02     0.223702955245972E+01
     0.529321956634521E+01     0.199551069736481E+01     0.106571578979492E+02     0.223783755302429E+01
     0.531018543243408E+01     0.199638319015503E+01     0.106535806655884E+02     0.223876428604126E+01
     0.532715082168579E+01     0.199709975719452E+01     0.106494150161743E+02     0.223946523666382E+01
     0.534411621093750E+01     0.199764060974121E+01     0.106446533203125E+02     0.223991441726685E+01
     0.536108160018921E+01     0.199873864650726E+01     0.106422643661499E+02     0.224118423461914E+01
     0.537804698944092E+01     0.199938750267029E+01     0.106380681991577E+02     0.224179720878601E+01
     0.539501237869263E+01     0.199994897842407E+01     0.106335592269897E+02     0.224228382110596E+01
     0.541197776794434E+01     0.200068163871765E+01     0.106298122406006E+02     0.224302458763123E+01
     0.542894315719604E+01     0.200199580192566E+01     0.106285305023193E+02     0.224462223052979E+01
     0.544590902328491E+01     0.200222921371460E+01     0.106228122711182E+02     0.224463319778442E+01
     0.546287441253662E+01     0.200169515609741E+01     0.106139545440674E+02     0.224351692199707E+01
     0.547983980178833E+01     0.200381612777710E+01     0.106161842346191E+02     0.224630999565125E+01
     0.549680519104004E+01     0.200457143783569E+01     0.106127891540527E+02     0.224709606170654E+01
     0.551377058029175E+01     0.200467967987061E+01     0.106067476272583E+02     0.224693083763123E+01
     0.553073596954346E+01     0.200582766532898E+01     0.106050910949707E+02     0.224830007553101E+01
     0.554770135879517E+01     0.200619292259216E+01     0.106002197265625E+02     0.224851799011230E+01
     0.556466674804688E+01     0.200623202323914E+01     0.105940351486206E+02     0.224825644493103E+01
     0.558163261413574E+01     0.200728178024292E+01     0.105921192169189E+02     0.224948811531067E+01
     0.559859800338745E+01     0.200770473480225E+01     0.105876359939575E+02     0.224979734420776E+01
     0.561556339263916E+01     0.200863909721375E+01     0.105853404998779E+02     0.225086402893066E+01
     0.563252878189087E+01     0.200840973854065E+01     0.105782203674316E+02     0.225021362304688E+01
     0.564949417114258E+01     0.200986289978027E+01     0.105781974792480E+02     0.225205206871033E+01
     0.566645956039429E+01     0.200983548164368E+01     0.105720148086548E+02     0.225170373916626E+01
     0.568342494964600E+01     0.201039600372314E+01     0.105683450698853E+02     0.225222706794739E+01
     0.570039033889771E+01     0.201086878776550E+01     0.105643548965454E+02     0.225262284278870E+01
     0.571735620498657E+01     0.201152110099792E+01     0.105611648559570E+02     0.225328636169434E+01
     0.573432159423828E+01     0.201210069656372E+01     0.105577278137207E+02     0.225384521484375E+01
     0.575128698348999E+01     0.201250767707825E+01     0.105536193847656E+02     0.225415086746216E+01
     0.576825237274170E+01     0.201083898544312E+01     0.105408229827881E+02     0.225138187408447E+01
     0.578521776199341E+01     0.201373553276062E+01     0.105472822189331E+02     0.225538229942322E+01
     0.580218315124512E+01     0.201164436340332E+01     0.105327816009521E+02     0.225198864936829E+01
     0.581914854049683E+01     0.201221895217896E+01     0.105295495986938E+02     0.225254988670349E+01
     0.583611392974854E+01     0.201526093482971E+01     0.105367784500122E+02     0.225677657127380E+01
     0.585307979583740E+01     0.201535749435425E+01     0.105316219329834E+02     0.225663375854492E+01
     0.587004518508911E+01     0.201572227478027E+01     0.105276432037354E+02     0.225689125061035E+01
     0.588701057434082E+01     0.201651692390442E+01     0.105255270004272E+02     0.225778961181641E+01
     0.590397596359253E+01     0.201688385009766E+01     0.105216426849365E+02     0.225805425643921E+01
     0.592094135284424E+01     0.201676154136658E+01     0.105157251358032E+02     0.225759363174438E+01
     0.593790674209595E+01     0.201511883735657E+01     0.105034084320068E+02     0.225487208366394E+01
     0.595487213134766E+01     0.201799798011780E+01     0.105103092193604E+02     0.225888133049011E+01
     0.597183752059937E+01     0.201592874526978E+01     0.104965286254883E+02     0.225554156303406E+01
     0.598880338668823E+01     0.201848578453064E+01     0.105036392211914E+02     0.225915408134460E+01
     0.600576877593994E+01     0.201894044876099E+01     0.105013360977173E+02     0.225961136817932E+01
     0.602273416519165E+01     0.201923990249634E+01     0.104982862472534E+02     0.225983285903931E+01
     0.603969955444336E+01     0.201954960823059E+01     0.104952106475830E+02     0.226006579399109E+01
     0.605666494369507E+01     0.201984071731567E+01     0.104920186996460E+02     0.226026916503906E+01
     0.607363033294678E+01     0.201767754554749E+01     0.104783535003662E+02     0.225681138038635E+01
     0.609059572219849E+01     0.202041387557983E+01     0.104855499267578E+02     0.226065945625305E+01
     0.610756111145020E+01     0.202071070671082E+01     0.104823551177979E+02     0.226086950302124E+01
     0.612452697753906E+01     0.202092695236206E+01     0.104788217544556E+02     0.226095914840698E+01
     0.614149236679077E+01     0.202105474472046E+01     0.104749202728271E+02     0.226091742515564E+01
     0.615845775604248E+01     0.201907324790955E+01     0.104620227813721E+02     0.225772595405579E+01
     0.617542314529419E+01     0.201930189132690E+01     0.104585762023926E+02     0.225783491134644E+01
     0.619238853454590E+01     0.202194285392761E+01     0.104654655456543E+02     0.226154971122742E+01
     0.620935392379761E+01     0.202218508720398E+01     0.104621210098267E+02     0.226168179512024E+01
     0.622631931304932E+01     0.202256703376770E+01     0.104593973159790E+02     0.226202392578125E+01
     0.624328470230103E+01     0.202035069465637E+01     0.104455575942993E+02     0.225848054885864E+01
     0.626025009155273E+01     0.202056121826172E+01     0.104421367645264E+02     0.225856733322144E+01
     0.627721595764160E+01     0.202074241638184E+01     0.104386138916016E+02     0.225861144065857E+01
     0.629418134689331E+01     0.202328705787659E+01     0.104452619552612E+02     0.226219463348389E+01
     0.631114673614502E+01     0.202369213104248E+01     0.104427585601807E+02     0.226257777214050E+01
     0.632811212539673E+01     0.202138638496399E+01     0.104286222457886E+02     0.225890111923218E+01
     0.634507751464844E+01     0.202167415618896E+01     0.104256553649902E+02     0.225910949707031E+01
     0.636204290390015E+01     0.202420234680176E+01     0.104323616027832E+02     0.226267743110657E+01
     0.637900829315186E+01     0.202208185195923E+01     0.104190807342529E+02     0.225927925109863E+01
     0.639597368240356E+01     0.202453255653381E+01     0.104255170822144E+02     0.226273536682129E+01
     0.641293954849243E+01     0.202248668670654E+01     0.104125976562500E+02     0.225944972038269E+01
     0.642990493774414E+01     0.202494430541992E+01     0.104191274642944E+02     0.226292061805725E+01
     0.644687032699585E+01     0.202523756027222E+01     0.104163522720337E+02     0.226314663887024E+01
     0.646383571624756E+01     0.202289724349976E+01     0.104022226333618E+02     0.225942063331604E+01
     0.648080110549927E+01     0.202310514450073E+01     0.103991222381592E+02     0.225951981544495E+01
     0.649776649475098E+01     0.202569246292114E+01     0.104063444137573E+02     0.226319456100464E+01
     0.651473188400269E+01     0.202350473403931E+01     0.103929338455200E+02     0.225969910621643E+01
     0.653169727325439E+01     0.202599120140076E+01     0.103997859954834E+02     0.226322674751282E+01
     0.654866313934326E+01     0.202376532554626E+01     0.103862495422363E+02     0.225967431068420E+01
     0.656562852859497E+01     0.202393054962158E+01     0.103830986022949E+02     0.225971674919128E+01
     0.658259391784668E+01     0.202646136283875E+01     0.103902416229248E+02     0.226331830024719E+01
     0.659955930709839E+01     0.202659368515015E+01     0.103870077133179E+02     0.226331496238708E+01
     0.661652469635010E+01     0.202433896064758E+01     0.103734245300293E+02     0.225972104072571E+01
     0.663349008560181E+01     0.202674365043640E+01     0.103801155090332E+02     0.226313924789429E+01
     0.665045547485352E+01     0.202656531333923E+01     0.103756055831909E+02     0.226267194747925E+01
     0.666742086410522E+01     0.202470397949219E+01     0.103637952804565E+02     0.225967192649841E+01
     0.668438673019409E+01     0.202479362487793E+01     0.103604974746704E+02     0.225960993766785E+01
     0.670135211944580E+01     0.202683973312378E+01     0.103657512664795E+02     0.226249694824219E+01
     0.671831750869751E+01     0.202501821517944E+01     0.103541755676270E+02     0.225955843925476E+01
     0.673528289794922E+01     0.202505993843079E+01     0.103507452011108E+02     0.225942826271057E+01
     0.675224828720093E+01     0.202679181098938E+01     0.103547182083130E+02     0.226184797286987E+01
     0.676921367645264E+01     0.202761411666870E+01     0.103547563552856E+02     0.226289820671082E+01
     0.678617906570435E+01     0.202766919136047E+01     0.103514652252197E+02     0.226279306411743E+01
     0.680314445495605E+01     0.202543377876282E+01     0.103381757736206E+02     0.225923347473145E+01
     0.682011032104492E+01     0.202548575401306E+01     0.103349151611328E+02     0.225912570953369E+01
     0.683707571029663E+01     0.202648162841797E+01     0.103358078002930E+02     0.226044344902039E+01
     0.685404109954834E+01     0.202565431594849E+01     0.103287477493286E+02     0.225901126861572E+01
     0.687100648880005E+01     0.202571487426758E+01     0.103255968093872E+02     0.225891995429993E+01
     0.688797187805176E+01     0.202577280998230E+01     0.103224573135376E+02     0.225882625579834E+01
     0.690493726730347E+01     0.202582979202271E+01     0.103193264007568E+02     0.225873160362244E+01
     0.692190265655518E+01     0.202587509155273E+01     0.103166799545288E+02     0.225864839553833E+01
     0.693886804580688E+01     0.202590394020081E+01     0.103144512176514E+02     0.225856614112854E+01
     0.695583391189575E+01     0.202614593505859E+01     0.103130455017090E+02     0.225880002975464E+01
     0.697279930114746E+01     0.202594232559204E+01     0.103096342086792E+02     0.225835776329041E+01
     0.698976469039917E+01     0.202687001228333E+01     0.103111610412598E+02     0.225962424278259E+01
     0.700673007965088E+01     0.202602148056030E+01     0.103048534393311E+02     0.225820374488831E+01
     0.702369546890259E+01     0.202647638320923E+01     0.103042621612549E+02     0.225875329971313E+01
     0.704066085815430E+01     0.202608466148376E+01     0.102999334335327E+02     0.225802183151245E+01
     0.705762624740601E+01     0.202817463874817E+01     0.103065423965454E+02     0.226104521751404E+01
     0.707459163665771E+01     0.202689480781555E+01     0.102982835769653E+02     0.225896930694580E+01
     0.709155750274658E+01     0.202674508094788E+01     0.102950124740601E+02     0.225860357284546E+01
     0.710852289199829E+01     0.202805209159851E+01     0.102981796264648E+02     0.226044344902039E+01
     0.712548828125000E+01     0.202720522880554E+01     0.102918348312378E+02     0.225902271270752E+01
     0.714245367050171E+01     0.202615046501160E+01     0.102845792770386E+02     0.225728726387024E+01
     0.715941905975342E+01     0.202618718147278E+01     0.102821493148804E+02     0.225720453262329E+01
     0.717638444900513E+01     0.202727317810059E+01     0.102843704223633E+02     0.225871229171753E+01
     0.719334983825684E+01     0.202613329887390E+01     0.102767572402954E+02     0.225684857368469E+01
     0.721031522750854E+01     0.202686142921448E+01     0.102774181365967E+02     0.225781559944153E+01
     0.722728109359741E+01     0.202719187736511E+01     0.102763347625732E+02     0.225818085670471E+01
     0.724424648284912E+01     0.202655196189880E+01     0.102709627151489E+02     0.225707626342773E+01
     0.726121187210083E+01     0.202830314636230E+01     0.102762136459351E+02     0.225959753990173E+01
     0.727817726135254E+01     0.202605938911438E+01     0.102637462615967E+02     0.225606179237366E+01
     0.729514265060425E+01     0.202766537666321E+01     0.102683811187744E+02     0.225836515426636E+01
     0.731210803985596E+01     0.202568387985229E+01     0.102571058273315E+02     0.225522804260254E+01
     0.732907342910767E+01     0.202612185478210E+01     0.102565841674805E+02     0.225576162338257E+01
     0.734603881835938E+01     0.202760291099548E+01     0.102607240676880E+02     0.225787925720215E+01
     0.736300468444824E+01     0.202674102783203E+01     0.102544641494751E+02     0.225644302368164E+01
     0.737997007369995E+01     0.202647471427917E+01     0.102508745193481E+02     0.225591135025024E+01
     0.739693546295166E+01     0.202581715583801E+01     0.102455692291260E+02     0.225478696823120E+01
     0.741390085220337E+01     0.202711129188538E+01     0.102489833831787E+02     0.225662779808044E+01
     0.743086624145508E+01     0.202792882919312E+01     0.102503395080566E+02     0.225774836540222E+01
     0.744783163070679E+01     0.202583289146423E+01     0.102387056350708E+02     0.225444412231445E+01
     0.746479701995850E+01     0.202599406242371E+01     0.102370061874390E+02     0.225456142425537E+01
     0.748176240921021E+01     0.202544975280762E+01     0.102321825027466E+02     0.225360798835754E+01
     0.749872779846191E+01     0.202679538726807E+01     0.102358055114746E+02     0.225552701950073E+01
     0.751569366455078E+01     0.202572202682495E+01     0.102286434173584E+02     0.225377082824707E+01
     0.753265905380249E+01     0.202576971054077E+01     0.102265024185181E+02     0.225371956825256E+01
     0.754962444305420E+01     0.202728748321533E+01     0.102309560775757E+02     0.225590419769287E+01
     0.756658983230591E+01     0.202510261535645E+01     0.102188558578491E+02     0.225245976448059E+01
     0.758355522155762E+01     0.202608537673950E+01     0.102209424972534E+02     0.225383305549622E+01
     0.760052061080933E+01     0.202522563934326E+01     0.102147989273071E+02     0.225240492820740E+01
     0.761748600006104E+01     0.202529549598694E+01     0.102128314971924E+02     0.225239181518555E+01
     0.763445138931274E+01     0.202481603622437E+01     0.102084197998047E+02     0.225154352188110E+01
     0.765141725540161E+01     0.202690362930298E+01     0.102155370712280E+02     0.225460267066956E+01
     0.766838264465332E+01     0.202534914016724E+01     0.102063245773315E+02     0.225212025642395E+01
     0.768534803390503E+01     0.202612805366516E+01     0.102076072692871E+02     0.225319027900696E+01
     0.770231342315674E+01     0.202589726448059E+01     0.102043704986572E+02     0.225272417068481E+01
     0.771927881240845E+01     0.202483987808228E+01     0.101974344253540E+02     0.225100040435791E+01
     0.773624420166016E+01     0.202513813972473E+01     0.101966085433960E+02     0.225134205818176E+01
     0.775320959091187E+01     0.202628827095032E+01     0.101996421813965E+02     0.225298237800598E+01
     0.777017498016357E+01     0.202435374259949E+01     0.101888027191162E+02     0.224992465972900E+01
     0.778714084625244E+01     0.202476668357849E+01     0.101885080337524E+02     0.225044226646423E+01
     0.780410623550415E+01     0.202622079849243E+01     0.101928739547729E+02     0.225254440307617E+01
     0.782107162475586E+01     0.202585816383362E+01     0.101890602111816E+02     0.225187921524048E+01
     0.783803701400757E+01     0.202477264404297E+01     0.101819944381714E+02     0.225011277198792E+01
     0.785500240325928E+01     0.202462720870972E+01     0.101791868209839E+02     0.224977993965149E+01
     0.787196779251099E+01     0.202536082267761E+01     0.101803655624390E+02     0.225078845024109E+01
     0.788893318176270E+01     0.202365183830261E+01     0.101705179214478E+02     0.224807310104370E+01
     0.790589857101440E+01     0.202422523498535E+01     0.101709957122803E+02     0.224883866310120E+01
     0.792286443710327E+01     0.202365684509277E+01     0.101663274765015E+02     0.224786424636841E+01
     0.793982982635498E+01     0.202372264862061E+01     0.101645383834839E+02     0.224785757064819E+01
     0.795679521560669E+01     0.202358031272888E+01     0.101618213653564E+02     0.224753427505493E+01
     0.797376060485840E+01     0.202434515953064E+01     0.101632280349731E+02     0.224859619140625E+01
     0.799072599411011E+01     0.202397775650024E+01     0.101595172882080E+02     0.224793124198914E+01
     0.800769138336182E+01     0.202314138412476E+01     0.101536903381348E+02     0.224655079841614E+01
     0.802465724945068E+01     0.202319502830505E+01     0.101519126892090E+02     0.224652981758118E+01
     0.804162216186523E+01     0.202225852012634E+01     0.101456565856934E+02     0.224499821662903E+01
     0.805858802795410E+01     0.202328300476074E+01     0.101483078002930E+02     0.224646091461182E+01
     0.807555294036865E+01     0.202362775802612E+01     0.101478872299194E+02     0.224688673019409E+01
     0.809251880645752E+01     0.202283000946045E+01     0.101424827575684E+02     0.224557876586914E+01
     0.810948371887207E+01     0.202196741104126E+01     0.101369962692261E+02     0.224418187141418E+01
     0.812644958496094E+01     0.202203798294067E+01     0.101357202529907E+02     0.224420928955078E+01
     0.814341545104980E+01     0.202254247665405E+01     0.101364059448242E+02     0.224489903450012E+01
     0.816038036346436E+01     0.202221584320068E+01     0.101332998275757E+02     0.224431848526001E+01
     0.817734622955322E+01     0.202228116989136E+01     0.101319732666016E+02     0.224433684349060E+01
     0.819431114196777E+01     0.202165079116821E+01     0.101274728775024E+02     0.224329185485840E+01
     0.821127700805664E+01     0.202156448364258E+01     0.101254491806030E+02     0.224307847023010E+01
     0.822824192047119E+01     0.202290415763855E+01     0.101299362182617E+02     0.224504518508911E+01
     0.824520778656006E+01     0.202108955383301E+01     0.101200256347656E+02     0.224218964576721E+01
     0.826217365264893E+01     0.202164006233215E+01     0.101209135055542E+02     0.224295067787170E+01
     0.827913856506348E+01     0.202220273017883E+01     0.101218652725220E+02     0.224373078346252E+01
     0.829610443115234E+01     0.202244949340820E+01     0.101213808059692E+02     0.224402832984924E+01
     0.831306934356689E+01     0.202210497856140E+01     0.101181955337524E+02     0.224342179298401E+01
     0.833003520965576E+01     0.202139353752136E+01     0.101133327484131E+02     0.224225401878357E+01
     0.834700012207031E+01     0.202018189430237E+01     0.101061878204346E+02     0.224032115936279E+01
     0.836396598815918E+01     0.201994943618774E+01     0.101035280227661E+02     0.223988723754883E+01
     0.838093090057373E+01     0.202081584930420E+01     0.101059045791626E+02     0.224113512039185E+01
     0.839789676666260E+01     0.202010250091553E+01     0.101010532379150E+02     0.223996567726135E+01
     0.841486263275146E+01     0.202085041999817E+01     0.101029062271118E+02     0.224103331565857E+01
     0.843182754516602E+01     0.202116298675537E+01     0.101027755737305E+02     0.224143552780151E+01
     0.844879341125488E+01     0.201956820487976E+01     0.100938940048218E+02     0.223891806602478E+01
     0.846575832366943E+01     0.202074766159058E+01     0.100977563858032E+02     0.224064850807190E+01
