 0.648720E+00   0.350221E-02   0.195111E+01   0.346547E-02
 0.670344E+00   0.116309E-01   0.289674E+01   0.115304E-01
 0.691968E+00   0.232855E-01   0.363346E+01   0.231257E-01
 0.713592E+00   0.377976E-01   0.424988E+01   0.376107E-01
 0.735216E+00   0.548510E-01   0.478892E+01   0.546903E-01
 0.756840E+00   0.740318E-01   0.526755E+01   0.739677E-01
 0.778464E+00   0.954217E-01   0.570655E+01   0.955451E-01
 0.800088E+00   0.118004E+00   0.609648E+01   0.118407E+00
 0.821712E+00   0.142395E+00   0.646101E+01   0.143195E+00
 0.843336E+00   0.168796E+00   0.680840E+01   0.170131E+00
 0.864960E+00   0.195362E+00   0.711759E+01   0.197343E+00
 0.886584E+00   0.222868E+00   0.740667E+01   0.225627E+00
 0.908208E+00   0.250280E+00   0.766492E+01   0.253917E+00
 0.929832E+00   0.279499E+00   0.791950E+01   0.284195E+00
 0.951456E+00   0.309726E+00   0.816200E+01   0.315644E+00
 0.973080E+00   0.340323E+00   0.838772E+01   0.347605E+00
 0.994704E+00   0.371154E+00   0.859894E+01   0.379940E+00
 0.101633E+01   0.394105E+00   0.874993E+01   0.404102E+00
 0.103795E+01   0.417343E+00   0.888985E+01   0.428625E+00
 0.105958E+01   0.443606E+00   0.904385E+01   0.456436E+00
 0.108120E+01   0.470564E+00   0.919228E+01   0.485076E+00
 0.110282E+01   0.497810E+00   0.933190E+01   0.514113E+00
 0.112445E+01   0.526869E+00   0.947702E+01   0.545202E+00
 0.114607E+01   0.556266E+00   0.961699E+01   0.576770E+00
 0.116770E+01   0.583331E+00   0.973817E+01   0.605932E+00
 0.118932E+01   0.610526E+00   0.985140E+01   0.635320E+00
 0.121094E+01   0.639469E+00   0.997039E+01   0.666722E+00
 0.123257E+01   0.668689E+00   0.100847E+02   0.698537E+00
 0.125419E+01   0.697208E+00   0.101879E+02   0.729690E+00
 0.127582E+01   0.726878E+00   0.102939E+02   0.762227E+00
 0.129744E+01   0.757458E+00   0.104009E+02   0.795898E+00
 0.131906E+01   0.787641E+00   0.105007E+02   0.829254E+00
 0.134069E+01   0.817769E+00   0.105959E+02   0.862674E+00
 0.136231E+01   0.847986E+00   0.106877E+02   0.896322E+00
 0.138394E+01   0.876992E+00   0.107689E+02   0.928728E+00
 0.140556E+01   0.908078E+00   0.108594E+02   0.963619E+00
 0.142718E+01   0.937935E+00   0.109401E+02   0.997248E+00
 0.144881E+01   0.965797E+00   0.110071E+02   0.102872E+01
 0.147043E+01   0.991524E+00   0.110755E+02   0.105792E+01
 0.149206E+01   0.101362E+01   0.111274E+02   0.108305E+01
 0.151368E+01   0.103752E+01   0.111829E+02   0.111032E+01
 0.153530E+01   0.106267E+01   0.112413E+02   0.113912E+01
 0.155693E+01   0.108835E+01   0.112998E+02   0.116863E+01
 0.157855E+01   0.111175E+01   0.113435E+02   0.119556E+01
 0.160018E+01   0.113735E+01   0.113975E+02   0.122516E+01
 0.162180E+01   0.116253E+01   0.114477E+02   0.125435E+01
 0.164342E+01   0.118765E+01   0.114963E+02   0.128358E+01
 0.166505E+01   0.121252E+01   0.115424E+02   0.131262E+01
 0.168667E+01   0.123715E+01   0.115865E+02   0.134147E+01
 0.170830E+01   0.126089E+01   0.116249E+02   0.136935E+01
 0.172992E+01   0.128512E+01   0.116653E+02   0.139790E+01
 0.175154E+01   0.130963E+01   0.117070E+02   0.142691E+01
 0.177317E+01   0.133190E+01   0.117388E+02   0.145331E+01
 0.179479E+01   0.135596E+01   0.117815E+02   0.148199E+01
 0.181642E+01   0.137840E+01   0.118147E+02   0.150879E+01
 0.183804E+01   0.139908E+01   0.118386E+02   0.153353E+01
 0.185966E+01   0.142051E+01   0.118663E+02   0.155925E+01
 0.188129E+01   0.144271E+01   0.118975E+02   0.158601E+01
 0.190291E+01   0.146422E+01   0.119255E+02   0.161201E+01
 0.192454E+01   0.148508E+01   0.119505E+02   0.163730E+01
 0.194616E+01   0.150512E+01   0.119715E+02   0.166163E+01
 0.196778E+01   0.152500E+01   0.119969E+02   0.168589E+01
 0.198941E+01   0.154374E+01   0.120196E+02   0.170882E+01
 0.201103E+01   0.156122E+01   0.120350E+02   0.173021E+01
 0.203266E+01   0.158010E+01   0.120568E+02   0.175343E+01
 0.205428E+01   0.159792E+01   0.120735E+02   0.177537E+01
 0.207590E+01   0.161662E+01   0.120943E+02   0.179850E+01
 0.209753E+01   0.163350E+01   0.121066E+02   0.181938E+01
 0.211915E+01   0.165014E+01   0.121182E+02   0.184002E+01
 0.214078E+01   0.166651E+01   0.121326E+02   0.186039E+01
 0.216240E+01   0.168272E+01   0.121458E+02   0.188061E+01
 0.218402E+01   0.169907E+01   0.121595E+02   0.190106E+01
 0.220565E+01   0.171410E+01   0.121671E+02   0.191987E+01
 0.222727E+01   0.172968E+01   0.121778E+02   0.193944E+01
 0.224890E+01   0.174615E+01   0.121929E+02   0.196021E+01
 0.227052E+01   0.176123E+01   0.122020E+02   0.197924E+01
 0.229214E+01   0.177533E+01   0.122069E+02   0.199703E+01
 0.231377E+01   0.178999E+01   0.122152E+02   0.201561E+01
 0.233539E+01   0.180432E+01   0.122224E+02   0.203380E+01
 0.235702E+01   0.181894E+01   0.122317E+02   0.205244E+01
 0.237864E+01   0.183270E+01   0.122374E+02   0.206998E+01
 0.240026E+01   0.184459E+01   0.122351E+02   0.208510E+01
 0.242189E+01   0.185720E+01   0.122367E+02   0.210120E+01
 0.244351E+01   0.187207E+01   0.122500E+02   0.212036E+01
 0.246514E+01   0.188460E+01   0.122527E+02   0.213645E+01
 0.248676E+01   0.189585E+01   0.122501E+02   0.215087E+01
 0.250838E+01   0.190829E+01   0.122538E+02   0.216692E+01
 0.253001E+01   0.192086E+01   0.122589E+02   0.218319E+01
 0.255163E+01   0.193123E+01   0.122543E+02   0.219654E+01
 0.257326E+01   0.194352E+01   0.122615E+02   0.221253E+01
 0.259488E+01   0.195443E+01   0.122627E+02   0.222670E+01
 0.261650E+01   0.196354E+01   0.122594E+02   0.223850E+01
 0.263813E+01   0.197445E+01   0.122645E+02   0.225275E+01
 0.265975E+01   0.198439E+01   0.122650E+02   0.226572E+01
 0.268138E+01   0.199396E+01   0.122640E+02   0.227822E+01
 0.270300E+01   0.200258E+01   0.122587E+02   0.228942E+01
 0.272462E+01   0.201098E+01   0.122530E+02   0.230034E+01
 0.274625E+01   0.202203E+01   0.122603E+02   0.231494E+01
 0.276787E+01   0.202986E+01   0.122528E+02   0.232513E+01
 0.278950E+01   0.203998E+01   0.122567E+02   0.233851E+01
 0.281112E+01   0.204857E+01   0.122540E+02   0.234980E+01
 0.283274E+01   0.205627E+01   0.122475E+02   0.235986E+01
 0.285437E+01   0.206434E+01   0.122434E+02   0.237047E+01
 0.287599E+01   0.207337E+01   0.122444E+02   0.238244E+01
 0.289762E+01   0.208168E+01   0.122427E+02   0.239344E+01
 0.291924E+01   0.208937E+01   0.122384E+02   0.240358E+01
 0.294086E+01   0.209656E+01   0.122325E+02   0.241306E+01
 0.296249E+01   0.210340E+01   0.122256E+02   0.242206E+01
 0.298411E+01   0.211077E+01   0.122216E+02   0.243181E+01
 0.300574E+01   0.211786E+01   0.122169E+02   0.244121E+01
 0.302736E+01   0.212467E+01   0.122123E+02   0.245023E+01
 0.304898E+01   0.213039E+01   0.122034E+02   0.245773E+01
 0.307061E+01   0.213897E+01   0.122084E+02   0.246932E+01
 0.309223E+01   0.214383E+01   0.121960E+02   0.247561E+01
 0.311386E+01   0.215019E+01   0.121913E+02   0.248407E+01
 0.313548E+01   0.215658E+01   0.121872E+02   0.249260E+01
 0.315710E+01   0.216198E+01   0.121789E+02   0.249971E+01
 0.317873E+01   0.216980E+01   0.121825E+02   0.251031E+01
 0.320035E+01   0.217414E+01   0.121700E+02   0.251593E+01
 0.322198E+01   0.218108E+01   0.121704E+02   0.252530E+01
 0.324360E+01   0.218522E+01   0.121580E+02   0.253067E+01
 0.326522E+01   0.219109E+01   0.121542E+02   0.253854E+01
 0.328685E+01   0.219631E+01   0.121478E+02   0.254548E+01
 0.330847E+01   0.220059E+01   0.121373E+02   0.255108E+01
 0.333010E+01   0.220647E+01   0.121352E+02   0.255900E+01
 0.335172E+01   0.221193E+01   0.121315E+02   0.256635E+01
 0.337334E+01   0.221577E+01   0.121202E+02   0.257133E+01
 0.339497E+01   0.222146E+01   0.121186E+02   0.257904E+01
 0.341659E+01   0.222442E+01   0.121040E+02   0.258277E+01
 0.343822E+01   0.223067E+01   0.121073E+02   0.259135E+01
 0.345984E+01   0.223478E+01   0.121001E+02   0.259680E+01
 0.348146E+01   0.223847E+01   0.120913E+02   0.260165E+01
 0.350309E+01   0.224145E+01   0.120793E+02   0.260545E+01
 0.352471E+01   0.224513E+01   0.120709E+02   0.261029E+01
 0.354634E+01   0.225046E+01   0.120711E+02   0.261759E+01
 0.356796E+01   0.225498E+01   0.120676E+02   0.262369E+01
 0.358958E+01   0.225667E+01   0.120507E+02   0.262562E+01
 0.361121E+01   0.226077E+01   0.120468E+02   0.263115E+01
 0.363283E+01   0.226509E+01   0.120442E+02   0.263701E+01
 0.365446E+01   0.226788E+01   0.120341E+02   0.264060E+01
 0.367608E+01   0.227237E+01   0.120328E+02   0.264672E+01
 0.369770E+01   0.227417E+01   0.120186E+02   0.264887E+01
 0.371933E+01   0.227852E+01   0.120171E+02   0.265480E+01
 0.374095E+01   0.228168E+01   0.120102E+02   0.265898E+01
 0.376258E+01   0.228452E+01   0.120018E+02   0.266268E+01
 0.378420E+01   0.228634E+01   0.119887E+02   0.266486E+01
 0.380582E+01   0.229026E+01   0.119864E+02   0.267020E+01
 0.382745E+01   0.229333E+01   0.119802E+02   0.267426E+01
 0.384907E+01   0.229589E+01   0.119717E+02   0.267758E+01
 0.387070E+01   0.229731E+01   0.119580E+02   0.267919E+01
 0.389232E+01   0.229994E+01   0.119504E+02   0.268262E+01
 0.391394E+01   0.230244E+01   0.119425E+02   0.268585E+01
 0.393557E+01   0.230496E+01   0.119351E+02   0.268913E+01
 0.395719E+01   0.230957E+01   0.119383E+02   0.269556E+01
 0.397882E+01   0.231032E+01   0.119226E+02   0.269619E+01
 0.400044E+01   0.231401E+01   0.119218E+02   0.270126E+01
 0.402206E+01   0.231465E+01   0.119061E+02   0.270173E+01
 0.404369E+01   0.231748E+01   0.119016E+02   0.270551E+01
 0.406531E+01   0.232093E+01   0.119004E+02   0.271023E+01
 0.408694E+01   0.232275E+01   0.118914E+02   0.271250E+01
 0.410856E+01   0.232390E+01   0.118793E+02   0.271375E+01
 0.413018E+01   0.232592E+01   0.118718E+02   0.271634E+01
 0.415181E+01   0.232905E+01   0.118701E+02   0.272062E+01
 0.417343E+01   0.233113E+01   0.118634E+02   0.272329E+01
 0.419506E+01   0.233239E+01   0.118528E+02   0.272474E+01
 0.421668E+01   0.233353E+01   0.118418E+02   0.272600E+01
 0.423830E+01   0.233627E+01   0.118392E+02   0.272971E+01
 0.425993E+01   0.233726E+01   0.118280E+02   0.273074E+01
 0.428155E+01   0.233927E+01   0.118225E+02   0.273336E+01
 0.430318E+01   0.233974E+01   0.118095E+02   0.273363E+01
 0.432480E+01   0.234297E+01   0.118105E+02   0.273812E+01
 0.434642E+01   0.234273E+01   0.117941E+02   0.273730E+01
 0.436805E+01   0.234564E+01   0.117940E+02   0.274132E+01
 0.438967E+01   0.234673E+01   0.117848E+02   0.274255E+01
 0.441130E+01   0.234902E+01   0.117820E+02   0.274563E+01
 0.443292E+01   0.234955E+01   0.117703E+02   0.274600E+01
 0.445454E+01   0.235118E+01   0.117644E+02   0.274806E+01
 0.447617E+01   0.235236E+01   0.117566E+02   0.274945E+01
 0.449779E+01   0.235313E+01   0.117473E+02   0.275022E+01
 0.451942E+01   0.235455E+01   0.117414E+02   0.275200E+01
 0.454104E+01   0.235598E+01   0.117356E+02   0.275379E+01
 0.456266E+01   0.235727E+01   0.117292E+02   0.275537E+01
 0.458429E+01   0.235720E+01   0.117161E+02   0.275485E+01
 0.460591E+01   0.235882E+01   0.117117E+02   0.275694E+01
 0.462754E+01   0.236078E+01   0.117094E+02   0.275958E+01
 0.464916E+01   0.236094E+01   0.116977E+02   0.275941E+01
 0.467078E+01   0.236183E+01   0.116901E+02   0.276037E+01
 0.469241E+01   0.236241E+01   0.116810E+02   0.276088E+01
 0.471403E+01   0.236345E+01   0.116745E+02   0.276209E+01
 0.473566E+01   0.236543E+01   0.116730E+02   0.276477E+01
 0.475728E+01   0.236557E+01   0.116621E+02   0.276459E+01
 0.477890E+01   0.236602E+01   0.116530E+02   0.276490E+01
 0.480053E+01   0.236801E+01   0.116520E+02   0.276762E+01
 0.482215E+01   0.236753E+01   0.116383E+02   0.276647E+01
 0.484378E+01   0.236977E+01   0.116390E+02   0.276959E+01
 0.486540E+01   0.236912E+01   0.116246E+02   0.276817E+01
 0.488702E+01   0.237005E+01   0.116187E+02   0.276925E+01
 0.490865E+01   0.237137E+01   0.116151E+02   0.277094E+01
 0.493027E+01   0.237104E+01   0.116028E+02   0.277004E+01
 0.495190E+01   0.237307E+01   0.116032E+02   0.277285E+01
 0.497352E+01   0.237329E+01   0.115941E+02   0.277282E+01
 0.499514E+01   0.237309E+01   0.115830E+02   0.277214E+01
 0.501677E+01   0.237498E+01   0.115832E+02   0.277475E+01
 0.503839E+01   0.237426E+01   0.115698E+02   0.277326E+01
 0.506002E+01   0.237484E+01   0.115634E+02   0.277382E+01
 0.508164E+01   0.237544E+01   0.115572E+02   0.277441E+01
 0.510326E+01   0.237627E+01   0.115523E+02   0.277537E+01
 0.512489E+01   0.237651E+01   0.115444E+02   0.277540E+01
 0.514651E+01   0.237714E+01   0.115386E+02   0.277604E+01
 0.516814E+01   0.237841E+01   0.115365E+02   0.277769E+01
 0.518976E+01   0.237795E+01   0.115251E+02   0.277662E+01
 0.521138E+01   0.237879E+01   0.115209E+02   0.277762E+01
 0.523301E+01   0.237974E+01   0.115173E+02   0.277877E+01
 0.525463E+01   0.237856E+01   0.115025E+02   0.277658E+01
 0.527626E+01   0.237982E+01   0.115008E+02   0.277823E+01
 0.529788E+01   0.237899E+01   0.114880E+02   0.277659E+01
 0.531950E+01   0.238041E+01   0.114875E+02   0.277851E+01
 0.534113E+01   0.238135E+01   0.114844E+02   0.277967E+01
 0.536275E+01   0.238093E+01   0.114742E+02   0.277868E+01
 0.538438E+01   0.238011E+01   0.114619E+02   0.277706E+01
 0.540600E+01   0.238074E+01   0.114574E+02   0.277773E+01
 0.542762E+01   0.238073E+01   0.114497E+02   0.277740E+01
 0.544925E+01   0.238130E+01   0.114452E+02   0.277799E+01
 0.547087E+01   0.238102E+01   0.114362E+02   0.277724E+01
 0.549250E+01   0.238139E+01   0.114308E+02   0.277751E+01
 0.551412E+01   0.238244E+01   0.114292E+02   0.277887E+01
 0.553574E+01   0.238258E+01   0.114227E+02   0.277879E+01
 0.555737E+01   0.238207E+01   0.114129E+02   0.277768E+01
 0.557899E+01   0.238250E+01   0.114082E+02   0.277806E+01
 0.560062E+01   0.238224E+01   0.113999E+02   0.277735E+01
 0.562224E+01   0.238216E+01   0.113926E+02   0.277693E+01
 0.564386E+01   0.238241E+01   0.113871E+02   0.277702E+01
 0.566549E+01   0.238353E+01   0.113866E+02   0.277852E+01
 0.568711E+01   0.238329E+01   0.113787E+02   0.277784E+01
 0.570874E+01   0.238374E+01   0.113747E+02   0.277827E+01
 0.573036E+01   0.238252E+01   0.113616E+02   0.277604E+01
 0.575198E+01   0.238397E+01   0.113633E+02   0.277808E+01
 0.577361E+01   0.238422E+01   0.113587E+02   0.277822E+01
 0.579523E+01   0.238390E+01   0.113509E+02   0.277743E+01
 0.581686E+01   0.238308E+01   0.113405E+02   0.277585E+01
 0.583848E+01   0.238324E+01   0.113354E+02   0.277583E+01
 0.586010E+01   0.238340E+01   0.113306E+02   0.277583E+01
 0.588173E+01   0.238385E+01   0.113276E+02   0.277630E+01
 0.590335E+01   0.238386E+01   0.113221E+02   0.277605E+01
 0.592498E+01   0.238368E+01   0.113156E+02   0.277551E+01
 0.594660E+01   0.238335E+01   0.113084E+02   0.277472E+01
 0.596822E+01   0.238363E+01   0.113046E+02   0.277492E+01
 0.598985E+01   0.238355E+01   0.112988E+02   0.277453E+01
 0.601147E+01   0.238271E+01   0.112888E+02   0.277294E+01
 0.603310E+01   0.238367E+01   0.112890E+02   0.277424E+01
 0.605472E+01   0.238194E+01   0.112742E+02   0.277119E+01
 0.607634E+01   0.238275E+01   0.112737E+02   0.277225E+01
 0.609797E+01   0.238293E+01   0.112697E+02   0.277231E+01
 0.611959E+01   0.238204E+01   0.112598E+02   0.277062E+01
 0.614122E+01   0.238239E+01   0.112569E+02   0.277095E+01
 0.616284E+01   0.238210E+01   0.112504E+02   0.277025E+01
 0.618446E+01   0.238266E+01   0.112489E+02   0.277092E+01
 0.620609E+01   0.238250E+01   0.112433E+02   0.277043E+01
 0.622771E+01   0.238078E+01   0.112289E+02   0.276741E+01
 0.624934E+01   0.238182E+01   0.112302E+02   0.276886E+01
 0.627096E+01   0.238092E+01   0.112207E+02   0.276718E+01
 0.629258E+01   0.238153E+01   0.112196E+02   0.276793E+01
 0.631421E+01   0.238096E+01   0.112120E+02   0.276678E+01
 0.633583E+01   0.238043E+01   0.112047E+02   0.276572E+01
 0.635746E+01   0.237995E+01   0.111977E+02   0.276471E+01
 0.637908E+01   0.237969E+01   0.111921E+02   0.276408E+01
 0.640070E+01   0.237951E+01   0.111869E+02   0.276357E+01
 0.642233E+01   0.237911E+01   0.111805E+02   0.276271E+01
 0.644395E+01   0.237936E+01   0.111779E+02   0.276290E+01
 0.646558E+01   0.237876E+01   0.111704E+02   0.276170E+01
 0.648720E+01   0.237981E+01   0.111724E+02   0.276319E+01
 0.650882E+01   0.237917E+01   0.111649E+02   0.276195E+01
 0.653045E+01   0.237870E+01   0.111584E+02   0.276098E+01
 0.655207E+01   0.237776E+01   0.111493E+02   0.275925E+01
 0.657370E+01   0.237768E+01   0.111451E+02   0.275892E+01
 0.659532E+01   0.237734E+01   0.111395E+02   0.275817E+01
 0.661694E+01   0.237695E+01   0.111336E+02   0.275733E+01
 0.663857E+01   0.237778E+01   0.111348E+02   0.275848E+01
 0.666019E+01   0.237742E+01   0.111292E+02   0.275770E+01
 0.668182E+01   0.237573E+01   0.111160E+02   0.275475E+01
 0.670344E+01   0.237579E+01   0.111129E+02   0.275466E+01
 0.672506E+01   0.237668E+01   0.111146E+02   0.275591E+01
 0.674669E+01   0.237526E+01   0.111032E+02   0.275342E+01
 0.676831E+01   0.237502E+01   0.110986E+02   0.275285E+01
 0.678994E+01   0.237564E+01   0.110990E+02   0.275368E+01
 0.681156E+01   0.237509E+01   0.110927E+02   0.275259E+01
 0.683318E+01   0.237455E+01   0.110865E+02   0.275154E+01
 0.685481E+01   0.237367E+01   0.110783E+02   0.274992E+01
 0.687643E+01   0.237431E+01   0.110790E+02   0.275079E+01
 0.689806E+01   0.237326E+01   0.110699E+02   0.274890E+01
 0.691968E+01   0.237207E+01   0.110601E+02   0.274678E+01
 0.694130E+01   0.237305E+01   0.110628E+02   0.274820E+01
 0.696293E+01   0.237224E+01   0.110552E+02   0.274671E+01
 0.698455E+01   0.237180E+01   0.110498E+02   0.274582E+01
 0.700618E+01   0.237165E+01   0.110462E+02   0.274541E+01
 0.702780E+01   0.237023E+01   0.110352E+02   0.274293E+01
 0.704942E+01   0.237006E+01   0.110315E+02   0.274247E+01
 0.707105E+01   0.237123E+01   0.110357E+02   0.274423E+01
 0.709267E+01   0.237028E+01   0.110275E+02   0.274251E+01
 0.711430E+01   0.237015E+01   0.110241E+02   0.274213E+01
 0.713592E+01   0.236951E+01   0.110178E+02   0.274094E+01
 0.715754E+01   0.236854E+01   0.110096E+02   0.273918E+01
 0.717917E+01   0.236927E+01   0.110115E+02   0.274022E+01
 0.720079E+01   0.236763E+01   0.109995E+02   0.273740E+01
 0.722242E+01   0.236798E+01   0.109992E+02   0.273781E+01
 0.724404E+01   0.236702E+01   0.109912E+02   0.273609E+01
 0.726566E+01   0.236713E+01   0.109896E+02   0.273612E+01
 0.728729E+01   0.236713E+01   0.109874E+02   0.273598E+01
 0.730891E+01   0.236694E+01   0.109840E+02   0.273552E+01
 0.733054E+01   0.236628E+01   0.109780E+02   0.273430E+01
 0.735216E+01   0.236451E+01   0.109653E+02   0.273125E+01
 0.737378E+01   0.236400E+01   0.109602E+02   0.273027E+01
 0.739541E+01   0.236496E+01   0.109638E+02   0.273170E+01
 0.741703E+01   0.236428E+01   0.109577E+02   0.273044E+01
 0.743866E+01   0.236297E+01   0.109479E+02   0.272816E+01
 0.746028E+01   0.236311E+01   0.109467E+02   0.272826E+01
 0.748190E+01   0.236209E+01   0.109387E+02   0.272644E+01
 0.750353E+01   0.236261E+01   0.109398E+02   0.272715E+01
 0.752515E+01   0.236233E+01   0.109363E+02   0.272657E+01
 0.754678E+01   0.236219E+01   0.109335E+02   0.272620E+01
 0.756840E+01   0.236154E+01   0.109278E+02   0.272500E+01
 0.759002E+01   0.235983E+01   0.109159E+02   0.272207E+01
 0.761165E+01   0.236097E+01   0.109208E+02   0.272381E+01
 0.763327E+01   0.235915E+01   0.109082E+02   0.272069E+01
 0.765490E+01   0.235889E+01   0.109050E+02   0.272014E+01
 0.767652E+01   0.235859E+01   0.109015E+02   0.271953E+01
 0.769814E+01   0.235920E+01   0.109035E+02   0.272040E+01
 0.771977E+01   0.235871E+01   0.108990E+02   0.271948E+01
 0.774139E+01   0.235755E+01   0.108904E+02   0.271746E+01
 0.776302E+01   0.235694E+01   0.108852E+02   0.271632E+01
 0.778464E+01   0.235589E+01   0.108773E+02   0.271448E+01
 0.780626E+01   0.235654E+01   0.108797E+02   0.271544E+01
 0.782789E+01   0.235621E+01   0.108763E+02   0.271479E+01
 0.784951E+01   0.235478E+01   0.108662E+02   0.271231E+01
 0.787114E+01   0.235467E+01   0.108641E+02   0.271202E+01
 0.789276E+01   0.235504E+01   0.108649E+02   0.271251E+01
 0.791438E+01   0.235428E+01   0.108589E+02   0.271116E+01
 0.793601E+01   0.235399E+01   0.108558E+02   0.271056E+01
 0.795763E+01   0.235243E+01   0.108451E+02   0.270789E+01
 0.797926E+01   0.235233E+01   0.108431E+02   0.270760E+01
 0.800088E+01   0.235238E+01   0.108421E+02   0.270759E+01
 0.802250E+01   0.235189E+01   0.108379E+02   0.270667E+01
 0.804413E+01   0.235159E+01   0.108348E+02   0.270607E+01
 0.806575E+01   0.235052E+01   0.108272E+02   0.270421E+01
 0.808738E+01   0.235013E+01   0.108236E+02   0.270346E+01
 0.810900E+01   0.235002E+01   0.108217E+02   0.270317E+01
 0.813062E+01   0.234988E+01   0.108197E+02   0.270285E+01
 0.815225E+01   0.234812E+01   0.108079E+02   0.269984E+01
 0.817387E+01   0.234810E+01   0.108066E+02   0.269971E+01
 0.819550E+01   0.234765E+01   0.108029E+02   0.269888E+01
 0.821712E+01   0.234725E+01   0.107993E+02   0.269811E+01
 0.823874E+01   0.234680E+01   0.107955E+02   0.269727E+01
 0.826037E+01   0.234553E+01   0.107868E+02   0.269508E+01
 0.828199E+01   0.234497E+01   0.107824E+02   0.269407E+01
 0.830362E+01   0.234472E+01   0.107799E+02   0.269356E+01
 0.832524E+01   0.234505E+01   0.107809E+02   0.269401E+01
 0.834686E+01   0.234361E+01   0.107712E+02   0.269155E+01
 0.836849E+01   0.234381E+01   0.107715E+02   0.269179E+01
 0.839011E+01   0.234256E+01   0.107630E+02   0.268963E+01
 0.841174E+01   0.234238E+01   0.107610E+02   0.268925E+01
 0.843336E+01   0.234184E+01   0.107568E+02   0.268826E+01
 0.845498E+01   0.234205E+01   0.107573E+02   0.268853E+01
 0.847661E+01   0.234117E+01   0.107510E+02   0.268699E+01
 0.849823E+01   0.234032E+01   0.107450E+02   0.268550E+01
 0.851986E+01   0.234095E+01   0.107481E+02   0.268646E+01
 0.854148E+01   0.233977E+01   0.107401E+02   0.268443E+01
 0.856310E+01   0.233894E+01   0.107342E+02   0.268296E+01
 0.858473E+01   0.233942E+01   0.107365E+02   0.268369E+01
 0.860635E+01   0.233841E+01   0.107296E+02   0.268194E+01
 0.862798E+01   0.233804E+01   0.107266E+02   0.268124E+01
 0.864960E+01   0.233659E+01   0.107170E+02   0.267877E+01
 0.867122E+01   0.233612E+01   0.107135E+02   0.267791E+01
 0.869285E+01   0.233559E+01   0.107096E+02   0.267697E+01
 0.871447E+01   0.233560E+01   0.107091E+02   0.267691E+01
 0.873610E+01   0.233572E+01   0.107092E+02   0.267703E+01
 0.875772E+01   0.233548E+01   0.107072E+02   0.267657E+01
 0.877934E+01   0.233422E+01   0.106989E+02   0.267442E+01
 0.880097E+01   0.233385E+01   0.106960E+02   0.267373E+01
 0.882259E+01   0.233291E+01   0.106897E+02   0.267210E+01
 0.884422E+01   0.233324E+01   0.106913E+02   0.267259E+01
 0.886584E+01   0.233278E+01   0.106879E+02   0.267176E+01
 0.888746E+01   0.233179E+01   0.106813E+02   0.267005E+01
 0.890909E+01   0.233079E+01   0.106746E+02   0.266832E+01
 0.893071E+01   0.233107E+01   0.106759E+02   0.266873E+01
 0.895234E+01   0.233072E+01   0.106733E+02   0.266808E+01
 0.897396E+01   0.232998E+01   0.106683E+02   0.266679E+01
 0.899558E+01   0.233005E+01   0.106684E+02   0.266685E+01
 0.901721E+01   0.232919E+01   0.106626E+02   0.266535E+01
 0.903883E+01   0.232751E+01   0.106518E+02   0.266250E+01
 0.906046E+01   0.232857E+01   0.106581E+02   0.266420E+01
 0.908208E+01   0.232666E+01   0.106458E+02   0.266098E+01
 0.910370E+01   0.232631E+01   0.106433E+02   0.266033E+01
 0.912533E+01   0.232647E+01   0.106440E+02   0.266054E+01
 0.914695E+01   0.232523E+01   0.106359E+02   0.265843E+01
 0.916858E+01   0.232518E+01   0.106354E+02   0.265829E+01
 0.919020E+01   0.232488E+01   0.106332E+02   0.265774E+01
 0.921182E+01   0.232369E+01   0.106255E+02   0.265571E+01
 0.923345E+01   0.232354E+01   0.106243E+02   0.265539E+01
 0.925507E+01   0.232265E+01   0.106185E+02   0.265387E+01
 0.927670E+01   0.232327E+01   0.106222E+02   0.265484E+01
 0.929832E+01   0.232247E+01   0.106170E+02   0.265347E+01
 0.931994E+01   0.232129E+01   0.106094E+02   0.265145E+01
 0.934157E+01   0.232044E+01   0.106039E+02   0.264999E+01
 0.936319E+01   0.232018E+01   0.106021E+02   0.264951E+01
 0.938482E+01   0.232060E+01   0.106046E+02   0.265015E+01
 0.940644E+01   0.231888E+01   0.105936E+02   0.264725E+01
 0.942806E+01   0.231848E+01   0.105910E+02   0.264653E+01
 0.944969E+01   0.231797E+01   0.105877E+02   0.264565E+01
 0.947131E+01   0.231884E+01   0.105931E+02   0.264703E+01
 0.949294E+01   0.231678E+01   0.105800E+02   0.264357E+01
 0.951456E+01   0.231713E+01   0.105821E+02   0.264410E+01
 0.953618E+01   0.231597E+01   0.105748E+02   0.264213E+01
 0.955781E+01   0.231561E+01   0.105724E+02   0.264148E+01
 0.957943E+01   0.231599E+01   0.105748E+02   0.264207E+01
 0.960106E+01   0.231436E+01   0.105645E+02   0.263932E+01
 0.962268E+01   0.231513E+01   0.105694E+02   0.264056E+01
 0.964430E+01   0.231477E+01   0.105671E+02   0.263991E+01
 0.966593E+01   0.231274E+01   0.105543E+02   0.263651E+01
 0.968755E+01   0.231341E+01   0.105585E+02   0.263758E+01
 0.970918E+01   0.231175E+01   0.105480E+02   0.263478E+01
 0.973080E+01   0.231195E+01   0.105493E+02   0.263507E+01
 0.975242E+01   0.231134E+01   0.105455E+02   0.263402E+01
 0.977405E+01   0.231034E+01   0.105392E+02   0.263232E+01
 0.979567E+01   0.231077E+01   0.105420E+02   0.263299E+01
 0.981730E+01   0.231030E+01   0.105392E+02   0.263218E+01
 0.983892E+01   0.230918E+01   0.105321E+02   0.263027E+01
 0.986054E+01   0.230836E+01   0.105270E+02   0.262888E+01
 0.988217E+01   0.230846E+01   0.105278E+02   0.262901E+01
 0.990379E+01   0.230790E+01   0.105244E+02   0.262805E+01
 0.992542E+01   0.230755E+01   0.105222E+02   0.262742E+01
 0.994704E+01   0.230689E+01   0.105182E+02   0.262629E+01
 0.996866E+01   0.230612E+01   0.105135E+02   0.262499E+01
 0.999029E+01   0.230609E+01   0.105134E+02   0.262489E+01
 0.100119E+02   0.230500E+01   0.105067E+02   0.262306E+01
 0.100335E+02   0.230440E+01   0.105030E+02   0.262202E+01
 0.100552E+02   0.230379E+01   0.104993E+02   0.262097E+01
 0.100768E+02   0.230391E+01   0.105003E+02   0.262113E+01
 0.100984E+02   0.230352E+01   0.104980E+02   0.262046E+01
 0.101200E+02   0.230344E+01   0.104978E+02   0.262029E+01
 0.101417E+02   0.230285E+01   0.104942E+02   0.261929E+01
 0.101633E+02   0.230229E+01   0.104909E+02   0.261833E+01
 0.101849E+02   0.230045E+01   0.104793E+02   0.261523E+01
 0.102065E+02   0.230049E+01   0.104799E+02   0.261528E+01
 0.102282E+02   0.230047E+01   0.104800E+02   0.261521E+01
 0.102498E+02   0.229900E+01   0.104708E+02   0.261274E+01
 0.102714E+02   0.229835E+01   0.104669E+02   0.261163E+01
 0.102930E+02   0.229804E+01   0.104652E+02   0.261108E+01
 0.103146E+02   0.229754E+01   0.104624E+02   0.261024E+01
 0.103363E+02   0.229738E+01   0.104616E+02   0.260994E+01
 0.103579E+02   0.229697E+01   0.104594E+02   0.260924E+01
 0.103795E+02   0.229591E+01   0.104528E+02   0.260745E+01
 0.104011E+02   0.229596E+01   0.104535E+02   0.260751E+01
 0.104228E+02   0.229545E+01   0.104506E+02   0.260664E+01
 0.104444E+02   0.229527E+01   0.104498E+02   0.260632E+01
 0.104660E+02   0.229426E+01   0.104436E+02   0.260461E+01
 0.104876E+02   0.229393E+01   0.104419E+02   0.260404E+01
 0.105093E+02   0.229356E+01   0.104399E+02   0.260341E+01
 0.105309E+02   0.229286E+01   0.104357E+02   0.260221E+01
 0.105525E+02   0.229276E+01   0.104355E+02   0.260204E+01
 0.105741E+02   0.229210E+01   0.104316E+02   0.260091E+01
 0.105958E+02   0.229209E+01   0.104320E+02   0.260088E+01
 0.106174E+02   0.229118E+01   0.104265E+02   0.259934E+01
 0.106390E+02   0.229077E+01   0.104243E+02   0.259864E+01
 0.106606E+02   0.229055E+01   0.104233E+02   0.259825E+01
 0.106823E+02   0.229003E+01   0.104204E+02   0.259737E+01
 0.107039E+02   0.228927E+01   0.104158E+02   0.259608E+01
 0.107255E+02   0.228878E+01   0.104132E+02   0.259526E+01
 0.107471E+02   0.228761E+01   0.104060E+02   0.259328E+01
 0.107688E+02   0.228716E+01   0.104035E+02   0.259252E+01
 0.107904E+02   0.228717E+01   0.104041E+02   0.259252E+01
