     0.109444499015808E+01     0.166884064674377E-02     0.127448713779449E+01     0.162087019998580E-02
     0.110356533527374E+01     0.497874198481441E-02     0.183260047435760E+01     0.484180683270097E-02
     0.111268579959869E+01     0.916503556072712E-02     0.224354076385498E+01     0.892296247184277E-02
     0.112180614471436E+01     0.141876982524991E-01     0.259242248535156E+01     0.138280224055052E-01
     0.113092648983002E+01     0.197693258523941E-01     0.289240908622742E+01     0.192879606038332E-01
     0.114004683494568E+01     0.259589571505785E-01     0.316375160217285E+01     0.253545604646206E-01
     0.114916729927063E+01     0.325734950602055E-01     0.340861153602600E+01     0.318478494882584E-01
     0.115828764438629E+01     0.396754033863544E-01     0.363631629943848E+01     0.388333275914192E-01
     0.116740798950195E+01     0.473333746194839E-01     0.385250043869019E+01     0.463781431317329E-01
     0.117652833461761E+01     0.550678782165051E-01     0.404741048812866E+01     0.540126152336597E-01
     0.118564879894257E+01     0.631436631083488E-01     0.423172712326050E+01     0.619975179433823E-01
     0.119476914405823E+01     0.714457631111145E-01     0.440452051162720E+01     0.702191218733788E-01
     0.120388948917389E+01     0.800384581089020E-01     0.456951951980591E+01     0.787445753812790E-01
     0.121300983428955E+01     0.893420055508614E-01     0.473526096343994E+01     0.879933685064316E-01
     0.122213029861450E+01     0.986768230795860E-01     0.488965034484863E+01     0.972885265946388E-01
     0.123125064373016E+01     0.107836388051510E+00     0.503090667724609E+01     0.106424331665039E+00
     0.124037098884583E+01     0.117192424833775E+00     0.516661548614502E+01     0.115771047770977E+00
     0.124949133396149E+01     0.127156332135201E+00     0.530349636077881E+01     0.125744685530663E+00
     0.125861179828644E+01     0.137092605233192E+00     0.543232631683350E+01     0.135707125067711E+00
     0.126773214340210E+01     0.147609665989876E+00     0.556234407424927E+01     0.146272912621498E+00
     0.127685248851776E+01     0.157809257507324E+00     0.568178796768188E+01     0.156536415219307E+00
     0.128597283363342E+01     0.167832836508751E+00     0.579304075241089E+01     0.166636005043983E+00
     0.129509329795837E+01     0.178310215473175E+00     0.590470838546753E+01     0.177213102579117E+00
     0.130421364307404E+01     0.189169615507126E+00     0.601641178131104E+01     0.188198387622833E+00
     0.131333398818970E+01     0.199710905551910E+00     0.611924600601196E+01     0.198874562978745E+00
     0.132245433330536E+01     0.211250767111778E+00     0.622918605804443E+01     0.210591703653336E+00
     0.133157479763031E+01     0.221873089671135E+00     0.632507562637329E+01     0.221388787031174E+00
     0.134069514274597E+01     0.232716694474220E+00     0.641933727264404E+01     0.232427522540092E+00
     0.134981548786163E+01     0.244316667318344E+00     0.651820516586304E+01     0.244265466928482E+00
     0.135893583297729E+01     0.255097836256027E+00     0.660540914535522E+01     0.255277752876282E+00
     0.136805629730225E+01     0.266081571578979E+00     0.669204664230347E+01     0.266518443822861E+00
     0.137717664241791E+01     0.277561306953430E+00     0.677995634078979E+01     0.278288275003433E+00
     0.138629698753357E+01     0.289227366447449E+00     0.686675643920898E+01     0.290270715951920E+00
     0.139541733264923E+01     0.300919860601425E+00     0.695137405395508E+01     0.302302658557892E+00
     0.140453779697418E+01     0.311559736728668E+00     0.702454805374146E+01     0.313258230686188E+00
     0.141365814208984E+01     0.323966652154922E+00     0.710991191864014E+01     0.326071441173553E+00
     0.142277848720551E+01     0.335158705711365E+00     0.718355035781860E+01     0.337641388177872E+00
     0.143189883232117E+01     0.346328496932983E+00     0.725465488433838E+01     0.349203228950500E+00
     0.144101929664612E+01     0.358870387077332E+00     0.733463859558105E+01     0.362223207950592E+00
     0.145013964176178E+01     0.369408935308456E+00     0.739747285842896E+01     0.373162120580673E+00
     0.145925998687744E+01     0.381528913974762E+00     0.747052812576294E+01     0.385780572891235E+00
     0.146838033199310E+01     0.393724739551544E+00     0.754231739044189E+01     0.398501843214035E+00
     0.147750079631805E+01     0.404823392629623E+00     0.760438966751099E+01     0.410083264112473E+00
     0.148662114143372E+01     0.416212558746338E+00     0.766704940795898E+01     0.421990454196930E+00
     0.149574148654938E+01     0.428500026464462E+00     0.773494052886963E+01     0.434871852397919E+00
     0.150486183166504E+01     0.439716339111328E+00     0.779362106323242E+01     0.446633994579315E+00
     0.151398229598999E+01     0.451264470815659E+00     0.785339355468750E+01     0.458768725395203E+00
     0.152310264110565E+01     0.462926417589188E+00     0.791302776336670E+01     0.471046358346939E+00
     0.153222298622131E+01     0.475398033857346E+00     0.797624158859253E+01     0.484205663204193E+00
     0.154134333133698E+01     0.486211031675339E+00     0.802882671356201E+01     0.495623618364334E+00
     0.155046379566193E+01     0.496047049760818E+00     0.807647705078125E+01     0.506030559539795E+00
     0.155958414077759E+01     0.504978358745575E+00     0.811804199218750E+01     0.515483021736145E+00
     0.156870448589325E+01     0.513474166393280E+00     0.815670967102051E+01     0.524482727050781E+00
     0.157782483100891E+01     0.523086249828339E+00     0.820224285125732E+01     0.534699440002441E+00
     0.158694529533386E+01     0.530729591846466E+00     0.823503398895264E+01     0.542806923389435E+00
     0.159606564044952E+01     0.538897335529327E+00     0.827128314971924E+01     0.551494777202606E+00
     0.160518598556519E+01     0.547444522380829E+00     0.830891990661621E+01     0.560598790645599E+00
     0.161430633068085E+01     0.555675566196442E+00     0.834438705444336E+01     0.569373071193695E+00
     0.162342679500580E+01     0.564182102680206E+00     0.838132095336914E+01     0.578458607196808E+00
     0.163254714012146E+01     0.572814524173737E+00     0.841833209991455E+01     0.587689757347107E+00
     0.164166748523712E+01     0.580323934555054E+00     0.844871616363525E+01     0.595714926719666E+00
     0.165078783035278E+01     0.589400708675385E+00     0.848758411407471E+01     0.605452001094818E+00
     0.165990829467773E+01     0.595977962017059E+00     0.851178264617920E+01     0.612478792667389E+00
     0.166902863979340E+01     0.604257106781006E+00     0.854586315155029E+01     0.621372342109680E+00
     0.167814898490906E+01     0.613178312778473E+00     0.858262348175049E+01     0.630972027778625E+00
     0.168726933002472E+01     0.619668722152710E+00     0.860587120056152E+01     0.637930929660797E+00
     0.169638979434967E+01     0.627196192741394E+00     0.863448524475098E+01     0.646029114723206E+00
     0.170551013946533E+01     0.635603725910187E+00     0.866749382019043E+01     0.655098378658295E+00
     0.171463048458099E+01     0.642367362976074E+00     0.869159507751465E+01     0.662379443645477E+00
     0.172375082969666E+01     0.649824917316437E+00     0.871888828277588E+01     0.670425593852997E+00
     0.173287129402161E+01     0.658170580863953E+00     0.875070762634277E+01     0.679456830024719E+00
     0.174199163913727E+01     0.664985895156860E+00     0.877445125579834E+01     0.686818420886993E+00
     0.175111198425293E+01     0.672699868679047E+00     0.880225658416748E+01     0.695172131061554E+00
     0.176023232936859E+01     0.680147767066956E+00     0.882871913909912E+01     0.703244864940643E+00
     0.176935279369354E+01     0.687470614910126E+00     0.885426330566406E+01     0.711187779903412E+00
     0.177847313880920E+01     0.695360183715820E+00     0.888217353820801E+01     0.719761967658997E+00
     0.178759348392487E+01     0.702143430709839E+00     0.890468883514404E+01     0.727127134799957E+00
     0.179671382904053E+01     0.710191190242767E+00     0.893289947509766E+01     0.735894262790680E+00
     0.180583429336548E+01     0.717426359653473E+00     0.895733737945557E+01     0.743776381015778E+00
     0.181495463848114E+01     0.724247574806213E+00     0.897900390625000E+01     0.751202404499054E+00
     0.182407498359680E+01     0.731651723384857E+00     0.900346469879150E+01     0.759283602237701E+00
     0.183319532871246E+01     0.738117396831512E+00     0.902336025238037E+01     0.766332805156708E+00
     0.184231579303741E+01     0.745315790176392E+00     0.904624366760254E+01     0.774199187755585E+00
     0.185143613815308E+01     0.752972900867462E+00     0.907166957855225E+01     0.782590448856354E+00
     0.186055648326874E+01     0.759630322456360E+00     0.909156990051270E+01     0.789870560169220E+00
     0.186967682838440E+01     0.766623139381409E+00     0.911323833465576E+01     0.797535300254822E+00
     0.187879729270935E+01     0.774753928184509E+00     0.914027214050293E+01     0.806481897830963E+00
     0.188791763782501E+01     0.779431045055389E+00     0.915005779266357E+01     0.811565876007080E+00
     0.189703798294067E+01     0.786668419837952E+00     0.917204761505127E+01     0.819521963596344E+00
     0.190615832805634E+01     0.795309901237488E+00     0.920139312744141E+01     0.829073190689087E+00
     0.191527879238129E+01     0.801614344120026E+00     0.921861457824707E+01     0.836000084877014E+00
     0.192439913749695E+01     0.808366417884827E+00     0.923793411254883E+01     0.843438148498535E+00
     0.193351948261261E+01     0.814635038375854E+00     0.925495624542236E+01     0.850340962409973E+00
     0.194263982772827E+01     0.821292221546173E+00     0.927368640899658E+01     0.857687711715698E+00
     0.195176029205322E+01     0.828238129615784E+00     0.929356670379639E+01     0.865366637706757E+00
     0.196088063716888E+01     0.835459649562836E+00     0.931479549407959E+01     0.873368024826050E+00
     0.197000098228455E+01     0.842346668243408E+00     0.933404636383057E+01     0.880995690822601E+00
     0.197912132740021E+01     0.849019825458527E+00     0.935236740112305E+01     0.888391911983490E+00
     0.198824179172516E+01     0.855538547039032E+00     0.936971473693848E+01     0.895618081092834E+00
     0.199736213684082E+01     0.859680414199829E+00     0.937575244903564E+01     0.900150775909424E+00
     0.200648260116577E+01     0.866866827011108E+00     0.939591789245605E+01     0.908146262168884E+00
     0.201560282707214E+01     0.873173534870148E+00     0.941228580474854E+01     0.915154159069061E+00
     0.202472329139709E+01     0.880073547363281E+00     0.943070411682129E+01     0.922837376594543E+00
     0.203384351730347E+01     0.887282788753510E+00     0.945110702514648E+01     0.930890083312988E+00
     0.204296398162842E+01     0.893419802188873E+00     0.946570110321045E+01     0.937717616558075E+00
     0.205208444595337E+01     0.900445461273193E+00     0.948478603363037E+01     0.945573985576630E+00
     0.206120467185974E+01     0.906851708889008E+00     0.950079154968262E+01     0.952728152275085E+00
     0.207032513618469E+01     0.912911593914032E+00     0.951511573791504E+01     0.959492206573486E+00
     0.207944560050964E+01     0.918052792549133E+00     0.952504539489746E+01     0.965207457542419E+00
     0.208856582641602E+01     0.923851072788239E+00     0.953812694549561E+01     0.971684217453003E+00
     0.209768629074097E+01     0.930279910564423E+00     0.955382823944092E+01     0.978888928890228E+00
     0.210680651664734E+01     0.936224818229675E+00     0.956715202331543E+01     0.985542893409729E+00
     0.211592698097229E+01     0.942174315452576E+00     0.958083152770996E+01     0.992213845252991E+00
     0.212504744529724E+01     0.948035717010498E+00     0.959417247772217E+01     0.998790919780731E+00
     0.213416767120361E+01     0.954037308692932E+00     0.960852527618408E+01     0.100554180145264E+01
     0.214328813552856E+01     0.959212899208069E+00     0.961923503875732E+01     0.101134717464447E+01
     0.215240859985352E+01     0.965716600418091E+00     0.963591670989990E+01     0.101869344711304E+01
     0.216152882575989E+01     0.971115887165070E+00     0.964749431610107E+01     0.102476787567139E+01
     0.217064929008484E+01     0.977176249027252E+00     0.966237831115723E+01     0.103161907196045E+01
     0.217976951599121E+01     0.983623623847961E+00     0.967892551422119E+01     0.103892612457275E+01
     0.218888998031616E+01     0.987159371376038E+00     0.968243598937988E+01     0.104286003112793E+01
     0.219801044464111E+01     0.991721391677856E+00     0.969044494628906E+01     0.104798769950867E+01
     0.220713067054749E+01     0.996973216533661E+00     0.970200538635254E+01     0.105392789840698E+01
     0.221625113487244E+01     0.100265014171600E+01     0.971502304077148E+01     0.106036281585693E+01
     0.222537159919739E+01     0.100912606716156E+01     0.973162174224854E+01     0.106773626804352E+01
     0.223449182510376E+01     0.101465380191803E+01     0.974415397644043E+01     0.107401394844055E+01
     0.224361228942871E+01     0.101767051219940E+01     0.974562549591064E+01     0.107736718654633E+01
     0.225273251533508E+01     0.102461886405945E+01     0.976434326171875E+01     0.108531367778778E+01
     0.226185297966003E+01     0.102817320823669E+01     0.976818943023682E+01     0.108930122852325E+01
     0.227097344398499E+01     0.103304708003998E+01     0.977774143218994E+01     0.109483408927917E+01
     0.228009366989136E+01     0.103724253177643E+01     0.978466796875000E+01     0.109958243370056E+01
     0.228921413421631E+01     0.104266464710236E+01     0.979668045043945E+01     0.110576772689819E+01
     0.229833459854126E+01     0.104643750190735E+01     0.980139923095703E+01     0.111002373695374E+01
     0.230745482444763E+01     0.105285608768463E+01     0.981774997711182E+01     0.111738944053650E+01
     0.231657528877258E+01     0.105659854412079E+01     0.982273101806641E+01     0.112162280082703E+01
     0.232569551467896E+01     0.106225538253784E+01     0.983563709259033E+01     0.112810492515564E+01
     0.233481597900391E+01     0.106623196601868E+01     0.984148120880127E+01     0.113261890411377E+01
     0.234393644332886E+01     0.107117748260498E+01     0.985135555267334E+01     0.113827526569366E+01
     0.235305666923523E+01     0.107536685466766E+01     0.985812568664551E+01     0.114304745197296E+01
     0.236217713356018E+01     0.108062195777893E+01     0.986947822570801E+01     0.114908087253571E+01
     0.237129759788513E+01     0.108415937423706E+01     0.987352085113525E+01     0.115309262275696E+01
     0.238041782379150E+01     0.108955645561218E+01     0.988528060913086E+01     0.115930068492889E+01
     0.238953828811646E+01     0.109363567829132E+01     0.989161777496338E+01     0.116395950317383E+01
     0.239865851402283E+01     0.109885764122009E+01     0.990281867980957E+01     0.116997444629669E+01
     0.240777897834778E+01     0.110125172138214E+01     0.990207099914551E+01     0.117264664173126E+01
     0.241689944267273E+01     0.110735070705414E+01     0.991676139831543E+01     0.117970585823059E+01
     0.242601966857910E+01     0.111105024814606E+01     0.992152309417725E+01     0.118393027782440E+01
     0.243514013290405E+01     0.111414718627930E+01     0.992381381988525E+01     0.118744337558746E+01
     0.244426059722900E+01     0.111833667755127E+01     0.993051719665527E+01     0.119225299358368E+01
     0.245338082313538E+01     0.112373840808868E+01     0.994245338439941E+01     0.119850885868073E+01
     0.246250128746033E+01     0.112686216831207E+01     0.994479751586914E+01     0.120206129550934E+01
     0.247162151336670E+01     0.113280022144318E+01     0.995891380310059E+01     0.120896494388580E+01
     0.248074197769165E+01     0.113618040084839E+01     0.996232795715332E+01     0.121282863616943E+01
     0.248986244201660E+01     0.114064645767212E+01     0.997045516967773E+01     0.121799206733704E+01
     0.249898266792297E+01     0.114476954936981E+01     0.997700881958008E+01     0.122274827957153E+01
     0.250810313224792E+01     0.114912343025208E+01     0.998436164855957E+01     0.122778165340424E+01
     0.251722359657288E+01     0.115187048912048E+01     0.998519706726074E+01     0.123090147972107E+01
     0.252634382247925E+01     0.115513134002686E+01     0.998836898803711E+01     0.123464024066925E+01
     0.253546428680420E+01     0.115996515750885E+01     0.999796199798584E+01     0.124026107788086E+01
     0.254458451271057E+01     0.116501390933990E+01     0.100082874298096E+02     0.124614250659943E+01
     0.255370497703552E+01     0.116689479351044E+01     0.100056486129761E+02     0.124823570251465E+01
     0.256282544136047E+01     0.117184889316559E+01     0.100156879425049E+02     0.125401270389557E+01
     0.257194566726685E+01     0.117437136173248E+01     0.100156869888306E+02     0.125687801837921E+01
     0.258106613159180E+01     0.118028008937836E+01     0.100297746658325E+02     0.126381146907806E+01
     0.259018659591675E+01     0.118356263637543E+01     0.100329113006592E+02     0.126759445667267E+01
     0.259930682182312E+01     0.118594491481781E+01     0.100323667526245E+02     0.127029812335968E+01
     0.260842728614807E+01     0.119017887115479E+01     0.100394458770752E+02     0.127522981166840E+01
     0.261754751205444E+01     0.119506144523621E+01     0.100491895675659E+02     0.128094708919525E+01
     0.262666797637939E+01     0.119940996170044E+01     0.100569257736206E+02     0.128602933883667E+01
     0.263578844070435E+01     0.120243895053864E+01     0.100591526031494E+02     0.128952240943909E+01
     0.264490866661072E+01     0.120595884323120E+01     0.100633449554443E+02     0.129360926151276E+01
     0.265402913093567E+01     0.120870399475098E+01     0.100642442703247E+02     0.129676163196564E+01
     0.266314959526062E+01     0.121342444419861E+01     0.100734739303589E+02     0.130230605602264E+01
     0.267226982116699E+01     0.121678996086121E+01     0.100771837234497E+02     0.130621743202209E+01
     0.268139028549194E+01     0.121992790699005E+01     0.100798673629761E+02     0.130985426902771E+01
     0.269051051139832E+01     0.122344255447388E+01     0.100840740203857E+02     0.131394946575165E+01
     0.269963097572327E+01     0.122733449935913E+01     0.100899925231934E+02     0.131850707530975E+01
     0.270875144004822E+01     0.123163414001465E+01     0.100973434448242E+02     0.132355964183807E+01
     0.271787166595459E+01     0.123556315898895E+01     0.101032667160034E+02     0.132816767692566E+01
     0.272699213027954E+01     0.123790144920349E+01     0.101028470993042E+02     0.133084905147552E+01
     0.273611259460449E+01     0.124197995662689E+01     0.101094970703125E+02     0.133564639091492E+01
     0.274523282051086E+01     0.124532628059387E+01     0.101132125854492E+02     0.133955776691437E+01
     0.275435328483582E+01     0.124890470504761E+01     0.101177177429199E+02     0.134375190734863E+01
     0.276347351074219E+01     0.125168240070343E+01     0.101190204620361E+02     0.134697449207306E+01
     0.277259397506714E+01     0.125408899784088E+01     0.101189441680908E+02     0.134974873065948E+01
     0.278171443939209E+01     0.125804817676544E+01     0.101252603530884E+02     0.135441839694977E+01
     0.279083466529846E+01     0.125978422164917E+01     0.101224718093872E+02     0.135637867450714E+01
     0.279995512962341E+01     0.126544594764709E+01     0.101355342864990E+02     0.136312973499298E+01
     0.280907559394836E+01     0.126694548130035E+01     0.101318035125732E+02     0.136480402946472E+01
     0.281819581985474E+01     0.127137124538422E+01     0.101398925781250E+02     0.137005424499512E+01
     0.282731628417969E+01     0.127525103092194E+01     0.101458206176758E+02     0.137464249134064E+01
     0.283643651008606E+01     0.127767622470856E+01     0.101458816528320E+02     0.137745356559753E+01
     0.284555697441101E+01     0.127971386909485E+01     0.101444406509399E+02     0.137979257106781E+01
     0.285467743873596E+01     0.128364002704620E+01     0.101506681442261E+02     0.138444674015045E+01
     0.286379766464233E+01     0.128582119941711E+01     0.101498203277588E+02     0.138696479797363E+01
     0.287291812896729E+01     0.128908514976501E+01     0.101533317565918E+02     0.139081168174744E+01
     0.288203859329224E+01     0.129244375228882E+01     0.101571197509766E+02     0.139477598667145E+01
     0.289115881919861E+01     0.129519248008728E+01     0.101587162017822E+02     0.139799797534943E+01
     0.290027928352356E+01     0.129824042320251E+01     0.101615247726440E+02     0.140158963203430E+01
     0.290939950942993E+01     0.130126249790192E+01     0.101641206741333E+02     0.140514993667603E+01
     0.291851997375488E+01     0.130449187755585E+01     0.101676158905029E+02     0.140896868705750E+01
     0.292764043807983E+01     0.130762374401093E+01     0.101706008911133E+02     0.141266798973083E+01
     0.293676066398621E+01     0.131082224845886E+01     0.101740617752075E+02     0.141645526885986E+01
     0.294588112831116E+01     0.131389522552490E+01     0.101768598556519E+02     0.142008769512177E+01
     0.295500159263611E+01     0.131673955917358E+01     0.101789350509644E+02     0.142344343662262E+01
     0.296412181854248E+01     0.132143247127533E+01     0.101882429122925E+02     0.142908108234406E+01
     0.297324228286743E+01     0.132464170455933E+01     0.101918210983276E+02     0.143289399147034E+01
     0.298236250877380E+01     0.132648432254791E+01     0.101898412704468E+02     0.143501794338226E+01
     0.299148297309875E+01     0.132825016975403E+01     0.101875896453857E+02     0.143704867362976E+01
     0.300060343742371E+01     0.133377671241760E+01     0.102002801895142E+02     0.144373321533203E+01
     0.300972366333008E+01     0.133463370800018E+01     0.101945104598999E+02     0.144464290142059E+01
     0.301884412765503E+01     0.133755767345428E+01     0.101969919204712E+02     0.144811344146729E+01
     0.302796459197998E+01     0.134047114849091E+01     0.101994247436523E+02     0.145157325267792E+01
     0.303708481788635E+01     0.134322738647461E+01     0.102012319564819E+02     0.145484006404877E+01
     0.304620528221130E+01     0.134644508361816E+01     0.102048950195312E+02     0.145868170261383E+01
     0.305532550811768E+01     0.134957516193390E+01     0.102081317901611E+02     0.146241641044617E+01
     0.306444597244263E+01     0.135328674316406E+01     0.102137870788574E+02     0.146687817573547E+01
     0.307356643676758E+01     0.135523104667664E+01     0.102124738693237E+02     0.146914565563202E+01
     0.308268666267395E+01     0.135899913311005E+01     0.102184619903564E+02     0.147368538379669E+01
     0.309180712699890E+01     0.136067461967468E+01     0.102159786224365E+02     0.147561919689178E+01
     0.310092759132385E+01     0.136397004127502E+01     0.102200937271118E+02     0.147957503795624E+01
     0.311004781723022E+01     0.136662364006042E+01     0.102217445373535E+02     0.148273468017578E+01
     0.311916828155518E+01     0.136863803863525E+01     0.102207527160645E+02     0.148509693145752E+01
     0.312828850746155E+01     0.137120079994202E+01     0.102219066619873E+02     0.148814415931702E+01
     0.313740897178650E+01     0.137461960315704E+01     0.102264451980591E+02     0.149226236343384E+01
     0.314652943611145E+01     0.137606191635132E+01     0.102233982086182E+02     0.149391734600067E+01
     0.315564966201782E+01     0.137936353683472E+01     0.102276268005371E+02     0.149789583683014E+01
     0.316477012634277E+01     0.138292002677917E+01     0.102328758239746E+02     0.150219655036926E+01
     0.317389059066772E+01     0.138418948650360E+01     0.102290115356445E+02     0.150363588333130E+01
     0.318301081657410E+01     0.138552916049957E+01     0.102254686355591E+02     0.150516462326050E+01
     0.319213128089905E+01     0.139066696166992E+01     0.102369756698608E+02     0.151145291328430E+01
     0.320125150680542E+01     0.139089596271515E+01     0.102291278839111E+02     0.151159250736237E+01
     0.321037197113037E+01     0.139433205127716E+01     0.102340946197510E+02     0.151575613021851E+01
     0.321949243545532E+01     0.139706134796143E+01     0.102362060546875E+02     0.151903486251831E+01
     0.322861266136169E+01     0.139948523044586E+01     0.102370023727417E+02     0.152193045616150E+01
     0.323773312568665E+01     0.140206944942474E+01     0.102385759353638E+02     0.152503120899200E+01
     0.324685359001160E+01     0.140343761444092E+01     0.102353563308716E+02     0.152660524845123E+01
     0.325597381591797E+01     0.140708017349243E+01     0.102411336898804E+02     0.153104043006897E+01
     0.326509428024292E+01     0.140810739994049E+01     0.102365570068359E+02     0.153218722343445E+01
     0.327421450614929E+01     0.141221439838409E+01     0.102441930770874E+02     0.153721249103546E+01
     0.328333497047424E+01     0.141406536102295E+01     0.102429590225220E+02     0.153939974308014E+01
     0.329245543479919E+01     0.141648590564728E+01     0.102439813613892E+02     0.154230618476868E+01
     0.330157566070557E+01     0.141879880428314E+01     0.102446146011353E+02     0.154507899284363E+01
     0.331069612503052E+01     0.142131400108337E+01     0.102460851669312E+02     0.154810929298401E+01
     0.331981658935547E+01     0.142226219177246E+01     0.102412700653076E+02     0.154916119575500E+01
     0.332893681526184E+01     0.142494511604309E+01     0.102434444427490E+02     0.155240619182587E+01
     0.333805727958679E+01     0.142848682403564E+01     0.102490034103394E+02     0.155673921108246E+01
     0.334717774391174E+01     0.142941319942474E+01     0.102441740036011E+02     0.155776631832123E+01
     0.335629796981812E+01     0.143169713020325E+01     0.102449312210083E+02     0.156051468849182E+01
     0.336541843414307E+01     0.143606412410736E+01     0.102537260055542E+02     0.156589949131012E+01
     0.337453866004944E+01     0.143789815902710E+01     0.102526340484619E+02     0.156808078289032E+01
     0.338365912437439E+01     0.144081020355225E+01     0.102557239532471E+02     0.157162916660309E+01
     0.339277958869934E+01     0.144284284114838E+01     0.102554550170898E+02     0.157406556606293E+01
     0.340189981460571E+01     0.144508159160614E+01     0.102560367584229E+02     0.157676553726196E+01
     0.341102027893066E+01     0.144758570194244E+01     0.102576045989990E+02     0.157980322837830E+01
     0.342014074325562E+01     0.144933652877808E+01     0.102562770843506E+02     0.158188617229462E+01
     0.342926096916199E+01     0.144918298721313E+01     0.102474937438965E+02     0.158155107498169E+01
     0.343838143348694E+01     0.145159852504730E+01     0.102488784790039E+02     0.158448159694672E+01
     0.344750165939331E+01     0.145529806613922E+01     0.102553634643555E+02     0.158904790878296E+01
     0.345662212371826E+01     0.145791566371918E+01     0.102574663162231E+02     0.159223890304565E+01
     0.346574258804321E+01     0.145805621147156E+01     0.102499189376831E+02     0.159227871894836E+01
     0.347486281394958E+01     0.146247887611389E+01     0.102591800689697E+02     0.159777283668518E+01
     0.348398327827454E+01     0.146299183368683E+01     0.102531118392944E+02     0.159828746318817E+01
     0.349310374259949E+01     0.146485936641693E+01     0.102523679733276E+02     0.160052943229675E+01
     0.350222396850586E+01     0.146640706062317E+01     0.102505006790161E+02     0.160236668586731E+01
     0.351134443283081E+01     0.147083222866058E+01     0.102599687576294E+02     0.160787856578827E+01
     0.352046465873718E+01     0.147231626510620E+01     0.102578544616699E+02     0.160963714122772E+01
     0.352958512306213E+01     0.147249782085419E+01     0.102506036758423E+02     0.160973191261292E+01
     0.353870558738708E+01     0.147516477108002E+01     0.102530937194824E+02     0.161300230026245E+01
     0.354782581329346E+01     0.147725820541382E+01     0.102534580230713E+02     0.161554360389709E+01
     0.355694627761841E+01     0.148108983039856E+01     0.102605466842651E+02     0.162030971050262E+01
     0.356606674194336E+01     0.148318779468536E+01     0.102609663009644E+02     0.162286114692688E+01
     0.357518696784973E+01     0.148429334163666E+01     0.102573719024658E+02     0.162414026260376E+01
     0.358430743217468E+01     0.148545563220978E+01     0.102541179656982E+02     0.162549448013306E+01
     0.359342765808105E+01     0.148904407024384E+01     0.102604475021362E+02     0.162996160984039E+01
     0.360254812240601E+01     0.148992156982422E+01     0.102561197280884E+02     0.163095271587372E+01
     0.361166858673096E+01     0.149284863471985E+01     0.102598867416382E+02     0.163457620143890E+01
     0.362078881263733E+01     0.149282503128052E+01     0.102520456314087E+02     0.163441133499146E+01
     0.362990927696228E+01     0.149609816074371E+01     0.102572202682495E+02     0.163848292827606E+01
     0.363902974128723E+01     0.149780905246735E+01     0.102562513351440E+02     0.164054870605469E+01
     0.364814996719360E+01     0.150057685375214E+01     0.102593879699707E+02     0.164397454261780E+01
     0.365727043151855E+01     0.150138080120087E+01     0.102549066543579E+02     0.164487612247467E+01
     0.366639065742493E+01     0.150331437587738E+01     0.102548770904541E+02     0.164723253250122E+01
     0.367551112174988E+01     0.150655448436737E+01     0.102600326538086E+02     0.165127480030060E+01
     0.368463158607483E+01     0.150640034675598E+01     0.102518281936646E+02     0.165094363689423E+01
     0.369375181198120E+01     0.151002871990204E+01     0.102585344314575E+02     0.165548992156982E+01
     0.370287227630615E+01     0.150957643985748E+01     0.102492008209229E+02     0.165477502346039E+01
     0.371199274063110E+01     0.151380932331085E+01     0.102582406997681E+02     0.166010499000549E+01
     0.372111296653748E+01     0.151558279991150E+01     0.102578287124634E+02     0.166226625442505E+01
     0.373023343086243E+01     0.151736080646515E+01     0.102572469711304E+02     0.166443157196045E+01
     0.373935365676880E+01     0.151857650279999E+01     0.102545433044434E+02     0.166587197780609E+01
     0.374847412109375E+01     0.151989054679871E+01     0.102522630691528E+02     0.166744089126587E+01
     0.375759458541870E+01     0.152069997787476E+01     0.102480163574219E+02     0.166835820674896E+01
     0.376671481132507E+01     0.152276325225830E+01     0.102487468719482E+02     0.167089855670929E+01
     0.377583527565002E+01     0.152621734142303E+01     0.102549581527710E+02     0.167524206638336E+01
     0.378495573997498E+01     0.152707397937775E+01     0.102509555816650E+02     0.167622280120850E+01
     0.379407596588135E+01     0.152808308601379E+01     0.102475852966309E+02     0.167740201950073E+01
     0.380319643020630E+01     0.152924656867981E+01     0.102447872161865E+02     0.167878115177155E+01
     0.381231665611267E+01     0.153238654136658E+01     0.102498159408569E+02     0.168272519111633E+01
     0.382143712043762E+01     0.153288841247559E+01     0.102444839477539E+02     0.168324851989746E+01
     0.383055758476257E+01     0.153594398498535E+01     0.102492561340332E+02     0.168708813190460E+01
     0.383967781066895E+01     0.153805327415466E+01     0.102503890991211E+02     0.168970286846161E+01
     0.384879827499390E+01     0.153926634788513E+01     0.102479467391968E+02     0.169115281105042E+01
     0.385791873931885E+01     0.154181826114655E+01     0.102507925033569E+02     0.169434523582458E+01
     0.386703896522522E+01     0.154318332672119E+01     0.102489671707153E+02     0.169599485397339E+01
     0.387615942955017E+01     0.154305195808411E+01     0.102414121627808E+02     0.169570016860962E+01
     0.388527965545654E+01     0.154610884189606E+01     0.102464580535889E+02     0.169955694675446E+01
     0.389440011978149E+01     0.154791426658630E+01     0.102466859817505E+02     0.170178794860840E+01
     0.390352058410645E+01     0.154865145683289E+01     0.102427663803101E+02     0.170262849330902E+01
     0.391264081001282E+01     0.155136442184448E+01     0.102466592788696E+02     0.170604670047760E+01
     0.392176127433777E+01     0.155162668228149E+01     0.102409057617188E+02     0.170626890659332E+01
     0.393088173866272E+01     0.155427551269531E+01     0.102445774078369E+02     0.170960640907288E+01
     0.394000196456909E+01     0.155491602420807E+01     0.102403774261475E+02     0.171032404899597E+01
     0.394912242889404E+01     0.155689477920532E+01     0.102414951324463E+02     0.171279060840607E+01
     0.395824265480042E+01     0.155765604972839E+01     0.102379083633423E+02     0.171366894245148E+01
     0.396736311912537E+01     0.155767941474915E+01     0.102313890457153E+02     0.171358323097229E+01
     0.397648358345032E+01     0.155921494960785E+01     0.102309045791626E+02     0.171547472476959E+01
     0.398560380935669E+01     0.156144559383392E+01     0.102331895828247E+02     0.171827661991119E+01
     0.399472427368164E+01     0.156448030471802E+01     0.102386379241943E+02     0.172213268280029E+01
     0.400384473800659E+01     0.156622540950775E+01     0.102390985488892E+02     0.172430467605591E+01
     0.401296520233154E+01     0.156599950790405E+01     0.102317619323730E+02     0.172389471530914E+01
     0.402208518981934E+01     0.156661295890808E+01     0.102277555465698E+02     0.172458493709564E+01
     0.403120565414429E+01     0.156799292564392E+01     0.102268028259277E+02     0.172627997398376E+01
     0.404032611846924E+01     0.157019782066345E+01     0.102291431427002E+02     0.172905766963959E+01
     0.404944658279419E+01     0.157131707668304E+01     0.102271871566772E+02     0.173041296005249E+01
     0.405856704711914E+01     0.157228124141693E+01     0.102247257232666E+02     0.173156714439392E+01
     0.406768703460693E+01     0.157352352142334E+01     0.102233171463013E+02     0.173308587074280E+01
     0.407680749893188E+01     0.157679355144501E+01     0.102300634384155E+02     0.173727059364319E+01
     0.408592796325684E+01     0.157632827758789E+01     0.102219266891479E+02     0.173654806613922E+01
     0.409504842758179E+01     0.157961416244507E+01     0.102287626266479E+02     0.174075770378113E+01
     0.410416889190674E+01     0.157973158359528E+01     0.102230663299561E+02     0.174080300331116E+01
     0.411328935623169E+01     0.157996058464050E+01     0.102178192138672E+02     0.174099528789520E+01
     0.412240934371948E+01     0.158342981338501E+01     0.102254190444946E+02     0.174545145034790E+01
     0.413152980804443E+01     0.158289074897766E+01     0.102171573638916E+02     0.174463331699371E+01
     0.414065027236938E+01     0.158565926551819E+01     0.102220354080200E+02     0.174817097187042E+01
     0.414977073669434E+01     0.158547949790955E+01     0.102152299880981E+02     0.174782633781433E+01
     0.415889120101929E+01     0.158795738220215E+01     0.102189846038818E+02     0.175098383426666E+01
     0.416801118850708E+01     0.158957147598267E+01     0.102194042205811E+02     0.175300621986389E+01
     0.417713165283203E+01     0.159144008159637E+01     0.102207679748535E+02     0.175536441802979E+01
     0.418625211715698E+01     0.159190452098846E+01     0.102166576385498E+02     0.175587153434753E+01
     0.419537258148193E+01     0.159209525585175E+01     0.102114381790161E+02     0.175601744651794E+01
     0.420449304580688E+01     0.159368824958801E+01     0.102119436264038E+02     0.175801718235016E+01
     0.421361303329468E+01     0.159579360485077E+01     0.102143230438232E+02     0.176069235801697E+01
     0.422273349761963E+01     0.159531331062317E+01     0.102064657211304E+02     0.175995218753815E+01
     0.423185396194458E+01     0.159840393066406E+01     0.102129478454590E+02     0.176393461227417E+01
     0.424097442626953E+01     0.159918773174286E+01     0.102102336883545E+02     0.176486766338348E+01
     0.425009489059448E+01     0.160038959980011E+01     0.102091398239136E+02     0.176635360717773E+01
     0.425921535491943E+01     0.159996831417084E+01     0.102016744613647E+02     0.176569342613220E+01
     0.426833534240723E+01     0.160099720954895E+01     0.101998882293701E+02     0.176695048809052E+01
     0.427745580673218E+01     0.160356700420380E+01     0.102044639587402E+02     0.177025270462036E+01
     0.428657627105713E+01     0.160347533226013E+01     0.101983098983765E+02     0.177002859115601E+01
     0.429569673538208E+01     0.160487461090088E+01     0.101981182098389E+02     0.177178001403809E+01
     0.430481719970703E+01     0.160699677467346E+01     0.102009754180908E+02     0.177449357509613E+01
     0.431393718719482E+01     0.160726571083069E+01     0.101963148117065E+02     0.177474844455719E+01
     0.432305765151978E+01     0.160812067985535E+01     0.101939992904663E+02     0.177578067779541E+01
     0.433217811584473E+01     0.160897648334503E+01     0.101917848587036E+02     0.177681601047516E+01
     0.434129858016968E+01     0.161208200454712E+01     0.101984834671021E+02     0.178083765506744E+01
     0.435041904449463E+01     0.161339902877808E+01     0.101981525421143E+02     0.178248798847198E+01
     0.435953903198242E+01     0.161323666572571E+01     0.101919155120850E+02     0.178217267990112E+01
     0.436865949630737E+01     0.161414313316345E+01     0.101898870468140E+02     0.178327691555023E+01
     0.437777996063232E+01     0.161458706855774E+01     0.101861000061035E+02     0.178376793861389E+01
     0.438690042495728E+01     0.161700308322906E+01     0.101902685165405E+02     0.178688323497772E+01
     0.439602088928223E+01     0.161838042736053E+01     0.101903448104858E+02     0.178861927986145E+01
     0.440514135360718E+01     0.161974978446960E+01     0.101902208328247E+02     0.179034256935120E+01
     0.441426134109497E+01     0.162110340595245E+01     0.101900959014893E+02     0.179204690456390E+01
     0.442338180541992E+01     0.162009811401367E+01     0.101806755065918E+02     0.179061162471771E+01
     0.443250226974487E+01     0.162216472625732E+01     0.101835098266602E+02     0.179326784610748E+01
     0.444162273406982E+01     0.162394607067108E+01     0.101852369308472E+02     0.179554593563080E+01
     0.445074319839478E+01     0.162406265735626E+01     0.101802463531494E+02     0.179560422897339E+01
     0.445986318588257E+01     0.162601733207703E+01     0.101827116012573E+02     0.179811584949493E+01
     0.446898365020752E+01     0.162613618373871E+01     0.101777276992798E+02     0.179817712306976E+01
     0.447810411453247E+01     0.162661719322205E+01     0.101743698120117E+02     0.179872488975525E+01
     0.448722457885742E+01     0.162879812717438E+01     0.101776714324951E+02     0.180153954029083E+01
     0.449634504318237E+01     0.162945115566254E+01     0.101749305725098E+02     0.180231618881226E+01
     0.450546503067017E+01     0.163142251968384E+01     0.101776199340820E+02     0.180485749244690E+01
     0.451458549499512E+01     0.163248443603516E+01     0.101765403747559E+02     0.180618202686310E+01
     0.452370595932007E+01     0.163226687908173E+01     0.101703472137451E+02     0.180579590797424E+01
     0.453282642364502E+01     0.163370215892792E+01     0.101708583831787E+02     0.180762183666229E+01
     0.454194688796997E+01     0.163339185714722E+01     0.101643457412720E+02     0.180711281299591E+01
     0.455106735229492E+01     0.163540697097778E+01     0.101672143936157E+02     0.180971586704254E+01
     0.456018733978271E+01     0.163626313209534E+01     0.101654357910156E+02     0.181076896190643E+01
     0.456930780410767E+01     0.163749277591705E+01     0.101652421951294E+02     0.181232404708862E+01
     0.457842826843262E+01     0.163742053508759E+01     0.101598491668701E+02     0.181213617324829E+01
     0.458754873275757E+01     0.163945388793945E+01     0.101628341674805E+02     0.181476807594299E+01
     0.459666919708252E+01     0.163995063304901E+01     0.101596117019653E+02     0.181534075737000E+01
     0.460578918457031E+01     0.163958168029785E+01     0.101530809402466E+02     0.181475603580475E+01
     0.461490964889526E+01     0.164287495613098E+01     0.101611623764038E+02     0.181908082962036E+01
     0.462403011322021E+01     0.164380538463593E+01     0.101598320007324E+02     0.182023870944977E+01
     0.463315057754517E+01     0.164371323585510E+01     0.101543312072754E+02     0.182002329826355E+01
     0.464227104187012E+01     0.164503562450409E+01     0.101547155380249E+02     0.182171046733856E+01
     0.465139102935791E+01     0.164577507972717E+01     0.101526050567627E+02     0.182261288166046E+01
     0.466051149368286E+01     0.164640963077545E+01     0.101502094268799E+02     0.182337689399719E+01
     0.466963195800781E+01     0.164734447002411E+01     0.101488571166992E+02     0.182454168796539E+01
     0.467875242233276E+01     0.164915919303894E+01     0.101512517929077E+02     0.182689368724823E+01
     0.468787288665771E+01     0.164900755882263E+01     0.101455583572388E+02     0.182659876346588E+01
     0.469699335098267E+01     0.165080833435059E+01     0.101478881835938E+02     0.182893323898315E+01
     0.470611333847046E+01     0.165133476257324E+01     0.101450271606445E+02     0.182955265045166E+01
     0.471523380279541E+01     0.165056061744690E+01     0.101369237899780E+02     0.182842183113098E+01
     0.472435426712036E+01     0.165124320983887E+01     0.101348590850830E+02     0.182925426959991E+01
     0.473347473144531E+01     0.165215623378754E+01     0.101336174011230E+02     0.183039522171021E+01
     0.474259519577026E+01     0.165520894527435E+01     0.101410408020020E+02     0.183441996574402E+01
     0.475171518325806E+01     0.165605306625366E+01     0.101396112442017E+02     0.183547127246857E+01
     0.476083564758301E+01     0.165591692924500E+01     0.101342630386353E+02     0.183520174026489E+01
     0.476995611190796E+01     0.165728509426117E+01     0.101349544525146E+02     0.183696019649506E+01
     0.477907657623291E+01     0.165831840038300E+01     0.101342916488647E+02     0.183826780319214E+01
     0.478819704055786E+01     0.165932083129883E+01     0.101334772109985E+02     0.183953356742859E+01
     0.479731702804565E+01     0.165921497344971E+01     0.101282234191895E+02     0.183930432796478E+01
     0.480643749237061E+01     0.166090118885040E+01     0.101303205490112E+02     0.184149658679962E+01
     0.481555795669556E+01     0.165920770168304E+01     0.101186637878418E+02     0.183912396430969E+01
     0.482467842102051E+01     0.166051840782166E+01     0.101192035675049E+02     0.184080851078033E+01
     0.483379888534546E+01     0.166147267818451E+01     0.101183872222900E+02     0.184201371669769E+01
     0.484291934967041E+01     0.166195893287659E+01     0.101156253814697E+02     0.184258615970612E+01
     0.485203933715820E+01     0.166393125057220E+01     0.101189632415771E+02     0.184516870975494E+01
     0.486115980148315E+01     0.166351246833801E+01     0.101125249862671E+02     0.184451770782471E+01
     0.487028026580811E+01     0.166456520557404E+01     0.101121044158936E+02     0.184585750102997E+01
     0.487940073013306E+01     0.166479563713074E+01     0.101083965301514E+02     0.184608590602875E+01
     0.488852119445801E+01     0.166622781753540E+01     0.101094694137573E+02     0.184793901443481E+01
     0.489764118194580E+01     0.166868031024933E+01     0.101148538589478E+02     0.185117793083191E+01
     0.490676164627075E+01     0.166823434829712E+01     0.101083526611328E+02     0.185048985481262E+01
     0.491588211059570E+01     0.166898894309998E+01     0.101068344116211E+02     0.185142993927002E+01
     0.492500257492065E+01     0.166983079910278E+01     0.101056480407715E+02     0.185248839855194E+01
     0.493412303924561E+01     0.167080199718475E+01     0.101050052642822E+02     0.185372245311737E+01
     0.494324302673340E+01     0.167039871215820E+01     0.100988092422485E+02     0.185309433937073E+01
     0.495236349105835E+01     0.167208421230316E+01     0.101010704040527E+02     0.185529768466949E+01
     0.496148395538330E+01     0.167254722118378E+01     0.100984640121460E+02     0.185584545135498E+01
     0.497060441970825E+01     0.167465758323669E+01     0.101025514602661E+02     0.185862922668457E+01
     0.497972488403320E+01     0.167359006404877E+01     0.100936746597290E+02     0.185709893703461E+01
     0.498884534835815E+01     0.167401194572449E+01     0.100907840728760E+02     0.185758912563324E+01
     0.499796533584595E+01     0.167681014537811E+01     0.100977363586426E+02     0.186130988597870E+01
     0.500708580017090E+01     0.167694520950317E+01     0.100938186645508E+02     0.186141347885132E+01
     0.501620626449585E+01     0.167587864398956E+01     0.100850715637207E+02     0.185988557338715E+01
     0.502532672882080E+01     0.167684149742126E+01     0.100845718383789E+02     0.186111462116241E+01
     0.503444719314575E+01     0.167841613292694E+01     0.100864419937134E+02     0.186317372322083E+01
     0.504356718063354E+01     0.167969262599945E+01     0.100872726440430E+02     0.186483156681061E+01
     0.505268764495850E+01     0.168037664890289E+01     0.100855560302734E+02     0.186568164825439E+01
     0.506180810928345E+01     0.168068277835846E+01     0.100824499130249E+02     0.186602020263672E+01
     0.507092857360840E+01     0.168011474609375E+01     0.100757141113281E+02     0.186516833305359E+01
     0.508004903793335E+01     0.168134510517120E+01     0.100764474868774E+02     0.186676621437073E+01
     0.508916902542114E+01     0.168147218227386E+01     0.100725107192993E+02     0.186685943603516E+01
     0.509828948974609E+01     0.168315327167511E+01     0.100750589370728E+02     0.186907160282135E+01
     0.510740995407104E+01     0.168512451648712E+01     0.100787658691406E+02     0.187168037891388E+01
     0.511653041839600E+01     0.168378520011902E+01     0.100690670013428E+02     0.186977922916412E+01
     0.512565088272095E+01     0.168501389026642E+01     0.100696868896484E+02     0.187137508392334E+01
     0.513477134704590E+01     0.168569159507751E+01     0.100682554244995E+02     0.187222397327423E+01
     0.514389133453369E+01     0.168597412109375E+01     0.100650711059570E+02     0.187253177165985E+01
     0.515301179885864E+01     0.168732714653015E+01     0.100662775039673E+02     0.187430012226105E+01
     0.516213226318359E+01     0.168806040287018E+01     0.100649890899658E+02     0.187522411346436E+01
     0.517125272750854E+01     0.168743467330933E+01     0.100583219528198E+02     0.187429678440094E+01
     0.518037319183350E+01     0.168776595592499E+01     0.100555896759033E+02     0.187467575073242E+01
     0.518949317932129E+01     0.168947184085846E+01     0.100584592819214E+02     0.187693130970001E+01
     0.519861364364624E+01     0.168905711174011E+01     0.100528917312622E+02     0.187629568576813E+01
     0.520773410797119E+01     0.168988561630249E+01     0.100521097183228E+02     0.187735271453857E+01
     0.521685457229614E+01     0.169014859199524E+01     0.100493707656860E+02     0.187764358520508E+01
     0.522597503662109E+01     0.169150352478027E+01     0.100509738922119E+02     0.187942469120026E+01
     0.523509502410889E+01     0.169313728809357E+01     0.100538358688354E+02     0.188159000873566E+01
     0.524421548843384E+01     0.169289863109589E+01     0.100491151809692E+02     0.188119685649872E+01
     0.525333595275879E+01     0.169476306438446E+01     0.100527791976929E+02     0.188367688655853E+01
     0.526245641708374E+01     0.169458293914795E+01     0.100483951568604E+02     0.188336503505707E+01
     0.527157688140869E+01     0.169537317752838E+01     0.100477981567383E+02     0.188437807559967E+01
     0.528069734573364E+01     0.169404458999634E+01     0.100386247634888E+02     0.188249289989471E+01
     0.528981733322144E+01     0.169473338127136E+01     0.100377082824707E+02     0.188336884975433E+01
     0.529893779754639E+01     0.169550120830536E+01     0.100372028350830E+02     0.188435471057892E+01
     0.530805826187134E+01     0.169704246520996E+01     0.100398731231689E+02     0.188640034198761E+01
     0.531717872619629E+01     0.169610929489136E+01     0.100324411392212E+02     0.188505756855011E+01
     0.532629919052124E+01     0.169847559928894E+01     0.100384616851807E+02     0.188823413848877E+01
     0.533541917800903E+01     0.169814717769623E+01     0.100335445404053E+02     0.188772022724152E+01
     0.534453964233398E+01     0.169756698608398E+01     0.100275154113770E+02     0.188685965538025E+01
     0.535366010665894E+01     0.169904220104218E+01     0.100300102233887E+02     0.188881850242615E+01
     0.536278057098389E+01     0.169938111305237E+01     0.100278768539429E+02     0.188922023773193E+01
     0.537190103530884E+01     0.170025873184204E+01     0.100278673171997E+02     0.189035952091217E+01
     0.538102102279663E+01     0.170137000083923E+01     0.100289268493652E+02     0.189182186126709E+01
     0.539014148712158E+01     0.170153129100800E+01     0.100261697769165E+02     0.189198207855225E+01
     0.539926195144653E+01     0.170165562629700E+01     0.100231437683105E+02     0.189208960533142E+01
     0.540838241577148E+01     0.170171797275543E+01     0.100199213027954E+02     0.189211308956146E+01
     0.541750288009644E+01     0.170302689075470E+01     0.100219135284424E+02     0.189385008811951E+01
     0.542662334442139E+01     0.170392334461212E+01     0.100220775604248E+02     0.189501893520355E+01
     0.543574333190918E+01     0.170282721519470E+01     0.100141706466675E+02     0.189345228672028E+01
     0.544486379623413E+01     0.170522379875183E+01     0.100205497741699E+02     0.189668357372284E+01
     0.545398426055908E+01     0.170511925220490E+01     0.100166807174683E+02     0.189647841453552E+01
     0.546310472488403E+01     0.170465528964996E+01     0.100113916397095E+02     0.189578020572662E+01
     0.547222518920898E+01     0.170600247383118E+01     0.100136556625366E+02     0.189757406711578E+01
     0.548134517669678E+01     0.170635879039764E+01     0.100116357803345E+02     0.189800190925598E+01
     0.549046564102173E+01     0.170694804191589E+01     0.100107851028442E+02     0.189875423908234E+01
     0.549958610534668E+01     0.170704555511475E+01     0.100078849792480E+02     0.189882946014404E+01
     0.550870656967163E+01     0.170639657974243E+01     0.100017681121826E+02     0.189787507057190E+01
     0.551782703399658E+01     0.170823097229004E+01     0.100060777664185E+02     0.190034174919128E+01
     0.552694702148438E+01     0.170809519290924E+01     0.100022678375244E+02     0.190009689331055E+01
     0.553606748580933E+01     0.170898711681366E+01     0.100026245117188E+02     0.190126574039459E+01
     0.554518795013428E+01     0.171007418632507E+01     0.100039052963257E+02     0.190270650386810E+01
     0.555430841445923E+01     0.170881891250610E+01     0.999543666839600E+01     0.190091824531555E+01
     0.556342887878418E+01     0.171096897125244E+01     0.100010137557983E+02     0.190382242202759E+01
     0.557254934310913E+01     0.170991492271423E+01     0.999346160888672E+01     0.190231239795685E+01
     0.558166933059692E+01     0.170979070663452E+01     0.998973274230957E+01     0.190208363533020E+01
     0.559078979492188E+01     0.171158266067505E+01     0.999387741088867E+01     0.190449595451355E+01
     0.559991025924683E+01     0.171212959289551E+01     0.999291992187500E+01     0.190519285202026E+01
     0.560903072357178E+01     0.171258819103241E+01     0.999175739288330E+01     0.190577101707458E+01
     0.561815118789673E+01     0.171191513538361E+01     0.998573875427246E+01     0.190478491783142E+01
     0.562727117538452E+01     0.171145272254944E+01     0.998061752319336E+01     0.190408957004547E+01
     0.563639163970947E+01     0.171330177783966E+01     0.998519134521484E+01     0.190658617019653E+01
     0.564551210403442E+01     0.171342384815216E+01     0.998252964019775E+01     0.190669810771942E+01
     0.565463256835938E+01     0.171295225620270E+01     0.997743415832520E+01     0.190599119663239E+01
     0.566375303268433E+01     0.171532380580902E+01     0.998411178588867E+01     0.190921032428741E+01
     0.567287302017212E+01     0.171551048755646E+01     0.998175334930420E+01     0.190941214561462E+01
     0.568199348449707E+01     0.171452069282532E+01     0.997452640533447E+01     0.190798902511597E+01
     0.569111394882202E+01     0.171420562267303E+01     0.997019386291504E+01     0.190749979019165E+01
     0.570023441314697E+01     0.171549010276794E+01     0.997245597839355E+01     0.190921986103058E+01
     0.570935487747192E+01     0.171589207649231E+01     0.997096347808838E+01     0.190971910953522E+01
     0.571847534179688E+01     0.171652543544769E+01     0.997061347961426E+01     0.191054141521454E+01
     0.572759532928467E+01     0.171708178520203E+01     0.996988964080811E+01     0.191125667095184E+01
     0.573671579360962E+01     0.171727955341339E+01     0.996764755249023E+01     0.191147577762604E+01
     0.574583625793457E+01     0.171789264678955E+01     0.996714878082275E+01     0.191226959228516E+01
     0.575495672225952E+01     0.171870720386505E+01     0.996762752532959E+01     0.191334497928619E+01
     0.576407718658447E+01     0.171721339225769E+01     0.995833396911621E+01     0.191122305393219E+01
     0.577319717407227E+01     0.171939325332642E+01     0.996444034576416E+01     0.191418719291687E+01
     0.578231763839722E+01     0.171795737743378E+01     0.995544624328613E+01     0.191214573383331E+01
     0.579143810272217E+01     0.171928226947784E+01     0.995800209045410E+01     0.191392707824707E+01
     0.580055856704712E+01     0.172044646739960E+01     0.995987987518311E+01     0.191548669338226E+01
     0.580967903137207E+01     0.171895587444305E+01     0.995069789886475E+01     0.191336917877197E+01
     0.581879901885986E+01     0.171964704990387E+01     0.995063877105713E+01     0.191427397727966E+01
     0.582791948318481E+01     0.172019875049591E+01     0.995003890991211E+01     0.191498672962189E+01
     0.583703994750977E+01     0.171983146667480E+01     0.994553184509277E+01     0.191442465782166E+01
     0.584616041183472E+01     0.172066843509674E+01     0.994616508483887E+01     0.191553366184235E+01
     0.585528087615967E+01     0.172283661365509E+01     0.995231246948242E+01     0.191848826408386E+01
     0.586440134048462E+01     0.172205376625061E+01     0.994609260559082E+01     0.191734993457794E+01
     0.587352132797241E+01     0.172214853763580E+01     0.994359111785889E+01     0.191742980480194E+01
     0.588264179229736E+01     0.172243797779083E+01     0.994198417663574E+01     0.191778111457825E+01
     0.589176225662231E+01     0.172356939315796E+01     0.994380092620850E+01     0.191929900646210E+01
     0.590088272094727E+01     0.172300899028778E+01     0.993860721588135E+01     0.191847074031830E+01
     0.591000318527222E+01     0.172285687923431E+01     0.993510150909424E+01     0.191820847988129E+01
     0.591912317276001E+01     0.172472858428955E+01     0.994009590148926E+01     0.192075634002686E+01
     0.592824363708496E+01     0.172547042369843E+01     0.994037437438965E+01     0.192173659801483E+01
     0.593736410140991E+01     0.172355771064758E+01     0.992954158782959E+01     0.191902995109558E+01
     0.594648456573486E+01     0.172494137287140E+01     0.993249607086182E+01     0.192090082168579E+01
     0.595560503005981E+01     0.172625958919525E+01     0.993521785736084E+01     0.192268276214600E+01
     0.596472501754761E+01     0.172450184822083E+01     0.992498779296875E+01     0.192018961906433E+01
     0.597384548187256E+01     0.172474491596222E+01     0.992330265045166E+01     0.192047894001007E+01
     0.598296594619751E+01     0.172644567489624E+01     0.992761898040771E+01     0.192279243469238E+01
     0.599208641052246E+01     0.172756326198578E+01     0.992954826354980E+01     0.192429757118225E+01
     0.600120687484741E+01     0.172729158401489E+01     0.992567634582520E+01     0.192387115955353E+01
     0.601032733917236E+01     0.172633135318756E+01     0.991884040832520E+01     0.192248594760895E+01
     0.601944732666016E+01     0.172657907009125E+01     0.991716766357422E+01     0.192278218269348E+01
     0.602856779098511E+01     0.172829914093018E+01     0.992159843444824E+01     0.192512524127960E+01
     0.603768825531006E+01     0.172852015495300E+01     0.991982555389404E+01     0.192538487911224E+01
     0.604680871963501E+01     0.172894048690796E+01     0.991888427734375E+01     0.192592191696167E+01
     0.605592918395996E+01     0.172796261310577E+01     0.991206455230713E+01     0.192451274394989E+01
     0.606504917144775E+01     0.172922646999359E+01     0.991467380523682E+01     0.192622399330139E+01
     0.607416963577271E+01     0.172895681858063E+01     0.991086196899414E+01     0.192580103874207E+01
     0.608329010009766E+01     0.172827315330505E+01     0.990526866912842E+01     0.192480099201202E+01
     0.609241056442261E+01     0.172906732559204E+01     0.990589237213135E+01     0.192585849761963E+01
     0.610153102874756E+01     0.172978985309601E+01     0.990632438659668E+01     0.192681837081909E+01
     0.611065101623535E+01     0.173041367530823E+01     0.990627098083496E+01     0.192763984203339E+01
     0.611977148056030E+01     0.172909748554230E+01     0.989803314208984E+01     0.192575824260712E+01
     0.612889194488525E+01     0.173039293289185E+01     0.990083789825439E+01     0.192751622200012E+01
     0.613801240921021E+01     0.172958528995514E+01     0.989483737945557E+01     0.192634439468384E+01
     0.614713287353516E+01     0.172980177402496E+01     0.989304828643799E+01     0.192659807205200E+01
     0.615625333786011E+01     0.173196601867676E+01     0.989954185485840E+01     0.192956864833832E+01
     0.616537332534790E+01     0.173064899444580E+01     0.989138984680176E+01     0.192768597602844E+01
     0.617449378967285E+01     0.173066759109497E+01     0.988887691497803E+01     0.192766582965851E+01
     0.618361425399780E+01     0.173137593269348E+01     0.988925743103027E+01     0.192860746383667E+01
     0.619273471832275E+01     0.173176205158234E+01     0.988829326629639E+01     0.192909991741180E+01
     0.620185518264771E+01     0.173266172409058E+01     0.988950347900391E+01     0.193030917644501E+01
     0.621097517013550E+01     0.173220407962799E+01     0.988503551483154E+01     0.192962563037872E+01
     0.622009563446045E+01     0.173274159431458E+01     0.988469123840332E+01     0.193032932281494E+01
     0.622921609878540E+01     0.173399221897125E+01     0.988734626770020E+01     0.193202877044678E+01
     0.623833656311035E+01     0.173394584655762E+01     0.988470077514648E+01     0.193192052841187E+01
     0.624745702743530E+01     0.173465359210968E+01     0.988515853881836E+01     0.193286430835724E+01
     0.625657701492310E+01     0.173447275161743E+01     0.988185119628906E+01     0.193256664276123E+01
     0.626569747924805E+01     0.173459148406982E+01     0.987976074218750E+01     0.193268668651581E+01
     0.627481794357300E+01     0.173571407794952E+01     0.988200378417969E+01     0.193421113491058E+01
     0.628393840789795E+01     0.173543798923492E+01     0.987833404541016E+01     0.193378078937531E+01
     0.629305887222290E+01     0.173588788509369E+01     0.987773799896240E+01     0.193436551094055E+01
     0.630217933654785E+01     0.173640036582947E+01     0.987739467620850E+01     0.193503773212433E+01
     0.631129932403564E+01     0.173642551898956E+01     0.987502956390381E+01     0.193502938747406E+01
     0.632041978836060E+01     0.173558592796326E+01     0.986896896362305E+01     0.193381083011627E+01
     0.632954025268555E+01     0.173605036735535E+01     0.986841964721680E+01     0.193441557884216E+01
     0.633866071701050E+01     0.173594999313354E+01     0.986553192138672E+01     0.193423187732697E+01
     0.634778118133545E+01     0.173555123806000E+01     0.986139011383057E+01     0.193363082408905E+01
     0.635690116882324E+01     0.173639321327209E+01     0.986253070831299E+01     0.193476533889771E+01
     0.636602163314819E+01     0.173749566078186E+01     0.986472988128662E+01     0.193626415729523E+01
     0.637514209747314E+01     0.173716652393341E+01     0.986084747314453E+01     0.193575954437256E+01
     0.638426256179810E+01     0.173771727085114E+01     0.986077976226807E+01     0.193648803234100E+01
     0.639338302612305E+01     0.173648428916931E+01     0.985308456420898E+01     0.193471860885620E+01
     0.640250301361084E+01     0.173801493644714E+01     0.985713577270508E+01     0.193681776523590E+01
     0.641162347793579E+01     0.173801052570343E+01     0.985470199584961E+01     0.193676912784576E+01
     0.642074394226074E+01     0.173712551593781E+01     0.984856510162354E+01     0.193548786640167E+01
     0.642986440658569E+01     0.173898518085480E+01     0.985404109954834E+01     0.193804967403412E+01
     0.643898487091064E+01     0.173936510086060E+01     0.985324096679688E+01     0.193853938579559E+01
     0.644810533523560E+01     0.173928844928741E+01     0.985054111480713E+01     0.193839013576508E+01
     0.645722532272339E+01     0.173876655101776E+01     0.984596729278564E+01     0.193761706352234E+01
     0.646634578704834E+01     0.173994517326355E+01     0.984858322143555E+01     0.193922674655914E+01
     0.647546625137329E+01     0.173822093009949E+01     0.983878040313721E+01     0.193676650524139E+01
     0.648458671569824E+01     0.173860025405884E+01     0.983809471130371E+01     0.193725728988647E+01
     0.649370718002319E+01     0.174057126045227E+01     0.984416198730469E+01     0.193997991085052E+01
     0.650282716751099E+01     0.173900270462036E+01     0.983505535125732E+01     0.193773734569550E+01
     0.651194763183594E+01     0.173967862129211E+01     0.983564186096191E+01     0.193864464759827E+01
     0.652106809616089E+01     0.173961591720581E+01     0.983302974700928E+01     0.193851542472839E+01
     0.653018856048584E+01     0.174031245708466E+01     0.983365631103516E+01     0.193945109844208E+01
     0.653930902481079E+01     0.173997473716736E+01     0.982986164093018E+01     0.193893539905548E+01
     0.654842901229858E+01     0.174168682098389E+01     0.983487319946289E+01     0.194129776954651E+01
     0.655754947662354E+01     0.174079322814941E+01     0.982876491546631E+01     0.194000303745270E+01
     0.656666994094849E+01     0.174199867248535E+01     0.983162307739258E+01     0.194165503978729E+01
     0.657579040527344E+01     0.174243867397308E+01     0.983117675781250E+01     0.194223213195801E+01
     0.658491086959839E+01     0.174160158634186E+01     0.982527637481689E+01     0.194101548194885E+01
     0.659403133392334E+01     0.174108004570007E+01     0.982079410552979E+01     0.194024336338043E+01
     0.660315132141113E+01     0.174217593669891E+01     0.982321739196777E+01     0.194174253940582E+01
     0.661227178573608E+01     0.174143505096436E+01     0.981776046752930E+01     0.194066154956818E+01
     0.662139225006104E+01     0.174199140071869E+01     0.981780719757080E+01     0.194140183925629E+01
     0.663051271438599E+01     0.174312639236450E+01     0.982046890258789E+01     0.194295811653137E+01
     0.663963317871094E+01     0.174354624748230E+01     0.982004928588867E+01     0.194350934028625E+01
     0.664875316619873E+01     0.174310386180878E+01     0.981589698791504E+01     0.194284784793854E+01
     0.665787363052368E+01     0.174398458003998E+01     0.981737613677979E+01     0.194404590129852E+01
     0.666699409484863E+01     0.174415218830109E+01     0.981590747833252E+01     0.194424307346344E+01
     0.667611455917358E+01     0.174358665943146E+01     0.981123256683350E+01     0.194340801239014E+01
     0.668523502349854E+01     0.174376022815704E+01     0.980977344512939E+01     0.194361352920532E+01
     0.669435548782349E+01     0.174247717857361E+01     0.980198383331299E+01     0.194176876544952E+01
     0.670347547531128E+01     0.174383997917175E+01     0.980568408966064E+01     0.194364774227142E+01
     0.671259593963623E+01     0.174281978607178E+01     0.979903984069824E+01     0.194217264652252E+01
     0.672171640396118E+01     0.174295890331268E+01     0.979742050170898E+01     0.194232928752899E+01
     0.673083686828613E+01     0.174478411674500E+01     0.980308437347412E+01     0.194485914707184E+01
     0.673995733261108E+01     0.174545431137085E+01     0.980375957489014E+01     0.194576430320740E+01
     0.674907732009888E+01     0.174548983573914E+01     0.980175209045410E+01     0.194577646255493E+01
     0.675819778442383E+01     0.174365270137787E+01     0.979166126251221E+01     0.194315147399902E+01
     0.676731824874878E+01     0.174407267570496E+01     0.979126453399658E+01     0.194370388984680E+01
     0.677643871307373E+01     0.174450194835663E+01     0.979095554351807E+01     0.194427025318146E+01
     0.678555917739868E+01     0.174522745609283E+01     0.979196357727051E+01     0.194525468349457E+01
     0.679467916488647E+01     0.174510395526886E+01     0.978927230834961E+01     0.194504296779633E+01
     0.680379962921143E+01     0.174552285671234E+01     0.978890895843506E+01     0.194559490680695E+01
     0.681292009353638E+01     0.174466657638550E+01     0.978306579589844E+01     0.194435083866119E+01
     0.682204055786133E+01     0.174632072448730E+01     0.978810882568359E+01     0.194664490222931E+01
     0.683116102218628E+01     0.174666810035706E+01     0.978747653961182E+01     0.194709753990173E+01
     0.684028148651123E+01     0.174605655670166E+01     0.978268718719482E+01     0.194619727134705E+01
     0.684940147399902E+01     0.174522733688354E+01     0.977699184417725E+01     0.194499135017395E+01
     0.685852193832397E+01     0.174636435508728E+01     0.977977752685547E+01     0.194655704498291E+01
     0.686764240264893E+01     0.174565100669861E+01     0.977459335327148E+01     0.194551444053650E+01
     0.687676286697388E+01     0.174683845043182E+01     0.977764606475830E+01     0.194715213775635E+01
     0.688588333129883E+01     0.174677896499634E+01     0.977528285980225E+01     0.194703137874603E+01
     0.689500331878662E+01     0.174685835838318E+01     0.977356815338135E+01     0.194710755348206E+01
     0.690412378311157E+01     0.174616515636444E+01     0.976851558685303E+01     0.194609355926514E+01
     0.691324424743652E+01     0.174655461311340E+01     0.976808452606201E+01     0.194660592079163E+01
     0.692236471176147E+01     0.174626970291138E+01     0.976477146148682E+01     0.194616734981537E+01
     0.693148517608643E+01     0.174715089797974E+01     0.976651668548584E+01     0.194737434387207E+01
     0.694060516357422E+01     0.174655795097351E+01     0.976189231872559E+01     0.194650161266327E+01
     0.694972562789917E+01     0.174802029132843E+01     0.976616001129150E+01     0.194852972030640E+01
     0.695884609222412E+01     0.174746024608612E+01     0.976168060302734E+01     0.194770300388336E+01
     0.696796655654907E+01     0.174862229824066E+01     0.976464557647705E+01     0.194930779933929E+01
     0.697708702087402E+01     0.174801659584045E+01     0.976002311706543E+01     0.194841718673706E+01
     0.698620748519897E+01     0.174890160560608E+01     0.976184082031250E+01     0.194963228702545E+01
     0.699532747268677E+01     0.174898922443390E+01     0.976015377044678E+01     0.194972002506256E+01
     0.700444793701172E+01     0.174810290336609E+01     0.975428009033203E+01     0.194843220710754E+01
     0.701356840133667E+01     0.174926853179932E+01     0.975736427307129E+01     0.195004487037659E+01
     0.702268886566162E+01     0.174931430816650E+01     0.975554466247559E+01     0.195007431507111E+01
     0.703180932998657E+01     0.174964737892151E+01     0.975498008728027E+01     0.195051026344299E+01
     0.704092931747437E+01     0.174895751476288E+01     0.974994182586670E+01     0.194949913024902E+01
     0.705004978179932E+01     0.174798882007599E+01     0.974373149871826E+01     0.194809484481812E+01
     0.705917024612427E+01     0.174951684474945E+01     0.974841499328613E+01     0.195022082328796E+01
     0.706829071044922E+01     0.174954259395599E+01     0.974652576446533E+01     0.195022225379944E+01
     0.707741117477417E+01     0.175020229816437E+01     0.974741649627686E+01     0.195112097263336E+01
     0.708653116226196E+01     0.174934291839600E+01     0.974170970916748E+01     0.194987082481384E+01
     0.709565162658691E+01     0.174848890304565E+01     0.973605251312256E+01     0.194862902164459E+01
     0.710477209091187E+01     0.174837338924408E+01     0.973355293273926E+01     0.194843053817749E+01
     0.711389255523682E+01     0.174846541881561E+01     0.973198413848877E+01     0.194852626323700E+01
     0.712301301956177E+01     0.174999642372131E+01     0.973671817779541E+01     0.195065867900848E+01
     0.713213348388672E+01     0.175076389312744E+01     0.973817634582520E+01     0.195171236991882E+01
     0.714125347137451E+01     0.174932169914246E+01     0.972990322113037E+01     0.194963598251343E+01
     0.715037393569946E+01     0.174934387207031E+01     0.972806453704834E+01     0.194963371753693E+01
     0.715949440002441E+01     0.174919366836548E+01     0.972543621063232E+01     0.194938647747040E+01
     0.716861486434937E+01     0.174958181381226E+01     0.972524929046631E+01     0.194990313053131E+01
     0.717773532867432E+01     0.174962878227234E+01     0.972352409362793E+01     0.194993603229523E+01
     0.718685531616211E+01     0.174971652030945E+01     0.972201824188232E+01     0.195002710819244E+01
     0.719597578048706E+01     0.175117969512939E+01     0.972650718688965E+01     0.195206642150879E+01
     0.720509624481201E+01     0.174992430210114E+01     0.971907901763916E+01     0.195025396347046E+01
     0.721421670913696E+01     0.175000131130219E+01     0.971759033203125E+01     0.195033121109009E+01
     0.722333717346191E+01     0.175032019615173E+01     0.971706771850586E+01     0.195074951648712E+01
     0.723245716094971E+01     0.174995207786560E+01     0.971353149414062E+01     0.195019447803497E+01
     0.724157762527466E+01     0.175027060508728E+01     0.971298313140869E+01     0.195061182975769E+01
     0.725069808959961E+01     0.175059103965759E+01     0.971258258819580E+01     0.195103430747986E+01
     0.725981855392456E+01     0.174998378753662E+01     0.970803928375244E+01     0.195014071464539E+01
     0.726893901824951E+01     0.175097620487213E+01     0.971051120758057E+01     0.195151484012604E+01
     0.727805948257446E+01     0.175105571746826E+01     0.970896625518799E+01     0.195159459114075E+01
     0.728717947006226E+01     0.175117683410645E+01     0.970765113830566E+01     0.195173430442810E+01
