     0.930265486240387E+00     0.148676836397499E-02     0.129482889175415E+01     0.145531189627945E-02
     0.939385771751404E+00     0.472627300769091E-02     0.190134942531586E+01     0.463048089295626E-02
     0.948505997657776E+00     0.882341619580984E-02     0.233816218376160E+01     0.865281559526920E-02
     0.957626223564148E+00     0.138873523101211E-01     0.271619224548340E+01     0.136328097432852E-01
     0.966746509075165E+00     0.193609278649092E-01     0.303020930290222E+01     0.190246365964413E-01
     0.975866734981537E+00     0.255877450108528E-01     0.332130455970764E+01     0.251689720898867E-01
     0.984987020492554E+00     0.322185978293419E-01     0.358163094520569E+01     0.317231677472591E-01
     0.994107246398926E+00     0.390267856419086E-01     0.381308531761169E+01     0.384635142982006E-01
     0.100322747230530E+01     0.463754199445248E-01     0.403345060348511E+01     0.457508973777294E-01
     0.101234769821167E+01     0.545829683542252E-01     0.425324678421021E+01     0.539052225649357E-01
     0.102146804332733E+01     0.623677708208561E-01     0.444068717956543E+01     0.616512410342693E-01
     0.103058826923370E+01     0.708594620227814E-01     0.462773513793945E+01     0.701161250472069E-01
     0.103970849514008E+01     0.794645622372627E-01     0.480210351943970E+01     0.787077024579048E-01
     0.104882872104645E+01     0.888374522328377E-01     0.497785472869873E+01     0.880835130810738E-01
     0.105794894695282E+01     0.980677306652069E-01     0.513804244995117E+01     0.973315387964249E-01
     0.106706929206848E+01     0.107306092977524E+00     0.528782272338867E+01     0.106602847576141E+00
     0.107618951797485E+01     0.116893172264099E+00     0.543367242813110E+01     0.116239309310913E+00
     0.108530974388123E+01     0.126354619860649E+00     0.556954050064087E+01     0.125765979290009E+00
     0.109442996978760E+01     0.136621922254562E+00     0.570957851409912E+01     0.136122688651085E+00
     0.110355019569397E+01     0.147172898054123E+00     0.584576225280762E+01     0.146783903241158E+00
     0.111267054080963E+01     0.157120436429977E+00     0.596697616577148E+01     0.156850725412369E+00
     0.112179076671600E+01     0.167780727148056E+00     0.609153175354004E+01     0.167657941579819E+00
     0.113091099262238E+01     0.178292602300644E+00     0.620867061614990E+01     0.178333014249802E+00
     0.114003121852875E+01     0.188760921359062E+00     0.631971311569214E+01     0.188978329300880E+00
     0.114915144443512E+01     0.199993088841438E+00     0.643503570556641E+01     0.200424313545227E+00
     0.115827178955078E+01     0.211427927017212E+00     0.654802942276001E+01     0.212098896503448E+00
     0.116739201545715E+01     0.222792237997055E+00     0.665533876419067E+01     0.223718672990799E+00
     0.117651224136353E+01     0.233359828591347E+00     0.675038433074951E+01     0.234537869691849E+00
     0.118563246726990E+01     0.244771361351013E+00     0.685047578811646E+01     0.246244430541992E+00
     0.119475269317627E+01     0.256211757659912E+00     0.694704246520996E+01     0.257998526096344E+00
     0.120387303829193E+01     0.266822159290314E+00     0.703266859054565E+01     0.268913447856903E+00
     0.121299326419830E+01     0.279404461383820E+00     0.713385772705078E+01     0.281891494989395E+00
     0.122211349010468E+01     0.289905577898026E+00     0.721266841888428E+01     0.292727142572403E+00
     0.123123371601105E+01     0.301823258399963E+00     0.730177497863770E+01     0.305055648088455E+00
     0.124035394191742E+01     0.313727766275406E+00     0.738785219192505E+01     0.317389726638794E+00
     0.124947428703308E+01     0.325578331947327E+00     0.747118806838989E+01     0.329689025878906E+00
     0.125859451293945E+01     0.337854921817780E+00     0.755539321899414E+01     0.342454284429550E+00
     0.126771473884583E+01     0.349255591630936E+00     0.763016271591187E+01     0.354321867227554E+00
     0.127683496475220E+01     0.361089318990707E+00     0.770660972595215E+01     0.366664350032806E+00
     0.128595519065857E+01     0.372939974069595E+00     0.778050136566162E+01     0.379041105508804E+00
     0.129507553577423E+01     0.385251790285110E+00     0.785677766799927E+01     0.391929119825363E+00
     0.130419576168060E+01     0.397354513406754E+00     0.792923784255981E+01     0.404616296291351E+00
     0.131331598758698E+01     0.408217728137970E+00     0.799010753631592E+01     0.416007012128830E+00
     0.132243621349335E+01     0.420034527778625E+00     0.805733013153076E+01     0.428430825471878E+00
     0.133155655860901E+01     0.432292044162750E+00     0.812594985961914E+01     0.441341996192932E+00
     0.134067678451538E+01     0.444202303886414E+00     0.819030189514160E+01     0.453903377056122E+00
     0.134979701042175E+01     0.456247180700302E+00     0.825414466857910E+01     0.466628849506378E+00
     0.135891723632812E+01     0.468415945768356E+00     0.831783199310303E+01     0.479509204626083E+00
     0.136803746223450E+01     0.480093777179718E+00     0.837691402435303E+01     0.491886019706726E+00
     0.137715780735016E+01     0.492939472198486E+00     0.844218444824219E+01     0.505533099174500E+00
     0.138627803325653E+01     0.505257785320282E+00     0.850248336791992E+01     0.518636167049408E+00
     0.139539825916290E+01     0.516805350780487E+00     0.855697631835938E+01     0.530933260917664E+00
     0.140451848506927E+01     0.529362380504608E+00     0.861671543121338E+01     0.544337868690491E+00
     0.141363871097565E+01     0.541517198085785E+00     0.867260456085205E+01     0.557329058647156E+00
     0.142275905609131E+01     0.552784502506256E+00     0.872238731384277E+01     0.569383561611176E+00
     0.143187928199768E+01     0.565007448196411E+00     0.877641391754150E+01     0.582488238811493E+00
     0.144099950790405E+01     0.577503144741058E+00     0.883150863647461E+01     0.595913410186768E+00
     0.145011973381042E+01     0.589426040649414E+00     0.888246822357178E+01     0.608739972114563E+00
     0.145923995971680E+01     0.601204752922058E+00     0.893131637573242E+01     0.621426761150360E+00
     0.146836030483246E+01     0.611493587493896E+00     0.897043132781982E+01     0.632504820823669E+00
     0.147748053073883E+01     0.624560952186584E+00     0.902526187896729E+01     0.646640300750732E+00
     0.148660075664520E+01     0.636701345443726E+00     0.907407760620117E+01     0.659786283969879E+00
     0.149572098255157E+01     0.648039817810059E+00     0.911747932434082E+01     0.672072231769562E+00
     0.150484120845795E+01     0.658467173576355E+00     0.915460395812988E+01     0.683370888233185E+00
     0.151396155357361E+01     0.671799421310425E+00     0.920830345153809E+01     0.697894036769867E+00
     0.152308177947998E+01     0.682541251182556E+00     0.924632644653320E+01     0.709579229354858E+00
     0.153220200538635E+01     0.695220112800598E+00     0.929441833496094E+01     0.723423600196838E+00
     0.154132223129272E+01     0.705159068107605E+00     0.932755947113037E+01     0.734260976314545E+00
     0.155044245719910E+01     0.714118659496307E+00     0.935812377929688E+01     0.744051694869995E+00
     0.155956280231476E+01     0.723581135272980E+00     0.939177989959717E+01     0.754418849945068E+00
     0.156868302822113E+01     0.732354581356049E+00     0.942169475555420E+01     0.764035284519196E+00
     0.157780325412750E+01     0.741547048091888E+00     0.945410823822021E+01     0.774135112762451E+00
     0.158692348003387E+01     0.750041425228119E+00     0.948256206512451E+01     0.783469498157501E+00
     0.159604370594025E+01     0.759406566619873E+00     0.951610946655273E+01     0.793794095516205E+00
     0.160516405105591E+01     0.766270041465759E+00     0.953577136993408E+01     0.801330149173737E+00
     0.161428427696228E+01     0.775184154510498E+00     0.956630420684814E+01     0.811172127723694E+00
     0.162340450286865E+01     0.783737003803253E+00     0.959474182128906E+01     0.820622444152832E+00
     0.163252472877502E+01     0.791213154792786E+00     0.961740970611572E+01     0.828875005245209E+00
     0.164164495468140E+01     0.799836337566376E+00     0.964615726470947E+01     0.838428854942322E+00
     0.165076529979706E+01     0.807278811931610E+00     0.966851902008057E+01     0.846664369106293E+00
     0.165988552570343E+01     0.813188254833221E+00     0.968238449096680E+01     0.853177249431610E+00
     0.166900575160980E+01     0.822220444679260E+00     0.971319961547852E+01     0.863227367401123E+00
     0.167812597751617E+01     0.830019712448120E+00     0.973656845092773E+01     0.871889948844910E+00
     0.168724620342255E+01     0.836115896701813E+00     0.975171184539795E+01     0.878640651702881E+00
     0.169636654853821E+01     0.845063090324402E+00     0.978130054473877E+01     0.888626158237457E+00
     0.170548677444458E+01     0.852207124233246E+00     0.980119514465332E+01     0.896577119827271E+00
     0.171460700035095E+01     0.858319818973541E+00     0.981607818603516E+01     0.903368175029755E+00
     0.172372722625732E+01     0.865105569362640E+00     0.983415317535400E+01     0.910928606987000E+00
     0.173284745216370E+01     0.872988402843475E+00     0.985744285583496E+01     0.919743239879608E+00
     0.174196779727936E+01     0.880450606346130E+00     0.987890911102295E+01     0.928093194961548E+00
     0.175108802318573E+01     0.888178348541260E+00     0.990106391906738E+01     0.936749696731567E+00
     0.176020824909210E+01     0.894472777843475E+00     0.991665267944336E+01     0.943787097930908E+00
     0.176932847499847E+01     0.902395486831665E+00     0.993980026245117E+01     0.952687203884125E+00
     0.177844870090485E+01     0.908361673355103E+00     0.995301342010498E+01     0.959358274936676E+00
     0.178756904602051E+01     0.914950788021088E+00     0.996966934204102E+01     0.966752350330353E+00
     0.179668927192688E+01     0.921996355056763E+00     0.998791217803955E+01     0.974671781063080E+00
     0.180580949783325E+01     0.930279612541199E+00     0.100128126144409E+02     0.984026908874512E+00
     0.181492972373962E+01     0.934874653816223E+00     0.100192098617554E+02     0.989151597023010E+00
     0.182404994964600E+01     0.944259822368622E+00     0.100486202239990E+02     0.999787092208862E+00
     0.183317029476166E+01     0.949098765850067E+00     0.100564193725586E+02     0.100520622730255E+01
     0.184229052066803E+01     0.957410752773285E+00     0.100803661346436E+02     0.101462709903717E+01
     0.185141074657440E+01     0.963567972183228E+00     0.100941724777222E+02     0.102157592773438E+01
     0.186053097248077E+01     0.970847845077515E+00     0.101132011413574E+02     0.102982735633850E+01
     0.186965119838715E+01     0.977571666240692E+00     0.101295185089111E+02     0.103744518756866E+01
     0.187877154350281E+01     0.982643783092499E+00     0.101378240585327E+02     0.104315829277039E+01
     0.188789176940918E+01     0.990315854549408E+00     0.101585597991943E+02     0.105188930034637E+01
     0.189701199531555E+01     0.997143864631653E+00     0.101748018264771E+02     0.105964708328247E+01
     0.190613222122192E+01     0.100185012817383E+01     0.101816787719727E+02     0.106495678424835E+01
     0.191525244712830E+01     0.100767481327057E+01     0.101929864883423E+02     0.107156193256378E+01
     0.192437279224396E+01     0.101394498348236E+01     0.102068624496460E+02     0.107869577407837E+01
     0.193349301815033E+01     0.102176594734192E+01     0.102277584075928E+02     0.108764135837555E+01
     0.194261324405670E+01     0.102729189395905E+01     0.102378940582275E+02     0.109392213821411E+01
     0.195173346996307E+01     0.103408801555634E+01     0.102537746429443E+02     0.110168933868408E+01
     0.196085369586945E+01     0.104126191139221E+01     0.102717075347900E+02     0.110990965366364E+01
     0.196997404098511E+01     0.104659938812256E+01     0.102805233001709E+02     0.111598670482635E+01
     0.197909426689148E+01     0.105161702632904E+01     0.102883787155151E+02     0.112169945240021E+01
     0.198821449279785E+01     0.105838572978973E+01     0.103038244247437E+02     0.112946355342865E+01
     0.199733471870422E+01     0.106426155567169E+01     0.103152151107788E+02     0.113619029521942E+01
     0.200645494461060E+01     0.107042062282562E+01     0.103280830383301E+02     0.114325737953186E+01
     0.201557517051697E+01     0.107710528373718E+01     0.103431758880615E+02     0.115094792842865E+01
     0.202469539642334E+01     0.108234274387360E+01     0.103511400222778E+02     0.115693986415863E+01
     0.203381586074829E+01     0.108936834335327E+01     0.103680658340454E+02     0.116505050659180E+01
     0.204293608665466E+01     0.109374475479126E+01     0.103722171783447E+02     0.117004120349884E+01
     0.205205631256104E+01     0.109894800186157E+01     0.103804664611816E+02     0.117601394653320E+01
     0.206117653846741E+01     0.110535824298859E+01     0.103941278457642E+02     0.118341636657715E+01
     0.207029676437378E+01     0.111104416847229E+01     0.104043521881104E+02     0.118996953964233E+01
     0.207941699028015E+01     0.111883878707886E+01     0.104238262176514E+02     0.119902086257935E+01
     0.208853721618652E+01     0.112275278568268E+01     0.104263763427734E+02     0.120349395275116E+01
     0.209765744209290E+01     0.112879860401154E+01     0.104379615783691E+02     0.121049046516418E+01
     0.210677766799927E+01     0.113372969627380E+01     0.104447002410889E+02     0.121617352962494E+01
     0.211589789390564E+01     0.114024448394775E+01     0.104587411880493E+02     0.122374403476715E+01
     0.212501835823059E+01     0.114605963230133E+01     0.104692077636719E+02     0.123048686981201E+01
     0.213413858413696E+01     0.115183460712433E+01     0.104805707931519E+02     0.123720014095306E+01
     0.214325881004333E+01     0.115706360340118E+01     0.104894104003906E+02     0.124326920509338E+01
     0.215237903594971E+01     0.116249215602875E+01     0.104993019104004E+02     0.124958300590515E+01
     0.216149926185608E+01     0.116659104824066E+01     0.105033617019653E+02     0.125431787967682E+01
     0.217061948776245E+01     0.117108464241028E+01     0.105093708038330E+02     0.125952911376953E+01
     0.217973971366882E+01     0.117568910121918E+01     0.105160322189331E+02     0.126487874984741E+01
     0.218885993957520E+01     0.118069064617157E+01     0.105243053436279E+02     0.127070569992065E+01
     0.219798016548157E+01     0.118526625633240E+01     0.105309419631958E+02     0.127603089809418E+01
     0.220710039138794E+01     0.119123756885529E+01     0.105437974929810E+02     0.128303313255310E+01
     0.221622085571289E+01     0.119575583934784E+01     0.105502195358276E+02     0.128829979896545E+01
     0.222534108161926E+01     0.120150923728943E+01     0.105619735717773E+02     0.129505193233490E+01
     0.223446130752563E+01     0.120422613620758E+01     0.105608692169189E+02     0.129816949367523E+01
     0.224358153343201E+01     0.120953583717346E+01     0.105709171295166E+02     0.130440127849579E+01
     0.225270175933838E+01     0.121353888511658E+01     0.105753793716431E+02     0.130906879901886E+01
     0.226182198524475E+01     0.121792042255402E+01     0.105814294815063E+02     0.131419479846954E+01
     0.227094221115112E+01     0.122256207466125E+01     0.105886602401733E+02     0.131963813304901E+01
     0.228006243705750E+01     0.122650837898254E+01     0.105931777954102E+02     0.132425177097321E+01
     0.228918266296387E+01     0.123123478889465E+01     0.106007633209229E+02     0.132980597019196E+01
     0.229830288887024E+01     0.123604035377502E+01     0.106087827682495E+02     0.133546137809753E+01
     0.230742335319519E+01     0.123971319198608E+01     0.106121730804443E+02     0.133975613117218E+01
     0.231654357910156E+01     0.124499869346619E+01     0.106225128173828E+02     0.134600341320038E+01
     0.232566380500793E+01     0.124875414371490E+01     0.106260595321655E+02     0.135040330886841E+01
     0.233478403091431E+01     0.125296211242676E+01     0.106316194534302E+02     0.135535442829132E+01
     0.234390425682068E+01     0.125731134414673E+01     0.106380224227905E+02     0.136048340797424E+01
     0.235302448272705E+01     0.126133930683136E+01     0.106429986953735E+02     0.136522638797760E+01
     0.236214470863342E+01     0.126532995700836E+01     0.106477556228638E+02     0.136992681026459E+01
     0.237126493453979E+01     0.127027630805969E+01     0.106567897796631E+02     0.137579333782196E+01
     0.238038516044617E+01     0.127432453632355E+01     0.106617937088013E+02     0.138057172298431E+01
     0.238950538635254E+01     0.127739012241364E+01     0.106627998352051E+02     0.138416063785553E+01
     0.239862585067749E+01     0.128082942962646E+01     0.106655788421631E+02     0.138820838928223E+01
     0.240774607658386E+01     0.128502893447876E+01     0.106714620590210E+02     0.139318287372589E+01
     0.241686630249023E+01     0.128947603702545E+01     0.106782226562500E+02     0.139846098423004E+01
     0.242598652839661E+01     0.129393470287323E+01     0.106852750778198E+02     0.140376019477844E+01
     0.243510675430298E+01     0.129674255847931E+01     0.106854906082153E+02     0.140705144405365E+01
     0.244422698020935E+01     0.130198407173157E+01     0.106958265304565E+02     0.141331362724304E+01
     0.245334720611572E+01     0.130479526519775E+01     0.106958456039429E+02     0.141661155223846E+01
     0.246246743202209E+01     0.130848538875580E+01     0.106998634338379E+02     0.142098867893219E+01
     0.247158765792847E+01     0.131265938282013E+01     0.107056694030762E+02     0.142595839500427E+01
     0.248070788383484E+01     0.131689476966858E+01     0.107119693756104E+02     0.143100953102112E+01
     0.248982834815979E+01     0.131944215297699E+01     0.107112073898315E+02     0.143399715423584E+01
     0.249894857406616E+01     0.132365858554840E+01     0.107173824310303E+02     0.143903148174286E+01
     0.250806879997253E+01     0.132664287090302E+01     0.107183113098145E+02     0.144255685806274E+01
     0.251718902587891E+01     0.133101260662079E+01     0.107251205444336E+02     0.144778633117676E+01
     0.252630925178528E+01     0.133382582664490E+01     0.107257032394409E+02     0.145111072063446E+01
     0.253542947769165E+01     0.133803713321686E+01     0.107320346832275E+02     0.145615470409393E+01
     0.254454970359802E+01     0.134015250205994E+01     0.107293443679810E+02     0.145862126350403E+01
     0.255366992950439E+01     0.134582614898682E+01     0.107419071197510E+02     0.146547305583954E+01
     0.256279015541077E+01     0.134921407699585E+01     0.107447967529297E+02     0.146951425075531E+01
     0.257191038131714E+01     0.135222661495209E+01     0.107462577819824E+02     0.147309684753418E+01
     0.258103084564209E+01     0.135557472705841E+01     0.107490081787109E+02     0.147709441184998E+01
     0.259015107154846E+01     0.135913288593292E+01     0.107528295516968E+02     0.148135578632355E+01
     0.259927129745483E+01     0.136106717586517E+01     0.107496356964111E+02     0.148361194133759E+01
     0.260839152336121E+01     0.136597943305969E+01     0.107590427398682E+02     0.148955082893372E+01
     0.261751174926758E+01     0.136837387084961E+01     0.107578144073486E+02     0.149237954616547E+01
     0.262663197517395E+01     0.137118613719940E+01     0.107586851119995E+02     0.149573051929474E+01
     0.263575220108032E+01     0.137500202655792E+01     0.107636089324951E+02     0.150032472610474E+01
     0.264487242698669E+01     0.137780046463013E+01     0.107642526626587E+02     0.150366091728210E+01
     0.265399265289307E+01     0.138024234771729E+01     0.107633285522461E+02     0.150655603408813E+01
     0.266311311721802E+01     0.138455200195312E+01     0.107705202102661E+02     0.151177370548248E+01
     0.267223334312439E+01     0.138658452033997E+01     0.107681407928467E+02     0.151416730880737E+01
     0.268135356903076E+01     0.139158034324646E+01     0.107781314849854E+02     0.152024376392365E+01
     0.269047379493713E+01     0.139509963989258E+01     0.107819862365723E+02     0.152448976039886E+01
     0.269959402084351E+01     0.139730179309845E+01     0.107802839279175E+02     0.152709949016571E+01
     0.270871424674988E+01     0.140110623836517E+01     0.107853345870972E+02     0.153170573711395E+01
     0.271783447265625E+01     0.140418529510498E+01     0.107872714996338E+02     0.153541064262390E+01
     0.272695469856262E+01     0.140542006492615E+01     0.107817945480347E+02     0.153682219982147E+01
     0.273607492446899E+01     0.141024374961853E+01     0.107913103103638E+02     0.154271006584167E+01
     0.274519515037537E+01     0.141320741176605E+01     0.107928905487061E+02     0.154627954959869E+01
     0.275431561470032E+01     0.141636586189270E+01     0.107953672409058E+02     0.155009508132935E+01
     0.276343584060669E+01     0.141988444328308E+01     0.107992877960205E+02     0.155436301231384E+01
     0.277255606651306E+01     0.142049348354340E+01     0.107913312911987E+02     0.155499815940857E+01
     0.278167629241943E+01     0.142391455173492E+01     0.107950782775879E+02     0.155915057659149E+01
     0.279079651832581E+01     0.142703819274902E+01     0.107975511550903E+02     0.156293272972107E+01
     0.279991674423218E+01     0.143019199371338E+01     0.108001661300659E+02     0.156675553321838E+01
     0.280903697013855E+01     0.143343818187714E+01     0.108031435012817E+02     0.157069647312164E+01
     0.281815719604492E+01     0.143680989742279E+01     0.108067798614502E+02     0.157479906082153E+01
     0.282727742195129E+01     0.144020438194275E+01     0.108104896545410E+02     0.157893288135529E+01
     0.283639764785767E+01     0.144174110889435E+01     0.108064594268799E+02     0.158073663711548E+01
     0.284551811218262E+01     0.144407379627228E+01     0.108058061599731E+02     0.158354115486145E+01
     0.285463833808899E+01     0.144858932495117E+01     0.108144216537476E+02     0.158909380435944E+01
     0.286375856399536E+01     0.145016586780548E+01     0.108105039596558E+02     0.159095025062561E+01
     0.287287878990173E+01     0.145416343212128E+01     0.108168802261353E+02     0.159585654735565E+01
     0.288199901580811E+01     0.145469176769257E+01     0.108086929321289E+02     0.159639620780945E+01
     0.289111924171448E+01     0.145859682559967E+01     0.108148193359375E+02     0.160119283199310E+01
     0.290023946762085E+01     0.146120762825012E+01     0.108156242370605E+02     0.160436189174652E+01
     0.290935969352722E+01     0.146481955051422E+01     0.108204698562622E+02     0.160879468917847E+01
     0.291847991943359E+01     0.146762800216675E+01     0.108219547271729E+02     0.161221587657928E+01
     0.292760014533997E+01     0.146962189674377E+01     0.108200788497925E+02     0.161461067199707E+01
     0.293672060966492E+01     0.147282409667969E+01     0.108233232498169E+02     0.161853456497192E+01
     0.294584083557129E+01     0.147467052936554E+01     0.108209342956543E+02     0.162074673175812E+01
     0.295496106147766E+01     0.147762703895569E+01     0.108231992721558E+02     0.162436473369598E+01
     0.296408128738403E+01     0.147986876964569E+01     0.108224821090698E+02     0.162707996368408E+01
     0.297320151329041E+01     0.148186242580414E+01     0.108208436965942E+02     0.162948334217072E+01
     0.298232173919678E+01     0.148377251625061E+01     0.108188629150391E+02     0.163178205490112E+01
     0.299144196510315E+01     0.148701512813568E+01     0.108223056793213E+02     0.163577020168304E+01
     0.300056219100952E+01     0.149026930332184E+01     0.108259525299072E+02     0.163977742195129E+01
     0.300968241691589E+01     0.149133980274200E+01     0.108205537796021E+02     0.164101552963257E+01
     0.301880264282227E+01     0.149348974227905E+01     0.108197412490845E+02     0.164362573623657E+01
     0.302792310714722E+01     0.149789524078369E+01     0.108282995223999E+02     0.164910399913788E+01
     0.303704333305359E+01     0.149861812591553E+01     0.108215322494507E+02     0.164990305900574E+01
     0.304616355895996E+01     0.150172638893127E+01     0.108246183395386E+02     0.165373599529266E+01
     0.305528378486633E+01     0.150507569313049E+01     0.108287296295166E+02     0.165787851810455E+01
     0.306440401077271E+01     0.150592172145844E+01     0.108225393295288E+02     0.165883636474609E+01
     0.307352423667908E+01     0.150847816467285E+01     0.108236398696899E+02     0.166197597980499E+01
     0.308264446258545E+01     0.151063108444214E+01     0.108228530883789E+02     0.166460037231445E+01
     0.309176468849182E+01     0.151353609561920E+01     0.108253412246704E+02     0.166818737983704E+01
     0.310088491439819E+01     0.151579904556274E+01     0.108251514434814E+02     0.167095696926117E+01
     0.311000514030457E+01     0.151841545104980E+01     0.108265085220337E+02     0.167418038845062E+01
     0.311912560462952E+01     0.152189803123474E+01     0.108314476013184E+02     0.167851257324219E+01
     0.312824583053589E+01     0.152405846118927E+01     0.108308544158936E+02     0.168115687370300E+01
     0.313736605644226E+01     0.152645826339722E+01     0.108313512802124E+02     0.168410968780518E+01
     0.314648628234863E+01     0.152716195583344E+01     0.108248529434204E+02     0.168489372730255E+01
     0.315560650825500E+01     0.153124403953552E+01     0.108324222564697E+02     0.169000446796417E+01
     0.316472673416138E+01     0.153242421150208E+01     0.108279609680176E+02     0.169140076637268E+01
     0.317384696006775E+01     0.153554069995880E+01     0.108314924240112E+02     0.169527900218964E+01
     0.318296718597412E+01     0.153587508201599E+01     0.108235034942627E+02     0.169559156894684E+01
     0.319208741188049E+01     0.153895378112793E+01     0.108269157409668E+02     0.169942522048950E+01
     0.320120763778687E+01     0.154045403003693E+01     0.108238811492920E+02     0.170123600959778E+01
     0.321032810211182E+01     0.154265010356903E+01     0.108237771987915E+02     0.170394170284271E+01
     0.321944832801819E+01     0.154531216621399E+01     0.108256492614746E+02     0.170724821090698E+01
     0.322856855392456E+01     0.154782605171204E+01     0.108269233703613E+02     0.171036648750305E+01
     0.323768877983093E+01     0.154893529415131E+01     0.108222322463989E+02     0.171167778968811E+01
     0.324680900573730E+01     0.155075931549072E+01     0.108208074569702E+02     0.171391272544861E+01
     0.325592923164368E+01     0.155389177799225E+01     0.108246278762817E+02     0.171783161163330E+01
     0.326504945755005E+01     0.155688440799713E+01     0.108279838562012E+02     0.172157442569733E+01
     0.327416968345642E+01     0.155805325508118E+01     0.108237123489380E+02     0.172296762466431E+01
     0.328328990936279E+01     0.155967795848846E+01     0.108214483261108E+02     0.172495043277740E+01
     0.329241013526917E+01     0.156216502189636E+01     0.108227872848511E+02     0.172804737091064E+01
     0.330153059959412E+01     0.156475198268890E+01     0.108245992660522E+02     0.173127555847168E+01
     0.331065082550049E+01     0.156535816192627E+01     0.108180599212646E+02     0.173194551467896E+01
     0.331977105140686E+01     0.156829917430878E+01     0.108213901519775E+02     0.173563456535339E+01
     0.332889127731323E+01     0.156972801685333E+01     0.108183345794678E+02     0.173736941814423E+01
     0.333801150321960E+01     0.157238698005676E+01     0.108205366134644E+02     0.174069821834564E+01
     0.334713172912598E+01     0.157471179962158E+01     0.108213758468628E+02     0.174359679222107E+01
     0.335625195503235E+01     0.157720255851746E+01     0.108229217529297E+02     0.174671220779419E+01
     0.336537218093872E+01     0.157956361770630E+01     0.108239908218384E+02     0.174966204166412E+01
     0.337449240684509E+01     0.158040940761566E+01     0.108186302185059E+02     0.175064778327942E+01
     0.338361263275146E+01     0.158134162425995E+01     0.108137111663818E+02     0.175174641609192E+01
     0.339273309707642E+01     0.158286631107330E+01     0.108113279342651E+02     0.175361466407776E+01
     0.340185332298279E+01     0.158536052703857E+01     0.108130350112915E+02     0.175674295425415E+01
     0.341097354888916E+01     0.158699369430542E+01     0.108111124038696E+02     0.175875425338745E+01
     0.342009377479553E+01     0.158831024169922E+01     0.108079261779785E+02     0.176035547256470E+01
     0.342921400070190E+01     0.159249258041382E+01     0.108167285919189E+02     0.176568400859833E+01
     0.343833422660828E+01     0.159387874603271E+01     0.108139247894287E+02     0.176737964153290E+01
     0.344745445251465E+01     0.159386789798737E+01     0.108053207397461E+02     0.176725780963898E+01
     0.345657467842102E+01     0.159756517410278E+01     0.108122119903564E+02     0.177196359634399E+01
     0.346569490432739E+01     0.159947681427002E+01     0.108115653991699E+02     0.177434563636780E+01
     0.347481536865234E+01     0.160131978988647E+01     0.108107099533081E+02     0.177664005756378E+01
     0.348393559455872E+01     0.160302889347076E+01     0.108093481063843E+02     0.177876186370850E+01
     0.349305582046509E+01     0.160391914844513E+01     0.108045263290405E+02     0.177981579303741E+01
     0.350217604637146E+01     0.160647964477539E+01     0.108069028854370E+02     0.178305244445801E+01
     0.351129627227783E+01     0.160657107830048E+01     0.107989044189453E+02     0.178306603431702E+01
     0.352041649818420E+01     0.160854828357697E+01     0.107987909317017E+02     0.178554260730743E+01
     0.352953672409058E+01     0.161017358303070E+01     0.107971429824829E+02     0.178755974769592E+01
     0.353865694999695E+01     0.161277234554291E+01     0.107996845245361E+02     0.179085206985474E+01
     0.354777717590332E+01     0.161534130573273E+01     0.108021173477173E+02     0.179410767555237E+01
     0.355689740180969E+01     0.161704897880554E+01     0.108009185791016E+02     0.179623770713806E+01
     0.356601786613464E+01     0.161707341670990E+01     0.107927274703979E+02     0.179616498947144E+01
     0.357513809204102E+01     0.162049150466919E+01     0.107987413406372E+02     0.180053734779358E+01
     0.358425831794739E+01     0.162222659587860E+01     0.107977867126465E+02     0.180270779132843E+01
     0.359337854385376E+01     0.162432336807251E+01     0.107983884811401E+02     0.180535411834717E+01
     0.360249876976013E+01     0.162374055385590E+01     0.107877826690674E+02     0.180448663234711E+01
     0.361161899566650E+01     0.162723529338837E+01     0.107943181991577E+02     0.180897009372711E+01
     0.362073922157288E+01     0.162795329093933E+01     0.107891454696655E+02     0.180980968475342E+01
     0.362985944747925E+01     0.162997698783875E+01     0.107895307540894E+02     0.181236529350281E+01
     0.363897967338562E+01     0.163243472576141E+01     0.107917594909668E+02     0.181549298763275E+01
     0.364809989929199E+01     0.163222491741180E+01     0.107827987670898E+02     0.181511521339417E+01
     0.365722036361694E+01     0.163455343246460E+01     0.107845201492310E+02     0.181807565689087E+01
     0.366634058952332E+01     0.163556635379791E+01     0.107807731628418E+02     0.181930732727051E+01
     0.367546081542969E+01     0.163756847381592E+01     0.107812108993530E+02     0.182184183597565E+01
     0.368458104133606E+01     0.164059078693390E+01     0.107859382629395E+02     0.182572150230408E+01
     0.369370126724243E+01     0.164241337776184E+01     0.107856874465942E+02     0.182802355289459E+01
     0.370282149314880E+01     0.164152038097382E+01     0.107739562988281E+02     0.182674574851990E+01
     0.371194171905518E+01     0.164515006542206E+01     0.107813119888306E+02     0.183143234252930E+01
     0.372106194496155E+01     0.164491355419159E+01     0.107724838256836E+02     0.183102130889893E+01
     0.373018217086792E+01     0.164654052257538E+01     0.107714738845825E+02     0.183306896686554E+01
     0.373930239677429E+01     0.164799463748932E+01     0.107697906494141E+02     0.183488988876343E+01
     0.374842286109924E+01     0.164947593212128E+01     0.107682304382324E+02     0.183674764633179E+01
     0.375754308700562E+01     0.165175628662109E+01     0.107700281143188E+02     0.183966255187988E+01
     0.376666331291199E+01     0.165409386157990E+01     0.107720708847046E+02     0.184265470504761E+01
     0.377578353881836E+01     0.165392339229584E+01     0.107636356353760E+02     0.184233140945435E+01
     0.378490376472473E+01     0.165683197975159E+01     0.107681837081909E+02     0.184608280658722E+01
     0.379402399063110E+01     0.165852701663971E+01     0.107676439285278E+02     0.184822976589203E+01
     0.380314421653748E+01     0.165803539752960E+01     0.107579574584961E+02     0.184748232364655E+01
     0.381226444244385E+01     0.166154825687408E+01     0.107650203704834E+02     0.185203850269318E+01
     0.382138466835022E+01     0.166087424755096E+01     0.107545976638794E+02     0.185104906558990E+01
     0.383050489425659E+01     0.166433215141296E+01     0.107615585327148E+02     0.185553801059723E+01
     0.383962535858154E+01     0.166423130035400E+01     0.107536401748657E+02     0.185530924797058E+01
     0.384874558448792E+01     0.166679549217224E+01     0.107569417953491E+02     0.185861718654633E+01
     0.385786581039429E+01     0.166643869876862E+01     0.107479324340820E+02     0.185804820060730E+01
     0.386698603630066E+01     0.166796314716339E+01     0.107468690872192E+02     0.185997724533081E+01
     0.387610626220703E+01     0.166930544376373E+01     0.107450523376465E+02     0.186166560649872E+01
     0.388522648811340E+01     0.167060196399689E+01     0.107431879043579E+02     0.186329543590546E+01
     0.389434671401978E+01     0.167339324951172E+01     0.107477588653564E+02     0.186691582202911E+01
     0.390346693992615E+01     0.167370998859406E+01     0.107419366836548E+02     0.186724638938904E+01
     0.391258716583252E+01     0.167578208446503E+01     0.107435579299927E+02     0.186991357803345E+01
     0.392170739173889E+01     0.167794966697693E+01     0.107456693649292E+02     0.187271058559418E+01
     0.393082785606384E+01     0.167803132534027E+01     0.107390060424805E+02     0.187273061275482E+01
     0.393994808197021E+01     0.168008768558502E+01     0.107406463623047E+02     0.187538135051727E+01
     0.394906830787659E+01     0.168077862262726E+01     0.107366428375244E+02     0.187621462345123E+01
     0.395818853378296E+01     0.168258070945740E+01     0.107373580932617E+02     0.187853026390076E+01
     0.396730875968933E+01     0.168404698371887E+01     0.107366647720337E+02     0.188039922714233E+01
     0.397642898559570E+01     0.168431568145752E+01     0.107310152053833E+02     0.188067173957825E+01
     0.398554921150208E+01     0.168530142307281E+01     0.107283201217651E+02     0.188190054893494E+01
     0.399466943740845E+01     0.168795466423035E+01     0.107328433990479E+02     0.188535892963409E+01
     0.400378990173340E+01     0.168782746791840E+01     0.107255134582520E+02     0.188510298728943E+01
     0.401290988922119E+01     0.168860650062561E+01     0.107221374511719E+02     0.188605904579163E+01
     0.402203035354614E+01     0.168936622142792E+01     0.107186918258667E+02     0.188698983192444E+01
     0.403115034103394E+01     0.169220364093781E+01     0.107240734100342E+02     0.189070057868958E+01
     0.404027080535889E+01     0.169225192070007E+01     0.107176427841187E+02     0.189068102836609E+01
     0.404939079284668E+01     0.169404351711273E+01     0.107186584472656E+02     0.189299523830414E+01
     0.405851125717163E+01     0.169620311260223E+01     0.107212867736816E+02     0.189580428600311E+01
     0.406763172149658E+01     0.169692492485046E+01     0.107178611755371E+02     0.189668929576874E+01
     0.407675170898438E+01     0.169704854488373E+01     0.107118978500366E+02     0.189677262306213E+01
     0.408587217330933E+01     0.169931614398956E+01     0.107150287628174E+02     0.189972984790802E+01
     0.409499216079712E+01     0.169931876659393E+01     0.107086505889893E+02     0.189965236186981E+01
     0.410411262512207E+01     0.170155620574951E+01     0.107116851806641E+02     0.190257155895233E+01
     0.411323261260986E+01     0.170244204998016E+01     0.107091350555420E+02     0.190368044376373E+01
     0.412235307693481E+01     0.170182359218597E+01     0.107001094818115E+02     0.190276908874512E+01
     0.413147306442261E+01     0.170285105705261E+01     0.106981525421143E+02     0.190406799316406E+01
     0.414059352874756E+01     0.170473635196686E+01     0.106998596191406E+02     0.190651988983154E+01
     0.414971351623535E+01     0.170598864555359E+01     0.106988983154297E+02     0.190812277793884E+01
     0.415883398056030E+01     0.170601391792297E+01     0.106927223205566E+02     0.190807676315308E+01
     0.416795444488525E+01     0.170756828784943E+01     0.106931619644165E+02     0.191008794307709E+01
     0.417707443237305E+01     0.171010386943817E+01     0.106977233886719E+02     0.191341972351074E+01
     0.418619489669800E+01     0.170996594429016E+01     0.106909303665161E+02     0.191315543651581E+01
     0.419531488418579E+01     0.171009397506714E+01     0.106853199005127E+02     0.191324925422668E+01
     0.420443534851074E+01     0.171294438838959E+01     0.106913509368896E+02     0.191700971126556E+01
     0.421355533599854E+01     0.171306574344635E+01     0.106858425140381E+02     0.191709673404694E+01
     0.422267580032349E+01     0.171314525604248E+01     0.106801395416260E+02     0.191712689399719E+01
     0.423179578781128E+01     0.171495842933655E+01     0.106817703247070E+02     0.191949307918549E+01
     0.424091625213623E+01     0.171554148197174E+01     0.106782112121582E+02     0.192020213603973E+01
     0.425003671646118E+01     0.171729528903961E+01     0.106797885894775E+02     0.192249262332916E+01
     0.425915670394897E+01     0.171824491024017E+01     0.106777515411377E+02     0.192369639873505E+01
     0.426827716827393E+01     0.172004508972168E+01     0.106795864105225E+02     0.192605197429657E+01
     0.427739715576172E+01     0.172009944915771E+01     0.106738138198853E+02     0.192604935169220E+01
     0.428651762008667E+01     0.172138822078705E+01     0.106733303070068E+02     0.192771399021149E+01
     0.429563760757446E+01     0.172210049629211E+01     0.106706094741821E+02     0.192860317230225E+01
     0.430475807189941E+01     0.172230100631714E+01     0.106655654907227E+02     0.192879903316498E+01
     0.431387805938721E+01     0.172397661209106E+01     0.106668663024902E+02     0.193098962306976E+01
     0.432299852371216E+01     0.172435402870178E+01     0.106626110076904E+02     0.193142545223236E+01
     0.433211898803711E+01     0.172656333446503E+01     0.106662282943726E+02     0.193434011936188E+01
     0.434123897552490E+01     0.172710895538330E+01     0.106628217697144E+02     0.193500590324402E+01
     0.435035943984985E+01     0.172775447368622E+01     0.106597805023193E+02     0.193580603599548E+01
     0.435947942733765E+01     0.172742676734924E+01     0.106526832580566E+02     0.193528997898102E+01
     0.436859989166260E+01     0.172818148136139E+01     0.106501226425171E+02     0.193623828887939E+01
     0.437771987915039E+01     0.172877359390259E+01     0.106469058990479E+02     0.193696701526642E+01
     0.438684034347534E+01     0.173005592823029E+01     0.106468181610107E+02     0.193863356113434E+01
     0.439596033096313E+01     0.173173940181732E+01     0.106483383178711E+02     0.194084334373474E+01
     0.440508079528809E+01     0.173292887210846E+01     0.106478757858276E+02     0.194238579273224E+01
     0.441420078277588E+01     0.173460614681244E+01     0.106494684219360E+02     0.194459033012390E+01
     0.442332124710083E+01     0.173463952541351E+01     0.106439847946167E+02     0.194456434249878E+01
     0.443244171142578E+01     0.173625898361206E+01     0.106453256607056E+02     0.194669163227081E+01
     0.444156169891357E+01     0.173635637760162E+01     0.106401672363281E+02     0.194675350189209E+01
     0.445068216323853E+01     0.173740994930267E+01     0.106392307281494E+02     0.194811522960663E+01
     0.445980215072632E+01     0.173798382282257E+01     0.106361703872681E+02     0.194882488250732E+01
     0.446892261505127E+01     0.173851490020752E+01     0.106329326629639E+02     0.194947659969330E+01
     0.447804260253906E+01     0.173925316333771E+01     0.106306123733521E+02     0.195041060447693E+01
     0.448716306686401E+01     0.174047517776489E+01     0.106304388046265E+02     0.195200359821320E+01
     0.449628305435181E+01     0.174132883548737E+01     0.106286077499390E+02     0.195309507846832E+01
     0.450540351867676E+01     0.174216067790985E+01     0.106266841888428E+02     0.195415723323822E+01
     0.451452398300171E+01     0.174285995960236E+01     0.106244668960571E+02     0.195504283905029E+01
     0.452364397048950E+01     0.174318158626556E+01     0.106204118728638E+02     0.195541167259216E+01
     0.453276443481445E+01     0.174450767040253E+01     0.106207256317139E+02     0.195714938640594E+01
     0.454188442230225E+01     0.174593591690063E+01     0.106215791702271E+02     0.195902800559998E+01
     0.455100488662720E+01     0.174580776691437E+01     0.106156444549561E+02     0.195878541469574E+01
     0.456012487411499E+01     0.174680531024933E+01     0.106146802902222E+02     0.196007835865021E+01
     0.456924533843994E+01     0.174746680259705E+01     0.106121921539307E+02     0.196091282367706E+01
     0.457836532592773E+01     0.174876976013184E+01     0.106124792098999E+02     0.196262252330780E+01
     0.458748579025269E+01     0.174798727035522E+01     0.106038999557495E+02     0.196148872375488E+01
     0.459660577774048E+01     0.174986565113068E+01     0.106067438125610E+02     0.196398544311523E+01
     0.460572624206543E+01     0.175024402141571E+01     0.106031532287598E+02     0.196443569660187E+01
     0.461484670639038E+01     0.175025773048401E+01     0.105980348587036E+02     0.196438860893250E+01
     0.462396669387817E+01     0.175066888332367E+01     0.105946054458618E+02     0.196488392353058E+01
     0.463308715820312E+01     0.175364017486572E+01     0.106023750305176E+02     0.196887934207916E+01
     0.464220714569092E+01     0.175427126884460E+01     0.105999011993408E+02     0.196967637538910E+01
     0.465132761001587E+01     0.175337624549866E+01     0.105908269882202E+02     0.196838688850403E+01
     0.466044759750366E+01     0.175503802299500E+01     0.105930109024048E+02     0.197059583663940E+01
     0.466956806182861E+01     0.175423228740692E+01     0.105843486785889E+02     0.196942806243896E+01
     0.467868804931641E+01     0.175527644157410E+01     0.105838766098022E+02     0.197079300880432E+01
     0.468780851364136E+01     0.175601136684418E+01     0.105818595886230E+02     0.197173285484314E+01
     0.469692897796631E+01     0.175864708423615E+01     0.105883464813232E+02     0.197527873516083E+01
     0.470604896545410E+01     0.175700998306274E+01     0.105761547088623E+02     0.197297239303589E+01
     0.471516942977905E+01     0.175811731815338E+01     0.105758934020996E+02     0.197442471981049E+01
     0.472428941726685E+01     0.175844371318817E+01     0.105724077224731E+02     0.197480952739716E+01
     0.473340988159180E+01     0.175976824760437E+01     0.105731525421143E+02     0.197656118869781E+01
     0.474252986907959E+01     0.176159250736237E+01     0.105761022567749E+02     0.197899949550629E+01
     0.475165033340454E+01     0.176174342632294E+01     0.105718421936035E+02     0.197914421558380E+01
     0.476077032089233E+01     0.176123249530792E+01     0.105647068023682E+02     0.197838103771210E+01
     0.476989078521729E+01     0.176329827308655E+01     0.105688228607178E+02     0.198115384578705E+01
     0.477901077270508E+01     0.176240277290344E+01     0.105599994659424E+02     0.197986221313477E+01
     0.478813123703003E+01     0.176439118385315E+01     0.105637159347534E+02     0.198252952098846E+01
     0.479725170135498E+01     0.176584577560425E+01     0.105652027130127E+02     0.198446607589722E+01
     0.480637168884277E+01     0.176434600353241E+01     0.105538606643677E+02     0.198234498500824E+01
     0.481549215316772E+01     0.176571202278137E+01     0.105549364089966E+02     0.198415994644165E+01
     0.482461214065552E+01     0.176777338981628E+01     0.105591211318970E+02     0.198693239688873E+01
     0.483373260498047E+01     0.176697361469269E+01     0.105508489608765E+02     0.198577249050140E+01
     0.484285259246826E+01     0.176903808116913E+01     0.105551185607910E+02     0.198855173587799E+01
     0.485197305679321E+01     0.176824319362640E+01     0.105468187332153E+02     0.198739731311798E+01
     0.486109304428101E+01     0.176894700527191E+01     0.105451297760010E+02     0.198830521106720E+01
     0.487021350860596E+01     0.177072381973267E+01     0.105482320785522E+02     0.199069190025330E+01
     0.487933397293091E+01     0.177041125297546E+01     0.105420484542847E+02     0.199020087718964E+01
     0.488845396041870E+01     0.177197647094727E+01     0.105442314147949E+02     0.199229729175568E+01
     0.489757442474365E+01     0.177155828475952E+01     0.105376138687134E+02     0.199166095256805E+01
     0.490669441223145E+01     0.177326273918152E+01     0.105405035018921E+02     0.199395167827606E+01
     0.491581487655640E+01     0.177321445941925E+01     0.105355739593506E+02     0.199382579326630E+01
     0.492493486404419E+01     0.177301430702209E+01     0.105300121307373E+02     0.199349057674408E+01
     0.493405532836914E+01     0.177510428428650E+01     0.105346574783325E+02     0.199631536006927E+01
     0.494317531585693E+01     0.177568125724792E+01     0.105325288772583E+02     0.199705278873444E+01
     0.495229578018188E+01     0.177552413940430E+01     0.105272684097290E+02     0.199677848815918E+01
     0.496141576766968E+01     0.177530324459076E+01     0.105216817855835E+02     0.199641537666321E+01
     0.497053623199463E+01     0.177593505382538E+01     0.105198774337769E+02     0.199722957611084E+01
     0.497965669631958E+01     0.177751791477203E+01     0.105222158432007E+02     0.199935686588287E+01
     0.498877668380737E+01     0.177701747417450E+01     0.105154991149902E+02     0.199860858917236E+01
     0.499789714813232E+01     0.177792215347290E+01     0.105149688720703E+02     0.199980127811432E+01
     0.500701713562012E+01     0.177778398990631E+01     0.105098171234131E+02     0.199955296516418E+01
     0.501613759994507E+01     0.177939212322235E+01     0.105123147964478E+02     0.200171756744385E+01
     0.502525758743286E+01     0.178066480159760E+01     0.105135183334351E+02     0.200342154502869E+01
     0.503437805175781E+01     0.178010690212250E+01     0.105065555572510E+02     0.200259375572205E+01
     0.504349803924561E+01     0.178063404560089E+01     0.105043621063232E+02     0.200326561927795E+01
     0.505261850357056E+01     0.178048098087311E+01     0.104992685317993E+02     0.200299811363220E+01
     0.506173896789551E+01     0.178170847892761E+01     0.105002346038818E+02     0.200464057922363E+01
     0.507085895538330E+01     0.178228342533112E+01     0.104982852935791E+02     0.200537991523743E+01
     0.507997941970825E+01     0.178240787982941E+01     0.104944953918457E+02     0.200549745559692E+01
     0.508909940719604E+01     0.178316140174866E+01     0.104934015274048E+02     0.200648522377014E+01
     0.509821987152100E+01     0.178350496292114E+01     0.104905147552490E+02     0.200690555572510E+01
     0.510733985900879E+01     0.178428590297699E+01     0.104896869659424E+02     0.200793337821960E+01
     0.511646032333374E+01     0.178445148468018E+01     0.104859704971313E+02     0.200810670852661E+01
     0.512558031082153E+01     0.178601586818695E+01     0.104886598587036E+02     0.201022219657898E+01
     0.513470077514648E+01     0.178510951995850E+01     0.104802951812744E+02     0.200891065597534E+01
     0.514382076263428E+01     0.178560674190521E+01     0.104781427383423E+02     0.200954532623291E+01
     0.515294122695923E+01     0.178797960281372E+01     0.104843130111694E+02     0.201278233528137E+01
     0.516206169128418E+01     0.178829884529114E+01     0.104815025329590E+02     0.201317238807678E+01
     0.517118167877197E+01     0.178835713863373E+01     0.104775419235229E+02     0.201320052146912E+01
     0.518030214309692E+01     0.178719675540924E+01     0.104682140350342E+02     0.201153707504272E+01
     0.518942213058472E+01     0.178845143318176E+01     0.104697427749634E+02     0.201322817802429E+01
     0.519854259490967E+01     0.179018092155457E+01     0.104734420776367E+02     0.201558017730713E+01
     0.520766258239746E+01     0.179056966304779E+01     0.104711446762085E+02     0.201606988906860E+01
     0.521678304672241E+01     0.179069399833679E+01     0.104677772521973E+02     0.201619362831116E+01
     0.522590303421021E+01     0.179035162925720E+01     0.104622478485107E+02     0.201566767692566E+01
     0.523502349853516E+01     0.179056298732758E+01     0.104593267440796E+02     0.201591277122498E+01
     0.524414396286011E+01     0.179232561588287E+01     0.104634227752686E+02     0.201831674575806E+01
     0.525326395034790E+01     0.179142808914185E+01     0.104554166793823E+02     0.201701807975769E+01
     0.526238441467285E+01     0.179313933849335E+01     0.104594163894653E+02     0.201935315132141E+01
     0.527150440216064E+01     0.179177272319794E+01     0.104494256973267E+02     0.201740288734436E+01
     0.528062486648560E+01     0.179219746589661E+01     0.104476079940796E+02     0.201794695854187E+01
     0.528974485397339E+01     0.179233980178833E+01     0.104445047378540E+02     0.201809787750244E+01
     0.529886531829834E+01     0.179346835613251E+01     0.104458198547363E+02     0.201962208747864E+01
     0.530798530578613E+01     0.179449021816254E+01     0.104466981887817E+02     0.202099919319153E+01
     0.531710577011108E+01     0.179449892044067E+01     0.104430799484253E+02     0.202096533775330E+01
     0.532622623443604E+01     0.179477357864380E+01     0.104406976699829E+02     0.202130270004272E+01
     0.533534622192383E+01     0.179631400108337E+01     0.104440031051636E+02     0.202340412139893E+01
     0.534446668624878E+01     0.179471063613892E+01     0.104331359863281E+02     0.202112340927124E+01
     0.535358667373657E+01     0.179541611671448E+01     0.104327306747437E+02     0.202206182479858E+01
     0.536270713806152E+01     0.179677772521973E+01     0.104352798461914E+02     0.202391576766968E+01
     0.537182712554932E+01     0.179716932773590E+01     0.104333944320679E+02     0.202441644668579E+01
     0.538094758987427E+01     0.179758417606354E+01     0.104317178726196E+02     0.202495074272156E+01
     0.539006757736206E+01     0.179793155193329E+01     0.104297428131104E+02     0.202539134025574E+01
     0.539918804168701E+01     0.179732668399811E+01     0.104235267639160E+02     0.202450323104858E+01
     0.540830802917480E+01     0.179857695102692E+01     0.104257507324219E+02     0.202620577812195E+01
     0.541742849349976E+01     0.179764986038208E+01     0.104180831909180E+02     0.202486753463745E+01
     0.542654895782471E+01     0.179962432384491E+01     0.104233636856079E+02     0.202757954597473E+01
     0.543566894531250E+01     0.179994273185730E+01     0.104214439392090E+02     0.202798223495483E+01
     0.544478940963745E+01     0.179871511459351E+01     0.104124841690063E+02     0.202622437477112E+01
     0.545390939712524E+01     0.179966521263123E+01     0.104133167266846E+02     0.202750849723816E+01
     0.546302986145020E+01     0.180043113231659E+01     0.104134073257446E+02     0.202853679656982E+01
     0.547214984893799E+01     0.180101752281189E+01     0.104126377105713E+02     0.202931380271912E+01
     0.548127031326294E+01     0.180198812484741E+01     0.104135675430298E+02     0.203062772750854E+01
     0.549039030075073E+01     0.180165600776672E+01     0.104088087081909E+02     0.203012275695801E+01
     0.549951076507568E+01     0.180086624622345E+01     0.104018688201904E+02     0.202897596359253E+01
     0.550863122940063E+01     0.180280900001526E+01     0.104072599411011E+02     0.203165102005005E+01
     0.551775121688843E+01     0.180229890346527E+01     0.104016704559326E+02     0.203089642524719E+01
     0.552687168121338E+01     0.180371057987213E+01     0.104047355651855E+02     0.203283047676086E+01
     0.553599166870117E+01     0.180199289321899E+01     0.103936872482300E+02     0.203038573265076E+01
     0.554511213302612E+01     0.180230641365051E+01     0.103918886184692E+02     0.203078389167786E+01
     0.555423212051392E+01     0.180257391929626E+01     0.103898887634277E+02     0.203111815452576E+01
     0.556335258483887E+01     0.180453789234161E+01     0.103954105377197E+02     0.203382635116577E+01
     0.557247257232666E+01     0.180333793163300E+01     0.103867683410645E+02     0.203210568428040E+01
     0.558159303665161E+01     0.180385005474091E+01     0.103859100341797E+02     0.203278326988220E+01
     0.559071302413940E+01     0.180529797077179E+01     0.103891992568970E+02     0.203477096557617E+01
     0.559983348846436E+01     0.180588948726654E+01     0.103886957168579E+02     0.203556036949158E+01
     0.560895395278931E+01     0.180594146251678E+01     0.103857612609863E+02     0.203559374809265E+01
     0.561807394027710E+01     0.180599725246429E+01     0.103827934265137E+02     0.203563189506531E+01
     0.562719440460205E+01     0.180575180053711E+01     0.103784914016724E+02     0.203524804115295E+01
     0.563631439208984E+01     0.180625391006470E+01     0.103776769638062E+02     0.203591346740723E+01
     0.564543485641479E+01     0.180621600151062E+01     0.103743495941162E+02     0.203582096099854E+01
     0.565455484390259E+01     0.180615162849426E+01     0.103709506988525E+02     0.203569197654724E+01
     0.566367530822754E+01     0.180767989158630E+01     0.103747959136963E+02     0.203779745101929E+01
     0.567279529571533E+01     0.180650639533997E+01     0.103663854598999E+02     0.203611230850220E+01
     0.568191576004028E+01     0.180830776691437E+01     0.103714179992676E+02     0.203860116004944E+01
     0.569103622436523E+01     0.180880928039551E+01     0.103705959320068E+02     0.203926682472229E+01
     0.570015621185303E+01     0.180785608291626E+01     0.103632440567017E+02     0.203789114952087E+01
     0.570927667617798E+01     0.180760967731476E+01     0.103590240478516E+02     0.203750634193420E+01
     0.571839666366577E+01     0.180814385414124E+01     0.103583879470825E+02     0.203821825981140E+01
     0.572751712799072E+01     0.180801224708557E+01     0.103548650741577E+02     0.203799676895142E+01
     0.573663711547852E+01     0.180925428867340E+01     0.103573999404907E+02     0.203970289230347E+01
     0.574575757980347E+01     0.181017804145813E+01     0.103586349487305E+02     0.204096412658691E+01
     0.575487756729126E+01     0.180880606174469E+01     0.103493938446045E+02     0.203899860382080E+01
     0.576399803161621E+01     0.181102836132050E+01     0.103565416336060E+02     0.204208540916443E+01
     0.577311801910400E+01     0.181096613407135E+01     0.103532295227051E+02     0.204196047782898E+01
     0.578223848342896E+01     0.180988657474518E+01     0.103454008102417E+02     0.204040622711182E+01
     0.579135894775391E+01     0.181011617183685E+01     0.103435287475586E+02     0.204069280624390E+01
     0.580047893524170E+01     0.181053876876831E+01     0.103423995971680E+02     0.204124927520752E+01
     0.580959939956665E+01     0.181155097484589E+01     0.103441572189331E+02     0.204263758659363E+01
     0.581871938705444E+01     0.181243419647217E+01     0.103452692031860E+02     0.204384422302246E+01
     0.582783985137939E+01     0.181114149093628E+01     0.103364439010620E+02     0.204198861122131E+01
     0.583695983886719E+01     0.181151962280273E+01     0.103351869583130E+02     0.204248380661011E+01
     0.584608030319214E+01     0.181230521202087E+01     0.103359365463257E+02     0.204355454444885E+01
     0.585520029067993E+01     0.181346797943115E+01     0.103383388519287E+02     0.204515576362610E+01
     0.586432075500488E+01     0.181339597702026E+01     0.103351116180420E+02     0.204501843452454E+01
     0.587344121932983E+01     0.181368243694305E+01     0.103336114883423E+02     0.204538726806641E+01
     0.588256120681763E+01     0.181402194499969E+01     0.103323469161987E+02     0.204583072662354E+01
     0.589168167114258E+01     0.181270849704742E+01     0.103234615325928E+02     0.204394459724426E+01
     0.590080165863037E+01     0.181448781490326E+01     0.103287992477417E+02     0.204641699790955E+01
     0.590992212295532E+01     0.181471848487854E+01     0.103270835876465E+02     0.204670786857605E+01
     0.591904211044312E+01     0.181465613842010E+01     0.103239049911499E+02     0.204658436775208E+01
     0.592816257476807E+01     0.181389379501343E+01     0.103176155090332E+02     0.204547500610352E+01
     0.593728256225586E+01     0.181383192539215E+01     0.103145618438721E+02     0.204535341262817E+01
     0.594640302658081E+01     0.181465065479279E+01     0.103154802322388E+02     0.204647302627563E+01
     0.595552301406860E+01     0.181393897533417E+01     0.103094606399536E+02     0.204543471336365E+01
     0.596464347839355E+01     0.181607615947723E+01     0.103164758682251E+02     0.204841518402100E+01
     0.597376394271851E+01     0.181413257122040E+01     0.103048381805420E+02     0.204563927650452E+01
     0.598288393020630E+01     0.181610774993896E+01     0.103111286163330E+02     0.204839205741882E+01
     0.599200439453125E+01     0.181598424911499E+01     0.103078126907349E+02     0.204818391799927E+01
     0.600112438201904E+01     0.181541383266449E+01     0.103024988174438E+02     0.204734539985657E+01
     0.601024484634399E+01     0.181636798381805E+01     0.103041210174561E+02     0.204865813255310E+01
     0.601936483383179E+01     0.181537616252899E+01     0.102969293594360E+02     0.204722523689270E+01
     0.602848529815674E+01     0.181678593158722E+01     0.103006324768066E+02     0.204918169975281E+01
     0.603760528564453E+01     0.181758630275726E+01     0.103016748428345E+02     0.205027961730957E+01
     0.604672574996948E+01     0.181664097309113E+01     0.102946987152100E+02     0.204891180992126E+01
     0.605584621429443E+01     0.181612980365753E+01     0.102896089553833E+02     0.204815578460693E+01
     0.606496620178223E+01     0.181616866588593E+01     0.102871294021606E+02     0.204817748069763E+01
     0.607408666610718E+01     0.181681334972382E+01     0.102874565124512E+02     0.204905581474304E+01
     0.608320665359497E+01     0.181788480281830E+01     0.102897043228149E+02     0.205053710937500E+01
     0.609232711791992E+01     0.181868910789490E+01     0.102907419204712E+02     0.205164146423340E+01
     0.610144710540771E+01     0.181671130657196E+01     0.102790355682373E+02     0.204881310462952E+01
     0.611056756973267E+01     0.181788325309753E+01     0.102818174362183E+02     0.205043792724609E+01
     0.611968755722046E+01     0.181832671165466E+01     0.102812547683716E+02     0.205103278160095E+01
     0.612880802154541E+01     0.181731188297272E+01     0.102739648818970E+02     0.204956507682800E+01
     0.613792848587036E+01     0.181755316257477E+01     0.102725343704224E+02     0.204987478256226E+01
     0.614704847335815E+01     0.181867480278015E+01     0.102750520706177E+02     0.205142879486084E+01
     0.615616893768311E+01     0.181874871253967E+01     0.102727956771851E+02     0.205150151252747E+01
     0.616528892517090E+01     0.181794178485870E+01     0.102665357589722E+02     0.205032801628113E+01
     0.617440938949585E+01     0.181998455524445E+01     0.102734270095825E+02     0.205318832397461E+01
     0.618352937698364E+01     0.181951510906219E+01     0.102687063217163E+02     0.205249214172363E+01
     0.619264984130859E+01     0.181964373588562E+01     0.102666883468628E+02     0.205264210700989E+01
     0.620176982879639E+01     0.181947100162506E+01     0.102633943557739E+02     0.205236673355103E+01
     0.621089029312134E+01     0.182027971744537E+01     0.102646436691284E+02     0.205348157882690E+01
     0.622001028060913E+01     0.182011950016022E+01     0.102613353729248E+02     0.205322289466858E+01
     0.622913074493408E+01     0.182034754753113E+01     0.102598028182983E+02     0.205351424217224E+01
     0.623825120925903E+01     0.182014894485474E+01     0.102564849853516E+02     0.205320334434509E+01
     0.624737119674683E+01     0.182124042510986E+01     0.102590236663818E+02     0.205471920967102E+01
     0.625649166107178E+01     0.181952202320099E+01     0.102485990524292E+02     0.205225324630737E+01
     0.626561164855957E+01     0.182062733173370E+01     0.102512226104736E+02     0.205378913879395E+01
     0.627473211288452E+01     0.182163596153259E+01     0.102534399032593E+02     0.205518889427185E+01
     0.628385210037231E+01     0.182076251506805E+01     0.102468891143799E+02     0.205391979217529E+01
     0.629297256469727E+01     0.182043445110321E+01     0.102429027557373E+02     0.205342435836792E+01
     0.630209255218506E+01     0.182155275344849E+01     0.102456932067871E+02     0.205498099327087E+01
     0.631121301651001E+01     0.182115101814270E+01     0.102413940429688E+02     0.205438089370728E+01
     0.632033348083496E+01     0.182146847248077E+01     0.102404270172119E+02     0.205480122566223E+01
     0.632945346832275E+01     0.182222449779510E+01     0.102414770126343E+02     0.205584406852722E+01
     0.633857393264771E+01     0.182266902923584E+01     0.102411708831787E+02     0.205644559860229E+01
     0.634769392013550E+01     0.182167005538940E+01     0.102341156005859E+02     0.205499815940857E+01
     0.635681438446045E+01     0.182199370861053E+01     0.102332105636597E+02     0.205542802810669E+01
     0.636593437194824E+01     0.182188165187836E+01     0.102302312850952E+02     0.205523872375488E+01
     0.637505483627319E+01     0.182351553440094E+01     0.102355108261108E+02     0.205752992630005E+01
     0.638417482376099E+01     0.182299780845642E+01     0.102307348251343E+02     0.205676627159119E+01
     0.639329528808594E+01     0.182162034511566E+01     0.102219047546387E+02     0.205477976799011E+01
     0.640241527557373E+01     0.182354044914246E+01     0.102284431457520E+02     0.205747795104980E+01
     0.641153573989868E+01     0.182192957401276E+01     0.102186336517334E+02     0.205516123771667E+01
     0.642065620422363E+01     0.182249021530151E+01     0.102188653945923E+02     0.205592846870422E+01
     0.642977619171143E+01     0.182334077358246E+01     0.102204837799072E+02     0.205710840225220E+01
     0.643889665603638E+01     0.182345807552338E+01     0.102186660766602E+02     0.205724620819092E+01
     0.644801664352417E+01     0.182414388656616E+01     0.102195682525635E+02     0.205819296836853E+01
     0.645713710784912E+01     0.182400560379028E+01     0.102165985107422E+02     0.205796813964844E+01
     0.646625709533691E+01     0.182408821582794E+01     0.102146768569946E+02     0.205805706977844E+01
     0.647537755966187E+01     0.182364833354950E+01     0.102102613449097E+02     0.205740284919739E+01
     0.648449754714966E+01     0.182433426380157E+01     0.102112531661987E+02     0.205835127830505E+01
     0.649361801147461E+01     0.182475733757019E+01     0.102109222412109E+02     0.205892491340637E+01
     0.650273847579956E+01     0.182518982887268E+01     0.102106113433838E+02     0.205951189994812E+01
     0.651185846328735E+01     0.182493853569031E+01     0.102071237564087E+02     0.205912637710571E+01
     0.652097892761230E+01     0.182329583168030E+01     0.101972618103027E+02     0.205676221847534E+01
     0.653009891510010E+01     0.182402908802032E+01     0.101984138488770E+02     0.205777740478516E+01
     0.653921937942505E+01     0.182348990440369E+01     0.101935901641846E+02     0.205698204040527E+01
     0.654833936691284E+01     0.182546806335449E+01     0.102006092071533E+02     0.205977034568787E+01
     0.655745983123779E+01     0.182370984554291E+01     0.101901617050171E+02     0.205724024772644E+01
     0.656657981872559E+01     0.182414996623993E+01     0.101899852752686E+02     0.205783939361572E+01
     0.657570028305054E+01     0.182422828674316E+01     0.101880912780762E+02     0.205792331695557E+01
     0.658482027053833E+01     0.182400155067444E+01     0.101847896575928E+02     0.205757284164429E+01
     0.659394073486328E+01     0.182619988918304E+01     0.101929378509521E+02     0.206067776679993E+01
     0.660306119918823E+01     0.182484698295593E+01     0.101843366622925E+02     0.205872297286987E+01
     0.661218118667603E+01     0.182492518424988E+01     0.101824712753296E+02     0.205880689620972E+01
     0.662130165100098E+01     0.182585418224335E+01     0.101846284866333E+02     0.206010413169861E+01
     0.663042163848877E+01     0.182623124122620E+01     0.101842784881592E+02     0.206061553955078E+01
     0.663954210281372E+01     0.182515192031860E+01     0.101769971847534E+02     0.205905032157898E+01
     0.664866209030151E+01     0.182606911659241E+01     0.101791238784790E+02     0.206033110618591E+01
     0.665778255462646E+01     0.182642078399658E+01     0.101786098480225E+02     0.206080627441406E+01
     0.666690254211426E+01     0.182635784149170E+01     0.101761655807495E+02     0.206069016456604E+01
     0.667602300643921E+01     0.182697749137878E+01     0.101769771575928E+02     0.206154847145081E+01
     0.668514347076416E+01     0.182520568370819E+01     0.101664257049561E+02     0.205899477005005E+01
     0.669426345825195E+01     0.182518351078033E+01     0.101641826629639E+02     0.205893683433533E+01
     0.670338392257690E+01     0.182550239562988E+01     0.101635456085205E+02     0.205936551094055E+01
     0.671250391006470E+01     0.182585418224335E+01     0.101630954742432E+02     0.205984187126160E+01
     0.672162437438965E+01     0.182544279098511E+01     0.101589870452881E+02     0.205922818183899E+01
     0.673074436187744E+01     0.182602524757385E+01     0.101595888137817E+02     0.206003332138062E+01
     0.673986482620239E+01     0.182577800750732E+01     0.101563425064087E+02     0.205965495109558E+01
     0.674898481369019E+01     0.182761228084564E+01     0.101628799438477E+02     0.206224751472473E+01
     0.675810527801514E+01     0.182596731185913E+01     0.101529960632324E+02     0.205987334251404E+01
     0.676722526550293E+01     0.182659173011780E+01     0.101538000106812E+02     0.206073904037476E+01
     0.677634572982788E+01     0.182613277435303E+01     0.101495933532715E+02     0.206005859375000E+01
     0.678546619415283E+01     0.182731807231903E+01     0.101531934738159E+02     0.206172704696655E+01
     0.679458618164062E+01     0.182683551311493E+01     0.101488122940063E+02     0.206101250648499E+01
     0.680370664596558E+01     0.182694935798645E+01     0.101472492218018E+02     0.206114959716797E+01
     0.681282663345337E+01     0.182724654674530E+01     0.101466245651245E+02     0.206154942512512E+01
     0.682194709777832E+01     0.182623374462128E+01     0.101397457122803E+02     0.206007719039917E+01
     0.683106708526611E+01     0.182738137245178E+01     0.101431274414062E+02     0.206169176101685E+01
     0.684018754959106E+01     0.182764542102814E+01     0.101423044204712E+02     0.206204414367676E+01
     0.684930753707886E+01     0.182777225971222E+01     0.101408967971802E+02     0.206220126152039E+01
     0.685842800140381E+01     0.182788252830505E+01     0.101394062042236E+02     0.206233477592468E+01
     0.686754846572876E+01     0.182820320129395E+01     0.101389188766479E+02     0.206276869773865E+01
     0.687666845321655E+01     0.182792663574219E+01     0.101355504989624E+02     0.206234836578369E+01
     0.688578891754150E+01     0.182806348800659E+01     0.101341848373413E+02     0.206252002716064E+01
     0.689490890502930E+01     0.182817387580872E+01     0.101327838897705E+02     0.206265449523926E+01
     0.690402936935425E+01     0.182669985294342E+01     0.101237745285034E+02     0.206052184104919E+01
     0.691314935684204E+01     0.182694745063782E+01     0.101229686737061E+02     0.206085181236267E+01
     0.692226982116699E+01     0.182859039306641E+01     0.101287584304810E+02     0.206317782402039E+01
     0.693138980865479E+01     0.182887434959412E+01     0.101281652450562E+02     0.206356072425842E+01
     0.694051027297974E+01     0.182749867439270E+01     0.101196193695068E+02     0.206156802177429E+01
     0.694963073730469E+01     0.182757019996643E+01     0.101180028915405E+02     0.206164693832397E+01
     0.695875072479248E+01     0.182686674594879E+01     0.101126327514648E+02     0.206061530113220E+01
     0.696787118911743E+01     0.182767939567566E+01     0.101145429611206E+02     0.206175470352173E+01
     0.697699117660522E+01     0.182778036594391E+01     0.101131267547607E+02     0.206187653541565E+01
     0.698611164093018E+01     0.182781791687012E+01     0.101113376617432E+02     0.206190633773804E+01
     0.699523162841797E+01     0.182813942432404E+01     0.101108980178833E+02     0.206234264373779E+01
     0.700435209274292E+01     0.182825016975403E+01     0.101094903945923E+02     0.206247806549072E+01
     0.701347208023071E+01     0.182734954357147E+01     0.101033277511597E+02     0.206116580963135E+01
     0.702259254455566E+01     0.182877314090729E+01     0.101082067489624E+02     0.206318163871765E+01
     0.703171253204346E+01     0.182824063301086E+01     0.101037197113037E+02     0.206239533424377E+01
     0.704083299636841E+01     0.182867491245270E+01     0.101038694381714E+02     0.206299448013306E+01
     0.704995346069336E+01     0.182924818992615E+01     0.101047210693359E+02     0.206379318237305E+01
     0.705907344818115E+01     0.182786536216736E+01     0.100962219238281E+02     0.206178855895996E+01
     0.706819391250610E+01     0.182753944396973E+01     0.100927314758301E+02     0.206129813194275E+01
     0.707731389999390E+01     0.182943236827850E+01     0.100998506546021E+02     0.206398820877075E+01
     0.708643436431885E+01     0.182860469818115E+01     0.100940418243408E+02     0.206277942657471E+01
     0.709555435180664E+01     0.182964336872101E+01     0.100971565246582E+02     0.206424617767334E+01
     0.710467481613159E+01     0.182868146896362E+01     0.100906906127930E+02     0.206284475326538E+01
     0.711379480361938E+01     0.182943522930145E+01     0.100924005508423E+02     0.206390285491943E+01
     0.712291526794434E+01     0.182977199554443E+01     0.100921611785889E+02     0.206436347961426E+01
     0.713203573226929E+01     0.182869541645050E+01     0.100851917266846E+02     0.206279778480530E+01
     0.714115571975708E+01     0.182782328128815E+01     0.100791358947754E+02     0.206152415275574E+01
     0.715027618408203E+01     0.182967567443848E+01     0.100861721038818E+02     0.206415939331055E+01
     0.715939617156982E+01     0.182942128181458E+01     0.100830783843994E+02     0.206377196311951E+01
     0.716851663589478E+01     0.182850098609924E+01     0.100768766403198E+02     0.206242990493774E+01
     0.717763662338257E+01     0.182802617549896E+01     0.100727691650391E+02     0.206172657012939E+01
     0.718675708770752E+01     0.182965898513794E+01     0.100787906646729E+02     0.206404805183411E+01
     0.719587707519531E+01     0.182799422740936E+01     0.100689735412598E+02     0.206163692474365E+01
     0.720499753952026E+01     0.182889258861542E+01     0.100715188980103E+02     0.206290507316589E+01
     0.721411752700806E+01     0.182878506183624E+01     0.100692329406738E+02     0.206272935867310E+01
     0.722323799133301E+01     0.182945215702057E+01     0.100706138610840E+02     0.206366539001465E+01
     0.723235845565796E+01     0.182895267009735E+01     0.100663852691650E+02     0.206292629241943E+01
     0.724147844314575E+01     0.182897031307220E+01     0.100646953582764E+02     0.206293010711670E+01
     0.725059890747070E+01     0.182946908473969E+01     0.100653429031372E+02     0.206362557411194E+01
     0.725971889495850E+01     0.182812714576721E+01     0.100571079254150E+02     0.206167674064636E+01
     0.726883935928345E+01     0.182818198204041E+01     0.100555706024170E+02     0.206173396110535E+01
     0.727795934677124E+01     0.182901680469513E+01     0.100577907562256E+02     0.206291151046753E+01
     0.728707981109619E+01     0.182928752899170E+01     0.100573463439941E+02     0.206327939033508E+01
