     0.237506240606308E+00     0.261943525401875E-03     0.115038049221039E+01     0.261643406702206E-03
     0.254470974206924E+00     0.142789748497307E-02     0.200549244880676E+01     0.142633682116866E-02
     0.271435707807541E+00     0.332952523604035E-02     0.263216376304626E+01     0.332749914377928E-02
     0.288400441408157E+00     0.600825808942318E-02     0.317002248764038E+01     0.600764807313681E-02
     0.305365145206451E+00     0.940357707440853E-02     0.364123463630676E+01     0.940840505063534E-02
     0.322329878807068E+00     0.136238923296332E-01     0.407818937301636E+01     0.136403134092689E-01
     0.339294612407684E+00     0.186557415872812E-01     0.448350524902344E+01     0.186921264976263E-01
     0.356259346008301E+00     0.244691800326109E-01     0.485933303833008E+01     0.245362054556608E-01
     0.373224079608917E+00     0.310964174568653E-01     0.521259069442749E+01     0.312075857073069E-01
     0.390188813209534E+00     0.386440418660641E-01     0.555275487899780E+01     0.388167388737202E-01
     0.407153546810150E+00     0.469902902841568E-01     0.587304306030273E+01     0.472440719604492E-01
     0.424118280410767E+00     0.561356507241726E-01     0.617609310150146E+01     0.564933046698570E-01
     0.441083014011383E+00     0.658445134758949E-01     0.645296049118042E+01     0.663288906216621E-01
     0.458047747612000E+00     0.768235772848129E-01     0.673860645294189E+01     0.774710923433304E-01
     0.475012481212616E+00     0.882020518183708E-01     0.699478769302368E+01     0.890398621559143E-01
     0.491977185010910E+00     0.100527718663216E+00     0.724686765670776E+01     0.101595535874367E+00
     0.508941948413849E+00     0.113553725183010E+00     0.748615026473999E+01     0.114890784025192E+00
     0.525906682014465E+00     0.127405717968941E+00     0.771839380264282E+01     0.129057928919792E+00
     0.542871415615082E+00     0.141997829079628E+00     0.794163608551025E+01     0.144013509154320E+00
     0.559836149215698E+00     0.157238915562630E+00     0.815427970886230E+01     0.159667983651161E+00
     0.576800882816315E+00     0.173229187726974E+00     0.836046791076660E+01     0.176128491759300E+00
     0.593765556812286E+00     0.189920783042908E+00     0.855970001220703E+01     0.193350225687027E+00
     0.610730290412903E+00     0.207173824310303E+00     0.874928569793701E+01     0.211192771792412E+00
     0.627695024013519E+00     0.225170016288757E+00     0.893486785888672E+01     0.229848369956017E+00
     0.644659757614136E+00     0.243916139006615E+00     0.911713218688965E+01     0.249329164624214E+00
     0.661624491214752E+00     0.262281149625778E+00     0.928175354003906E+01     0.268460720777512E+00
     0.678589224815369E+00     0.274366259574890E+00     0.938063240051270E+01     0.281075119972229E+00
     0.695553958415985E+00     0.288758069276810E+00     0.950187206268311E+01     0.296123206615448E+00
     0.712518692016602E+00     0.303795248270035E+00     0.961358547210693E+01     0.311875879764557E+00
     0.729483425617218E+00     0.320405632257462E+00     0.973891735076904E+01     0.329312264919281E+00
     0.746448159217834E+00     0.337119668722153E+00     0.984891510009766E+01     0.346894711256027E+00
     0.763412892818451E+00     0.355419158935547E+00     0.997472953796387E+01     0.366188317537308E+00
     0.780377626419067E+00     0.373980581760406E+00     0.100905294418335E+02     0.385803878307343E+00
     0.797342360019684E+00     0.392883479595184E+00     0.101989908218384E+02     0.405827611684799E+00
     0.814307093620300E+00     0.412458300590515E+00     0.103071470260620E+02     0.426613539457321E+00
     0.831271827220917E+00     0.433041602373123E+00     0.104214572906494E+02     0.448525786399841E+00
     0.848236560821533E+00     0.453799247741699E+00     0.105272626876831E+02     0.470680862665176E+00
     0.865201294422150E+00     0.474971830844879E+00     0.106296062469482E+02     0.493338108062744E+00
     0.882166028022766E+00     0.496705174446106E+00     0.107315330505371E+02     0.516657829284668E+00
     0.899130761623383E+00     0.518471062183380E+00     0.108246755599976E+02     0.540075659751892E+00
     0.916095495223999E+00     0.541007518768311E+00     0.109218683242798E+02     0.564389526844025E+00
     0.933060228824615E+00     0.564065814018250E+00     0.110192813873291E+02     0.589337050914764E+00
     0.950024962425232E+00     0.587276399135590E+00     0.111117820739746E+02     0.614521443843842E+00
     0.966989696025848E+00     0.608398735523224E+00     0.111882047653198E+02     0.637502849102020E+00
     0.983954370021820E+00     0.630413472652435E+00     0.112757034301758E+02     0.661519706249237E+00
     0.100091910362244E+01     0.651512861251831E+00     0.113435287475586E+02     0.684598863124847E+00
     0.101788389682770E+01     0.673690080642700E+00     0.114224414825439E+02     0.708922624588013E+00
     0.103484857082367E+01     0.695381462574005E+00     0.114892797470093E+02     0.732778012752533E+00
     0.105181336402893E+01     0.717912554740906E+00     0.115639448165894E+02     0.757625401020050E+00
     0.106877803802490E+01     0.740423321723938E+00     0.116340923309326E+02     0.782519876956940E+00
     0.108574283123016E+01     0.762712538242340E+00     0.116972274780273E+02     0.807237982749939E+00
     0.110270750522614E+01     0.785211503505707E+00     0.117598896026611E+02     0.832258582115173E+00
     0.111967229843140E+01     0.807766854763031E+00     0.118201837539673E+02     0.857412576675415E+00
     0.113663697242737E+01     0.831064999103546E+00     0.118878335952759E+02     0.883470416069031E+00
     0.115360176563263E+01     0.853290796279907E+00     0.119381208419800E+02     0.908398866653442E+00
     0.117056643962860E+01     0.876608014106750E+00     0.120009355545044E+02     0.934627711772919E+00
     0.118753111362457E+01     0.899122834205627E+00     0.120508441925049E+02     0.960026562213898E+00
     0.120449590682983E+01     0.921900987625122E+00     0.121025085449219E+02     0.985796570777893E+00
     0.122146058082581E+01     0.944826304912567E+00     0.121545267105103E+02     0.101180863380432E+01
     0.123842537403107E+01     0.967727661132812E+00     0.122048645019531E+02     0.103786957263947E+01
     0.125539004802704E+01     0.990492939949036E+00     0.122523012161255E+02     0.106385147571564E+01
     0.127235484123230E+01     0.101355719566345E+01     0.123026533126831E+02     0.109025251865387E+01
     0.128931951522827E+01     0.103585791587830E+01     0.123424949645996E+02     0.111585330963135E+01
     0.130628430843353E+01     0.105861675739288E+01     0.123876581192017E+02     0.114205718040466E+01
     0.132324898242950E+01     0.108095443248749E+01     0.124271631240845E+02     0.116785085201263E+01
     0.134021377563477E+01     0.110386002063751E+01     0.124736185073853E+02     0.119437980651855E+01
     0.135717844963074E+01     0.112581551074982E+01     0.125081567764282E+02     0.121988165378571E+01
     0.137414324283600E+01     0.114781248569489E+01     0.125434274673462E+02     0.124550592899323E+01
     0.139110791683197E+01     0.116946256160736E+01     0.125748014450073E+02     0.127079832553864E+01
     0.140807271003723E+01     0.119154429435730E+01     0.126118459701538E+02     0.129667127132416E+01
     0.142503738403320E+01     0.121303045749664E+01     0.126422739028931E+02     0.132191860675812E+01
     0.144200217723846E+01     0.123512649536133E+01     0.126807050704956E+02     0.134796047210693E+01
     0.145896685123444E+01     0.125633716583252E+01     0.127092962265015E+02     0.137302982807159E+01
     0.147593164443970E+01     0.127751541137695E+01     0.127384462356567E+02     0.139813315868378E+01
     0.149289631843567E+01     0.129819357395172E+01     0.127629680633545E+02     0.142271256446838E+01
     0.150986111164093E+01     0.131332564353943E+01     0.127872667312622E+02     0.144074559211731E+01
     0.152682578563690E+01     0.132321929931641E+01     0.127964658737183E+02     0.145255374908447E+01
     0.154379057884216E+01     0.133458554744720E+01     0.128149662017822E+02     0.146614158153534E+01
     0.156075525283813E+01     0.134591066837311E+01     0.128270339965820E+02     0.147969877719879E+01
     0.157771992683411E+01     0.135764682292938E+01     0.128392705917358E+02     0.149376976490021E+01
     0.159468472003937E+01     0.136970674991608E+01     0.128515443801880E+02     0.150825202465057E+01
     0.161164939403534E+01     0.138237524032593E+01     0.128678436279297E+02     0.152349197864532E+01
     0.162861418724060E+01     0.139496815204620E+01     0.128807077407837E+02     0.153866577148438E+01
     0.164557886123657E+01     0.140727913379669E+01     0.128882007598877E+02     0.155352270603180E+01
     0.166254365444183E+01     0.142070317268372E+01     0.129068346023560E+02     0.156975638866425E+01
     0.167950832843781E+01     0.143296527862549E+01     0.129105577468872E+02     0.158460474014282E+01
     0.169647312164307E+01     0.144650614261627E+01     0.129277935028076E+02     0.160103714466095E+01
     0.171343779563904E+01     0.145922243595123E+01     0.129345378875732E+02     0.161649239063263E+01
     0.173040258884430E+01     0.147272408008575E+01     0.129500694274902E+02     0.163293671607971E+01
     0.174736726284027E+01     0.148542320728302E+01     0.129590740203857E+02     0.164842867851257E+01
     0.176433205604553E+01     0.149819791316986E+01     0.129684085845947E+02     0.166404128074646E+01
     0.178129673004150E+01     0.151047492027283E+01     0.129715852737427E+02     0.167906796932220E+01
     0.179826152324677E+01     0.152365756034851E+01     0.129848670959473E+02     0.169523894786835E+01
     0.181522619724274E+01     0.153608465194702E+01     0.129892387390137E+02     0.171050524711609E+01
     0.183219099044800E+01     0.154870748519897E+01     0.129957666397095E+02     0.172604131698608E+01
     0.184915566444397E+01     0.156127822399139E+01     0.130016765594482E+02     0.174154067039490E+01
     0.186612045764923E+01     0.157403564453125E+01     0.130097932815552E+02     0.175730061531067E+01
     0.188308513164520E+01     0.158656978607178E+01     0.130154981613159E+02     0.177281141281128E+01
     0.190004992485046E+01     0.159855926036835E+01     0.130155591964722E+02     0.178766977787018E+01
     0.191701459884644E+01     0.160820794105530E+01     0.130187053680420E+02     0.179964852333069E+01
     0.193397939205170E+01     0.161783504486084E+01     0.130248384475708E+02     0.181161999702454E+01
     0.195094406604767E+01     0.162689030170441E+01     0.130236978530884E+02     0.182288873195648E+01
     0.196790874004364E+01     0.163633656501770E+01     0.130265283584595E+02     0.183466339111328E+01
     0.198487353324890E+01     0.164573824405670E+01     0.130286664962769E+02     0.184639728069305E+01
     0.200183820724487E+01     0.165557146072388E+01     0.130329637527466E+02     0.185868906974792E+01
     0.201880288124084E+01     0.166507613658905E+01     0.130303192138672E+02     0.187057876586914E+01
     0.203576779365540E+01     0.167502117156982E+01     0.130323009490967E+02     0.188304185867310E+01
     0.205273246765137E+01     0.168243193626404E+01     0.130304727554321E+02     0.189233648777008E+01
     0.206969714164734E+01     0.168954145908356E+01     0.130309371948242E+02     0.190126490592957E+01
     0.208666181564331E+01     0.169677186012268E+01     0.130307531356812E+02     0.191035294532776E+01
     0.210362672805786E+01     0.170475220680237E+01     0.130374698638916E+02     0.192040348052979E+01
     0.212059140205383E+01     0.171169674396515E+01     0.130313549041748E+02     0.192914199829102E+01
     0.213755607604980E+01     0.171986865997314E+01     0.130383129119873E+02     0.193945538997650E+01
     0.215452075004578E+01     0.172677671909332E+01     0.130319404602051E+02     0.194816470146179E+01
     0.217148566246033E+01     0.173436522483826E+01     0.130339841842651E+02     0.195775449275970E+01
     0.218845033645630E+01     0.174171018600464E+01     0.130338668823242E+02     0.196704244613647E+01
     0.220541501045227E+01     0.174880993366241E+01     0.130315408706665E+02     0.197602558135986E+01
     0.222237968444824E+01     0.175519657135010E+01     0.130218152999878E+02     0.198410046100616E+01
     0.223934459686279E+01     0.176241350173950E+01     0.130220174789429E+02     0.199325168132782E+01
     0.225630927085876E+01     0.176968848705292E+01     0.130235624313354E+02     0.200248765945435E+01
     0.227327394485474E+01     0.177635538578033E+01     0.130189142227173E+02     0.201094841957092E+01
     0.229023861885071E+01     0.178271257877350E+01     0.130115156173706E+02     0.201901698112488E+01
     0.230720353126526E+01     0.179020166397095E+01     0.130175361633301E+02     0.202855873107910E+01
     0.232416820526123E+01     0.179654836654663E+01     0.130113239288330E+02     0.203662967681885E+01
     0.234113287925720E+01     0.180324947834015E+01     0.130099020004272E+02     0.204516887664795E+01
     0.235809755325317E+01     0.180907630920410E+01     0.129992771148682E+02     0.205257940292358E+01
     0.237506222724915E+01     0.181573998928070E+01     0.129988222122192E+02     0.206108570098877E+01
     0.239202713966370E+01     0.182156288623810E+01     0.129896602630615E+02     0.206850481033325E+01
     0.240899181365967E+01     0.182787048816681E+01     0.129866256713867E+02     0.207656240463257E+01
     0.242595648765564E+01     0.183438467979431E+01     0.129866619110107E+02     0.208489823341370E+01
     0.244292116165161E+01     0.184056735038757E+01     0.129837160110474E+02     0.209280848503113E+01
     0.245988607406616E+01     0.184627819061279E+01     0.129761104583740E+02     0.210010814666748E+01
     0.247685074806213E+01     0.185171961784363E+01     0.129662504196167E+02     0.210706019401550E+01
     0.249381542205811E+01     0.185752761363983E+01     0.129612092971802E+02     0.211449933052063E+01
     0.251078009605408E+01     0.186411166191101E+01     0.129657211303711E+02     0.212296652793884E+01
     0.252774500846863E+01     0.186921107769012E+01     0.129540071487427E+02     0.212948679924011E+01
     0.254470968246460E+01     0.187451756000519E+01     0.129454660415649E+02     0.213628482818604E+01
     0.256167435646057E+01     0.188037598133087E+01     0.129438314437866E+02     0.214381742477417E+01
     0.257863903045654E+01     0.188561546802521E+01     0.129359188079834E+02     0.215053868293762E+01
     0.259560394287109E+01     0.189140832424164E+01     0.129350223541260E+02     0.215799808502197E+01
     0.261256861686707E+01     0.189621579647064E+01     0.129235687255859E+02     0.216415810585022E+01
     0.262953329086304E+01     0.190145742893219E+01     0.129177713394165E+02     0.217089891433716E+01
     0.264649796485901E+01     0.190661752223969E+01     0.129117403030396E+02     0.217753672599792E+01
     0.266346287727356E+01     0.191172206401825E+01     0.129057674407959E+02     0.218410634994507E+01
     0.268042755126953E+01     0.191656398773193E+01     0.128975009918213E+02     0.219033145904541E+01
     0.269739222526550E+01     0.192181921005249E+01     0.128946113586426E+02     0.219711256027222E+01
     0.271435689926147E+01     0.192633819580078E+01     0.128840084075928E+02     0.220291662216187E+01
     0.273132181167603E+01     0.193123817443848E+01     0.128784112930298E+02     0.220923399925232E+01
     0.274828648567200E+01     0.193608868122101E+01     0.128729267120361E+02     0.221549034118652E+01
     0.276525115966797E+01     0.194072413444519E+01     0.128656511306763E+02     0.222146368026733E+01
     0.278221583366394E+01     0.194571530818939E+01     0.128630952835083E+02     0.222791838645935E+01
     0.279918050765991E+01     0.194948351383209E+01     0.128499984741211E+02     0.223274827003479E+01
     0.281614542007446E+01     0.195388424396515E+01     0.128453092575073E+02     0.223843312263489E+01
     0.283311009407043E+01     0.195832383632660E+01     0.128415651321411E+02     0.224417424201965E+01
     0.285007476806641E+01     0.196257078647614E+01     0.128360643386841E+02     0.224965953826904E+01
     0.286703944206238E+01     0.196618008613586E+01     0.128235673904419E+02     0.225428771972656E+01
     0.288400435447693E+01     0.197012090682983E+01     0.128154535293579E+02     0.225936579704285E+01
     0.290096902847290E+01     0.197430074214935E+01     0.128105859756470E+02     0.226476979255676E+01
     0.291793370246887E+01     0.197828841209412E+01     0.128040084838867E+02     0.226991724967957E+01
     0.293489837646484E+01     0.198203063011169E+01     0.127950801849365E+02     0.227473521232605E+01
     0.295186328887939E+01     0.198626041412354E+01     0.127924003601074E+02     0.228021717071533E+01
     0.296882796287537E+01     0.198921179771423E+01     0.127753152847290E+02     0.228396749496460E+01
     0.298579263687134E+01     0.199365508556366E+01     0.127760553359985E+02     0.228974604606628E+01
     0.300275731086731E+01     0.199741780757904E+01     0.127694616317749E+02     0.229460334777832E+01
     0.301972222328186E+01     0.200084829330444E+01     0.127594404220581E+02     0.229901146888733E+01
     0.303668689727783E+01     0.200408911705017E+01     0.127477626800537E+02     0.230316305160522E+01
     0.305365157127380E+01     0.200777959823608E+01     0.127418489456177E+02     0.230792999267578E+01
     0.307061624526978E+01     0.201134395599365E+01     0.127349977493286E+02     0.231252789497375E+01
     0.308758115768433E+01     0.201466298103333E+01     0.127257823944092E+02     0.231679296493530E+01
     0.310454583168030E+01     0.201801776885986E+01     0.127175083160400E+02     0.232110953330994E+01
     0.312151050567627E+01     0.202123975753784E+01     0.127081975936890E+02     0.232524681091309E+01
     0.313847517967224E+01     0.202497959136963E+01     0.127055053710938E+02     0.233009624481201E+01
     0.315543985366821E+01     0.202817463874817E+01     0.126968822479248E+02     0.233420157432556E+01
     0.317240476608276E+01     0.203146028518677E+01     0.126898717880249E+02     0.233843374252319E+01
     0.318936944007874E+01     0.203421640396118E+01     0.126770448684692E+02     0.234193992614746E+01
     0.320633411407471E+01     0.203716659545898E+01     0.126670742034912E+02     0.234571480751038E+01
     0.322329878807068E+01     0.204066634178162E+01     0.126640844345093E+02     0.235024881362915E+01
     0.324026370048523E+01     0.204305696487427E+01     0.126485185623169E+02     0.235325646400452E+01
     0.325722837448120E+01     0.204613208770752E+01     0.126414623260498E+02     0.235720992088318E+01
     0.327419304847717E+01     0.204909181594849E+01     0.126335573196411E+02     0.236100625991821E+01
     0.329115772247314E+01     0.205192208290100E+01     0.126246290206909E+02     0.236462616920471E+01
     0.330812263488770E+01     0.205482888221741E+01     0.126170597076416E+02     0.236835384368896E+01
     0.332508730888367E+01     0.205813550949097E+01     0.126147565841675E+02     0.237263822555542E+01
     0.334205198287964E+01     0.206072354316711E+01     0.126043491363525E+02     0.237592887878418E+01
     0.335901665687561E+01     0.206306529045105E+01     0.125915384292603E+02     0.237887930870056E+01
     0.337598156929016E+01     0.206633210182190E+01     0.125902099609375E+02     0.238311696052551E+01
     0.339294624328613E+01     0.206834912300110E+01     0.125744142532349E+02     0.238561892509460E+01
     0.340991091728210E+01     0.207166457176208E+01     0.125746440887451E+02     0.238993000984192E+01
     0.342687559127808E+01     0.207343864440918E+01     0.125568323135376E+02     0.239209604263306E+01
     0.344384050369263E+01     0.207627749443054E+01     0.125521755218506E+02     0.239574766159058E+01
     0.346080517768860E+01     0.207840466499329E+01     0.125395870208740E+02     0.239840865135193E+01
     0.347776985168457E+01     0.208130002021790E+01     0.125365056991577E+02     0.240214419364929E+01
     0.349473452568054E+01     0.208375191688538E+01     0.125286312103271E+02     0.240526223182678E+01
     0.351169943809509E+01     0.208618736267090E+01     0.125210113525391E+02     0.240835976600647E+01
     0.352866411209106E+01     0.208808565139771E+01     0.125073661804199E+02     0.241070628166199E+01
     0.354562878608704E+01     0.209054851531982E+01     0.125009031295776E+02     0.241384553909302E+01
     0.356259346008301E+01     0.209299421310425E+01     0.124946975708008E+02     0.241696310043335E+01
     0.357955813407898E+01     0.209534597396851E+01     0.124878101348877E+02     0.241995120048523E+01
     0.359652304649353E+01     0.209772324562073E+01     0.124817028045654E+02     0.242297744750977E+01
     0.361348772048950E+01     0.209977173805237E+01     0.124719266891479E+02     0.242554283142090E+01
     0.363045239448547E+01     0.210185575485229E+01     0.124630250930786E+02     0.242815995216370E+01
     0.364741706848145E+01     0.210360503196716E+01     0.124504451751709E+02     0.243030691146851E+01
     0.366438198089600E+01     0.210573267936707E+01     0.124428968429565E+02     0.243298912048340E+01
     0.368134665489197E+01     0.210815143585205E+01     0.124393854141235E+02     0.243608403205872E+01
     0.369831132888794E+01     0.210994172096252E+01     0.124284744262695E+02     0.243829345703125E+01
     0.371527600288391E+01     0.211177563667297E+01     0.124185361862183E+02     0.244056606292725E+01
     0.373224091529846E+01     0.211352419853210E+01     0.124079656600952E+02     0.244271922111511E+01
     0.374920558929443E+01     0.211534667015076E+01     0.123986902236938E+02     0.244497847557068E+01
     0.376617026329041E+01     0.211712217330933E+01     0.123892354965210E+02     0.244717264175415E+01
     0.378313493728638E+01     0.211915183067322E+01     0.123832120895386E+02     0.244972920417786E+01
     0.380009984970093E+01     0.212107419967651E+01     0.123762922286987E+02     0.245213556289673E+01
     0.381706452369690E+01     0.212270307540894E+01     0.123661508560181E+02     0.245412659645081E+01
     0.383402919769287E+01     0.212466001510620E+01     0.123603944778442E+02     0.245658540725708E+01
     0.385099387168884E+01     0.212612533569336E+01     0.123500108718872E+02     0.245835876464844E+01
     0.386795878410339E+01     0.212759160995483E+01     0.123400650024414E+02     0.246013522148132E+01
     0.388492345809937E+01     0.212966847419739E+01     0.123378906250000E+02     0.246278214454651E+01
     0.390188813209534E+01     0.213080859184265E+01     0.123244543075562E+02     0.246409487724304E+01
     0.391885280609131E+01     0.213253188133240E+01     0.123184871673584E+02     0.246624040603638E+01
     0.393581748008728E+01     0.213418817520142E+01     0.123120222091675E+02     0.246829199790955E+01
     0.395278239250183E+01     0.213554310798645E+01     0.123021211624146E+02     0.246991372108459E+01
     0.396974706649780E+01     0.213690876960754E+01     0.122926692962646E+02     0.247155189514160E+01
     0.398671174049377E+01     0.213854432106018E+01     0.122868223190308E+02     0.247357726097107E+01
     0.400367641448975E+01     0.214021825790405E+01     0.122818098068237E+02     0.247565937042236E+01
     0.402064132690430E+01     0.214167261123657E+01     0.122743520736694E+02     0.247742819786072E+01
     0.403760576248169E+01     0.214277100563049E+01     0.122627124786377E+02     0.247868824005127E+01
     0.405457067489624E+01     0.214399385452271E+01     0.122529726028442E+02     0.248012733459473E+01
     0.407153558731079E+01     0.214523148536682E+01     0.122437181472778E+02     0.248158860206604E+01
     0.408850002288818E+01     0.214712333679199E+01     0.122429008483887E+02     0.248399138450623E+01
     0.410546493530273E+01     0.214799284934998E+01     0.122295646667480E+02     0.248492598533630E+01
     0.412242984771729E+01     0.214975810050964E+01     0.122278232574463E+02     0.248715043067932E+01
     0.413939428329468E+01     0.215047335624695E+01     0.122131137847900E+02     0.248786520957947E+01
     0.415635919570923E+01     0.215222930908203E+01     0.122118272781372E+02     0.249007987976074E+01
     0.417332363128662E+01     0.215351247787476E+01     0.122048921585083E+02     0.249161505699158E+01
     0.419028854370117E+01     0.215441250801086E+01     0.121932907104492E+02     0.249259877204895E+01
     0.420725345611572E+01     0.215575623512268E+01     0.121876897811890E+02     0.249422407150269E+01
     0.422421789169312E+01     0.215661740303040E+01     0.121761951446533E+02     0.249515390396118E+01
     0.424118280410767E+01     0.215797352790833E+01     0.121712923049927E+02     0.249679994583130E+01
     0.425814771652222E+01     0.215895295143127E+01     0.121618556976318E+02     0.249790287017822E+01
     0.427511215209961E+01     0.216034936904907E+01     0.121581916809082E+02     0.249961233139038E+01
     0.429207706451416E+01     0.216077136993408E+01     0.121424407958984E+02     0.249991416931152E+01
     0.430904150009155E+01     0.216207122802734E+01     0.121381759643555E+02     0.250148987770081E+01
     0.432600641250610E+01     0.216329073905945E+01     0.121332979202271E+02     0.250295186042786E+01
     0.434297132492065E+01     0.216389846801758E+01     0.121209001541138E+02     0.250352883338928E+01
     0.435993576049805E+01     0.216474962234497E+01     0.121119422912598E+02     0.250446057319641E+01
     0.437690067291260E+01     0.216611647605896E+01     0.121097688674927E+02     0.250614309310913E+01
     0.439386510848999E+01     0.216719985008240E+01     0.121043586730957E+02     0.250741624832153E+01
     0.441083002090454E+01     0.216774201393127E+01     0.120922117233276E+02     0.250790429115295E+01
     0.442779493331909E+01     0.216853761672974E+01     0.120836381912231E+02     0.250876235961914E+01
     0.444475936889648E+01     0.216978669166565E+01     0.120811300277710E+02     0.251028227806091E+01
     0.446172428131104E+01     0.217042064666748E+01     0.120709724426270E+02     0.251090860366821E+01
     0.447868919372559E+01     0.217152762413025E+01     0.120672092437744E+02     0.251222562789917E+01
     0.449565362930298E+01     0.217203140258789E+01     0.120558729171753E+02     0.251266527175903E+01
     0.451261854171753E+01     0.217327117919922E+01     0.120543832778931E+02     0.251417994499207E+01
     0.452958297729492E+01     0.217409157752991E+01     0.120476770401001E+02     0.251508498191833E+01
     0.454654788970947E+01     0.217484307289124E+01     0.120402946472168E+02     0.251589083671570E+01
     0.456351280212402E+01     0.217530632019043E+01     0.120293331146240E+02     0.251627683639526E+01
     0.458047723770142E+01     0.217607688903809E+01     0.120226812362671E+02     0.251711320877075E+01
     0.459744215011597E+01     0.217663455009460E+01     0.120134954452515E+02     0.251764035224915E+01
     0.461440706253052E+01     0.217773842811584E+01     0.120117225646973E+02     0.251896810531616E+01
     0.463137149810791E+01     0.217794966697693E+01     0.119984149932861E+02     0.251899051666260E+01
     0.464833641052246E+01     0.217913079261780E+01     0.119981184005737E+02     0.252043557167053E+01
     0.466530084609985E+01     0.217980217933655E+01     0.119913263320923E+02     0.252113509178162E+01
     0.468226575851440E+01     0.217988109588623E+01     0.119769258499146E+02     0.252096700668335E+01
     0.469923067092896E+01     0.218106341362000E+01     0.119773111343384E+02     0.252241921424866E+01
     0.471619510650635E+01     0.218142175674438E+01     0.119669666290283E+02     0.252266359329224E+01
     0.473316001892090E+01     0.218209910392761E+01     0.119611206054688E+02     0.252337789535522E+01
     0.475012445449829E+01     0.218218898773193E+01     0.119478149414062E+02     0.252323055267334E+01
     0.476708936691284E+01     0.218321466445923E+01     0.119468746185303E+02     0.252446007728577E+01
     0.478405427932739E+01     0.218392872810364E+01     0.119421701431274E+02     0.252523326873779E+01
     0.480101871490479E+01     0.218396258354187E+01     0.119286365509033E+02     0.252500677108765E+01
     0.481798362731934E+01     0.218458271026611E+01     0.119230136871338E+02     0.252564430236816E+01
     0.483494853973389E+01     0.218513631820679E+01     0.119167318344116E+02     0.252618575096130E+01
     0.485191297531128E+01     0.218570923805237E+01     0.119108972549438E+02     0.252675700187683E+01
     0.486887788772583E+01     0.218651819229126E+01     0.119084434509277E+02     0.252767777442932E+01
     0.488584232330322E+01     0.218668913841248E+01     0.118976278305054E+02     0.252765941619873E+01
     0.490280723571777E+01     0.218714284896851E+01     0.118907938003540E+02     0.252805924415588E+01
     0.491977214813232E+01     0.218758368492126E+01     0.118839731216431E+02     0.252844142913818E+01
     0.493673658370972E+01     0.218835663795471E+01     0.118817911148071E+02     0.252931571006775E+01
     0.495370149612427E+01     0.218833351135254E+01     0.118691520690918E+02     0.252901530265808E+01
     0.497066640853882E+01     0.218929266929626E+01     0.118698225021362E+02     0.253016805648804E+01
     0.498763084411621E+01     0.218926239013672E+01     0.118573665618896E+02     0.252985906600952E+01
     0.500459575653076E+01     0.218967628479004E+01     0.118510761260986E+02     0.253020882606506E+01
     0.502156019210815E+01     0.219037342071533E+01     0.118487653732300E+02     0.253097891807556E+01
     0.503852510452271E+01     0.219084858894348E+01     0.118436841964722E+02     0.253142213821411E+01
     0.505549001693726E+01     0.219082307815552E+01     0.118319587707520E+02     0.253112483024597E+01
     0.507245445251465E+01     0.219155311584473E+01     0.118306417465210E+02     0.253194856643677E+01
     0.508941936492920E+01     0.219160199165344E+01     0.118202381134033E+02     0.253176403045654E+01
     0.510638380050659E+01     0.219223213195801E+01     0.118179225921631E+02     0.253244280815125E+01
     0.512334871292114E+01     0.219222378730774E+01     0.118070659637451E+02     0.253217554092407E+01
     0.514031362533569E+01     0.219234156608582E+01     0.117981748580933E+02     0.253209662437439E+01
     0.515727806091309E+01     0.219259190559387E+01     0.117911901473999E+02     0.253221559524536E+01
     0.517424297332764E+01     0.219351720809937E+01     0.117934360504150E+02     0.253333926200867E+01
     0.519120788574219E+01     0.219312453269958E+01     0.117780885696411E+02     0.253250527381897E+01
     0.520817232131958E+01     0.219369292259216E+01     0.117757205963135E+02     0.253310132026672E+01
     0.522513723373413E+01     0.219389486312866E+01     0.117686767578125E+02     0.253315377235413E+01
     0.524210166931152E+01     0.219420599937439E+01     0.117632331848145E+02     0.253337001800537E+01
     0.525906658172607E+01     0.219458174705505E+01     0.117588167190552E+02     0.253368377685547E+01
     0.527603149414062E+01     0.219490671157837E+01     0.117538785934448E+02     0.253392362594604E+01
     0.529299592971802E+01     0.219503712654114E+01     0.117464199066162E+02     0.253387498855591E+01
     0.530996084213257E+01     0.219527173042297E+01     0.117405261993408E+02     0.253398251533508E+01
     0.532692575454712E+01     0.219513654708862E+01     0.117298355102539E+02     0.253354024887085E+01
     0.534389019012451E+01     0.219585299491882E+01     0.117307281494141E+02     0.253436970710754E+01
     0.536085510253906E+01     0.219575405120850E+01     0.117207775115967E+02     0.253398585319519E+01
     0.537781953811646E+01     0.219622159004211E+01     0.117187232971191E+02     0.253444957733154E+01
     0.539478445053101E+01     0.219637989997864E+01     0.117125539779663E+02     0.253445243835449E+01
     0.541174936294556E+01     0.219652009010315E+01     0.117062568664551E+02     0.253442931175232E+01
     0.542871379852295E+01     0.219639396667480E+01     0.116964635848999E+02     0.253400945663452E+01
     0.544567871093750E+01     0.219659543037415E+01     0.116912479400635E+02     0.253408026695251E+01
     0.546264362335205E+01     0.219657444953918E+01     0.116831827163696E+02     0.253381943702698E+01
     0.547960805892944E+01     0.219731235504150E+01     0.116855850219727E+02     0.253469491004944E+01
     0.549657297134399E+01     0.219681739807129E+01     0.116711997985840E+02     0.253372716903687E+01
     0.551353740692139E+01     0.219725489616394E+01     0.116696252822876E+02     0.253415584564209E+01
     0.553050231933594E+01     0.219749736785889E+01     0.116656026840210E+02     0.253429436683655E+01
     0.554746723175049E+01     0.219750237464905E+01     0.116584110260010E+02     0.253407835960388E+01
     0.556443166732788E+01     0.219768714904785E+01     0.116538228988647E+02     0.253413248062134E+01
     0.558139657974243E+01     0.219773316383362E+01     0.116474304199219E+02     0.253398013114929E+01
     0.559836101531982E+01     0.219809937477112E+01     0.116456604003906E+02     0.253430891036987E+01
     0.561532592773438E+01     0.219818353652954E+01     0.116400279998779E+02     0.253421616554260E+01
     0.563229084014893E+01     0.219805932044983E+01     0.116315422058105E+02     0.253381156921387E+01
     0.564925527572632E+01     0.219819855690002E+01     0.116269092559814E+02     0.253380393981934E+01
     0.566622018814087E+01     0.219843101501465E+01     0.116237440109253E+02     0.253393769264221E+01
     0.568318510055542E+01     0.219817042350769E+01     0.116136589050293E+02     0.253333139419556E+01
     0.570014953613281E+01     0.219823932647705E+01     0.116083574295044E+02     0.253322148323059E+01
     0.571711444854736E+01     0.219838190078735E+01     0.116042003631592E+02     0.253322386741638E+01
     0.573407888412476E+01     0.219810891151428E+01     0.115943803787231E+02     0.253260231018066E+01
     0.575104379653931E+01     0.219835233688354E+01     0.115917806625366E+02     0.253275823593140E+01
     0.576800870895386E+01     0.219860291481018E+01     0.115894804000854E+02     0.253292655944824E+01
     0.578497314453125E+01     0.219838619232178E+01     0.115806665420532E+02     0.253239321708679E+01
     0.580193805694580E+01     0.219844651222229E+01     0.115758647918701E+02     0.253227758407593E+01
     0.581890296936035E+01     0.219868898391724E+01     0.115737972259521E+02     0.253243803977966E+01
     0.583586740493774E+01     0.219842290878296E+01     0.115645818710327E+02     0.253183412551880E+01
     0.585283231735229E+01     0.219869828224182E+01     0.115631790161133E+02     0.253204679489136E+01
     0.586979675292969E+01     0.219817471504211E+01     0.115506000518799E+02     0.253105688095093E+01
     0.588676166534424E+01     0.219804310798645E+01     0.115436811447144E+02     0.253065824508667E+01
     0.590372657775879E+01     0.219832134246826E+01     0.115424041748047E+02     0.253087902069092E+01
     0.592069101333618E+01     0.219801044464111E+01     0.115332059860229E+02     0.253021216392517E+01
     0.593765592575073E+01     0.219820737838745E+01     0.115309944152832E+02     0.253031301498413E+01
     0.595462036132812E+01     0.219821715354919E+01     0.115263528823853E+02     0.253013253211975E+01
     0.597158527374268E+01     0.219792795181274E+01     0.115179424285889E+02     0.252951145172119E+01
     0.598855018615723E+01     0.219837713241577E+01     0.115207605361938E+02     0.253004741668701E+01
     0.600551462173462E+01     0.219791245460510E+01     0.115106582641602E+02     0.252919149398804E+01
     0.602247953414917E+01     0.219784021377563E+01     0.115059480667114E+02     0.252892303466797E+01
     0.603944444656372E+01     0.219822025299072E+01     0.115074701309204E+02     0.252933526039124E+01
     0.605640888214111E+01     0.219797325134277E+01     0.115002698898315E+02     0.252879834175110E+01
     0.607337379455566E+01     0.219779753684998E+01     0.114941339492798E+02     0.252836751937866E+01
     0.609033823013306E+01     0.219757747650146E+01     0.114874649047852E+02     0.252786922454834E+01
     0.610730314254761E+01     0.219787859916687E+01     0.114879608154297E+02     0.252815890312195E+01
     0.612426805496216E+01     0.219813871383667E+01     0.114881839752197E+02     0.252838683128357E+01
     0.614123249053955E+01     0.219755196571350E+01     0.114763154983521E+02     0.252733278274536E+01
     0.615819740295410E+01     0.219799733161926E+01     0.114792404174805E+02     0.252784156799316E+01
     0.617516231536865E+01     0.219785332679749E+01     0.114737777709961E+02     0.252745866775513E+01
     0.619212675094604E+01     0.219762611389160E+01     0.114671735763550E+02     0.252694964408875E+01
     0.620909166336060E+01     0.219751858711243E+01     0.114623794555664E+02     0.252662253379822E+01
     0.622605609893799E+01     0.219748830795288E+01     0.114587707519531E+02     0.252641320228577E+01
     0.624302101135254E+01     0.219754505157471E+01     0.114565248489380E+02     0.252633619308472E+01
     0.625998592376709E+01     0.219725322723389E+01     0.114492130279541E+02     0.252573156356812E+01
     0.627695035934448E+01     0.219685578346252E+01     0.114405603408813E+02     0.252496719360352E+01
     0.629391527175903E+01     0.219653773307800E+01     0.114331979751587E+02     0.252432394027710E+01
     0.631087970733643E+01     0.219654560089111E+01     0.114303503036499E+02     0.252417516708374E+01
     0.632784461975098E+01     0.219646215438843E+01     0.114263277053833E+02     0.252388906478882E+01
     0.634480953216553E+01     0.219624495506287E+01     0.114205255508423E+02     0.252340030670166E+01
     0.636177396774292E+01     0.219608902931213E+01     0.114156293869019E+02     0.252300548553467E+01
     0.637873888015747E+01     0.219608354568481E+01     0.114128570556641E+02     0.252284002304077E+01
     0.639570379257202E+01     0.219597840309143E+01     0.114087829589844E+02     0.252252411842346E+01
     0.641266822814941E+01     0.219582223892212E+01     0.114040565490723E+02     0.252213096618652E+01
     0.642963314056396E+01     0.219619584083557E+01     0.114070396423340E+02     0.252254390716553E+01
     0.644659757614136E+01     0.219561123847961E+01     0.113962049484253E+02     0.252150177955627E+01
     0.646356248855591E+01     0.219578075408936E+01     0.113963470458984E+02     0.252160620689392E+01
     0.648052740097046E+01     0.219550991058350E+01     0.113901824951172E+02     0.252104234695435E+01
     0.649749183654785E+01     0.219558358192444E+01     0.113891544342041E+02     0.252100348472595E+01
     0.651445674896240E+01     0.219525861740112E+01     0.113822822570801E+02     0.252035880088806E+01
     0.653142166137695E+01     0.219467568397522E+01     0.113719100952148E+02     0.251932263374329E+01
     0.654838609695435E+01     0.219443702697754E+01     0.113665237426758E+02     0.251881098747253E+01
     0.656535100936890E+01     0.219443821907043E+01     0.113644933700562E+02     0.251866507530212E+01
     0.658231544494629E+01     0.219418025016785E+01     0.113589344024658E+02     0.251812553405762E+01
     0.659928035736084E+01     0.219397187232971E+01     0.113541212081909E+02     0.251766204833984E+01
     0.661624526977539E+01     0.219393491744995E+01     0.113517427444458E+02     0.251746082305908E+01
     0.663320970535278E+01     0.219426131248474E+01     0.113548345565796E+02     0.251781392097473E+01
     0.665017461776733E+01     0.219383382797241E+01     0.113468875885010E+02     0.251701951026917E+01
     0.666713905334473E+01     0.219379448890686E+01     0.113447742462158E+02     0.251681733131409E+01
     0.668410396575928E+01     0.219350886344910E+01     0.113390626907349E+02     0.251624059677124E+01
     0.670106887817383E+01     0.219299793243408E+01     0.113302021026611E+02     0.251532173156738E+01
     0.671803331375122E+01     0.219264364242554E+01     0.113237276077271E+02     0.251464200019836E+01
     0.673499822616577E+01     0.219304013252258E+01     0.113280324935913E+02     0.251510763168335E+01
     0.675196313858032E+01     0.219286155700684E+01     0.113241357803345E+02     0.251469779014587E+01
     0.676892757415771E+01     0.219214391708374E+01     0.113124361038208E+02     0.251346635818481E+01
     0.678589248657227E+01     0.219227337837219E+01     0.113130359649658E+02     0.251352810859680E+01
     0.680285692214966E+01     0.219224023818970E+01     0.113114643096924E+02     0.251334261894226E+01
     0.681982183456421E+01     0.219178867340088E+01     0.113037023544312E+02     0.251251935958862E+01
     0.683678674697876E+01     0.219165778160095E+01     0.113007459640503E+02     0.251218628883362E+01
     0.685375118255615E+01     0.219107747077942E+01     0.112913532257080E+02     0.251116824150085E+01
     0.687071609497070E+01     0.219145083427429E+01     0.112958803176880E+02     0.251160693168640E+01
     0.688768100738525E+01     0.219110822677612E+01     0.112898969650269E+02     0.251095342636108E+01
     0.690464544296265E+01     0.219081878662109E+01     0.112847843170166E+02     0.251038169860840E+01
     0.692161035537720E+01     0.219065499305725E+01     0.112816867828369E+02     0.251001787185669E+01
     0.693857479095459E+01     0.219049286842346E+01     0.112787647247314E+02     0.250967884063721E+01
     0.695553970336914E+01     0.218999123573303E+01     0.112708864212036E+02     0.250881838798523E+01
     0.697250461578369E+01     0.218994283676147E+01     0.112696180343628E+02     0.250864815711975E+01
     0.698946905136108E+01     0.218964886665344E+01     0.112648353576660E+02     0.250810122489929E+01
     0.700643396377563E+01     0.218944454193115E+01     0.112613649368286E+02     0.250769019126892E+01
     0.702339887619019E+01     0.218946290016174E+01     0.112611455917358E+02     0.250761866569519E+01
     0.704036331176758E+01     0.218927001953125E+01     0.112578973770142E+02     0.250722432136536E+01
     0.705732822418213E+01     0.218918204307556E+01     0.112562360763550E+02     0.250698947906494E+01
     0.707429265975952E+01     0.218883514404297E+01     0.112507648468018E+02     0.250635910034180E+01
     0.709125757217407E+01     0.218871545791626E+01     0.112486886978149E+02     0.250607585906982E+01
     0.710822248458862E+01     0.218860816955566E+01     0.112468509674072E+02     0.250581145286560E+01
     0.712518692016602E+01     0.218822407722473E+01     0.112409143447876E+02     0.250512409210205E+01
     0.714215183258057E+01     0.218815779685974E+01     0.112397441864014E+02     0.250492310523987E+01
     0.715911626815796E+01     0.218788576126099E+01     0.112355432510376E+02     0.250440764427185E+01
     0.717608118057251E+01     0.218788409233093E+01     0.112354764938354E+02     0.250430607795715E+01
     0.719304609298706E+01     0.218756675720215E+01     0.112306261062622E+02     0.250372171401978E+01
     0.721001052856445E+01     0.218738603591919E+01     0.112279119491577E+02     0.250334715843201E+01
     0.722697544097900E+01     0.218693041801453E+01     0.112210817337036E+02     0.250255203247070E+01
     0.724394035339355E+01     0.218690729141235E+01     0.112207927703857E+02     0.250241947174072E+01
     0.726090478897095E+01     0.218626403808594E+01     0.112113227844238E+02     0.250133776664734E+01
     0.727786970138550E+01     0.218599414825439E+01     0.112074232101440E+02     0.250082826614380E+01
     0.729483413696289E+01     0.218568897247314E+01     0.112030630111694E+02     0.250026559829712E+01
     0.731179904937744E+01     0.218557333946228E+01     0.112014169692993E+02     0.249999356269836E+01
     0.732876396179199E+01     0.218561339378357E+01     0.112021369934082E+02     0.249996089935303E+01
     0.734572839736938E+01     0.218535900115967E+01     0.111985740661621E+02     0.249947762489319E+01
     0.736269330978394E+01     0.218528962135315E+01     0.111978464126587E+02     0.249927902221680E+01
     0.737965822219849E+01     0.218484425544739E+01     0.111914596557617E+02     0.249850440025330E+01
     0.739662265777588E+01     0.218424892425537E+01     0.111830806732178E+02     0.249750161170959E+01
     0.741358757019043E+01     0.218433213233948E+01     0.111845064163208E+02     0.249753975868225E+01
     0.743055200576782E+01     0.218383169174194E+01     0.111775379180908E+02     0.249668669700623E+01
     0.744751691818237E+01     0.218394303321838E+01     0.111794996261597E+02     0.249676728248596E+01
     0.746448183059692E+01     0.218371295928955E+01     0.111765432357788E+02     0.249632334709167E+01
     0.748144626617432E+01     0.218343234062195E+01     0.111728553771973E+02     0.249580168724060E+01
     0.749841117858887E+01     0.218322348594666E+01     0.111702852249146E+02     0.249539089202881E+01
     0.751537561416626E+01     0.218295001983643E+01     0.111667709350586E+02     0.249488162994385E+01
     0.753234052658081E+01     0.218262743949890E+01     0.111625471115112E+02     0.249429750442505E+01
     0.754930543899536E+01     0.218245244026184E+01     0.111605873107910E+02     0.249394083023071E+01
     0.756626987457275E+01     0.218220114707947E+01     0.111575050354004E+02     0.249346733093262E+01
     0.758323478698730E+01     0.218197274208069E+01     0.111548061370850E+02     0.249302959442139E+01
     0.760019969940186E+01     0.218117308616638E+01     0.111437015533447E+02     0.249171543121338E+01
     0.761716413497925E+01     0.218142342567444E+01     0.111480798721313E+02     0.249201393127441E+01
     0.763412904739380E+01     0.218102669715881E+01     0.111429052352905E+02     0.249131941795349E+01
     0.765109348297119E+01     0.218095350265503E+01     0.111427040100098E+02     0.249112296104431E+01
     0.766805839538574E+01     0.218008708953857E+01     0.111306676864624E+02     0.248970842361450E+01
     0.768502330780029E+01     0.218040633201599E+01     0.111362457275391E+02     0.249011611938477E+01
     0.770198774337769E+01     0.217964053153992E+01     0.111256885528564E+02     0.248885750770569E+01
     0.771895265579224E+01     0.217926788330078E+01     0.111211042404175E+02     0.248820328712463E+01
     0.773591756820679E+01     0.217947530746460E+01     0.111250543594360E+02     0.248844194412231E+01
     0.775288200378418E+01     0.217916584014893E+01     0.111214313507080E+02     0.248788356781006E+01
     0.776984691619873E+01     0.217840886116028E+01     0.111112728118896E+02     0.248663711547852E+01
     0.778681135177612E+01     0.217872929573059E+01     0.111171236038208E+02     0.248704743385315E+01
     0.780377626419067E+01     0.217840075492859E+01     0.111133012771606E+02     0.248646116256714E+01
     0.782074117660522E+01     0.217781686782837E+01     0.111056194305420E+02     0.248548221588135E+01
     0.783770561218262E+01     0.217738246917725E+01     0.111003236770630E+02     0.248473429679871E+01
     0.785467052459717E+01     0.217704820632935E+01     0.110965337753296E+02     0.248414063453674E+01
     0.787163496017456E+01     0.217676138877869E+01     0.110934581756592E+02     0.248362040519714E+01
     0.788859987258911E+01     0.217658019065857E+01     0.110919599533081E+02     0.248326325416565E+01
     0.790556478500366E+01     0.217634773254395E+01     0.110897579193115E+02     0.248282814025879E+01
     0.792252922058105E+01     0.217587637901306E+01     0.110840349197388E+02     0.248202586174011E+01
     0.793949413299561E+01     0.217575311660767E+01     0.110834941864014E+02     0.248175954818726E+01
     0.795645904541016E+01     0.217533111572266E+01     0.110785398483276E+02     0.248103427886963E+01
     0.797342348098755E+01     0.217515397071838E+01     0.110772695541382E+02     0.248068642616272E+01
     0.799038839340210E+01     0.217463588714600E+01     0.110709457397461E+02     0.247981452941895E+01
     0.800735282897949E+01     0.217445397377014E+01     0.110696277618408E+02     0.247946023941040E+01
     0.802431774139404E+01     0.217430639266968E+01     0.110689096450806E+02     0.247915983200073E+01
     0.804128265380859E+01     0.217399311065674E+01     0.110657033920288E+02     0.247860479354858E+01
     0.805824756622314E+01     0.217340087890625E+01     0.110583267211914E+02     0.247762060165405E+01
     0.807521152496338E+01     0.217338728904724E+01     0.110596818923950E+02     0.247752809524536E+01
     0.809217643737793E+01     0.217288756370544E+01     0.110536870956421E+02     0.247668862342834E+01
     0.810914134979248E+01     0.217270636558533E+01     0.110522766113281E+02     0.247635173797607E+01
     0.812610626220703E+01     0.217261838912964E+01     0.110523309707642E+02     0.247616004943848E+01
     0.814307117462158E+01     0.217211937904358E+01     0.110461006164551E+02     0.247533416748047E+01
     0.816003608703613E+01     0.217211747169495E+01     0.110475492477417E+02     0.247527360916138E+01
     0.817700004577637E+01     0.217184591293335E+01     0.110448837280273E+02     0.247479772567749E+01
     0.819396495819092E+01     0.217137074470520E+01     0.110390930175781E+02     0.247400808334351E+01
     0.821092987060547E+01     0.217128443717957E+01     0.110393562316895E+02     0.247381758689880E+01
     0.822789478302002E+01     0.217081022262573E+01     0.110336389541626E+02     0.247302937507629E+01
     0.824485969543457E+01     0.217070531845093E+01     0.110336685180664E+02     0.247281026840210E+01
     0.826182365417480E+01     0.216991877555847E+01     0.110233831405640E+02     0.247154092788696E+01
     0.827878856658936E+01     0.217005729675293E+01     0.110270128250122E+02     0.247169756889343E+01
     0.829575347900391E+01     0.216993689537048E+01     0.110269298553467E+02     0.247145533561707E+01
     0.831271839141846E+01     0.216938161849976E+01     0.110200500488281E+02     0.247054314613342E+01
     0.832968330383301E+01     0.216924285888672E+01     0.110196819305420E+02     0.247027301788330E+01
     0.834664726257324E+01     0.216902208328247E+01     0.110180959701538E+02     0.246987700462341E+01
     0.836361217498779E+01     0.216875004768372E+01     0.110157279968262E+02     0.246940255165100E+01
     0.838057708740234E+01     0.216844010353088E+01     0.110127735137939E+02     0.246886944770813E+01
     0.839754199981689E+01     0.216810154914856E+01     0.110093889236450E+02     0.246829271316528E+01
     0.841450691223145E+01     0.216730999946594E+01     0.109991712570190E+02     0.246701788902283E+01
     0.843147087097168E+01     0.216756653785706E+01     0.110049571990967E+02     0.246735954284668E+01
     0.844843578338623E+01     0.216715955734253E+01     0.110005512237549E+02     0.246667838096619E+01
     0.846540069580078E+01     0.216684842109680E+01     0.109976959228516E+02     0.246614551544189E+01
