     0.237506330013275E+00     0.263519847067073E-03     0.115271472930908E+01     0.263218360487372E-03
     0.254471063613892E+00     0.142674299422652E-02     0.200492954254150E+01     0.142518186476082E-02
     0.271435827016830E+00     0.333227356895804E-02     0.263294124603271E+01     0.333024910651147E-02
     0.288400560617447E+00     0.601706886664033E-02     0.317174029350281E+01     0.601647328585386E-02
     0.305365294218063E+00     0.944415945559740E-02     0.364722299575806E+01     0.944909546524286E-02
     0.322330027818680E+00     0.136266862973571E-01     0.407851362228394E+01     0.136431166902184E-01
     0.339294761419296E+00     0.187092237174511E-01     0.448871135711670E+01     0.187458787113428E-01
     0.356259495019913E+00     0.244570672512054E-01     0.485832118988037E+01     0.245240125805140E-01
     0.373224258422852E+00     0.311314091086388E-01     0.521510362625122E+01     0.312428474426270E-01
     0.390188992023468E+00     0.386601053178310E-01     0.555376768112183E+01     0.388329513370991E-01
     0.407153725624084E+00     0.469838529825211E-01     0.587266683578491E+01     0.472375601530075E-01
     0.424118459224701E+00     0.559099949896336E-01     0.616447162628174E+01     0.562648177146912E-01
     0.441083192825317E+00     0.658909603953362E-01     0.645512819290161E+01     0.663759857416153E-01
     0.458047926425934E+00     0.765834748744965E-01     0.672822141647339E+01     0.772271230816841E-01
     0.475012660026550E+00     0.882514193654060E-01     0.699674844741821E+01     0.890901088714600E-01
     0.491977423429489E+00     0.100493095815182E+00     0.724556350708008E+01     0.101560212671757E+00
     0.508942127227783E+00     0.113626405596733E+00     0.748866939544678E+01     0.114965043962002E+00
     0.525906860828400E+00     0.127588778734207E+00     0.772438621520996E+01     0.129245385527611E+00
     0.542871654033661E+00     0.142034441232681E+00     0.794275331497192E+01     0.144051060080528E+00
     0.559836387634277E+00     0.157227233052254E+00     0.815392017364502E+01     0.159655958414078E+00
     0.576801121234894E+00     0.173218622803688E+00     0.836015605926514E+01     0.176117599010468E+00
     0.593765854835510E+00     0.190195769071579E+00     0.856701660156250E+01     0.193634331226349E+00
     0.610730588436127E+00     0.207384482026100E+00     0.875463485717773E+01     0.211410909891129E+00
     0.627695322036743E+00     0.225150540471077E+00     0.893437290191650E+01     0.229828134179115E+00
     0.644660055637360E+00     0.243907108902931E+00     0.911689949035645E+01     0.249319747090340E+00
     0.661624789237976E+00     0.262368619441986E+00     0.928373336791992E+01     0.268551945686340E+00
     0.678589522838593E+00     0.274732351303101E+00     0.938874340057373E+01     0.281457632780075E+00
     0.695554256439209E+00     0.288824617862701E+00     0.950330352783203E+01     0.296192884445190E+00
     0.712518990039825E+00     0.303780883550644E+00     0.961326503753662E+01     0.311860769987106E+00
     0.729483723640442E+00     0.320227056741714E+00     0.973520851135254E+01     0.329124510288239E+00
     0.746448516845703E+00     0.337139129638672E+00     0.984928321838379E+01     0.346915185451508E+00
     0.763413250446320E+00     0.355062663555145E+00     0.996769428253174E+01     0.365811884403229E+00
     0.780377984046936E+00     0.373437047004700E+00     0.100800724029541E+02     0.385228604078293E+00
     0.797342717647552E+00     0.392890632152557E+00     0.101990966796875E+02     0.405835151672363E+00
     0.814307451248169E+00     0.412462592124939E+00     0.103071956634521E+02     0.426618039608002E+00
     0.831272184848785E+00     0.432776331901550E+00     0.104166603088379E+02     0.448242902755737E+00
     0.848236918449402E+00     0.453788578510284E+00     0.105270414352417E+02     0.470669388771057E+00
     0.865201652050018E+00     0.474956691265106E+00     0.106293115615845E+02     0.493321806192398E+00
     0.882166385650635E+00     0.496407300233841E+00     0.107264699935913E+02     0.516337633132935E+00
     0.899131119251251E+00     0.518615126609802E+00     0.108270196914673E+02     0.540230870246887E+00
     0.916095852851868E+00     0.541023552417755E+00     0.109220914840698E+02     0.564406812191010E+00
     0.933060586452484E+00     0.564255416393280E+00     0.110222835540771E+02     0.589542448520660E+00
     0.950025320053101E+00     0.587376415729523E+00     0.111133270263672E+02     0.614630043506622E+00
     0.966990113258362E+00     0.608655273914337E+00     0.111921577453613E+02     0.637782335281372E+00
     0.983954846858978E+00     0.630402684211731E+00     0.112755203247070E+02     0.661507785320282E+00
     0.100091958045959E+01     0.651778161525726E+00     0.113475065231323E+02     0.684889495372772E+00
     0.101788425445557E+01     0.673688650131226E+00     0.114224023818970E+02     0.708921015262604E+00
     0.103484904766083E+01     0.695428907871246E+00     0.114899539947510E+02     0.732830166816711E+00
     0.105181372165680E+01     0.717930078506470E+00     0.115641803741455E+02     0.757644653320312E+00
     0.106877851486206E+01     0.740116715431213E+00     0.116296663284302E+02     0.782180011272430E+00
     0.108574330806732E+01     0.762973010540009E+00     0.117009134292603E+02     0.807527363300323E+00
     0.110270798206329E+01     0.785211622714996E+00     0.117598686218262E+02     0.832258582115173E+00
     0.111967277526855E+01     0.808177828788757E+00     0.118258628845215E+02     0.857871830463409E+00
     0.113663744926453E+01     0.831050574779510E+00     0.118876085281372E+02     0.883454024791718E+00
     0.115360224246979E+01     0.853816509246826E+00     0.119452486038208E+02     0.908989787101746E+00
     0.117056691646576E+01     0.876730978488922E+00     0.120025796890259E+02     0.934766292572021E+00
     0.118753170967102E+01     0.899159073829651E+00     0.120513000488281E+02     0.960067391395569E+00
     0.120449638366699E+01     0.921874821186066E+00     0.121021375656128E+02     0.985766708850861E+00
     0.122146117687225E+01     0.945340394973755E+00     0.121612634658813E+02     0.101239347457886E+01
     0.123842585086823E+01     0.967869341373444E+00     0.122066793441772E+02     0.103803110122681E+01
     0.125539064407349E+01     0.990470826625824E+00     0.122519874572754E+02     0.106382596492767E+01
     0.127235543727875E+01     0.101301562786102E+01     0.122956962585449E+02     0.108963072299957E+01
     0.128932011127472E+01     0.103581202030182E+01     0.123418855667114E+02     0.111580026149750E+01
     0.130628490447998E+01     0.105843377113342E+01     0.123853225708008E+02     0.114184570312500E+01
     0.132324957847595E+01     0.108081364631653E+01     0.124253778457642E+02     0.116768753528595E+01
     0.134021437168121E+01     0.110371530056000E+01     0.124717655181885E+02     0.119421160221100E+01
     0.135717904567719E+01     0.112548971176147E+01     0.125041027069092E+02     0.121950185298920E+01
     0.137414383888245E+01     0.114787209033966E+01     0.125441274642944E+02     0.124557530879974E+01
     0.139110851287842E+01     0.117017853260040E+01     0.125835132598877E+02     0.127163755893707E+01
     0.140807330608368E+01     0.119194221496582E+01     0.126166563034058E+02     0.129713904857635E+01
     0.142503798007965E+01     0.121304082870483E+01     0.126423673629761E+02     0.132193064689636E+01
     0.144200277328491E+01     0.123494517803192E+01     0.126784858703613E+02     0.134774577617645E+01
     0.145896744728088E+01     0.125628197193146E+01     0.127086048126221E+02     0.137296426296234E+01
     0.147593224048615E+01     0.127711474895477E+01     0.127336759567261E+02     0.139765620231628E+01
     0.149289703369141E+01     0.129835259914398E+01     0.127648067474365E+02     0.142290222644806E+01
     0.150986170768738E+01     0.131314396858215E+01     0.127851409912109E+02     0.144052803516388E+01
     0.152682650089264E+01     0.132302343845367E+01     0.127941942214966E+02     0.145231890678406E+01
     0.154379117488861E+01     0.133407258987427E+01     0.128089399337769E+02     0.146552586555481E+01
     0.156075596809387E+01     0.134564054012299E+01     0.128238697052002E+02     0.147937381267548E+01
     0.157772064208984E+01     0.135740363597870E+01     0.128364391326904E+02     0.149347674846649E+01
     0.159468543529510E+01     0.136969280242920E+01     0.128513832092285E+02     0.150823497772217E+01
     0.161165010929108E+01     0.138249158859253E+01     0.128692083358765E+02     0.152363228797913E+01
     0.162861490249634E+01     0.139457178115845E+01     0.128761005401611E+02     0.153818571567535E+01
     0.164557957649231E+01     0.140784430503845E+01     0.128947544097900E+02     0.155420804023743E+01
     0.166254436969757E+01     0.142071509361267E+01     0.129069652557373E+02     0.156977069377899E+01
     0.167950904369354E+01     0.143314421176910E+01     0.129125890731812E+02     0.158482217788696E+01
     0.169647383689880E+01     0.144598472118378E+01     0.129217948913574E+02     0.160040080547333E+01
     0.171343863010406E+01     0.145968008041382E+01     0.129398002624512E+02     0.161705160140991E+01
     0.173040330410004E+01     0.147265756130219E+01     0.129493017196655E+02     0.163285481929779E+01
     0.174736809730530E+01     0.148540174961090E+01     0.129588346481323E+02     0.164840209484100E+01
     0.176433277130127E+01     0.149757540225983E+01     0.129612760543823E+02     0.166327512264252E+01
     0.178129756450653E+01     0.151048016548157E+01     0.129716491699219E+02     0.167907404899597E+01
     0.179826223850250E+01     0.152287578582764E+01     0.129759407043457E+02     0.169427311420441E+01
     0.181522703170776E+01     0.153632164001465E+01     0.129919738769531E+02     0.171079838275909E+01
     0.183219170570374E+01     0.154858267307281E+01     0.129943389892578E+02     0.172588622570038E+01
     0.184915649890900E+01     0.156118679046631E+01     0.130006303787231E+02     0.174142670631409E+01
     0.186612117290497E+01     0.157366669178009E+01     0.130055694580078E+02     0.175684070587158E+01
     0.188308596611023E+01     0.158665132522583E+01     0.130164327621460E+02     0.177291274070740E+01
     0.190005064010620E+01     0.159841012954712E+01     0.130138673782349E+02     0.178748285770416E+01
     0.191701543331146E+01     0.160862600803375E+01     0.130234537124634E+02     0.180017197132111E+01
     0.193398022651672E+01     0.161782813072205E+01     0.130247373580933E+02     0.181161105632782E+01
     0.195094490051270E+01     0.162727510929108E+01     0.130280380249023E+02     0.182337188720703E+01
     0.196790969371796E+01     0.163644897937775E+01     0.130277652740479E+02     0.183480441570282E+01
     0.198487436771393E+01     0.164585614204407E+01     0.130299615859985E+02     0.184654545783997E+01
     0.200183916091919E+01     0.165539658069611E+01     0.130309753417969E+02     0.185846769809723E+01
     0.201880383491516E+01     0.166568076610565E+01     0.130371665954590E+02     0.187134337425232E+01
     0.203576850891113E+01     0.167484152317047E+01     0.130302820205688E+02     0.188281393051147E+01
     0.205273342132568E+01     0.168236172199249E+01     0.130297489166260E+02     0.189224696159363E+01
     0.206969809532166E+01     0.168950366973877E+01     0.130305652618408E+02     0.190121662616730E+01
     0.208666276931763E+01     0.169701886177063E+01     0.130335483551025E+02     0.191066694259644E+01
     0.210362744331360E+01     0.170477735996246E+01     0.130377969741821E+02     0.192043519020081E+01
     0.212059235572815E+01     0.171222054958344E+01     0.130372972488403E+02     0.192981016635895E+01
     0.213755702972412E+01     0.171978414058685E+01     0.130373754501343E+02     0.193934702873230E+01
     0.215452170372009E+01     0.172724616527557E+01     0.130373086929321E+02     0.194876503944397E+01
     0.217148661613464E+01     0.173446571826935E+01     0.130351619720459E+02     0.195788300037384E+01
     0.218845129013062E+01     0.174156498908997E+01     0.130322341918945E+02     0.196685600280762E+01
     0.220541596412659E+01     0.174873065948486E+01     0.130306606292725E+02     0.197592341899872E+01
     0.222238063812256E+01     0.175530898571014E+01     0.130230817794800E+02     0.198424470424652E+01
     0.223934555053711E+01     0.176251709461212E+01     0.130231981277466E+02     0.199338471889496E+01
     0.225631022453308E+01     0.176966714859009E+01     0.130233402252197E+02     0.200245976448059E+01
     0.227327489852905E+01     0.177613282203674E+01     0.130164384841919E+02     0.201066064834595E+01
     0.229023957252502E+01     0.178339493274689E+01     0.130192060470581E+02     0.201989912986755E+01
     0.230720448493958E+01     0.179009783267975E+01     0.130163574218750E+02     0.202842354774475E+01
     0.232416915893555E+01     0.179664444923401E+01     0.130124378204346E+02     0.203675389289856E+01
     0.234113383293152E+01     0.180303847789764E+01     0.130075025558472E+02     0.204489421844482E+01
     0.235809874534607E+01     0.180966114997864E+01     0.130059118270874E+02     0.205333971977234E+01
     0.237506341934204E+01     0.181535744667053E+01     0.129945468902588E+02     0.206058716773987E+01
     0.239202809333801E+01     0.182181298732758E+01     0.129924573898315E+02     0.206883049011230E+01
     0.240899276733398E+01     0.182861709594727E+01     0.129951286315918E+02     0.207753682136536E+01
     0.242595767974854E+01     0.183438181877136E+01     0.129866418838501E+02     0.208489394187927E+01
     0.244292235374451E+01     0.184053969383240E+01     0.129834108352661E+02     0.209277200698853E+01
     0.245988702774048E+01     0.184628152847290E+01     0.129761600494385E+02     0.210011196136475E+01
     0.247685170173645E+01     0.185183143615723E+01     0.129675025939941E+02     0.210720658302307E+01
     0.249381661415100E+01     0.185816931724548E+01     0.129684658050537E+02     0.211534237861633E+01
     0.251078128814697E+01     0.186400222778320E+01     0.129644584655762E+02     0.212282204627991E+01
     0.252774596214294E+01     0.186974120140076E+01     0.129601068496704E+02     0.213018488883972E+01
     0.254471087455750E+01     0.187499856948853E+01     0.129509077072144E+02     0.213691902160645E+01
     0.256167554855347E+01     0.188043510913849E+01     0.129445161819458E+02     0.214389514923096E+01
     0.257864022254944E+01     0.188537251949310E+01     0.129332094192505E+02     0.215021681785583E+01
     0.259560489654541E+01     0.189093363285065E+01     0.129296083450317E+02     0.215736889839172E+01
     0.261256980895996E+01     0.189621019363403E+01     0.129235134124756E+02     0.216415023803711E+01
     0.262953448295593E+01     0.190145802497864E+01     0.129177865982056E+02     0.217089915275574E+01
     0.264649915695190E+01     0.190688443183899E+01     0.129147987365723E+02     0.217789101600647E+01
     0.266346383094788E+01     0.191162884235382E+01     0.129047183990479E+02     0.218398189544678E+01
     0.268042874336243E+01     0.191649544239044E+01     0.128967370986938E+02     0.219023966789246E+01
     0.269739341735840E+01     0.192201089859009E+01     0.128968400955200E+02     0.219736790657043E+01
     0.271435809135437E+01     0.192638123035431E+01     0.128845014572144E+02     0.220297384262085E+01
     0.273132276535034E+01     0.193152642250061E+01     0.128817253112793E+02     0.220961904525757E+01
     0.274828767776489E+01     0.193630135059357E+01     0.128753900527954E+02     0.221577453613281E+01
     0.276525235176086E+01     0.194085502624512E+01     0.128671646118164E+02     0.222163867950439E+01
     0.278221702575684E+01     0.194497334957123E+01     0.128545799255371E+02     0.222692251205444E+01
     0.279918193817139E+01     0.194928419589996E+01     0.128477668762207E+02     0.223248004913330E+01
     0.281614661216736E+01     0.195357906818390E+01     0.128418483734131E+02     0.223802232742310E+01
     0.283311128616333E+01     0.195834910869598E+01     0.128418836593628E+02     0.224420785903931E+01
     0.285007596015930E+01     0.196175813674927E+01     0.128266992568970E+02     0.224856400489807E+01
     0.286704087257385E+01     0.196595084667206E+01     0.128209695816040E+02     0.225397825241089E+01
     0.288400554656982E+01     0.197010087966919E+01     0.128152418136597E+02     0.225933837890625E+01
     0.290097022056580E+01     0.197430956363678E+01     0.128107061386108E+02     0.226478123664856E+01
     0.291793489456177E+01     0.197786974906921E+01     0.127991991043091E+02     0.226935005187988E+01
     0.293489980697632E+01     0.198199045658112E+01     0.127946310043335E+02     0.227468037605286E+01
     0.295186448097229E+01     0.198617208003998E+01     0.127913637161255E+02     0.228009700775146E+01
     0.296882915496826E+01     0.198973989486694E+01     0.127814035415649E+02     0.228468394279480E+01
     0.298579406738281E+01     0.199298417568207E+01     0.127682790756226E+02     0.228883361816406E+01
     0.300275874137878E+01     0.199678587913513E+01     0.127620735168457E+02     0.229374313354492E+01
     0.301972341537476E+01     0.200031638145447E+01     0.127532854080200E+02     0.229828667640686E+01
     0.303668808937073E+01     0.200433826446533E+01     0.127506828308105E+02     0.230350232124329E+01
     0.305365300178528E+01     0.200808763504028E+01     0.127455110549927E+02     0.230834984779358E+01
     0.307061767578125E+01     0.201100420951843E+01     0.127310552597046E+02     0.231206321716309E+01
     0.308758234977722E+01     0.201496481895447E+01     0.127293710708618E+02     0.231720542907715E+01
     0.310454702377319E+01     0.201809597015381E+01     0.127184371948242E+02     0.232121610641479E+01
     0.312151193618774E+01     0.202150416374207E+01     0.127113113403320E+02     0.232560873031616E+01
     0.313847661018372E+01     0.202446174621582E+01     0.126994085311890E+02     0.232938528060913E+01
     0.315544128417969E+01     0.202789092063904E+01     0.126935262680054E+02     0.233381152153015E+01
     0.317240595817566E+01     0.203104233741760E+01     0.126849050521851E+02     0.233785843849182E+01
     0.318937087059021E+01     0.203460693359375E+01     0.126817159652710E+02     0.234247684478760E+01
     0.320633554458618E+01     0.203769207000732E+01     0.126733198165894E+02     0.234643793106079E+01
     0.322330021858215E+01     0.204022502899170E+01     0.126588726043701E+02     0.234964013099670E+01
     0.324026513099670E+01     0.204382801055908E+01     0.126576557159424E+02     0.235432004928589E+01
     0.325722980499268E+01     0.204654812812805E+01     0.126463747024536E+02     0.235778403282166E+01
     0.327419447898865E+01     0.204923820495605E+01     0.126352806091309E+02     0.236120820045471E+01
     0.329115915298462E+01     0.205198240280151E+01     0.126253395080566E+02     0.236470913887024E+01
     0.330812406539917E+01     0.205493950843811E+01     0.126183681488037E+02     0.236850666999817E+01
     0.332508873939514E+01     0.205763244628906E+01     0.126087741851807E+02     0.237194037437439E+01
     0.334205341339111E+01     0.206034302711487E+01     0.125998630523682E+02     0.237540054321289E+01
     0.335901808738708E+01     0.206306242942810E+01     0.125915136337280E+02     0.237887477874756E+01
     0.337598299980164E+01     0.206631827354431E+01     0.125900497436523E+02     0.238309717178345E+01
     0.339294767379761E+01     0.206846451759338E+01     0.125757751464844E+02     0.238577914237976E+01
     0.340991234779358E+01     0.207091593742371E+01     0.125656661987305E+02     0.238888669013977E+01
     0.342687726020813E+01     0.207377862930298E+01     0.125608463287354E+02     0.239256930351257E+01
     0.344384193420410E+01     0.207612180709839E+01     0.125503396987915E+02     0.239553022384644E+01
     0.346080660820007E+01     0.207922148704529E+01     0.125494070053101E+02     0.239954876899719E+01
     0.347777128219604E+01     0.208108139038086E+01     0.125339031219482E+02     0.240183806419373E+01
     0.349473619461060E+01     0.208383679389954E+01     0.125296754837036E+02     0.240538048744202E+01
     0.351170086860657E+01     0.208588647842407E+01     0.125173921585083E+02     0.240793800354004E+01
     0.352866554260254E+01     0.208834385871887E+01     0.125104522705078E+02     0.241106772422791E+01
     0.354563021659851E+01     0.209035086631775E+01     0.124985685348511E+02     0.241356801986694E+01
     0.356259512901306E+01     0.209321475028992E+01     0.124974184036255E+02     0.241727256774902E+01
     0.357955980300903E+01     0.209547877311707E+01     0.124894666671753E+02     0.242013740539551E+01
     0.359652447700500E+01     0.209743404388428E+01     0.124781255722046E+02     0.242256975173950E+01
     0.361348938941956E+01     0.209912991523743E+01     0.124641714096069E+02     0.242463898658752E+01
     0.363045406341553E+01     0.210179591178894E+01     0.124622926712036E+02     0.242807531356812E+01
     0.364741873741150E+01     0.210330486297607E+01     0.124468832015991E+02     0.242988348007202E+01
     0.366438341140747E+01     0.210547304153442E+01     0.124397859573364E+02     0.243262219429016E+01
     0.368134832382202E+01     0.210813379287720E+01     0.124391717910767E+02     0.243605852127075E+01
     0.369831299781799E+01     0.210943055152893E+01     0.124222888946533E+02     0.243757057189941E+01
     0.371527767181396E+01     0.211145615577698E+01     0.124146795272827E+02     0.244011354446411E+01
     0.373224234580994E+01     0.211364102363586E+01     0.124093914031982E+02     0.244288372993469E+01
     0.374920725822449E+01     0.211549401283264E+01     0.124004802703857E+02     0.244518637657166E+01
     0.376617193222046E+01     0.211753129959106E+01     0.123942193984985E+02     0.244775223731995E+01
     0.378313660621643E+01     0.211910319328308E+01     0.123826284408569E+02     0.244965958595276E+01
     0.380010128021240E+01     0.212119364738464E+01     0.123777770996094E+02     0.245230436325073E+01
     0.381706619262695E+01     0.212296700477600E+01     0.123694067001343E+02     0.245450115203857E+01
     0.383403086662292E+01     0.212427020072937E+01     0.123556499481201E+02     0.245603060722351E+01
     0.385099554061890E+01     0.212660861015320E+01     0.123560695648193E+02     0.245904612541199E+01
     0.386796045303345E+01     0.212777566909790E+01     0.123423185348511E+02     0.246039676666260E+01
     0.388492512702942E+01     0.212938117980957E+01     0.123343372344971E+02     0.246237206459045E+01
     0.390188980102539E+01     0.213074302673340E+01     0.123236827850342E+02     0.246400094032288E+01
     0.391885447502136E+01     0.213271141052246E+01     0.123207368850708E+02     0.246649646759033E+01
     0.393581938743591E+01     0.213419651985168E+01     0.123121423721313E+02     0.246830320358276E+01
     0.395278406143188E+01     0.213575553894043E+01     0.123047800064087E+02     0.247021722793579E+01
     0.396974873542786E+01     0.213716459274292E+01     0.122958402633667E+02     0.247191762924194E+01
     0.398671340942383E+01     0.213858437538147E+01     0.122873373031616E+02     0.247363424301147E+01
     0.400367832183838E+01     0.214021754264832E+01     0.122818193435669E+02     0.247565817832947E+01
     0.402064275741577E+01     0.214141941070557E+01     0.122711811065674E+02     0.247706508636475E+01
     0.403760766983032E+01     0.214285469055176E+01     0.122637710571289E+02     0.247880768775940E+01
     0.405457258224487E+01     0.214424133300781E+01     0.122560548782349E+02     0.248048210144043E+01
     0.407153701782227E+01     0.214575386047363E+01     0.122502393722534E+02     0.248233866691589E+01
     0.408850193023682E+01     0.214669322967529E+01     0.122375049591064E+02     0.248337268829346E+01
     0.410546684265137E+01     0.214828991889954E+01     0.122332963943481E+02     0.248535299301147E+01
     0.412243127822876E+01     0.214978861808777E+01     0.122282371520996E+02     0.248719406127930E+01
     0.413939619064331E+01     0.215034508705139E+01     0.122115650177002E+02     0.248768019676208E+01
     0.415636110305786E+01     0.215206050872803E+01     0.122096691131592E+02     0.248983597755432E+01
     0.417332553863525E+01     0.215289735794067E+01     0.121971082687378E+02     0.249072742462158E+01
     0.419029045104980E+01     0.215456628799438E+01     0.121952762603760E+02     0.249282026290894E+01
     0.420725488662720E+01     0.215546798706055E+01     0.121840257644653E+02     0.249380755424500E+01
     0.422421979904175E+01     0.215650558471680E+01     0.121748094558716E+02     0.249499154090881E+01
     0.424118471145630E+01     0.215806984901428E+01     0.121725578308105E+02     0.249693894386292E+01
     0.425814914703369E+01     0.215924239158630E+01     0.121656188964844E+02     0.249832129478455E+01
     0.427511405944824E+01     0.216036748886108E+01     0.121584463119507E+02     0.249963808059692E+01
     0.429207897186279E+01     0.216107368469238E+01     0.121462478637695E+02     0.250035166740417E+01
     0.430904340744019E+01     0.216199183464050E+01     0.121371879577637E+02     0.250137448310852E+01
     0.432600831985474E+01     0.216301035881042E+01     0.121297178268433E+02     0.250254487991333E+01
     0.434297323226929E+01     0.216385173797607E+01     0.121203317642212E+02     0.250346064567566E+01
     0.435993766784668E+01     0.216475248336792E+01     0.121119909286499E+02     0.250446414947510E+01
     0.437690258026123E+01     0.216612195968628E+01     0.121098508834839E+02     0.250615024566650E+01
     0.439386701583862E+01     0.216701769828796E+01     0.121019945144653E+02     0.250715088844299E+01
     0.441083192825317E+01     0.216760826110840E+01     0.120905427932739E+02     0.250770950317383E+01
     0.442779684066772E+01     0.216903614997864E+01     0.120900850296021E+02     0.250948739051819E+01
     0.444476127624512E+01     0.216983366012573E+01     0.120817604064941E+02     0.251035022735596E+01
     0.446172618865967E+01     0.217069292068481E+01     0.120745239257812E+02     0.251130509376526E+01
     0.447869110107422E+01     0.217137789726257E+01     0.120652637481689E+02     0.251200699806213E+01
     0.449565553665161E+01     0.217235016822815E+01     0.120600271224976E+02     0.251312994956970E+01
     0.451262044906616E+01     0.217302012443542E+01     0.120510759353638E+02     0.251381325721741E+01
     0.452958536148071E+01     0.217373538017273E+01     0.120429801940918E+02     0.251456427574158E+01
     0.454654979705811E+01     0.217437982559204E+01     0.120342226028442E+02     0.251521325111389E+01
     0.456351470947266E+01     0.217543697357178E+01     0.120310649871826E+02     0.251646733283997E+01
     0.458047914505005E+01     0.217575263977051E+01     0.120185194015503E+02     0.251663875579834E+01
     0.459744405746460E+01     0.217698764801025E+01     0.120181541442871E+02     0.251815652847290E+01
     0.461440896987915E+01     0.217763090133667E+01     0.120102891921997E+02     0.251881003379822E+01
     0.463137340545654E+01     0.217784190177917E+01     0.119970569610596E+02     0.251883220672607E+01
     0.464833831787109E+01     0.217889761924744E+01     0.119950017929077E+02     0.252009320259094E+01
     0.466530323028564E+01     0.217967176437378E+01     0.119895725250244E+02     0.252094316482544E+01
     0.468226766586304E+01     0.218044614791870E+01     0.119844007492065E+02     0.252179527282715E+01
     0.469923257827759E+01     0.218084812164307E+01     0.119744224548340E+02     0.252210283279419E+01
     0.471619749069214E+01     0.218097138404846E+01     0.119611692428589E+02     0.252200198173523E+01
     0.473316192626953E+01     0.218225002288818E+01     0.119631767272949E+02     0.252359938621521E+01
     0.475012683868408E+01     0.218231248855591E+01     0.119493999481201E+02     0.252341151237488E+01
     0.476709127426147E+01     0.218277502059937E+01     0.119411706924438E+02     0.252381300926208E+01
     0.478405618667603E+01     0.218392753601074E+01     0.119421663284302E+02     0.252523088455200E+01
     0.480102109909058E+01     0.218410587310791E+01     0.119305009841919E+02     0.252521705627441E+01
     0.481798553466797E+01     0.218487858772278E+01     0.119269294738770E+02     0.252607965469360E+01
     0.483495044708252E+01     0.218524003028870E+01     0.119181032180786E+02     0.252633786201477E+01
     0.485191535949707E+01     0.218544054031372E+01     0.119074354171753E+02     0.252636027336121E+01
     0.486887979507446E+01     0.218624281883240E+01     0.119047546386719E+02     0.252727127075195E+01
     0.488584470748901E+01     0.218668913841248E+01     0.118976402282715E+02     0.252765893936157E+01
     0.490280961990356E+01     0.218718767166138E+01     0.118913974761963E+02     0.252812480926514E+01
     0.491977405548096E+01     0.218762350082397E+01     0.118845090866089E+02     0.252849960327148E+01
     0.493673896789551E+01     0.218802714347839E+01     0.118773813247681E+02     0.252882838249207E+01
     0.495370340347290E+01     0.218857693672180E+01     0.118723678588867E+02     0.252937459945679E+01
     0.497066831588745E+01     0.218925690650940E+01     0.118693399429321E+02     0.253011465072632E+01
     0.498763322830200E+01     0.218958854675293E+01     0.118617534637451E+02     0.253034138679504E+01
     0.500459766387939E+01     0.219008064270020E+01     0.118565521240234E+02     0.253080701828003E+01
     0.502156257629395E+01     0.219005417823792E+01     0.118444900512695E+02     0.253050565719604E+01
     0.503852748870850E+01     0.219014835357666E+01     0.118343868255615E+02     0.253038430213928E+01
     0.505549192428589E+01     0.219121575355530E+01     0.118372974395752E+02     0.253170633316040E+01
     0.507245683670044E+01     0.219160985946655E+01     0.118314447402954E+02     0.253203225135803E+01
     0.508942174911499E+01     0.219144582748413E+01     0.118181819915771E+02     0.253153204917908E+01
     0.510638618469238E+01     0.219228029251099E+01     0.118186073303223E+02     0.253251385688782E+01
     0.512335109710693E+01     0.219251656532288E+01     0.118110589981079E+02     0.253260993957520E+01
     0.514031553268433E+01     0.219257473945618E+01     0.118012657165527E+02     0.253244233131409E+01
     0.515728044509888E+01     0.219294834136963E+01     0.117959184646606E+02     0.253274464607239E+01
     0.517424535751343E+01     0.219288778305054E+01     0.117849607467651E+02     0.253240323066711E+01
     0.519120979309082E+01     0.219358301162720E+01     0.117841796875000E+02     0.253318619728088E+01
     0.520817470550537E+01     0.219356775283813E+01     0.117740726470947E+02     0.253291463851929E+01
     0.522513961791992E+01     0.219397091865540E+01     0.117697038650513E+02     0.253326630592346E+01
     0.524210405349731E+01     0.219406580924988E+01     0.117613859176636E+02     0.253316068649292E+01
     0.525906896591187E+01     0.219457316398621E+01     0.117587127685547E+02     0.253367066383362E+01
     0.527603340148926E+01     0.219442462921143E+01     0.117474527359009E+02     0.253320503234863E+01
     0.529299831390381E+01     0.219498801231384E+01     0.117457637786865E+02     0.253380107879639E+01
     0.530996322631836E+01     0.219511747360229E+01     0.117384567260742E+02     0.253375196456909E+01
     0.532692766189575E+01     0.219543552398682E+01     0.117338218688965E+02     0.253398537635803E+01
     0.534389257431030E+01     0.219597411155701E+01     0.117324457168579E+02     0.253454971313477E+01
     0.536085748672485E+01     0.219607615470886E+01     0.117252130508423E+02     0.253446626663208E+01
     0.537782192230225E+01     0.219593858718872E+01     0.117148590087891E+02     0.253402662277222E+01
     0.539478683471680E+01     0.219641065597534E+01     0.117129945755005E+02     0.253449773788452E+01
     0.541175174713135E+01     0.219639563560486E+01     0.117045564651489E+02     0.253424286842346E+01
     0.542871618270874E+01     0.219670748710632E+01     0.117007598876953E+02     0.253447771072388E+01
     0.544568109512329E+01     0.219669246673584E+01     0.116925735473633E+02     0.253422474861145E+01
     0.546264553070068E+01     0.219665813446045E+01     0.116843032836914E+02     0.253394412994385E+01
     0.547961044311523E+01     0.219669747352600E+01     0.116771669387817E+02     0.253377485275269E+01
     0.549657535552979E+01     0.219694423675537E+01     0.116728963851929E+02     0.253391671180725E+01
     0.551353979110718E+01     0.219744038581848E+01     0.116722154617310E+02     0.253443336486816E+01
     0.553050470352173E+01     0.219700026512146E+01     0.116589069366455E+02     0.253354954719543E+01
     0.554746961593628E+01     0.219767785072327E+01     0.116608676910400E+02     0.253434062004089E+01
     0.556443405151367E+01     0.219784522056580E+01     0.116560640335083E+02     0.253436899185181E+01
     0.558139896392822E+01     0.219737052917480E+01     0.116425457000732E+02     0.253343582153320E+01
     0.559836387634277E+01     0.219808363914490E+01     0.116454477310181E+02     0.253428483009338E+01
     0.561532831192017E+01     0.219796514511108E+01     0.116369400024414E+02     0.253388786315918E+01
     0.563229322433472E+01     0.219827413558960E+01     0.116346158981323E+02     0.253413391113281E+01
     0.564925765991211E+01     0.219829773902893E+01     0.116283369064331E+02     0.253395247459412E+01
     0.566622257232666E+01     0.219839644432068E+01     0.116232528686523E+02     0.253388500213623E+01
     0.568318748474121E+01     0.219781994819641E+01     0.116089248657227E+02     0.253280472755432E+01
     0.570015192031860E+01     0.219799900054932E+01     0.116050815582275E+02     0.253286027908325E+01
     0.571711683273315E+01     0.219809889793396E+01     0.116002931594849E+02     0.253279781341553E+01
     0.573408174514771E+01     0.219797921180725E+01     0.115926523208618E+02     0.253240680694580E+01
     0.575104618072510E+01     0.219840979576111E+01     0.115925979614258E+02     0.253284430503845E+01
     0.576801109313965E+01     0.219860959053040E+01     0.115895929336548E+02     0.253293657302856E+01
     0.578497600555420E+01     0.219822692871094E+01     0.115784854888916E+02     0.253215312957764E+01
     0.580194044113159E+01     0.219830346107483E+01     0.115738916397095E+02     0.253206157684326E+01
     0.581890535354614E+01     0.219864177703857E+01     0.115731287002563E+02     0.253236651420593E+01
     0.583586978912354E+01     0.219868326187134E+01     0.115683021545410E+02     0.253222584724426E+01
     0.585283470153809E+01     0.219836163520813E+01     0.115584096908569E+02     0.253153896331787E+01
     0.586979961395264E+01     0.219807171821594E+01     0.115492296218872E+02     0.253090119361877E+01
     0.588676404953003E+01     0.219803595542908E+01     0.115435991287231E+02     0.253064703941345E+01
     0.590372896194458E+01     0.219801187515259E+01     0.115382137298584E+02     0.253041172027588E+01
     0.592069387435913E+01     0.219853854179382E+01     0.115405292510986E+02     0.253100848197937E+01
     0.593765830993652E+01     0.219831705093384E+01     0.115325279235840E+02     0.253047800064087E+01
     0.595462322235107E+01     0.219824433326721E+01     0.115267438888550E+02     0.253017330169678E+01
     0.597158813476562E+01     0.219802641868591E+01     0.115192804336548E+02     0.252965950965881E+01
     0.598855257034302E+01     0.219808149337769E+01     0.115166292190552E+02     0.252960062026978E+01
     0.600551748275757E+01     0.219836878776550E+01     0.115170297622681E+02     0.252988052368164E+01
     0.602248191833496E+01     0.219781422615051E+01     0.115056123733521E+02     0.252888345718384E+01
     0.603944683074951E+01     0.219845557212830E+01     0.115109081268311E+02     0.252969074249268E+01
     0.605641174316406E+01     0.219779515266418E+01     0.114978389739990E+02     0.252852845191956E+01
     0.607337617874146E+01     0.219766354560852E+01     0.114923343658447E+02     0.252816462516785E+01
     0.609034109115601E+01     0.219764828681946E+01     0.114884300231934E+02     0.252797603607178E+01
     0.610730600357056E+01     0.219752669334412E+01     0.114831371307373E+02     0.252762603759766E+01
     0.612427043914795E+01     0.219800305366516E+01     0.114862051010132E+02     0.252818083763123E+01
     0.614123535156250E+01     0.219759249687195E+01     0.114768867492676E+02     0.252739381790161E+01
     0.615820026397705E+01     0.219759225845337E+01     0.114734163284302E+02     0.252722811698914E+01
     0.617516469955444E+01     0.219762492179871E+01     0.114704818725586E+02     0.252711200714111E+01
     0.619212961196899E+01     0.219728589057922E+01     0.114623994827271E+02     0.252643394470215E+01
     0.620909404754639E+01     0.219770574569702E+01     0.114651308059692E+02     0.252690577507019E+01
     0.622605895996094E+01     0.219757866859436E+01     0.114601097106934E+02     0.252654981613159E+01
     0.624302387237549E+01     0.219733238220215E+01     0.114534158706665E+02     0.252601337432861E+01
     0.625998830795288E+01     0.219726109504700E+01     0.114493389129639E+02     0.252574300765991E+01
     0.627695322036743E+01     0.219665861129761E+01     0.114378700256348E+02     0.252466773986816E+01
     0.629391813278198E+01     0.219723415374756E+01     0.114431076049805E+02     0.252537941932678E+01
     0.631088256835938E+01     0.219652771949768E+01     0.114301166534424E+02     0.252414751052856E+01
     0.632784748077393E+01     0.219659638404846E+01     0.114282131195068E+02     0.252409219741821E+01
     0.634481191635132E+01     0.219655585289001E+01     0.114248771667480E+02     0.252387189865112E+01
     0.636177682876587E+01     0.219634890556335E+01     0.114192428588867E+02     0.252339959144592E+01
     0.637874174118042E+01     0.219606518745422E+01     0.114126167297363E+02     0.252281188964844E+01
     0.639570617675781E+01     0.219614124298096E+01     0.114110860824585E+02     0.252277064323425E+01
     0.641267108917236E+01     0.219616436958313E+01     0.114089431762695E+02     0.252265024185181E+01
     0.642963600158691E+01     0.219615364074707E+01     0.114064207077026E+02     0.252247929573059E+01
     0.644660043716431E+01     0.219569039344788E+01     0.113973340988159E+02     0.252162146568298E+01
     0.646356534957886E+01     0.219574713706970E+01     0.113958663940430E+02     0.252155494689941E+01
     0.648053026199341E+01     0.219517254829407E+01     0.113854274749756E+02     0.252052927017212E+01
     0.649749469757080E+01     0.219532942771912E+01     0.113854179382324E+02     0.252061653137207E+01
     0.651445960998535E+01     0.219532918930054E+01     0.113833351135254E+02     0.252046585083008E+01
     0.653142404556274E+01     0.219507622718811E+01     0.113776063919067E+02     0.251993155479431E+01
     0.654838895797729E+01     0.219507670402527E+01     0.113756847381592E+02     0.251978397369385E+01
     0.656535387039185E+01     0.219436335563660E+01     0.113634662628174E+02     0.251855087280273E+01
     0.658231830596924E+01     0.219463109970093E+01     0.113653850555420E+02     0.251881098747253E+01
     0.659928321838379E+01     0.219404482841492E+01     0.113551435470581E+02     0.251777291297913E+01
     0.661624813079834E+01     0.219429183006287E+01     0.113569087982178E+02     0.251800394058228E+01
     0.663321256637573E+01     0.219385981559753E+01     0.113489303588867E+02     0.251720190048218E+01
     0.665017747879028E+01     0.219350099563599E+01     0.113421535491943E+02     0.251651215553284E+01
     0.666714239120483E+01     0.219353389739990E+01     0.113409624099731E+02     0.251641988754272E+01
     0.668410682678223E+01     0.219331431388855E+01     0.113362464904785E+02     0.251594400405884E+01
     0.670107173919678E+01     0.219307374954224E+01     0.113312864303589E+02     0.251543688774109E+01
     0.671803617477417E+01     0.219306302070618E+01     0.113296909332275E+02     0.251528096199036E+01
     0.673500108718872E+01     0.219285202026367E+01     0.113252515792847E+02     0.251482033729553E+01
     0.675196599960327E+01     0.219251799583435E+01     0.113190889358521E+02     0.251417374610901E+01
     0.676893043518066E+01     0.219253706932068E+01     0.113181104660034E+02     0.251406574249268E+01
     0.678589534759521E+01     0.219228434562683E+01     0.113132104873657E+02     0.251354432106018E+01
     0.680286026000977E+01     0.219211363792419E+01     0.113095750808716E+02     0.251314878463745E+01
     0.681982469558716E+01     0.219152116775513E+01     0.112998943328857E+02     0.251211071014404E+01
     0.683678960800171E+01     0.219185137748718E+01     0.113036718368530E+02     0.251248168945312E+01
     0.685375452041626E+01     0.219140315055847E+01     0.112960329055786E+02     0.251166486740112E+01
     0.687071895599365E+01     0.219138050079346E+01     0.112948198318481E+02     0.251149940490723E+01
     0.688768386840820E+01     0.219115042686462E+01     0.112905483245850E+02     0.251101756095886E+01
     0.690464830398560E+01     0.219084382057190E+01     0.112851715087891E+02     0.251041936874390E+01
     0.692161321640015E+01     0.219064331054688E+01     0.112815256118774E+02     0.250999975204468E+01
     0.693857812881470E+01     0.219049334526062E+01     0.112787866592407E+02     0.250967931747437E+01
     0.695554256439209E+01     0.219000625610352E+01     0.112711153030396E+02     0.250884103775024E+01
     0.697250747680664E+01     0.218988561630249E+01     0.112688035964966E+02     0.250856018066406E+01
     0.698947238922119E+01     0.218968939781189E+01     0.112654266357422E+02     0.250816273689270E+01
     0.700643682479858E+01     0.218959379196167E+01     0.112635297775269E+02     0.250791788101196E+01
     0.702340173721313E+01     0.218921017646790E+01     0.112575101852417E+02     0.250723218917847E+01
     0.704036664962769E+01     0.218936991691589E+01     0.112593936920166E+02     0.250737667083740E+01
     0.705733108520508E+01     0.218911242485046E+01     0.112552089691162E+02     0.250688266754150E+01
     0.707429599761963E+01     0.218897223472595E+01     0.112528076171875E+02     0.250656819343567E+01
     0.709126043319702E+01     0.218868947029114E+01     0.112483148574829E+02     0.250603556632996E+01
     0.710822534561157E+01     0.218848395347595E+01     0.112450065612793E+02     0.250562119483948E+01
     0.712519025802612E+01     0.218830800056458E+01     0.112421693801880E+02     0.250525212287903E+01
     0.714215469360352E+01     0.218769049644470E+01     0.112329807281494E+02     0.250420784950256E+01
     0.715911960601807E+01     0.218777632713318E+01     0.112339382171631E+02     0.250423979759216E+01
     0.717608451843262E+01     0.218786358833313E+01     0.112351732254028E+02     0.250427460670471E+01
     0.719304895401001E+01     0.218744802474976E+01     0.112288494110107E+02     0.250353980064392E+01
     0.721001386642456E+01     0.218741869926453E+01     0.112284288406372E+02     0.250339674949646E+01
     0.722697877883911E+01     0.218723034858704E+01     0.112256402969360E+02     0.250301098823547E+01
     0.724394321441650E+01     0.218701362609863E+01     0.112224493026733E+02     0.250258207321167E+01
     0.726090812683105E+01     0.218617916107178E+01     0.112101287841797E+02     0.250120711326599E+01
     0.727787256240845E+01     0.218642902374268E+01     0.112138328552246E+02     0.250149416923523E+01
     0.729483747482300E+01     0.218564248085022E+01     0.112024202346802E+02     0.250019359588623E+01
     0.731180238723755E+01     0.218550133705139E+01     0.112004051208496E+02     0.249988293647766E+01
     0.732876682281494E+01     0.218580341339111E+01     0.112050428390503E+02     0.250025177001953E+01
     0.734573173522949E+01     0.218551754951477E+01     0.112009868621826E+02     0.249972009658813E+01
     0.736269664764404E+01     0.218494963645935E+01     0.111927795410156E+02     0.249875736236572E+01
     0.737966108322144E+01     0.218467903137207E+01     0.111890544891357E+02     0.249825096130371E+01
     0.739662599563599E+01     0.218461084365845E+01     0.111883211135864E+02     0.249805593490601E+01
     0.741359043121338E+01     0.218432950973511E+01     0.111844825744629E+02     0.249753546714783E+01
     0.743055534362793E+01     0.218429732322693E+01     0.111843967437744E+02     0.249740004539490E+01
     0.744752025604248E+01     0.218352913856506E+01     0.111735057830811E+02     0.249613237380981E+01
     0.746448469161987E+01     0.218339967727661E+01     0.111719512939453E+02     0.249584221839905E+01
     0.748144960403442E+01     0.218310046195984E+01     0.111680145263672E+02     0.249529218673706E+01
     0.749841451644897E+01     0.218321442604065E+01     0.111701622009277E+02     0.249537682533264E+01
     0.751537895202637E+01     0.218297171592712E+01     0.111671133041382E+02     0.249491453170776E+01
     0.753234386444092E+01     0.218274974822998E+01     0.111644153594971E+02     0.249448490142822E+01
     0.754930877685547E+01     0.218229246139526E+01     0.111581954956055E+02     0.249369454383850E+01
     0.756627321243286E+01     0.218219375610352E+01     0.111574058532715E+02     0.249345541000366E+01
     0.758323812484741E+01     0.218189311027527E+01     0.111536026000977E+02     0.249290680885315E+01
     0.760020256042480E+01     0.218124389648438E+01     0.111447172164917E+02     0.249182343482971E+01
     0.761716747283936E+01     0.218139147758484E+01     0.111476049423218E+02     0.249196457862854E+01
     0.763413238525391E+01     0.218128108978271E+01     0.111468362808228E+02     0.249170994758606E+01
     0.765109682083130E+01     0.218092179298401E+01     0.111422262191772E+02     0.249107384681702E+01
     0.766806173324585E+01     0.218058013916016E+01     0.111379318237305E+02     0.249046540260315E+01
     0.768502664566040E+01     0.217991590499878E+01     0.111289205551147E+02     0.248936223983765E+01
     0.770199108123779E+01     0.217975735664368E+01     0.111273937225342E+02     0.248903632164001E+01
     0.771895599365234E+01     0.217984461784363E+01     0.111296844482422E+02     0.248908925056458E+01
     0.773592090606689E+01     0.217933940887451E+01     0.111230039596558E+02     0.248823237419128E+01
     0.775288534164429E+01     0.217872190475464E+01     0.111148996353149E+02     0.248720073699951E+01
     0.776985025405884E+01     0.217903733253479E+01     0.111206731796265E+02     0.248760294914246E+01
     0.778681468963623E+01     0.217830276489258E+01     0.111106748580933E+02     0.248639154434204E+01
     0.780377960205078E+01     0.217807412147522E+01     0.111083469390869E+02     0.248595833778381E+01
     0.782074451446533E+01     0.217752575874329E+01     0.111013994216919E+02     0.248503422737122E+01
     0.783770895004272E+01     0.217739129066467E+01     0.111004648208618E+02     0.248474740982056E+01
     0.785467386245728E+01     0.217723655700684E+01     0.110993175506592E+02     0.248442983627319E+01
     0.787163877487183E+01     0.217669081687927E+01     0.110924501419067E+02     0.248351144790649E+01
     0.788860321044922E+01     0.217635750770569E+01     0.110887317657471E+02     0.248292040824890E+01
     0.790556812286377E+01     0.217626214027405E+01     0.110884933471680E+02     0.248269581794739E+01
     0.792253303527832E+01     0.217602658271790E+01     0.110862665176392E+02     0.248225641250610E+01
     0.793949747085571E+01     0.217552638053894E+01     0.110801553726196E+02     0.248141026496887E+01
     0.795646238327026E+01     0.217539715766907E+01     0.110795335769653E+02     0.248113536834717E+01
     0.797342681884766E+01     0.217503547668457E+01     0.110755081176758E+02     0.248050379753113E+01
     0.799039173126221E+01     0.217485380172729E+01     0.110741996765137E+02     0.248014950752258E+01
     0.800735664367676E+01     0.217441129684448E+01     0.110690059661865E+02     0.247939443588257E+01
     0.802432155609131E+01     0.217420506477356E+01     0.110673742294312E+02     0.247900319099426E+01
     0.804128551483154E+01     0.217403650283813E+01     0.110663843154907E+02     0.247867107391357E+01
     0.805825042724609E+01     0.217348957061768E+01     0.110596523284912E+02     0.247775697708130E+01
     0.807521533966064E+01     0.217331695556641E+01     0.110586118698120E+02     0.247741937637329E+01
     0.809218025207520E+01     0.217297697067261E+01     0.110550498962402E+02     0.247682619094849E+01
     0.810914516448975E+01     0.217274236679077E+01     0.110528345108032E+02     0.247640681266785E+01
     0.812611007690430E+01     0.217258620262146E+01     0.110518360137939E+02     0.247610974311829E+01
     0.814307403564453E+01     0.217215490341187E+01     0.110466451644897E+02     0.247538828849792E+01
     0.816003894805908E+01     0.217187190055847E+01     0.110437717437744E+02     0.247489500045776E+01
     0.817700386047363E+01     0.217188525199890E+01     0.110455169677734E+02     0.247485804557800E+01
     0.819396877288818E+01     0.217139577865601E+01     0.110394840240479E+02     0.247404623031616E+01
     0.821093368530273E+01     0.217128586769104E+01     0.110393896102905E+02     0.247381925582886E+01
     0.822789764404297E+01     0.217095303535461E+01     0.110358524322510E+02     0.247324895858765E+01
     0.824486255645752E+01     0.217062759399414E+01     0.110324640274048E+02     0.247268986701965E+01
     0.826182746887207E+01     0.217047524452209E+01     0.110318164825439E+02     0.247239804267883E+01
     0.827879238128662E+01     0.217009425163269E+01     0.110275993347168E+02     0.247175407409668E+01
     0.829575729370117E+01     0.216981101036072E+01     0.110249481201172E+02     0.247126078605652E+01
     0.831272220611572E+01     0.216968083381653E+01     0.110247602462769E+02     0.247100424766541E+01
     0.832968616485596E+01     0.216928291320801E+01     0.110203275680542E+02     0.247033452987671E+01
     0.834665107727051E+01     0.216905474662781E+01     0.110186309814453E+02     0.246992707252502E+01
     0.836361598968506E+01     0.216869926452637E+01     0.110149288177490E+02     0.246932363510132E+01
     0.838058090209961E+01     0.216842103004456E+01     0.110124835968018E+02     0.246883988380432E+01
     0.839754581451416E+01     0.216810345649719E+01     0.110094308853149E+02     0.246829533576965E+01
     0.841450977325439E+01     0.216731476783752E+01     0.109992513656616E+02     0.246702480316162E+01
     0.843147468566895E+01     0.216752052307129E+01     0.110042333602905E+02     0.246728825569153E+01
     0.844843959808350E+01     0.216708517074585E+01     0.109993944168091E+02     0.246656322479248E+01
     0.846540451049805E+01     0.216640877723694E+01     0.109910345077515E+02     0.246546649932861E+01
