     0.230129551887512E+01     0.236521053011529E-03     0.518206655979156E+00     0.212032726267353E-03
     0.231042766571045E+01     0.793879153206944E-03     0.775471687316895E+00     0.712131150066853E-03
     0.231955981254578E+01     0.152783445082605E-02     0.964053392410278E+00     0.137085455935448E-02
     0.232869195938110E+01     0.241670967079699E-02     0.112267374992371E+01     0.216906378045678E-02
     0.233782410621643E+01     0.346844061277807E-02     0.126571679115295E+01     0.311392359435558E-02
     0.234695601463318E+01     0.452261371538043E-02     0.138195371627808E+01     0.406121648848057E-02
     0.235608816146851E+01     0.584964361041784E-02     0.150499188899994E+01     0.525433011353016E-02
     0.236522030830383E+01     0.714190024882555E-02     0.160765302181244E+01     0.641667703166604E-02
     0.237435245513916E+01     0.852918997406960E-02     0.170471227169037E+01     0.766498548910022E-02
     0.238348460197449E+01     0.101280203089118E-01     0.180430281162262E+01     0.910495501011610E-02
     0.239261674880981E+01     0.117202932015061E-01     0.189327526092529E+01     0.105391051620245E-01
     0.240174889564514E+01     0.133681632578373E-01     0.197708964347839E+01     0.120240831747651E-01
     0.241088104248047E+01     0.149554563686252E-01     0.205122828483582E+01     0.134545238688588E-01
     0.242001318931580E+01     0.167294275015593E-01     0.212815952301025E+01     0.150546925142407E-01
     0.242914533615112E+01     0.188146810978651E-01     0.221217608451843E+01     0.169375278055668E-01
     0.243827748298645E+01     0.206333920359612E-01     0.227998709678650E+01     0.185790304094553E-01
     0.244740939140320E+01     0.227184705436230E-01     0.235317850112915E+01     0.204632915556431E-01
     0.245654153823853E+01     0.246422998607159E-01     0.241641306877136E+01     0.222012083977461E-01
     0.246567368507385E+01     0.267926808446646E-01     0.248351168632507E+01     0.241460464894772E-01
     0.247480583190918E+01     0.288972221314907E-01     0.254553794860840E+01     0.260496512055397E-01
     0.248393797874451E+01     0.310887005180120E-01     0.260693311691284E+01     0.280331205576658E-01
     0.249307012557983E+01     0.333113782107830E-01     0.266625452041626E+01     0.300457403063774E-01
     0.250220227241516E+01     0.356183052062988E-01     0.272501754760742E+01     0.321361087262630E-01
     0.251133441925049E+01     0.379380807280540E-01     0.278145790100098E+01     0.342386849224567E-01
     0.252046656608582E+01     0.404386296868324E-01     0.283985781669617E+01     0.365073308348656E-01
     0.252959871292114E+01     0.427846051752567E-01     0.289218640327454E+01     0.386353805661201E-01
     0.253873085975647E+01     0.452477633953094E-01     0.294518327713013E+01     0.408718436956406E-01
     0.254786276817322E+01     0.477550178766251E-01     0.299703788757324E+01     0.431492738425732E-01
     0.255699491500854E+01     0.499568209052086E-01     0.304047870635986E+01     0.451465472579002E-01
     0.256612706184387E+01     0.525470674037933E-01     0.309055495262146E+01     0.475014038383961E-01
     0.257525920867920E+01     0.550698749721050E-01     0.313758063316345E+01     0.497953966259956E-01
     0.258439135551453E+01     0.578373745083809E-01     0.318775153160095E+01     0.523152872920036E-01
     0.259352350234985E+01     0.604911595582962E-01     0.323408794403076E+01     0.547313988208771E-01
     0.260265564918518E+01     0.631195008754730E-01     0.327846646308899E+01     0.571246035397053E-01
     0.261178779602051E+01     0.660085752606392E-01     0.332619595527649E+01     0.597596839070320E-01
     0.262091994285583E+01     0.690411180257797E-01     0.337488245964050E+01     0.625286698341370E-01
     0.263005208969116E+01     0.717176347970963E-01     0.341610836982727E+01     0.649694427847862E-01
     0.263918423652649E+01     0.744677782058716E-01     0.345737433433533E+01     0.674792304635048E-01
     0.264831614494324E+01     0.770414322614670E-01     0.349474263191223E+01     0.698263049125671E-01
     0.265744829177856E+01     0.801475644111633E-01     0.353947806358337E+01     0.726677626371384E-01
     0.266658043861389E+01     0.831708386540413E-01     0.358169889450073E+01     0.754334107041359E-01
     0.267571258544922E+01     0.862516537308693E-01     0.362369775772095E+01     0.782542452216148E-01
     0.268484473228455E+01     0.892108902335167E-01     0.366287183761597E+01     0.809635967016220E-01
     0.269397687911987E+01     0.917613580822945E-01     0.369515609741211E+01     0.832925736904144E-01
     0.270310902595520E+01     0.947048217058182E-01     0.373230385780334E+01     0.859884843230247E-01
     0.271224117279053E+01     0.978528857231140E-01     0.377142024040222E+01     0.888761356472969E-01
     0.272137331962585E+01     0.101423367857933E+00     0.381534552574158E+01     0.921598449349403E-01
     0.273050546646118E+01     0.104198686778545E+00     0.384766268730164E+01     0.947025865316391E-01
     0.273963761329651E+01     0.107105910778046E+00     0.388098978996277E+01     0.973690226674080E-01
     0.274876952171326E+01     0.110188923776150E+00     0.391587138175964E+01     0.100200541317463E+00
     0.275790166854858E+01     0.113493733108044E+00     0.395287299156189E+01     0.103241764008999E+00
     0.276703381538391E+01     0.116975337266922E+00     0.399121904373169E+01     0.106449969112873E+00
     0.277616596221924E+01     0.119671262800694E+00     0.401919412612915E+01     0.108922295272350E+00
     0.278529810905457E+01     0.122940771281719E+00     0.405359077453613E+01     0.111934535205364E+00
     0.279443025588989E+01     0.126300156116486E+00     0.408830928802490E+01     0.115032143890858E+00
     0.280356240272522E+01     0.129351019859314E+00     0.411880350112915E+01     0.117841348052025E+00
     0.281269454956055E+01     0.132870823144913E+00     0.415405130386353E+01     0.121092863380909E+00
     0.282182669639587E+01     0.135492950677872E+00     0.417855834960938E+01     0.123500049114227E+00
     0.283095884323120E+01     0.139249116182327E+00     0.421528387069702E+01     0.126978024840355E+00
     0.284009099006653E+01     0.142417222261429E+00     0.424485969543457E+01     0.129902675747871E+00
     0.284922289848328E+01     0.145832389593124E+00     0.427658224105835E+01     0.133061811327934E+00
     0.285835504531860E+01     0.148652851581573E+00     0.430144357681274E+01     0.135660022497177E+00
     0.286748719215393E+01     0.152439594268799E+00     0.433599281311035E+01     0.139173209667206E+00
     0.287661933898926E+01     0.155170381069183E+00     0.435906076431274E+01     0.141688227653503E+00
     0.288575148582458E+01     0.158651769161224E+00     0.438947343826294E+01     0.144915997982025E+00
     0.289488363265991E+01     0.161861032247543E+00     0.441665697097778E+01     0.147887259721756E+00
     0.290401577949524E+01     0.165674731135368E+00     0.444935655593872E+01     0.151433020830154E+00
     0.291314792633057E+01     0.168926388025284E+00     0.447605752944946E+01     0.154447406530380E+00
     0.292228007316589E+01     0.172331660985947E+00     0.450379991531372E+01     0.157608702778816E+00
     0.293141222000122E+01     0.175807341933250E+00     0.453184080123901E+01     0.160839259624481E+00
     0.294054436683655E+01     0.178324609994888E+00     0.455040836334229E+01     0.163158074021339E+00
     0.294967627525330E+01     0.182142794132233E+00     0.458090877532959E+01     0.166717633605003E+00
     0.295880842208862E+01     0.185012876987457E+00     0.460209703445435E+01     0.169373258948326E+00
     0.296794056892395E+01     0.189059212803841E+00     0.463385391235352E+01     0.173154309391975E+00
     0.297707271575928E+01     0.191742822527885E+00     0.465280580520630E+01     0.175635144114494E+00
     0.298620486259460E+01     0.195741564035416E+00     0.468325233459473E+01     0.179373979568481E+00
     0.299533700942993E+01     0.198460206389427E+00     0.470192384719849E+01     0.181889459490776E+00
     0.300446915626526E+01     0.202071994543076E+00     0.472829580307007E+01     0.185262605547905E+00
     0.301360130310059E+01     0.206059545278549E+00     0.475749492645264E+01     0.188997268676758E+00
     0.302273344993591E+01     0.209325999021530E+00     0.478010225296021E+01     0.192041918635368E+00
     0.303186559677124E+01     0.212407574057579E+00     0.480091333389282E+01     0.194911152124405E+00
     0.304099774360657E+01     0.215584889054298E+00     0.482215881347656E+01     0.197871744632721E+00
     0.305012965202332E+01     0.219987258315086E+00     0.485343027114868E+01     0.202013596892357E+00
     0.305926179885864E+01     0.222278997302055E+00     0.486691284179688E+01     0.204126387834549E+00
     0.306839394569397E+01     0.225923344492912E+00     0.489130306243896E+01     0.207542181015015E+00
     0.307752609252930E+01     0.229459971189499E+00     0.491453075408936E+01     0.210856243968010E+00
     0.308665823936462E+01     0.232621192932129E+00     0.493439531326294E+01     0.213808476924896E+00
     0.309579038619995E+01     0.236124143004417E+00     0.495680332183838E+01     0.217092707753181E+00
     0.310492253303528E+01     0.240493908524513E+00     0.498583936691284E+01     0.221218109130859E+00
     0.311405467987061E+01     0.244000270962715E+00     0.500765848159790E+01     0.224509224295616E+00
     0.312318682670593E+01     0.247480526566505E+00     0.502909994125366E+01     0.227777898311615E+00
     0.313231897354126E+01     0.250504940748215E+00     0.504681253433228E+01     0.230606287717819E+00
     0.314145088195801E+01     0.254164218902588E+00     0.506912612915039E+01     0.234050959348679E+00
     0.315058302879333E+01     0.257950603961945E+00     0.509222793579102E+01     0.237622454762459E+00
     0.315971517562866E+01     0.261002540588379E+00     0.510948657989502E+01     0.240480586886406E+00
     0.316884732246399E+01     0.264776289463043E+00     0.513195800781250E+01     0.244042322039604E+00
     0.317797946929932E+01     0.267906457185745E+00     0.514941120147705E+01     0.246978998184204E+00
     0.318711161613464E+01     0.271033555269241E+00     0.516673994064331E+01     0.249915108084679E+00
     0.319624376296997E+01     0.273898184299469E+00     0.518198251724243E+01     0.252596467733383E+00
     0.320537590980530E+01     0.277680873870850E+00     0.520370769500732E+01     0.256174027919769E+00
     0.321450805664062E+01     0.282078891992569E+00     0.522963285446167E+01     0.260355532169342E+00
     0.322364020347595E+01     0.285651087760925E+00     0.524932050704956E+01     0.263731390237808E+00
     0.323277235031128E+01     0.288605004549026E+00     0.526449966430664E+01     0.266504645347595E+00
     0.324190425872803E+01     0.291182488203049E+00     0.527690887451172E+01     0.268910884857178E+00
     0.325103640556335E+01     0.295871168375015E+00     0.530402088165283E+01     0.273387968540192E+00
     0.326016855239868E+01     0.298554420471191E+00     0.531688976287842E+01     0.275900006294250E+00
     0.326930069923401E+01     0.302650630474091E+00     0.533933019638062E+01     0.279799073934555E+00
     0.327843284606934E+01     0.304876148700714E+00     0.534882688522339E+01     0.281863927841187E+00
     0.328756499290466E+01     0.309301972389221E+00     0.537317895889282E+01     0.286091476678848E+00
     0.329669713973999E+01     0.311611264944077E+00     0.538303565979004E+01     0.288240194320679E+00
     0.330582928657532E+01     0.315556526184082E+00     0.540377759933472E+01     0.291999399662018E+00
     0.331496143341064E+01     0.318513661623001E+00     0.541776609420776E+01     0.294787943363190E+00
     0.332409358024597E+01     0.323204994201660E+00     0.544314050674438E+01     0.299288272857666E+00
     0.333322572708130E+01     0.326037168502808E+00     0.545595693588257E+01     0.301955103874207E+00
     0.334235763549805E+01     0.330072939395905E+00     0.547663211822510E+01     0.305814027786255E+00
     0.335148978233337E+01     0.332011699676514E+00     0.548348093032837E+01     0.307601928710938E+00
     0.336062192916870E+01     0.335460573434830E+00     0.550003623962402E+01     0.310882925987244E+00
     0.336975407600403E+01     0.339752554893494E+00     0.552190780639648E+01     0.315001070499420E+00
     0.337888622283936E+01     0.342603892087936E+00     0.553433513641357E+01     0.317693978548050E+00
     0.338801836967468E+01     0.346363157033920E+00     0.555249261856079E+01     0.321289122104645E+00
     0.339715051651001E+01     0.349783480167389E+00     0.556833410263062E+01     0.324549883604050E+00
     0.340628266334534E+01     0.352436512708664E+00     0.557919263839722E+01     0.327049434185028E+00
     0.341541481018066E+01     0.356486648321152E+00     0.559875583648682E+01     0.330939173698425E+00
     0.342454695701599E+01     0.359384298324585E+00     0.561097478866577E+01     0.333684921264648E+00
     0.343367910385132E+01     0.362936347723007E+00     0.562718248367310E+01     0.337083667516708E+00
     0.344281101226807E+01     0.366346895694733E+00     0.564234161376953E+01     0.340342342853546E+00
     0.345194315910339E+01     0.369812756776810E+00     0.565780496597290E+01     0.343659669160843E+00
     0.346107530593872E+01     0.372718840837479E+00     0.566971158981323E+01     0.346419781446457E+00
     0.347020745277405E+01     0.376046210527420E+00     0.568409490585327E+01     0.349601596593857E+00
     0.347933959960938E+01     0.379432678222656E+00     0.569876050949097E+01     0.352844774723053E+00
     0.348847174644470E+01     0.383156359195709E+00     0.571532964706421E+01     0.356426805257797E+00
     0.349760389328003E+01     0.386672377586365E+00     0.573048210144043E+01     0.359802007675171E+00
     0.350673604011536E+01     0.390786468982697E+00     0.574914884567261E+01     0.363780438899994E+00
     0.351586818695068E+01     0.394021213054657E+00     0.576241159439087E+01     0.366878241300583E+00
     0.352500033378601E+01     0.397198766469955E+00     0.577531242370605E+01     0.369921743869781E+00
     0.353413248062134E+01     0.399374216794968E+00     0.578225135803223E+01     0.371960401535034E+00
     0.354326438903809E+01     0.403041541576385E+00     0.579781389236450E+01     0.375497102737427E+00
     0.355239653587341E+01     0.407140970230103E+00     0.581587123870850E+01     0.379473298788071E+00
     0.356152868270874E+01     0.410615742206573E+00     0.583008861541748E+01     0.382821291685104E+00
     0.357066082954407E+01     0.413972377777100E+00     0.584363079071045E+01     0.386054605245590E+00
     0.357979297637939E+01     0.416051328182220E+00     0.584966421127319E+01     0.387998908758163E+00
     0.358892512321472E+01     0.419714272022247E+00     0.586476850509644E+01     0.391542673110962E+00
     0.359805727005005E+01     0.423014312982559E+00     0.587768316268921E+01     0.394721925258636E+00
     0.360718941688538E+01     0.427170574665070E+00     0.589538955688477E+01     0.398769199848175E+00
     0.361632156372070E+01     0.428613990545273E+00     0.589767503738403E+01     0.400075167417526E+00
     0.362545371055603E+01     0.432914912700653E+00     0.591602277755737E+01     0.404272556304932E+00
     0.363458585739136E+01     0.435801267623901E+00     0.592639017105103E+01     0.407041937112808E+00
     0.364371776580811E+01     0.439508497714996E+00     0.594117069244385E+01     0.410642147064209E+00
     0.365284991264343E+01     0.441768318414688E+00     0.594787311553955E+01     0.412777692079544E+00
     0.366198205947876E+01     0.444831371307373E+00     0.595896577835083E+01     0.415728390216827E+00
     0.367111420631409E+01     0.448407202959061E+00     0.597288942337036E+01     0.419203102588654E+00
     0.368024635314941E+01     0.452172577381134E+00     0.598773241043091E+01     0.422872066497803E+00
     0.368937849998474E+01     0.454373180866241E+00     0.599396228790283E+01     0.424952447414398E+00
     0.369851064682007E+01     0.457594215869904E+00     0.600570297241211E+01     0.428071200847626E+00
     0.370764279365540E+01     0.461546838283539E+00     0.602136945724487E+01     0.431937813758850E+00
     0.371677494049072E+01     0.465143263339996E+00     0.603495073318481E+01     0.435442507266998E+00
     0.372590708732605E+01     0.468951284885406E+00     0.604958009719849E+01     0.439165443181992E+00
     0.373503923416138E+01     0.471281915903091E+00     0.605627632141113E+01     0.441383510828018E+00
     0.374417114257812E+01     0.474569290876389E+00     0.606809234619141E+01     0.444581300020218E+00
     0.375330328941345E+01     0.476801753044128E+00     0.607418012619019E+01     0.446700841188431E+00
     0.376243543624878E+01     0.480320870876312E+00     0.608707141876221E+01     0.450137376785278E+00
     0.377156758308411E+01     0.483929395675659E+00     0.610035514831543E+01     0.453667610883713E+00
     0.378069972991943E+01     0.486222267150879E+00     0.610666513442993E+01     0.455852687358856E+00
     0.378983187675476E+01     0.489468306303024E+00     0.611795711517334E+01     0.459015816450119E+00
     0.379896402359009E+01     0.493917733430862E+00     0.613545942306519E+01     0.463415563106537E+00
     0.380809617042542E+01     0.496670365333557E+00     0.614403533935547E+01     0.466076195240021E+00
     0.381722831726074E+01     0.500328779220581E+00     0.615722990036011E+01     0.469668239355087E+00
     0.382636046409607E+01     0.502356648445129E+00     0.616198062896729E+01     0.471586734056473E+00
     0.383549261093140E+01     0.504535019397736E+00     0.616748189926147E+01     0.473660796880722E+00
     0.384462451934814E+01     0.509597063064575E+00     0.618776035308838E+01     0.478704273700714E+00
     0.385375666618347E+01     0.512569367885590E+00     0.619725990295410E+01     0.481599450111389E+00
     0.386288881301880E+01     0.514241099357605E+00     0.620009565353394E+01     0.483155161142349E+00
     0.387202095985413E+01     0.518486618995667E+00     0.621605396270752E+01     0.487368196249008E+00
     0.388115310668945E+01     0.519869565963745E+00     0.621734237670898E+01     0.488626003265381E+00
     0.389028525352478E+01     0.523704826831818E+00     0.623107099533081E+01     0.492418378591537E+00
     0.389941740036011E+01     0.527154445648193E+00     0.624277257919312E+01     0.495814442634583E+00
     0.390854954719543E+01     0.530069947242737E+00     0.625169038772583E+01     0.498658776283264E+00
     0.391768169403076E+01     0.532392442226410E+00     0.625763893127441E+01     0.500891804695129E+00
     0.392681384086609E+01     0.535201907157898E+00     0.626602840423584E+01     0.503630936145782E+00
     0.393594598770142E+01     0.538630723953247E+00     0.627755832672119E+01     0.507015824317932E+00
     0.394507789611816E+01     0.541798710823059E+00     0.628808355331421E+01     0.510141670703888E+00
     0.395421004295349E+01     0.540785372257233E+00     0.628429651260376E+01     0.509128451347351E+00
     0.396334218978882E+01     0.541365504264832E+00     0.628650712966919E+01     0.509709775447845E+00
     0.397247433662415E+01     0.541617631912231E+00     0.628530168533325E+01     0.509896099567413E+00
     0.398160648345947E+01     0.543567299842834E+00     0.629212951660156E+01     0.511832356452942E+00
     0.399073863029480E+01     0.545817494392395E+00     0.630012702941895E+01     0.514072418212891E+00
     0.399987077713013E+01     0.546616971492767E+00     0.630068206787109E+01     0.514798521995544E+00
     0.400900268554688E+01     0.549252331256866E+00     0.631009483337402E+01     0.517426192760468E+00
     0.401813507080078E+01     0.552043139934540E+00     0.632018566131592E+01     0.520215511322021E+00
     0.402726697921753E+01     0.552138805389404E+00     0.631689834594727E+01     0.520198345184326E+00
     0.403639936447144E+01     0.556140661239624E+00     0.633266258239746E+01     0.524242758750916E+00
     0.404553127288818E+01     0.557105064392090E+00     0.633349275588989E+01     0.525125265121460E+00
     0.405466365814209E+01     0.558213770389557E+00     0.633494186401367E+01     0.526155829429626E+00
     0.406379556655884E+01     0.560843825340271E+00     0.634378242492676E+01     0.528770625591278E+00
     0.407292795181274E+01     0.563348531723022E+00     0.635190486907959E+01     0.531253695487976E+00
     0.408205986022949E+01     0.565476298332214E+00     0.635813426971436E+01     0.533343434333801E+00
     0.409119176864624E+01     0.567915737628937E+00     0.636579895019531E+01     0.535757601261139E+00
     0.410032415390015E+01     0.569704949855804E+00     0.637030124664307E+01     0.537493705749512E+00
     0.410945606231689E+01     0.572301805019379E+00     0.637867355346680E+01     0.540073871612549E+00
     0.411858844757080E+01     0.573414087295532E+00     0.637980842590332E+01     0.541101276874542E+00
     0.412772035598755E+01     0.575917482376099E+00     0.638766860961914E+01     0.543584346771240E+00
     0.413685274124146E+01     0.579000413417816E+00     0.639821910858154E+01     0.546673417091370E+00
     0.414598464965820E+01     0.581124782562256E+00     0.640413475036621E+01     0.548759937286377E+00
     0.415511703491211E+01     0.581827878952026E+00     0.640322875976562E+01     0.549357950687408E+00
     0.416424894332886E+01     0.583786129951477E+00     0.640829324722290E+01     0.551270127296448E+00
     0.417338132858276E+01     0.586718142032623E+00     0.641796779632568E+01     0.554203152656555E+00
     0.418251323699951E+01     0.588932931423187E+00     0.642416381835938E+01     0.556384325027466E+00
     0.419164514541626E+01     0.591505944728851E+00     0.643204498291016E+01     0.558942437171936E+00
     0.420077753067017E+01     0.592852652072906E+00     0.643411731719971E+01     0.560214757919312E+00
     0.420990943908691E+01     0.595658898353577E+00     0.644303226470947E+01     0.563018679618835E+00
     0.421904182434082E+01     0.596765816211700E+00     0.644390630722046E+01     0.564038097858429E+00
     0.422817373275757E+01     0.598832309246063E+00     0.644931888580322E+01     0.566066861152649E+00
     0.423730611801147E+01     0.601936876773834E+00     0.645959758758545E+01     0.569188475608826E+00
     0.424643802642822E+01     0.604472994804382E+00     0.646714782714844E+01     0.571712791919708E+00
     0.425557041168213E+01     0.607328176498413E+00     0.647612905502319E+01     0.574573397636414E+00
     0.426470232009888E+01     0.608685731887817E+00     0.647811841964722E+01     0.575857639312744E+00
     0.427383470535278E+01     0.610363304615021E+00     0.648155355453491E+01     0.577478170394897E+00
     0.428296661376953E+01     0.612926840782166E+00     0.648908853530884E+01     0.580033063888550E+00
     0.429209852218628E+01     0.614503443241119E+00     0.649208307266235E+01     0.581549823284149E+00
     0.430123090744019E+01     0.617862462997437E+00     0.650327539443970E+01     0.584946990013123E+00
     0.431036281585693E+01     0.618724107742310E+00     0.650290346145630E+01     0.585708558559418E+00
     0.431949520111084E+01     0.621801137924194E+00     0.651280069351196E+01     0.588812351226807E+00
     0.432862710952759E+01     0.623114883899689E+00     0.651444625854492E+01     0.590050220489502E+00
     0.433775949478149E+01     0.626433789730072E+00     0.652535104751587E+01     0.593410670757294E+00
     0.434689140319824E+01     0.627510070800781E+00     0.652588939666748E+01     0.594398021697998E+00
     0.435602378845215E+01     0.629048228263855E+00     0.652854251861572E+01     0.595874369144440E+00
     0.436515569686890E+01     0.632525861263275E+00     0.654007434844971E+01     0.599405646324158E+00
     0.437428808212280E+01     0.633282124996185E+00     0.653920650482178E+01     0.600057244300842E+00
     0.438341999053955E+01     0.635608255863190E+00     0.654549169540405E+01     0.602372288703918E+00
     0.439255189895630E+01     0.638962984085083E+00     0.655635118484497E+01     0.605776727199554E+00
     0.440168428421021E+01     0.640401780605316E+00     0.655847883224487E+01     0.607149600982666E+00
     0.441081619262695E+01     0.641751885414124E+00     0.656027698516846E+01     0.608431339263916E+00
     0.441994857788086E+01     0.644790589809418E+00     0.656969928741455E+01     0.611506104469299E+00
     0.442908048629761E+01     0.646077632904053E+00     0.657118129730225E+01     0.612721204757690E+00
     0.443821287155151E+01     0.649255514144897E+00     0.658110666275024E+01     0.615943849086761E+00
     0.444734477996826E+01     0.650052964687347E+00     0.658042097091675E+01     0.616640865802765E+00
     0.445647716522217E+01     0.653144657611847E+00     0.658994293212891E+01     0.619775116443634E+00
     0.446560907363892E+01     0.654441714286804E+00     0.659137582778931E+01     0.621000051498413E+00
     0.447474145889282E+01     0.655964612960815E+00     0.659383296966553E+01     0.622466146945953E+00
     0.448387336730957E+01     0.658992767333984E+00     0.660310363769531E+01     0.625539481639862E+00
     0.449300527572632E+01     0.660886883735657E+00     0.660725879669189E+01     0.627404749393463E+00
     0.450213766098022E+01     0.664157271385193E+00     0.661756229400635E+01     0.630739986896515E+00
     0.451126956939697E+01     0.665082752704620E+00     0.661734867095947E+01     0.631571888923645E+00
     0.452040195465088E+01     0.667834222316742E+00     0.662520313262939E+01     0.634351909160614E+00
     0.452953386306763E+01     0.669781446456909E+00     0.662950706481934E+01     0.636275529861450E+00
     0.453866624832153E+01     0.672393679618835E+00     0.663679361343384E+01     0.638912737369537E+00
     0.454779815673828E+01     0.673874258995056E+00     0.663896608352661E+01     0.640337169170380E+00
     0.455693054199219E+01     0.674391627311707E+00     0.663683652877808E+01     0.640730142593384E+00
     0.456606245040894E+01     0.678214848041534E+00     0.664949512481689E+01     0.644668161869049E+00
     0.457519483566284E+01     0.679148852825165E+00     0.664925336837769E+01     0.645509243011475E+00
     0.458432674407959E+01     0.680768907070160E+00     0.665209817886353E+01     0.647087693214417E+00
     0.459345865249634E+01     0.684023857116699E+00     0.666211271286011E+01     0.650418877601624E+00
     0.460259103775024E+01     0.685343682765961E+00     0.666365671157837E+01     0.651678085327148E+00
     0.461172294616699E+01     0.687985241413116E+00     0.667089176177979E+01     0.654352366924286E+00
     0.462085533142090E+01     0.688839852809906E+00     0.667025661468506E+01     0.655108332633972E+00
     0.462998723983765E+01     0.691446781158447E+00     0.667749071121216E+01     0.657753586769104E+00
     0.463911962509155E+01     0.694242775440216E+00     0.668538761138916E+01     0.660598456859589E+00
     0.464825153350830E+01     0.694189906120300E+00     0.668079614639282E+01     0.660379707813263E+00
     0.465738391876221E+01     0.696090757846832E+00     0.668484973907471E+01     0.662265896797180E+00
     0.466651582717896E+01     0.699626624584198E+00     0.669597434997559E+01     0.665911197662354E+00
     0.467564821243286E+01     0.700471162796021E+00     0.669526195526123E+01     0.666656732559204E+00
     0.468478012084961E+01     0.702254533767700E+00     0.669874668121338E+01     0.668417692184448E+00
     0.469391202926636E+01     0.704770028591156E+00     0.670543146133423E+01     0.670969545841217E+00
     0.470304441452026E+01     0.708189904689789E+00     0.671593761444092E+01     0.674495458602905E+00
     0.471217632293701E+01     0.708606064319611E+00     0.671342945098877E+01     0.674782156944275E+00
     0.472130870819092E+01     0.710907280445099E+00     0.671914148330688E+01     0.677105724811554E+00
     0.473044061660767E+01     0.711620688438416E+00     0.671793699264526E+01     0.677713990211487E+00
     0.473957300186157E+01     0.713834583759308E+00     0.672317552566528E+01     0.679941773414612E+00
     0.474870491027832E+01     0.716656029224396E+00     0.673114633560181E+01     0.682832002639771E+00
     0.475783729553223E+01     0.719036936759949E+00     0.673710107803345E+01     0.685243606567383E+00
     0.476696920394897E+01     0.720666170120239E+00     0.673990583419800E+01     0.686846613883972E+00
     0.477610158920288E+01     0.721630990505219E+00     0.673973274230957E+01     0.687726259231567E+00
     0.478523349761963E+01     0.723544657230377E+00     0.674362897872925E+01     0.689633309841156E+00
     0.479436540603638E+01     0.726575553417206E+00     0.675244045257568E+01     0.692757070064545E+00
     0.480349779129028E+01     0.728756725788116E+00     0.675752830505371E+01     0.694958925247192E+00
     0.481262969970703E+01     0.729561984539032E+00     0.675672531127930E+01     0.695669054985046E+00
     0.482176208496094E+01     0.730877697467804E+00     0.675809764862061E+01     0.696932852268219E+00
     0.483089399337769E+01     0.733475029468536E+00     0.676496601104736E+01     0.699589252471924E+00
     0.484002637863159E+01     0.736184000968933E+00     0.677228498458862E+01     0.702368259429932E+00
     0.484915828704834E+01     0.738304078578949E+00     0.677708435058594E+01     0.704508960247040E+00
     0.485829067230225E+01     0.739531159400940E+00     0.677806711196899E+01     0.705678820610046E+00
     0.486742258071899E+01     0.740235149860382E+00     0.677682638168335E+01     0.706280112266541E+00
     0.487655496597290E+01     0.743425428867340E+00     0.678608608245850E+01     0.709584593772888E+00
     0.488568687438965E+01     0.743846237659454E+00     0.678372383117676E+01     0.709881067276001E+00
     0.489481878280640E+01     0.746670722961426E+00     0.679139852523804E+01     0.712789356708527E+00
     0.490395116806030E+01     0.748473048210144E+00     0.679488515853882E+01     0.714591383934021E+00
     0.491308307647705E+01     0.750317513942719E+00     0.679847717285156E+01     0.716437339782715E+00
     0.492221546173096E+01     0.750889658927917E+00     0.679673862457275E+01     0.716898262500763E+00
     0.493134737014771E+01     0.754163682460785E+00     0.680632352828979E+01     0.720303952693939E+00
     0.494047975540161E+01     0.756348907947540E+00     0.681138324737549E+01     0.722526550292969E+00
     0.494961166381836E+01     0.756629288196564E+00     0.680829286575317E+01     0.722664356231689E+00
     0.495874404907227E+01     0.759334921836853E+00     0.681558609008789E+01     0.725458741188049E+00
     0.496787595748901E+01     0.761603116989136E+00     0.682087182998657E+01     0.727770566940308E+00
     0.497700834274292E+01     0.763836324214935E+00     0.682611894607544E+01     0.730050086975098E+00
     0.498614025115967E+01     0.765560030937195E+00     0.682921218872070E+01     0.731772541999817E+00
     0.499527215957642E+01     0.765882253646851E+00     0.682638740539551E+01     0.731959223747253E+00
     0.500440454483032E+01     0.767423212528229E+00     0.682864189147949E+01     0.733479380607605E+00
     0.501353645324707E+01     0.769737005233765E+00     0.683415174484253E+01     0.735847890377045E+00
     0.502266883850098E+01     0.772133588790894E+00     0.684000825881958E+01     0.738309025764465E+00
     0.503180074691772E+01     0.772927820682526E+00     0.683915233612061E+01     0.739013135433197E+00
     0.504093313217163E+01     0.775170445442200E+00     0.684436988830566E+01     0.741307616233826E+00
     0.505006504058838E+01     0.776743829250336E+00     0.684678983688354E+01     0.742868602275848E+00
     0.505919742584229E+01     0.779001176357269E+00     0.685208845138550E+01     0.745182812213898E+00
     0.506832933425903E+01     0.779120326042175E+00     0.684849691390991E+01     0.745149016380310E+00
     0.507746171951294E+01     0.782930254936218E+00     0.686013555526733E+01     0.749167382717133E+00
     0.508659362792969E+01     0.783428609371185E+00     0.685815620422363E+01     0.749551951885223E+00
     0.509572553634644E+01     0.784808158874512E+00     0.685971260070801E+01     0.750900804996490E+00
     0.510485792160034E+01     0.788342595100403E+00     0.687028598785400E+01     0.754626035690308E+00
     0.511398983001709E+01     0.788158416748047E+00     0.686536836624146E+01     0.754254579544067E+00
     0.512312221527100E+01     0.790363967418671E+00     0.687040138244629E+01     0.756517648696899E+00
     0.513225412368774E+01     0.793427407741547E+00     0.687904500961304E+01     0.759730637073517E+00
     0.514138650894165E+01     0.793511271476746E+00     0.687523221969604E+01     0.759653627872467E+00
     0.515051841735840E+01     0.796207964420319E+00     0.688240957260132E+01     0.762466847896576E+00
     0.515965080261230E+01     0.797426879405975E+00     0.688328218460083E+01     0.763642430305481E+00
     0.516878271102905E+01     0.798196256160736E+00     0.688242816925049E+01     0.764327108860016E+00
     0.517791509628296E+01     0.799868166446686E+00     0.688519477844238E+01     0.766004562377930E+00
     0.518704700469971E+01     0.803808033466339E+00     0.689731884002686E+01     0.770191073417664E+00
     0.519617891311646E+01     0.803590834140778E+00     0.689240407943726E+01     0.769785523414612E+00
     0.520531129837036E+01     0.805785596370697E+00     0.689739894866943E+01     0.772047281265259E+00
     0.521444320678711E+01     0.807389855384827E+00     0.689990425109863E+01     0.773654341697693E+00
     0.522357559204102E+01     0.809506893157959E+00     0.690452957153320E+01     0.775830566883087E+00
     0.523270750045776E+01     0.811866104602814E+00     0.691015291213989E+01     0.778276979923248E+00
     0.524183988571167E+01     0.811842501163483E+00     0.690603208541870E+01     0.778084278106689E+00
     0.525097179412842E+01     0.815144896507263E+00     0.691554546356201E+01     0.781579554080963E+00
     0.526010417938232E+01     0.816631555557251E+00     0.691747903823853E+01     0.783056676387787E+00
     0.526923608779907E+01     0.817937612533569E+00     0.691884374618530E+01     0.784340977668762E+00
     0.527836847305298E+01     0.817715048789978E+00     0.691394567489624E+01     0.783927977085114E+00
     0.528750038146973E+01     0.820107817649841E+00     0.691964054107666E+01     0.786414980888367E+00
     0.529663228988647E+01     0.823092162609100E+00     0.692794704437256E+01     0.789569437503815E+00
     0.530576467514038E+01     0.823356807231903E+00     0.692508554458618E+01     0.789699137210846E+00
     0.531489658355713E+01     0.823970198631287E+00     0.692377996444702E+01     0.790221750736237E+00
     0.532402896881104E+01     0.827828168869019E+00     0.693576192855835E+01     0.794357419013977E+00
     0.533316087722778E+01     0.826995968818665E+00     0.692857265472412E+01     0.793271780014038E+00
     0.534229326248169E+01     0.828608691692352E+00     0.693142223358154E+01     0.794910967350006E+00
     0.535142517089844E+01     0.831650614738464E+00     0.694003152847290E+01     0.798140943050385E+00
     0.536055755615234E+01     0.831533730030060E+00     0.693590402603149E+01     0.797857046127319E+00
     0.536968946456909E+01     0.834149837493896E+00     0.694284677505493E+01     0.800617814064026E+00
     0.537882184982300E+01     0.836026668548584E+00     0.694672346115112E+01     0.802553236484528E+00
     0.538795375823975E+01     0.836160361766815E+00     0.694368982315063E+01     0.802551567554474E+00
     0.539708566665649E+01     0.837629377841949E+00     0.694593477249146E+01     0.804033875465393E+00
     0.540621805191040E+01     0.839299201965332E+00     0.694911384582520E+01     0.805746138095856E+00
     0.541534996032715E+01     0.840571105480194E+00     0.695072269439697E+01     0.807016491889954E+00
     0.542448234558105E+01     0.842198848724365E+00     0.695366334915161E+01     0.808680415153503E+00
     0.543361425399780E+01     0.843739211559296E+00     0.695643043518066E+01     0.810254991054535E+00
     0.544274663925171E+01     0.845495343208313E+00     0.695995855331421E+01     0.812066972255707E+00
     0.545187854766846E+01     0.847066998481750E+00     0.696280097961426E+01     0.813675940036774E+00
     0.546101093292236E+01     0.848069667816162E+00     0.696332645416260E+01     0.814648151397705E+00
     0.547014284133911E+01     0.850073993206024E+00     0.696786785125732E+01     0.816740870475769E+00
     0.547927522659302E+01     0.851427435874939E+00     0.696990728378296E+01     0.818111002445221E+00
     0.548840713500977E+01     0.852773606777191E+00     0.697181558609009E+01     0.819469213485718E+00
     0.549753904342651E+01     0.854769825935364E+00     0.697636556625366E+01     0.821557939052582E+00
     0.550667142868042E+01     0.853721678256989E+00     0.696869182586670E+01     0.820234894752502E+00
     0.551580333709717E+01     0.857532858848572E+00     0.698064756393433E+01     0.824364721775055E+00
     0.552493572235107E+01     0.856851100921631E+00     0.697440528869629E+01     0.823449671268463E+00
     0.553406763076782E+01     0.857670545578003E+00     0.697431564331055E+01     0.824223697185516E+00
     0.554320001602173E+01     0.859597384929657E+00     0.697856664657593E+01     0.826236724853516E+00
     0.555233192443848E+01     0.861452579498291E+00     0.698264026641846E+01     0.828174948692322E+00
     0.556146430969238E+01     0.863986313343048E+00     0.698944044113159E+01     0.830877363681793E+00
     0.557059621810913E+01     0.864852488040924E+00     0.698946762084961E+01     0.831702589988708E+00
     0.557972860336304E+01     0.864316880702972E+00     0.698390674591064E+01     0.830953299999237E+00
     0.558886051177979E+01     0.865715324878693E+00     0.698616313934326E+01     0.832381248474121E+00
     0.559799242019653E+01     0.867911398410797E+00     0.699167251586914E+01     0.834709882736206E+00
     0.560712480545044E+01     0.869238376617432E+00     0.699360418319702E+01     0.836057305335999E+00
     0.561625671386719E+01     0.869585156440735E+00     0.699161767959595E+01     0.836301684379578E+00
     0.562538909912109E+01     0.872031748294830E+00     0.699806547164917E+01     0.838912546634674E+00
     0.563452100753784E+01     0.873509228229523E+00     0.700062990188599E+01     0.840432584285736E+00
     0.564365339279175E+01     0.875032007694244E+00     0.700346469879150E+01     0.842008411884308E+00
     0.565278530120850E+01     0.876077175140381E+00     0.700431108474731E+01     0.843042612075806E+00
     0.566191768646240E+01     0.876829445362091E+00     0.700404405593872E+01     0.843749105930328E+00
     0.567104959487915E+01     0.877662479877472E+00     0.700406742095947E+01     0.844545543193817E+00
     0.568018198013306E+01     0.880521237850189E+00     0.701218938827515E+01     0.847630023956299E+00
     0.568931388854980E+01     0.880077123641968E+00     0.700709772109985E+01     0.846983790397644E+00
     0.569844579696655E+01     0.882887840270996E+00     0.701506328582764E+01     0.850017786026001E+00
     0.570757818222046E+01     0.883442759513855E+00     0.701405906677246E+01     0.850504577159882E+00
     0.571671009063721E+01     0.883421182632446E+00     0.701066160202026E+01     0.850335657596588E+00
     0.572584247589111E+01     0.886563897132874E+00     0.702003526687622E+01     0.853752374649048E+00
     0.573497438430786E+01     0.885202586650848E+00     0.701131105422974E+01     0.852067649364471E+00
     0.574410676956177E+01     0.888051390647888E+00     0.701939582824707E+01     0.855148434638977E+00
     0.575323867797852E+01     0.887927353382111E+00     0.701570320129395E+01     0.854867935180664E+00
     0.576237106323242E+01     0.889081001281738E+00     0.701706504821777E+01     0.856032311916351E+00
     0.577150297164917E+01     0.890579938888550E+00     0.701981973648071E+01     0.857589185237885E+00
     0.578063535690308E+01     0.891707837581635E+00     0.702112340927124E+01     0.858727276325226E+00
     0.578976726531982E+01     0.893049776554108E+00     0.702324247360229E+01     0.860106885433197E+00
     0.579889917373657E+01     0.895056128501892E+00     0.702795886993408E+01     0.862238645553589E+00
     0.580803155899048E+01     0.895419359207153E+00     0.702622795104980E+01     0.862510979175568E+00
     0.581716346740723E+01     0.896549344062805E+00     0.702759456634521E+01     0.863655626773834E+00
     0.582629585266113E+01     0.899578392505646E+00     0.703639173507690E+01     0.866952180862427E+00
     0.583542776107788E+01     0.899446845054626E+00     0.703273248672485E+01     0.866664230823517E+00
     0.584456014633179E+01     0.900142669677734E+00     0.703237247467041E+01     0.867316901683807E+00
     0.585369205474854E+01     0.901165246963501E+00     0.703328752517700E+01     0.868339896202087E+00
     0.586282444000244E+01     0.903475105762482E+00     0.703925037384033E+01     0.870824158191681E+00
     0.587195634841919E+01     0.903264701366425E+00     0.703535509109497E+01     0.870449483394623E+00
     0.588108873367310E+01     0.905510544776917E+00     0.704105567932129E+01     0.872862219810486E+00
     0.589022064208984E+01     0.905708432197571E+00     0.703873634338379E+01     0.872949957847595E+00
     0.589935255050659E+01     0.906992256641388E+00     0.704072237014771E+01     0.874273598194122E+00
     0.590848493576050E+01     0.908651173114777E+00     0.704418182373047E+01     0.876024305820465E+00
     0.591761684417725E+01     0.909050762653351E+00     0.704263925552368E+01     0.876340746879578E+00
     0.592674922943115E+01     0.911763966083527E+00     0.705027484893799E+01     0.879294514656067E+00
     0.593588113784790E+01     0.910846710205078E+00     0.704362535476685E+01     0.878114640712738E+00
     0.594501352310181E+01     0.912192344665527E+00     0.704586267471313E+01     0.879511237144470E+00
     0.595414543151855E+01     0.913475453853607E+00     0.704777193069458E+01     0.880833446979523E+00
     0.596327781677246E+01     0.914457619190216E+00     0.704870939254761E+01     0.881822466850281E+00
     0.597240972518921E+01     0.915512919425964E+00     0.704979181289673E+01     0.882888913154602E+00
     0.598154211044312E+01     0.918361067771912E+00     0.705791854858398E+01     0.886001169681549E+00
     0.599067401885986E+01     0.918801546096802E+00     0.705661010742188E+01     0.886368095874786E+00
     0.599980592727661E+01     0.918684244155884E+00     0.705319070816040E+01     0.886102080345154E+00
     0.600893831253052E+01     0.921536743640900E+00     0.706132364273071E+01     0.889222025871277E+00
     0.601807022094727E+01     0.921062827110291E+00     0.705639314651489E+01     0.888543367385864E+00
     0.602720260620117E+01     0.921675741672516E+00     0.705582237243652E+01     0.889110147953033E+00
     0.603633451461792E+01     0.923738002777100E+00     0.706090116500854E+01     0.891331791877747E+00
     0.604546689987183E+01     0.925536513328552E+00     0.706491851806641E+01     0.893252074718475E+00
     0.605459880828857E+01     0.925777673721313E+00     0.706290912628174E+01     0.893395364284515E+00
     0.606373119354248E+01     0.928061425685883E+00     0.706892108917236E+01     0.895876586437225E+00
     0.607286310195923E+01     0.928137123584747E+00     0.706621170043945E+01     0.895828068256378E+00
     0.608199548721313E+01     0.927985727787018E+00     0.706255245208740E+01     0.895516812801361E+00
     0.609112739562988E+01     0.930214822292328E+00     0.706839370727539E+01     0.897939026355743E+00
     0.610025930404663E+01     0.930846810340881E+00     0.706791973114014E+01     0.898530304431915E+00
     0.610939168930054E+01     0.932635426521301E+00     0.707195043563843E+01     0.900445878505707E+00
     0.611852359771729E+01     0.932738840579987E+00     0.706939935684204E+01     0.900431275367737E+00
     0.612765598297119E+01     0.935324013233185E+00     0.707663679122925E+01     0.903265953063965E+00
     0.613678789138794E+01     0.934126138687134E+00     0.706898069381714E+01     0.901757836341858E+00
     0.614592027664185E+01     0.937163174152374E+00     0.707791805267334E+01     0.905109345912933E+00
     0.615505218505859E+01     0.936825454235077E+00     0.707371759414673E+01     0.904591679573059E+00
     0.616418457031250E+01     0.937150001525879E+00     0.707204627990723E+01     0.904831171035767E+00
     0.617331647872925E+01     0.938967466354370E+00     0.707622241973877E+01     0.906785368919373E+00
     0.618244838714600E+01     0.940955281257629E+00     0.708104419708252E+01     0.908935487270355E+00
     0.619158077239990E+01     0.941537439823151E+00     0.708047151565552E+01     0.909475564956665E+00
     0.620071268081665E+01     0.942144513130188E+00     0.707991981506348E+01     0.910040974617004E+00
     0.620984506607056E+01     0.943386733531952E+00     0.708180761337280E+01     0.911334812641144E+00
     0.621897697448730E+01     0.944499015808105E+00     0.708328962326050E+01     0.912484288215637E+00
     0.622810935974121E+01     0.945719420909882E+00     0.708524322509766E+01     0.913760900497437E+00
     0.623724126815796E+01     0.945155382156372E+00     0.708011245727539E+01     0.912978887557983E+00
     0.624637365341187E+01     0.945777416229248E+00     0.707965278625488E+01     0.913563191890717E+00
     0.625550556182861E+01     0.946620762348175E+00     0.708012580871582E+01     0.914405584335327E+00
     0.626463794708252E+01     0.949364721775055E+00     0.708794975280762E+01     0.917434871196747E+00
     0.627376985549927E+01     0.949347734451294E+00     0.708498859405518E+01     0.917283654212952E+00
     0.628290176391602E+01     0.952097773551941E+00     0.709289360046387E+01     0.920325100421906E+00
     0.629203414916992E+01     0.951924979686737E+00     0.708939075469971E+01     0.919996857643127E+00
     0.630116605758667E+01     0.951818346977234E+00     0.708608770370483E+01     0.919742107391357E+00
     0.631029844284058E+01     0.953322649002075E+00     0.708906459808350E+01     0.921345472335815E+00
     0.631943035125732E+01     0.955569565296173E+00     0.709503269195557E+01     0.923811018466949E+00
     0.632856273651123E+01     0.956233322620392E+00     0.709481334686279E+01     0.924449205398560E+00
     0.633769464492798E+01     0.955740332603455E+00     0.709000825881958E+01     0.923748254776001E+00
     0.634682703018188E+01     0.956659615039825E+00     0.709077644348145E+01     0.924681007862091E+00
     0.635595893859863E+01     0.958376824855804E+00     0.709474802017212E+01     0.926540374755859E+00
     0.636509132385254E+01     0.958415091037750E+00     0.709204292297363E+01     0.926453888416290E+00
     0.637422323226929E+01     0.959907829761505E+00     0.709503555297852E+01     0.928050100803375E+00
     0.638335514068604E+01     0.960367560386658E+00     0.709405088424683E+01     0.928454339504242E+00
     0.639248752593994E+01     0.962436258792877E+00     0.709937810897827E+01     0.930721938610077E+00
     0.640161943435669E+01     0.963514745235443E+00     0.710079622268677E+01     0.931842446327209E+00
     0.641075181961060E+01     0.963387727737427E+00     0.709745264053345E+01     0.931564748287201E+00
     0.641988372802734E+01     0.963931322097778E+00     0.709686803817749E+01     0.932069957256317E+00
     0.642901611328125E+01     0.965918540954590E+00     0.710178852081299E+01     0.934241771697998E+00
     0.643814802169800E+01     0.966621637344360E+00     0.710172224044800E+01     0.934927523136139E+00
     0.644728040695190E+01     0.967943072319031E+00     0.710405206680298E+01     0.936329483985901E+00
     0.645641231536865E+01     0.968818247318268E+00     0.710478258132935E+01     0.937220871448517E+00
     0.646554470062256E+01     0.968120217323303E+00     0.709930706024170E+01     0.936284422874451E+00
     0.647467660903931E+01     0.969261705875397E+00     0.710094308853149E+01     0.937478840351105E+00
     0.648380851745605E+01     0.972193419933319E+00     0.710957574844360E+01     0.940752744674683E+00
     0.649294090270996E+01     0.970917284488678E+00     0.710190439224243E+01     0.939146518707275E+00
     0.650207281112671E+01     0.972751080989838E+00     0.710629320144653E+01     0.941148698329926E+00
     0.651120519638062E+01     0.973488569259644E+00     0.710639762878418E+01     0.941877424716949E+00
     0.652033710479736E+01     0.974727451801300E+00     0.710853910446167E+01     0.943192660808563E+00
     0.652946949005127E+01     0.975728809833527E+00     0.710977268218994E+01     0.944233477115631E+00
     0.653860139846802E+01     0.976449847221375E+00     0.710978460311890E+01     0.944942414760590E+00
     0.654773378372192E+01     0.977308094501495E+00     0.711035394668579E+01     0.945812404155731E+00
     0.655686569213867E+01     0.978502154350281E+00     0.711234855651855E+01     0.947078526020050E+00
     0.656599807739258E+01     0.978191435337067E+00     0.710848188400269E+01     0.946593940258026E+00
     0.657512998580933E+01     0.980476737022400E+00     0.711459350585938E+01     0.949124634265900E+00
     0.658426189422607E+01     0.980428576469421E+00     0.711171245574951E+01     0.948943912982941E+00
     0.659339427947998E+01     0.981173813343048E+00     0.711189699172974E+01     0.949685871601105E+00
     0.660252618789673E+01     0.983675420284271E+00     0.711896944046021E+01     0.952476620674133E+00
     0.661165857315063E+01     0.983527123928070E+00     0.711565876007080E+01     0.952176988124847E+00
     0.662079048156738E+01     0.983374655246735E+00     0.711242818832397E+01     0.951876938343048E+00
     0.662992286682129E+01     0.983919918537140E+00     0.711189746856689E+01     0.952388942241669E+00
     0.663905477523804E+01     0.986777603626251E+00     0.712039136886597E+01     0.955599725246429E+00
     0.664818716049194E+01     0.986550033092499E+00     0.711685562133789E+01     0.955211341381073E+00
     0.665731906890869E+01     0.986764192581177E+00     0.711497449874878E+01     0.955334782600403E+00
     0.666645145416260E+01     0.988901913166046E+00     0.712067031860352E+01     0.957708060741425E+00
     0.667558336257935E+01     0.990377902984619E+00     0.712373352050781E+01     0.959307014942169E+00
     0.668471527099609E+01     0.990040421485901E+00     0.711976003646851E+01     0.958789110183716E+00
     0.669384765625000E+01     0.991894602775574E+00     0.712424659729004E+01     0.960828483104706E+00
     0.670297956466675E+01     0.992845535278320E+00     0.712530517578125E+01     0.961816906929016E+00
     0.671211194992065E+01     0.992189884185791E+00     0.712015819549561E+01     0.960929930210114E+00
     0.672124385833740E+01     0.993702590465546E+00     0.712337779998779E+01     0.962574064731598E+00
     0.673037624359131E+01     0.994089424610138E+00     0.712222576141357E+01     0.962902605533600E+00
     0.673950815200806E+01     0.994634091854095E+00     0.712177562713623E+01     0.963420152664185E+00
     0.674864053726196E+01     0.995586931705475E+00     0.712288236618042E+01     0.964413464069366E+00
     0.675777244567871E+01     0.996555566787720E+00     0.712403726577759E+01     0.965425133705139E+00
     0.676690483093262E+01     0.998409688472748E+00     0.712861728668213E+01     0.967473506927490E+00
     0.677603673934937E+01     0.999112248420715E+00     0.712876367568970E+01     0.968175530433655E+00
     0.678516864776611E+01     0.998252213001251E+00     0.712284612655640E+01     0.967047929763794E+00
     0.679430103302002E+01     0.999330580234528E+00     0.712438440322876E+01     0.968187153339386E+00
     0.680343294143677E+01     0.100041711330414E+01     0.712601900100708E+01     0.969339370727539E+00
     0.681256532669067E+01     0.100017654895782E+01     0.712252187728882E+01     0.968937277793884E+00
     0.682169723510742E+01     0.100263559818268E+01     0.712943649291992E+01     0.971696674823761E+00
     0.683082962036133E+01     0.100161635875702E+01     0.712299203872681E+01     0.970384836196899E+00
     0.683996152877808E+01     0.100373435020447E+01     0.712854671478271E+01     0.972744166851044E+00
     0.684909391403198E+01     0.100522494316101E+01     0.713178873062134E+01     0.974374055862427E+00
     0.685822582244873E+01     0.100538277626038E+01     0.712990522384644E+01     0.974442481994629E+00
     0.686735820770264E+01     0.100544643402100E+01     0.712755918502808E+01     0.974395751953125E+00
     0.687649011611938E+01     0.100651633739471E+01     0.712915086746216E+01     0.975531637668610E+00
     0.688562202453613E+01     0.100858318805695E+01     0.713464021682739E+01     0.977840602397919E+00
     0.689475440979004E+01     0.100807833671570E+01     0.713016319274902E+01     0.977129399776459E+00
     0.690388631820679E+01     0.100918853282928E+01     0.713197183609009E+01     0.978316485881805E+00
     0.691301870346069E+01     0.100940382480621E+01     0.713025045394897E+01     0.978449642658234E+00
     0.692215061187744E+01     0.101147496700287E+01     0.713571214675903E+01     0.980763852596283E+00
     0.693128299713135E+01     0.101128578186035E+01     0.713248682022095E+01     0.980424284934998E+00
     0.694041490554810E+01     0.101288819313049E+01     0.713612699508667E+01     0.982188284397125E+00
     0.694954729080200E+01     0.101200878620148E+01     0.713020992279053E+01     0.981035530567169E+00
     0.695867919921875E+01     0.101404130458832E+01     0.713553237915039E+01     0.983307182788849E+00
     0.696781158447266E+01     0.101394832134247E+01     0.713271188735962E+01     0.983082115650177E+00
     0.697694349288940E+01     0.101528751850128E+01     0.713538837432861E+01     0.984540462493896E+00
     0.698607540130615E+01     0.101496219635010E+01     0.713165903091431E+01     0.984040856361389E+00
     0.699520778656006E+01     0.101588988304138E+01     0.713275527954102E+01     0.985015809535980E+00
     0.700433969497681E+01     0.101809334754944E+01     0.713879299163818E+01     0.987494289875031E+00
     0.701347208023071E+01     0.101715922355652E+01     0.713274812698364E+01     0.986278772354126E+00
     0.702260398864746E+01     0.101901853084564E+01     0.713735723495483E+01     0.988348424434662E+00
     0.703173637390137E+01     0.101839637756348E+01     0.713247728347778E+01     0.987497866153717E+00
     0.704086828231812E+01     0.102013981342316E+01     0.713679504394531E+01     0.989439368247986E+00
     0.705000066757202E+01     0.102230691909790E+01     0.714263153076172E+01     0.991875767707825E+00
     0.705913257598877E+01     0.102099847793579E+01     0.713516378402710E+01     0.990217983722687E+00
     0.706826496124268E+01     0.102121257781982E+01     0.713349533081055E+01     0.990352451801300E+00
     0.707739686965942E+01     0.102380597591400E+01     0.714109659194946E+01     0.993298828601837E+00
     0.708652877807617E+01     0.102323091030121E+01     0.713643312454224E+01     0.992504596710205E+00
     0.709566116333008E+01     0.102398860454559E+01     0.713696193695068E+01     0.993285834789276E+00
     0.710479307174683E+01     0.102502334117889E+01     0.713847017288208E+01     0.994390189647675E+00
     0.711392545700073E+01     0.102546286582947E+01     0.713778543472290E+01     0.994796514511108E+00
     0.712305736541748E+01     0.102582263946533E+01     0.713673877716064E+01     0.995105981826782E+00
     0.713218975067139E+01     0.102714014053345E+01     0.713937425613403E+01     0.996546983718872E+00
     0.714132165908813E+01     0.102871370315552E+01     0.714303827285767E+01     0.998292922973633E+00
     0.715045404434204E+01     0.102988493442535E+01     0.714509725570679E+01     0.999561667442322E+00
     0.715958595275879E+01     0.102902293205261E+01     0.713942670822144E+01     0.998431265354156E+00
     0.716871833801270E+01     0.103044617176056E+01     0.714246320724487E+01     0.999998331069946E+00
     0.717785024642944E+01     0.103135406970978E+01     0.714355230331421E+01     0.100095808506012E+01
     0.718698215484619E+01     0.103116226196289E+01     0.714042234420776E+01     0.100061798095703E+01
     0.719611454010010E+01     0.103085160255432E+01     0.713689470291138E+01     0.100013887882233E+01
     0.720524644851685E+01     0.103304684162140E+01     0.714296722412109E+01     0.100262463092804E+01
     0.721437883377075E+01     0.103464627265930E+01     0.714670658111572E+01     0.100440394878387E+01
     0.722351074218750E+01     0.103532338142395E+01     0.714690923690796E+01     0.100509190559387E+01
     0.723264312744141E+01     0.103441393375397E+01     0.714110088348389E+01     0.100390493869781E+01
     0.724177503585815E+01     0.103471577167511E+01     0.713989877700806E+01     0.100415015220642E+01
     0.725090742111206E+01     0.103627276420593E+01     0.714351940155029E+01     0.100588250160217E+01
     0.726003932952881E+01     0.103625786304474E+01     0.714108467102051E+01     0.100575160980225E+01
     0.726917171478271E+01     0.103703057765961E+01     0.714167070388794E+01     0.100655412673950E+01
     0.727830362319946E+01     0.103789401054382E+01     0.714269542694092E+01     0.100746881961823E+01
     0.728743553161621E+01     0.103988528251648E+01     0.714800405502319E+01     0.100971877574921E+01
     0.729656791687012E+01     0.104056417942047E+01     0.714824390411377E+01     0.101041138172150E+01
