     0.306440401077271E+01     0.964841237873770E-04     0.349186390638351E+00     0.839646963868290E-04
     0.307352423667908E+01     0.656970194540918E-03     0.661572039127350E+00     0.571905286051333E-03
     0.308264446258545E+01     0.149293185677379E-02     0.869429409503937E+00     0.130000466015190E-02
     0.309176468849182E+01     0.254219863563776E-02     0.103781902790070E+01     0.221458193846047E-02
     0.310088491439819E+01     0.378370913676918E-02     0.118448328971863E+01     0.329772685654461E-02
     0.311000514030457E+01     0.506996316835284E-02     0.130530023574829E+01     0.442055473104119E-02
     0.311912560462952E+01     0.649410532787442E-02     0.141699361801147E+01     0.566476536914706E-02
     0.312824583053589E+01     0.809272844344378E-02     0.152426981925964E+01     0.706242583692074E-02
     0.313736605644226E+01     0.980858877301216E-02     0.162456655502319E+01     0.856386497616768E-02
     0.314648628234863E+01     0.113983703777194E-01     0.170722651481628E+01     0.995556451380253E-02
     0.315560650825500E+01     0.132453283295035E-01     0.179416954517365E+01     0.115739246830344E-01
     0.316472673416138E+01     0.152291394770145E-01     0.187892472743988E+01     0.133137488737702E-01
     0.317384696006775E+01     0.173501502722502E-01     0.196168732643127E+01     0.151755791157484E-01
     0.318296718597412E+01     0.191993024200201E-01     0.202811765670776E+01     0.167987719178200E-01
     0.319208741188049E+01     0.212512910366058E-01     0.209710288047791E+01     0.186017733067274E-01
     0.320120763778687E+01     0.236440505832434E-01     0.217231440544128E+01     0.207072086632252E-01
     0.321032810211182E+01     0.256848447024822E-01     0.223213624954224E+01     0.225026067346334E-01
     0.321944832801819E+01     0.279816891998053E-01     0.229591035842896E+01     0.245256386697292E-01
     0.322856855392456E+01     0.305976364761591E-01     0.236456799507141E+01     0.268329102545977E-01
     0.323768877983093E+01     0.326645635068417E-01     0.241555953025818E+01     0.286544356495142E-01
     0.324680900573730E+01     0.352048724889755E-01     0.247574496269226E+01     0.308974888175726E-01
     0.325592923164368E+01     0.376238934695721E-01     0.253021264076233E+01     0.330340340733528E-01
     0.326504945755005E+01     0.403819903731346E-01     0.258971667289734E+01     0.354736410081387E-01
     0.327416968345642E+01     0.429515615105629E-01     0.264253592491150E+01     0.377471372485161E-01
     0.328328990936279E+01     0.453689731657505E-01     0.269009828567505E+01     0.398861616849899E-01
     0.329241013526917E+01     0.479656942188740E-01     0.273942470550537E+01     0.421865768730640E-01
     0.330153059959412E+01     0.507807508111000E-01     0.279104590415955E+01     0.446834787726402E-01
     0.331065082550049E+01     0.534188859164715E-01     0.283744287490845E+01     0.470236130058765E-01
     0.331977105140686E+01     0.561209730803967E-01     0.288341712951660E+01     0.494224205613136E-01
     0.332889127731323E+01     0.585236251354218E-01     0.292266249656677E+01     0.515539757907391E-01
     0.333801150321960E+01     0.617377310991287E-01     0.297437167167664E+01     0.544151328504086E-01
     0.334713172912598E+01     0.640734806656837E-01     0.301002597808838E+01     0.564891546964645E-01
     0.335625195503235E+01     0.668196976184845E-01     0.305125522613525E+01     0.589331649243832E-01
     0.336537218093872E+01     0.696108639240265E-01     0.309198760986328E+01     0.614189617335796E-01
     0.337449240684509E+01     0.726005434989929E-01     0.313451504707336E+01     0.640849396586418E-01
     0.338361263275146E+01     0.757294595241547E-01     0.317785024642944E+01     0.668782517313957E-01
     0.339273309707642E+01     0.787889957427979E-01     0.321897411346436E+01     0.696110203862190E-01
     0.340185332298279E+01     0.814147442579269E-01     0.325297093391418E+01     0.719536319375038E-01
     0.341097354888916E+01     0.845007970929146E-01     0.329239988327026E+01     0.747134238481522E-01
     0.342009377479553E+01     0.872020125389099E-01     0.332573866844177E+01     0.771267637610435E-01
     0.342921400070190E+01     0.905566066503525E-01     0.336683988571167E+01     0.801337137818336E-01
     0.343833422660828E+01     0.936028063297272E-01     0.340296053886414E+01     0.828630253672600E-01
     0.344745445251465E+01     0.961190387606621E-01     0.343163776397705E+01     0.851126462221146E-01
     0.345657467842102E+01     0.991485267877579E-01     0.346605730056763E+01     0.878295451402664E-01
     0.346569490432739E+01     0.102793097496033E+00     0.350706410408020E+01     0.911076962947845E-01
     0.347481536865234E+01     0.105900056660175E+00     0.354077172279358E+01     0.938988476991653E-01
     0.348393559455872E+01     0.108881965279579E+00     0.357232856750488E+01     0.965775996446609E-01
     0.349305582046509E+01     0.112119115889072E+00     0.360613679885864E+01     0.994907021522522E-01
     0.350217604637146E+01     0.114300258457661E+00     0.362756419181824E+01     0.101441949605942E+00
     0.351129627227783E+01     0.117791093885899E+00     0.366303133964539E+01     0.104590438306332E+00
     0.352041649818420E+01     0.121261462569237E+00     0.369752860069275E+01     0.107722423970699E+00
     0.352953672409058E+01     0.123625792562962E+00     0.371959137916565E+01     0.109843112528324E+00
     0.353865694999695E+01     0.126818776130676E+00     0.375004053115845E+01     0.112724520266056E+00
     0.354777717590332E+01     0.129890859127045E+00     0.377868366241455E+01     0.115496672689915E+00
     0.355689740180969E+01     0.133698910474777E+00     0.381425595283508E+01     0.118946082890034E+00
     0.356601786613464E+01     0.136607870459557E+00     0.384019827842712E+01     0.121572047472000E+00
     0.357513809204102E+01     0.139495372772217E+00     0.386550188064575E+01     0.124179169535637E+00
     0.358425831794739E+01     0.143440544605255E+00     0.390068507194519E+01     0.127762258052826E+00
     0.359337854385376E+01     0.145819544792175E+00     0.392025566101074E+01     0.129904285073280E+00
     0.360249876976013E+01     0.149575680494308E+00     0.395257019996643E+01     0.133317455649376E+00
     0.361161899566650E+01     0.152277797460556E+00     0.397453761100769E+01     0.135760098695755E+00
     0.362073922157288E+01     0.155841991305351E+00     0.400409460067749E+01     0.139000028371811E+00
     0.362985944747925E+01     0.159060359001160E+00     0.403006267547607E+01     0.141922712326050E+00
     0.363897967338562E+01     0.162360921502113E+00     0.405638360977173E+01     0.144923403859138E+00
     0.364809989929199E+01     0.165781915187836E+00     0.408335447311401E+01     0.148037344217300E+00
     0.365722036361694E+01     0.167905032634735E+00     0.409858512878418E+01     0.149948745965958E+00
     0.366634058952332E+01     0.171464040875435E+00     0.412612247467041E+01     0.153194487094879E+00
     0.367546081542969E+01     0.174685955047607E+00     0.415035629272461E+01     0.156128838658333E+00
     0.368458104133606E+01     0.177547052502632E+00     0.417122220993042E+01     0.158729285001755E+00
     0.369370126724243E+01     0.181022882461548E+00     0.419695329666138E+01     0.161903277039528E+00
     0.370282149314880E+01     0.184398084878922E+00     0.422147989273071E+01     0.164985299110413E+00
     0.371194171905518E+01     0.187631070613861E+00     0.424454689025879E+01     0.167937204241753E+00
     0.372106194496155E+01     0.191078260540962E+00     0.426904344558716E+01     0.171090900897980E+00
     0.373018217086792E+01     0.193601071834564E+00     0.428582954406738E+01     0.173382639884949E+00
     0.373930239677429E+01     0.196718841791153E+00     0.430715894699097E+01     0.176231592893600E+00
     0.374842286109924E+01     0.201157435774803E+00     0.433855390548706E+01     0.180318310856819E+00
     0.375754308700562E+01     0.203759253025055E+00     0.435528087615967E+01     0.182687908411026E+00
     0.376666331291199E+01     0.207262814044952E+00     0.437877416610718E+01     0.185904085636139E+00
     0.377578353881836E+01     0.210101857781410E+00     0.439693212509155E+01     0.188498869538307E+00
     0.378490376472473E+01     0.213421687483788E+00     0.441851854324341E+01     0.191546365618706E+00
     0.379402399063110E+01     0.216292470693588E+00     0.443649864196777E+01     0.194173321127892E+00
     0.380314421653748E+01     0.220065280795097E+00     0.446096277236938E+01     0.197650462388992E+00
     0.381226444244385E+01     0.222797289490700E+00     0.447748708724976E+01     0.200149402022362E+00
     0.382138466835022E+01     0.225935041904449E+00     0.449682426452637E+01     0.203032270073891E+00
     0.383050489425659E+01     0.230236694216728E+00     0.452434492111206E+01     0.207015231251717E+00
     0.383962535858154E+01     0.232896447181702E+00     0.453983402252197E+01     0.209451630711555E+00
     0.384874558448792E+01     0.236120223999023E+00     0.455916166305542E+01     0.212421596050262E+00
     0.385786581039429E+01     0.239323988556862E+00     0.457813787460327E+01     0.215374231338501E+00
     0.386698603630066E+01     0.242118835449219E+00     0.459407377243042E+01     0.217941313982010E+00
     0.387610626220703E+01     0.244800508022308E+00     0.460908079147339E+01     0.220402240753174E+00
     0.388522648811340E+01     0.249305590987206E+00     0.463652372360229E+01     0.224594786763191E+00
     0.389434671401978E+01     0.252451539039612E+00     0.465444278717041E+01     0.227501824498177E+00
     0.390346693992615E+01     0.255196869373322E+00     0.466952610015869E+01     0.230030819773674E+00
     0.391258716583252E+01     0.257716029882431E+00     0.468294811248779E+01     0.232345521450043E+00
     0.392170739173889E+01     0.261201173067093E+00     0.470274925231934E+01     0.235581263899803E+00
     0.393082785606384E+01     0.264541625976562E+00     0.472139883041382E+01     0.238681316375732E+00
     0.393994808197021E+01     0.267187684774399E+00     0.473529195785522E+01     0.241121098399162E+00
     0.394906830787659E+01     0.269355773925781E+00     0.474601030349731E+01     0.243107095360756E+00
     0.395818853378296E+01     0.273071378469467E+00     0.476668882369995E+01     0.246570482850075E+00
     0.396730875968933E+01     0.275554180145264E+00     0.477923250198364E+01     0.248858720064163E+00
     0.397642898559570E+01     0.279561221599579E+00     0.480146837234497E+01     0.252605825662613E+00
     0.398554921150208E+01     0.282361358404160E+00     0.481579160690308E+01     0.255200326442719E+00
     0.399466943740845E+01     0.285429358482361E+00     0.483172893524170E+01     0.258053451776505E+00
     0.400378990173340E+01     0.287776321172714E+00     0.484302186965942E+01     0.260217308998108E+00
     0.401290988922119E+01     0.290274024009705E+00     0.485519838333130E+01     0.262526839971542E+00
     0.402203035354614E+01     0.294298022985458E+00     0.487674140930176E+01     0.266301840543747E+00
     0.403115034103394E+01     0.297256678342819E+00     0.489153957366943E+01     0.269056886434555E+00
     0.404027080535889E+01     0.300171405076981E+00     0.490595531463623E+01     0.271771222352982E+00
     0.404939079284668E+01     0.301642745733261E+00     0.491148948669434E+01     0.273099035024643E+00
     0.405851125717163E+01     0.305382281541824E+00     0.493076467514038E+01     0.276609867811203E+00
     0.406763172149658E+01     0.308825820684433E+00     0.494806575775146E+01     0.279837578535080E+00
     0.407675170898438E+01     0.311496168375015E+00     0.496066427230835E+01     0.282323569059372E+00
     0.408587217330933E+01     0.314739078283310E+00     0.497653913497925E+01     0.285362005233765E+00
     0.409499216079712E+01     0.316398262977600E+00     0.498296880722046E+01     0.286874562501907E+00
     0.410411262512207E+01     0.318923175334930E+00     0.499442529678345E+01     0.289222121238708E+00
     0.411323261260986E+01     0.322619020938873E+00     0.501273870468140E+01     0.292704313993454E+00
     0.412235307693481E+01     0.325511991977692E+00     0.502617835998535E+01     0.295410960912704E+00
     0.413147306442261E+01     0.328452557325363E+00     0.503982591629028E+01     0.298165827989578E+00
     0.414059352874756E+01     0.330930262804031E+00     0.505071687698364E+01     0.300473898649216E+00
     0.414971351623535E+01     0.334448873996735E+00     0.506750774383545E+01     0.303792029619217E+00
     0.415883398056030E+01     0.336818575859070E+00     0.507761907577515E+01     0.305997639894485E+00
     0.416795444488525E+01     0.339735507965088E+00     0.509082841873169E+01     0.308736652135849E+00
     0.417707443237305E+01     0.341693043708801E+00     0.509848356246948E+01     0.310543924570084E+00
     0.418619489669800E+01     0.345001965761185E+00     0.511370754241943E+01     0.313665211200714E+00
     0.419531488418579E+01     0.347913026809692E+00     0.512662553787231E+01     0.316402256488800E+00
     0.420443534851074E+01     0.350233882665634E+00     0.513618040084839E+01     0.318566322326660E+00
     0.421355533599854E+01     0.352226644754410E+00     0.514390754699707E+01     0.320412963628769E+00
     0.422267580032349E+01     0.355096399784088E+00     0.515642786026001E+01     0.323114246129990E+00
     0.423179578781128E+01     0.358229160308838E+00     0.517027139663696E+01     0.326072335243225E+00
     0.424091625213623E+01     0.360771566629410E+00     0.518081665039062E+01     0.328456580638885E+00
     0.425003671646118E+01     0.363133251667023E+00     0.519038248062134E+01     0.330667257308960E+00
     0.425915670394897E+01     0.366740942001343E+00     0.520655107498169E+01     0.334093540906906E+00
     0.426827716827393E+01     0.369962781667709E+00     0.522064542770386E+01     0.337148547172546E+00
     0.427739715576172E+01     0.372400760650635E+00     0.523034954071045E+01     0.339435458183289E+00
     0.428651762008667E+01     0.374428927898407E+00     0.523780107498169E+01     0.341321676969528E+00
     0.429563760757446E+01     0.377422064542770E+00     0.525048828125000E+01     0.344157904386520E+00
     0.430475807189941E+01     0.380956590175629E+00     0.526588773727417E+01     0.347524285316467E+00
     0.431387805938721E+01     0.383914262056351E+00     0.527814674377441E+01     0.350327014923096E+00
     0.432299852371216E+01     0.385058879852295E+00     0.528078079223633E+01     0.351350247859955E+00
     0.433211898803711E+01     0.388374984264374E+00     0.529481315612793E+01     0.354507178068161E+00
     0.434123897552490E+01     0.391422003507614E+00     0.530740737915039E+01     0.357403159141541E+00
     0.435035943984985E+01     0.393785357475281E+00     0.531632709503174E+01     0.359626740217209E+00
     0.435947942733765E+01     0.397139817476273E+00     0.533039760589600E+01     0.362829059362411E+00
     0.436859989166260E+01     0.399742215871811E+00     0.534043312072754E+01     0.365290135145187E+00
     0.437771987915039E+01     0.402089565992355E+00     0.534912014007568E+01     0.367501467466354E+00
     0.438684034347534E+01     0.404297679662704E+00     0.535714197158813E+01     0.369578808546066E+00
     0.439596033096313E+01     0.406792074441910E+00     0.536650991439819E+01     0.371937245130539E+00
     0.440508079528809E+01     0.408104985952377E+00     0.536988687515259E+01     0.373131603002548E+00
     0.441420078277588E+01     0.412259995937347E+00     0.538764286041260E+01     0.377134352922440E+00
     0.442332124710083E+01     0.414527356624603E+00     0.539574337005615E+01     0.379272490739822E+00
     0.443244171142578E+01     0.416607648134232E+00     0.540285301208496E+01     0.381225675344467E+00
     0.444156169891357E+01     0.419789969921112E+00     0.541548538208008E+01     0.384272098541260E+00
     0.445068216323853E+01     0.423005312681198E+00     0.542826747894287E+01     0.387354850769043E+00
     0.445980215072632E+01     0.424467235803604E+00     0.543220520019531E+01     0.388698905706406E+00
     0.446892261505127E+01     0.427513331174850E+00     0.544399499893188E+01     0.391615092754364E+00
     0.447804260253906E+01     0.429092705249786E+00     0.544847106933594E+01     0.393076419830322E+00
     0.448716306686401E+01     0.431461185216904E+00     0.545685434341431E+01     0.395322859287262E+00
     0.449628305435181E+01     0.434938520193100E+00     0.547059774398804E+01     0.398671209812164E+00
     0.450540351867676E+01     0.436273097991943E+00     0.547383356094360E+01     0.399891823530197E+00
     0.451452398300171E+01     0.438951343297958E+00     0.548365592956543E+01     0.402450770139694E+00
     0.452364397048950E+01     0.443123906850815E+00     0.550063896179199E+01     0.406497925519943E+00
     0.453276443481445E+01     0.443769067525864E+00     0.550041627883911E+01     0.407031565904617E+00
     0.454188442230225E+01     0.446605056524277E+00     0.551086330413818E+01     0.409751296043396E+00
     0.455100488662720E+01     0.450570344924927E+00     0.552666044235229E+01     0.413598626852036E+00
     0.456012487411499E+01     0.452912658452988E+00     0.553462934494019E+01     0.415829479694366E+00
     0.456924533843994E+01     0.454167246818542E+00     0.553729963302612E+01     0.416972368955612E+00
     0.457836532592773E+01     0.456605672836304E+00     0.554561233520508E+01     0.419298499822617E+00
     0.458748579025269E+01     0.458643257617950E+00     0.555206966400146E+01     0.421227633953094E+00
     0.459660577774048E+01     0.461141616106033E+00     0.556068897247314E+01     0.423618614673615E+00
     0.460572624206543E+01     0.465086698532104E+00     0.557603693008423E+01     0.427457422018051E+00
     0.461484670639038E+01     0.466815412044525E+00     0.558092164993286E+01     0.429079771041870E+00
     0.462396669387817E+01     0.469304412603378E+00     0.558933639526367E+01     0.431463807821274E+00
     0.463308715820312E+01     0.470383673906326E+00     0.559114837646484E+01     0.432435989379883E+00
     0.464220714569092E+01     0.473788529634476E+00     0.560377311706543E+01     0.435740381479263E+00
     0.465132761001587E+01     0.477149784564972E+00     0.561617994308472E+01     0.439004957675934E+00
     0.466044759750366E+01     0.479105412960052E+00     0.562205123901367E+01     0.440860450267792E+00
     0.466956806182861E+01     0.481365382671356E+00     0.562930488586426E+01     0.443022429943085E+00
     0.467868804931641E+01     0.483984470367432E+00     0.563810300827026E+01     0.445543766021729E+00
     0.468780851364136E+01     0.484547734260559E+00     0.563742303848267E+01     0.445997387170792E+00
     0.469692897796631E+01     0.487192571163177E+00     0.564637422561646E+01     0.448548763990402E+00
     0.470604896545410E+01     0.489630401134491E+00     0.565428638458252E+01     0.450891107320786E+00
     0.471516942977905E+01     0.492341309785843E+00     0.566341781616211E+01     0.453510075807571E+00
     0.472428941726685E+01     0.493813306093216E+00     0.566695404052734E+01     0.454883515834808E+00
     0.473340988159180E+01     0.496854573488235E+00     0.567755889892578E+01     0.457839250564575E+00
     0.474252986907959E+01     0.500237524509430E+00     0.568967533111572E+01     0.461142659187317E+00
     0.475165033340454E+01     0.501576781272888E+00     0.569251918792725E+01     0.462382674217224E+00
     0.476077032089233E+01     0.503844499588013E+00     0.569955587387085E+01     0.464562237262726E+00
     0.476989078521729E+01     0.506082117557526E+00     0.570643758773804E+01     0.466712534427643E+00
     0.477901077270508E+01     0.507488071918488E+00     0.570953464508057E+01     0.468020677566528E+00
     0.478813123703003E+01     0.509934127330780E+00     0.571727991104126E+01     0.470382362604141E+00
     0.479725170135498E+01     0.512543439865112E+00     0.572570562362671E+01     0.472910106182098E+00
     0.480637168884277E+01     0.516334712505341E+00     0.573947477340698E+01     0.476642400026321E+00
     0.481549215316772E+01     0.518763065338135E+00     0.574703407287598E+01     0.478990465402603E+00
     0.482461214065552E+01     0.520920515060425E+00     0.575339269638062E+01     0.481065660715103E+00
     0.483373260498047E+01     0.522292912006378E+00     0.575627994537354E+01     0.482344567775726E+00
     0.484285259246826E+01     0.524087846279144E+00     0.576102590560913E+01     0.484053194522858E+00
     0.485197305679321E+01     0.526166737079620E+00     0.576697206497192E+01     0.486049801111221E+00
     0.486109304428101E+01     0.529845178127289E+00     0.577997398376465E+01     0.489677369594574E+00
     0.487021350860596E+01     0.530165076255798E+00     0.577820444107056E+01     0.489886730909348E+00
     0.487933397293091E+01     0.534000277519226E+00     0.579178428649902E+01     0.493675827980042E+00
     0.488845396041870E+01     0.535429060459137E+00     0.579485464096069E+01     0.495015591382980E+00
     0.489757442474365E+01     0.538173615932465E+00     0.580359172821045E+01     0.497695833444595E+00
     0.490669441223145E+01     0.539167702198029E+00     0.580478906631470E+01     0.498594254255295E+00
     0.491581487655640E+01     0.542076766490936E+00     0.581421470642090E+01     0.501445412635803E+00
     0.492493486404419E+01     0.544909536838531E+00     0.582339382171631E+01     0.504224777221680E+00
     0.493405532836914E+01     0.545964419841766E+00     0.582474851608276E+01     0.505183398723602E+00
     0.494317531585693E+01     0.547617435455322E+00     0.582869672775269E+01     0.506754457950592E+00
     0.495229578018188E+01     0.551212310791016E+00     0.584106111526489E+01     0.510316431522369E+00
     0.496141576766968E+01     0.553367972373962E+00     0.584715175628662E+01     0.512404918670654E+00
     0.497053623199463E+01     0.555855631828308E+00     0.585461950302124E+01     0.514833509922028E+00
     0.497965669631958E+01     0.556313753128052E+00     0.585339832305908E+01     0.515182733535767E+00
     0.498877668380737E+01     0.558981239795685E+00     0.586167430877686E+01     0.517800033092499E+00
     0.499789714813232E+01     0.561675667762756E+00     0.587003660202026E+01     0.520446538925171E+00
     0.500701713562012E+01     0.563523292541504E+00     0.587475967407227E+01     0.522224307060242E+00
     0.501613759994507E+01     0.564055621623993E+00     0.587380790710449E+01     0.522648215293884E+00
     0.502525758743286E+01     0.566299319267273E+00     0.588021755218506E+01     0.524834513664246E+00
     0.503437805175781E+01     0.569492638111115E+00     0.589059734344482E+01     0.527997851371765E+00
     0.504349803924561E+01     0.572402536869049E+00     0.589971971511841E+01     0.530870795249939E+00
     0.505261850357056E+01     0.573427379131317E+00     0.590092039108276E+01     0.531805574893951E+00
     0.506173896789551E+01     0.575164794921875E+00     0.590509033203125E+01     0.533473551273346E+00
     0.507085895538330E+01     0.576858401298523E+00     0.590903329849243E+01     0.535095751285553E+00
     0.507997941970825E+01     0.579766809940338E+00     0.591816711425781E+01     0.537975609302521E+00
     0.508909940719604E+01     0.582182765007019E+00     0.592513990402222E+01     0.540346384048462E+00
     0.509821987152100E+01     0.582799971103668E+00     0.592457342147827E+01     0.540860533714294E+00
     0.510733985900879E+01     0.585978388786316E+00     0.593479204177856E+01     0.544024229049683E+00
     0.511646032333374E+01     0.588535428047180E+00     0.594226026535034E+01     0.546542584896088E+00
     0.512558031082153E+01     0.589200973510742E+00     0.594197988510132E+01     0.547110795974731E+00
     0.513470077514648E+01     0.591359019279480E+00     0.594782352447510E+01     0.549220383167267E+00
     0.514382076263428E+01     0.592439234256744E+00     0.594913768768311E+01     0.550213336944580E+00
     0.515294122695923E+01     0.596160829067230E+00     0.596143007278442E+01     0.553944170475006E+00
     0.516206169128418E+01     0.597557783126831E+00     0.596414136886597E+01     0.555270373821259E+00
     0.517118167877197E+01     0.600489437580109E+00     0.597317886352539E+01     0.558188974857330E+00
     0.518030214309692E+01     0.601277828216553E+00     0.597338867187500E+01     0.558885812759399E+00
     0.518942213058472E+01     0.602478027343750E+00     0.597538280487061E+01     0.560013651847839E+00
     0.519854259490967E+01     0.605018973350525E+00     0.598291444778442E+01     0.562535464763641E+00
     0.520766258239746E+01     0.607706964015961E+00     0.599098157882690E+01     0.565209984779358E+00
     0.521678304672241E+01     0.609041750431061E+00     0.599365711212158E+01     0.566485464572906E+00
     0.522590303421021E+01     0.611063420772552E+00     0.599889564514160E+01     0.568466246128082E+00
     0.523502349853516E+01     0.612179219722748E+00     0.600062179565430E+01     0.569512963294983E+00
     0.524414396286011E+01     0.613117814064026E+00     0.600167894363403E+01     0.570377886295319E+00
     0.525326395034790E+01     0.616122901439667E+00     0.601096057891846E+01     0.573387205600739E+00
     0.526238441467285E+01     0.618566274642944E+00     0.601820516586304E+01     0.575824439525604E+00
     0.527150440216064E+01     0.620811164379120E+00     0.602442455291748E+01     0.578047752380371E+00
     0.528062486648560E+01     0.622306168079376E+00     0.602770948410034E+01     0.579494535923004E+00
     0.528974485397339E+01     0.623364746570587E+00     0.602929592132568E+01     0.580489218235016E+00
     0.529886531829834E+01     0.623667538166046E+00     0.602767515182495E+01     0.580689013004303E+00
     0.530798530578613E+01     0.627055644989014E+00     0.603866577148438E+01     0.584116935729980E+00
     0.531710577011108E+01     0.629199028015137E+00     0.604449033737183E+01     0.586241424083710E+00
     0.532622623443604E+01     0.628720641136169E+00     0.603986883163452E+01     0.585630655288696E+00
     0.533534622192383E+01     0.631776571273804E+00     0.604946613311768E+01     0.588715016841888E+00
     0.534446668624878E+01     0.634367346763611E+00     0.605708026885986E+01     0.591311216354370E+00
     0.535358667373657E+01     0.633753657341003E+00     0.605193519592285E+01     0.590558052062988E+00
     0.536270713806152E+01     0.635443389415741E+00     0.605603075027466E+01     0.592216074466705E+00
     0.537182712554932E+01     0.637125372886658E+00     0.606001234054565E+01     0.593863546848297E+00
     0.538094758987427E+01     0.638767957687378E+00     0.606389093399048E+01     0.595472872257233E+00
     0.539006757736206E+01     0.641425311565399E+00     0.607189273834229E+01     0.598150312900543E+00
     0.539918804168701E+01     0.643252968788147E+00     0.607646179199219E+01     0.599954485893250E+00
     0.540830802917480E+01     0.644858717918396E+00     0.608023309707642E+01     0.601530373096466E+00
     0.541742849349976E+01     0.646503329277039E+00     0.608413743972778E+01     0.603147089481354E+00
     0.542654895782471E+01     0.648589909076691E+00     0.608972072601318E+01     0.605225980281830E+00
     0.543566894531250E+01     0.648168146610260E+00     0.608539962768555E+01     0.604671895503998E+00
     0.544478940963745E+01     0.651222288608551E+00     0.609484672546387E+01     0.607770264148712E+00
     0.545390939712524E+01     0.652870297431946E+00     0.609872150421143E+01     0.609392225742340E+00
     0.546302986145020E+01     0.654362142086029E+00     0.610203123092651E+01     0.610852956771851E+00
     0.547214984893799E+01     0.655557990074158E+00     0.610411787033081E+01     0.612000465393066E+00
     0.548127031326294E+01     0.658617198467255E+00     0.611351060867310E+01     0.615109682083130E+00
     0.549039030075073E+01     0.660040795803070E+00     0.611657857894897E+01     0.616502583026886E+00
     0.549951076507568E+01     0.661887109279633E+00     0.612120008468628E+01     0.618337273597717E+00
     0.550863122940063E+01     0.661495089530945E+00     0.611704826354980E+01     0.617812991142273E+00
     0.551775121688843E+01     0.664100646972656E+00     0.612470340728760E+01     0.620452105998993E+00
     0.552687168121338E+01     0.666201174259186E+00     0.613035440444946E+01     0.622559130191803E+00
     0.553599166870117E+01     0.667526900768280E+00     0.613294935226440E+01     0.623848438262939E+00
     0.554511213302612E+01     0.667418658733368E+00     0.613000679016113E+01     0.623626410961151E+00
     0.555423212051392E+01     0.668901860713959E+00     0.613328504562378E+01     0.625085294246674E+00
     0.556335258483887E+01     0.671994149684906E+00     0.614272212982178E+01     0.628240942955017E+00
     0.557247257232666E+01     0.673156261444092E+00     0.614473009109497E+01     0.629361748695374E+00
     0.558159303665161E+01     0.672865152359009E+00     0.614111280441284E+01     0.628947198390961E+00
     0.559071302413940E+01     0.675573527812958E+00     0.614902734756470E+01     0.631699562072754E+00
     0.559983348846436E+01     0.676689743995667E+00     0.615085220336914E+01     0.632772684097290E+00
     0.560895395278931E+01     0.679414927959442E+00     0.615890884399414E+01     0.635550260543823E+00
     0.561807394027710E+01     0.678805112838745E+00     0.615397882461548E+01     0.634793400764465E+00
     0.562719440460205E+01     0.681129634380341E+00     0.616044044494629E+01     0.637146115303040E+00
     0.563631439208984E+01     0.682511806488037E+00     0.616332387924194E+01     0.638504564762115E+00
     0.564543485641479E+01     0.685548961162567E+00     0.617253637313843E+01     0.641616702079773E+00
     0.565455484390259E+01     0.686538219451904E+00     0.617385959625244E+01     0.642558395862579E+00
     0.566367530822754E+01     0.687027752399445E+00     0.617327499389648E+01     0.642970323562622E+00
     0.567279529571533E+01     0.688829421997070E+00     0.617772912979126E+01     0.644775092601776E+00
     0.568191576004028E+01     0.688936650753021E+00     0.617561435699463E+01     0.644778788089752E+00
     0.569103622436523E+01     0.691499531269073E+00     0.618304157257080E+01     0.647395491600037E+00
     0.570015621185303E+01     0.693283319473267E+00     0.618736457824707E+01     0.649181306362152E+00
     0.570927667617798E+01     0.695307552814484E+00     0.619265985488892E+01     0.651226222515106E+00
     0.571839666366577E+01     0.694567382335663E+00     0.618734359741211E+01     0.650330185890198E+00
     0.572751712799072E+01     0.696097552776337E+00     0.619078111648560E+01     0.651851534843445E+00
     0.573663711547852E+01     0.698871135711670E+00     0.619888067245483E+01     0.654693603515625E+00
     0.574575757980347E+01     0.701156079769135E+00     0.620519399642944E+01     0.657021224498749E+00
     0.575487756729126E+01     0.701480865478516E+00     0.620397090911865E+01     0.657258868217468E+00
     0.576399803161621E+01     0.701344609260559E+00     0.620102453231812E+01     0.657006680965424E+00
     0.577311801910400E+01     0.702743530273438E+00     0.620389270782471E+01     0.658388614654541E+00
     0.578223848342896E+01     0.705434143543243E+00     0.621179008483887E+01     0.661153733730316E+00
     0.579135894775391E+01     0.706618130207062E+00     0.621382188796997E+01     0.662307441234589E+00
     0.580047893524170E+01     0.708321750164032E+00     0.621784496307373E+01     0.664017260074615E+00
     0.580959939956665E+01     0.710083723068237E+00     0.622215700149536E+01     0.665793359279633E+00
     0.581871938705444E+01     0.711005091667175E+00     0.622320890426636E+01     0.666669070720673E+00
     0.582783985137939E+01     0.712058842182159E+00     0.622477483749390E+01     0.667686879634857E+00
     0.583695983886719E+01     0.712769687175751E+00     0.622498893737793E+01     0.668336212635040E+00
     0.584608030319214E+01     0.714016973972321E+00     0.622735404968262E+01     0.669564545154572E+00
     0.585520029067993E+01     0.716763794422150E+00     0.623532295227051E+01     0.672395110130310E+00
     0.586432075500488E+01     0.716232538223267E+00     0.623088693618774E+01     0.671718001365662E+00
     0.587344121932983E+01     0.719386339187622E+00     0.624045038223267E+01     0.674988985061646E+00
     0.588256120681763E+01     0.721102476119995E+00     0.624456071853638E+01     0.676721453666687E+00
     0.589168167114258E+01     0.720630288124084E+00     0.624035024642944E+01     0.676106393337250E+00
     0.590080165863037E+01     0.723288893699646E+00     0.624801826477051E+01     0.678850352764130E+00
     0.590992212295532E+01     0.723265230655670E+00     0.624557924270630E+01     0.678719162940979E+00
     0.591904211044312E+01     0.726188421249390E+00     0.625420236587524E+01     0.681747853755951E+00
     0.592816257476807E+01     0.727409541606903E+00     0.625634670257568E+01     0.682948231697083E+00
     0.593728256225586E+01     0.727778017520905E+00     0.625539684295654E+01     0.683238387107849E+00
     0.594640302658081E+01     0.730011761188507E+00     0.626141405105591E+01     0.685530364513397E+00
     0.595552301406860E+01     0.729183793067932E+00     0.625588989257812E+01     0.684531748294830E+00
     0.596464347839355E+01     0.731464147567749E+00     0.626208114624023E+01     0.686874508857727E+00
     0.597376394271851E+01     0.731759250164032E+00     0.626084804534912E+01     0.687085807323456E+00
     0.598288393020630E+01     0.734851717948914E+00     0.627005815505981E+01     0.690303504467010E+00
     0.599200439453125E+01     0.735451340675354E+00     0.626994085311890E+01     0.690841257572174E+00
     0.600112438201904E+01     0.735911846160889E+00     0.626933670043945E+01     0.691231012344360E+00
     0.601024484634399E+01     0.736800432205200E+00     0.627034997940063E+01     0.692082285881042E+00
     0.601936483383179E+01     0.737918913364410E+00     0.627218103408813E+01     0.693179428577423E+00
     0.602848529815674E+01     0.741915106773376E+00     0.628469371795654E+01     0.697375178337097E+00
     0.603760528564453E+01     0.741173982620239E+00     0.627964353561401E+01     0.696471810340881E+00
     0.604672574996948E+01     0.743157207965851E+00     0.628474712371826E+01     0.698505342006683E+00
     0.605584621429443E+01     0.743473470211029E+00     0.628354024887085E+01     0.698737144470215E+00
     0.606496620178223E+01     0.744708418846130E+00     0.628581905364990E+01     0.699962973594666E+00
     0.607408666610718E+01     0.747676670551300E+00     0.629454803466797E+01     0.703060865402222E+00
     0.608320665359497E+01     0.747316956520081E+00     0.629086637496948E+01     0.702564716339111E+00
     0.609232711791992E+01     0.749767780303955E+00     0.629762220382690E+01     0.705103933811188E+00
     0.610144710540771E+01     0.751339733600616E+00     0.630116748809814E+01     0.706697523593903E+00
     0.611056756973267E+01     0.750804543495178E+00     0.629688882827759E+01     0.706013262271881E+00
     0.611968755722046E+01     0.754087090492249E+00     0.630674743652344E+01     0.709456205368042E+00
     0.612880802154541E+01     0.754984021186829E+00     0.630775451660156E+01     0.710319995880127E+00
     0.613792848587036E+01     0.754833757877350E+00     0.630496978759766E+01     0.710054337978363E+00
     0.614704847335815E+01     0.755271792411804E+00     0.630427789688110E+01     0.710421383380890E+00
     0.615616893768311E+01     0.757801413536072E+00     0.631125879287720E+01     0.713049948215485E+00
     0.616528892517090E+01     0.758576095104218E+00     0.631187295913696E+01     0.713784754276276E+00
     0.617440938949585E+01     0.759377896785736E+00     0.631256961822510E+01     0.714548289775848E+00
     0.618352937698364E+01     0.761862158775330E+00     0.631944179534912E+01     0.717134416103363E+00
     0.619264984130859E+01     0.762075483798981E+00     0.631795406341553E+01     0.717259883880615E+00
     0.620176982879639E+01     0.763467252254486E+00     0.632080411911011E+01     0.718663275241852E+00
     0.621089029312134E+01     0.763335645198822E+00     0.631807470321655E+01     0.718416154384613E+00
     0.622001028060913E+01     0.764963924884796E+00     0.632175779342651E+01     0.720074653625488E+00
     0.622913074493408E+01     0.767890155315399E+00     0.633024215698242E+01     0.723145306110382E+00
     0.623825120925903E+01     0.766624987125397E+00     0.632337045669556E+01     0.721667885780334E+00
     0.624737119674683E+01     0.769066333770752E+00     0.633006477355957E+01     0.724212706089020E+00
     0.625649166107178E+01     0.770022153854370E+00     0.633133792877197E+01     0.725146591663361E+00
     0.626561164855957E+01     0.772745609283447E+00     0.633906126022339E+01     0.728001356124878E+00
     0.627473211288452E+01     0.772156715393066E+00     0.633466386795044E+01     0.727256000041962E+00
     0.628385210037231E+01     0.773130476474762E+00     0.633599805831909E+01     0.728210151195526E+00
     0.629297256469727E+01     0.774240553379059E+00     0.633781147003174E+01     0.729312002658844E+00
     0.630209255218506E+01     0.775732696056366E+00     0.634104537963867E+01     0.730831146240234E+00
     0.631121301651001E+01     0.776332437992096E+00     0.634102058410645E+01     0.731379568576813E+00
     0.632033348083496E+01     0.778090953826904E+00     0.634520912170410E+01     0.733189225196838E+00
     0.632945346832275E+01     0.780171930789948E+00     0.635054445266724E+01     0.735349953174591E+00
     0.633857393264771E+01     0.778971493244171E+00     0.634398460388184E+01     0.733939230442047E+00
     0.634769392013550E+01     0.781540751457214E+00     0.635113620758057E+01     0.736634075641632E+00
     0.635681438446045E+01     0.782293856143951E+00     0.635166263580322E+01     0.737350463867188E+00
     0.636593437194824E+01     0.783070147037506E+00     0.635227489471436E+01     0.738092243671417E+00
     0.637505483627319E+01     0.785471498966217E+00     0.635879993438721E+01     0.740607559680939E+00
     0.638417482376099E+01     0.786182463169098E+00     0.635919809341431E+01     0.741280078887939E+00
     0.639329528808594E+01     0.787441551685333E+00     0.636155271530151E+01     0.742549300193787E+00
     0.640241527557373E+01     0.787353098392487E+00     0.635902023315430E+01     0.742347836494446E+00
     0.641153573989868E+01     0.787752211093903E+00     0.635827255249023E+01     0.742679476737976E+00
     0.642065620422363E+01     0.791581213474274E+00     0.636996364593506E+01     0.746758759021759E+00
     0.642977619171143E+01     0.790309429168701E+00     0.636314582824707E+01     0.745263516902924E+00
     0.643889665603638E+01     0.792508482933044E+00     0.636895895004272E+01     0.747564971446991E+00
     0.644801664352417E+01     0.793749392032623E+00     0.637127256393433E+01     0.748818337917328E+00
     0.645713710784912E+01     0.795637607574463E+00     0.637590265274048E+01     0.750779688358307E+00
     0.646625709533691E+01     0.795217752456665E+00     0.637221622467041E+01     0.750216364860535E+00
     0.647537755966187E+01     0.796383857727051E+00     0.637421083450317E+01     0.751386702060699E+00
     0.648449754714966E+01     0.798169732093811E+00     0.637857723236084E+01     0.753242850303650E+00
     0.649361801147461E+01     0.798915863037109E+00     0.637908792495728E+01     0.753955721855164E+00
     0.650273847579956E+01     0.800183236598969E+00     0.638145208358765E+01     0.755238831043243E+00
     0.651185846328735E+01     0.801602065563202E+00     0.638437986373901E+01     0.756689250469208E+00
     0.652097892761230E+01     0.802169620990753E+00     0.638435840606689E+01     0.757212460041046E+00
     0.653009891510010E+01     0.801928877830505E+00     0.638132286071777E+01     0.756844162940979E+00
     0.653921937942505E+01     0.805085062980652E+00     0.639050722122192E+01     0.760202169418335E+00
     0.654833936691284E+01     0.805127799510956E+00     0.638851499557495E+01     0.760145723819733E+00
     0.655745983123779E+01     0.807293713092804E+00     0.639419841766357E+01     0.762422442436218E+00
     0.656657981872559E+01     0.807532310485840E+00     0.639291381835938E+01     0.762581467628479E+00
     0.657570028305054E+01     0.808558702468872E+00     0.639443540573120E+01     0.763604640960693E+00
     0.658482027053833E+01     0.810435116291046E+00     0.639902973175049E+01     0.765563368797302E+00
     0.659394073486328E+01     0.809907793998718E+00     0.639503669738770E+01     0.764882266521454E+00
     0.660306119918823E+01     0.809934318065643E+00     0.639301633834839E+01     0.764809370040894E+00
     0.661218118667603E+01     0.810829877853394E+00     0.639404821395874E+01     0.765688300132751E+00
     0.662130165100098E+01     0.812492489814758E+00     0.639786386489868E+01     0.767412722110748E+00
     0.663042163848877E+01     0.813454926013947E+00     0.639925432205200E+01     0.768371701240540E+00
     0.663954210281372E+01     0.813675403594971E+00     0.639796113967896E+01     0.768513739109039E+00
     0.664866209030151E+01     0.817463755607605E+00     0.640936470031738E+01     0.772579789161682E+00
     0.665778255462646E+01     0.816382586956024E+00     0.640337181091309E+01     0.771285891532898E+00
     0.666690254211426E+01     0.816836595535278E+00     0.640290164947510E+01     0.771684229373932E+00
     0.667602300643921E+01     0.817824363708496E+00     0.640437602996826E+01     0.772672355175018E+00
     0.668514347076416E+01     0.818817496299744E+00     0.640576982498169E+01     0.773661792278290E+00
     0.669426345825195E+01     0.821764945983887E+00     0.641421461105347E+01     0.776810050010681E+00
     0.670338392257690E+01     0.821389019489288E+00     0.641076946258545E+01     0.776292741298676E+00
     0.671250391006470E+01     0.822374522686005E+00     0.641221857070923E+01     0.777279078960419E+00
     0.672162437438965E+01     0.823987722396851E+00     0.641584157943726E+01     0.778955101966858E+00
     0.673074436187744E+01     0.825141906738281E+00     0.641784667968750E+01     0.780126512050629E+00
     0.673986482620239E+01     0.827021837234497E+00     0.642249584197998E+01     0.782102763652802E+00
     0.674898481369019E+01     0.826424241065979E+00     0.641826343536377E+01     0.781339645385742E+00
     0.675810527801514E+01     0.827567756175995E+00     0.642023277282715E+01     0.782500147819519E+00
     0.676722526550293E+01     0.830137431621552E+00     0.642730236053467E+01     0.785239279270172E+00
     0.677634572982788E+01     0.829489767551422E+00     0.642295455932617E+01     0.784422814846039E+00
     0.678546619415283E+01     0.830012023448944E+00     0.642278766632080E+01     0.784901082515717E+00
     0.679458618164062E+01     0.832408845424652E+00     0.642922830581665E+01     0.787450611591339E+00
     0.680370664596558E+01     0.832298338413239E+00     0.642673158645630E+01     0.787225008010864E+00
     0.681282663345337E+01     0.832135975360870E+00     0.642411327362061E+01     0.786945283412933E+00
     0.682194709777832E+01     0.834363996982574E+00     0.642998647689819E+01     0.789310932159424E+00
     0.683106708526611E+01     0.834903717041016E+00     0.642986488342285E+01     0.789808213710785E+00
     0.684018754959106E+01     0.836121082305908E+00     0.643204593658447E+01     0.791051447391510E+00
     0.684930753707886E+01     0.837162852287292E+00     0.643371200561523E+01     0.792106032371521E+00
     0.685842800140381E+01     0.838410079479218E+00     0.643610477447510E+01     0.793388664722443E+00
     0.686754846572876E+01     0.839009046554565E+00     0.643619585037231E+01     0.793952286243439E+00
     0.687666845321655E+01     0.840140998363495E+00     0.643812608718872E+01     0.795105099678040E+00
     0.688578891754150E+01     0.840709686279297E+00     0.643809461593628E+01     0.795635163784027E+00
     0.689490890502930E+01     0.842802643775940E+00     0.644355392456055E+01     0.797861576080322E+00
     0.690402936935425E+01     0.841944098472595E+00     0.643845939636230E+01     0.796806931495667E+00
     0.691314935684204E+01     0.842182338237762E+00     0.643728494644165E+01     0.796971797943115E+00
     0.692226982116699E+01     0.844490289688110E+00     0.644339799880981E+01     0.799432516098022E+00
     0.693138980865479E+01     0.846925199031830E+00     0.645002269744873E+01     0.802040040493011E+00
     0.694051027297974E+01     0.847163677215576E+00     0.644881010055542E+01     0.802203416824341E+00
     0.694963073730469E+01     0.846207141876221E+00     0.644341802597046E+01     0.801040530204773E+00
     0.695875072479248E+01     0.849388659000397E+00     0.645258092880249E+01     0.804474890232086E+00
     0.696787118911743E+01     0.848261892795563E+00     0.644658851623535E+01     0.803121685981750E+00
     0.697699117660522E+01     0.850077986717224E+00     0.645104694366455E+01     0.805045008659363E+00
     0.698611164093018E+01     0.849729835987091E+00     0.644778537750244E+01     0.804556667804718E+00
     0.699523162841797E+01     0.851367950439453E+00     0.645152282714844E+01     0.806277692317963E+00
     0.700435209274292E+01     0.851770460605621E+00     0.645096683502197E+01     0.806627631187439E+00
     0.701347208023071E+01     0.852034568786621E+00     0.644996452331543E+01     0.806825757026672E+00
     0.702259254455566E+01     0.853249490261078E+00     0.645222663879395E+01     0.808077752590179E+00
     0.703171253204346E+01     0.855636119842529E+00     0.645862102508545E+01     0.810636341571808E+00
     0.704083299636841E+01     0.856615006923676E+00     0.646006107330322E+01     0.811627745628357E+00
     0.704995346069336E+01     0.856770098209381E+00     0.645863676071167E+01     0.811702251434326E+00
     0.705907344818115E+01     0.856424033641815E+00     0.645542335510254E+01     0.811216950416565E+00
     0.706819391250610E+01     0.858851552009583E+00     0.646198749542236E+01     0.813825249671936E+00
     0.707731389999390E+01     0.858928620815277E+00     0.646021986007690E+01     0.813809394836426E+00
     0.708643436431885E+01     0.859942376613617E+00     0.646181440353394E+01     0.814842164516449E+00
     0.709555435180664E+01     0.862114429473877E+00     0.646750640869141E+01     0.817170262336731E+00
     0.710467481613159E+01     0.862501144409180E+00     0.646688985824585E+01     0.817503273487091E+00
     0.711379480361938E+01     0.863149583339691E+00     0.646721029281616E+01     0.818129479885101E+00
     0.712291526794434E+01     0.863520801067352E+00     0.646652317047119E+01     0.818444371223450E+00
     0.713203573226929E+01     0.864979863166809E+00     0.646970844268799E+01     0.819977998733521E+00
     0.714115571975708E+01     0.866589009761810E+00     0.647336626052856E+01     0.821677803993225E+00
     0.715027618408203E+01     0.867198765277863E+00     0.647354125976562E+01     0.822261154651642E+00
     0.715939617156982E+01     0.866683959960938E+00     0.646979188919067E+01     0.821587443351746E+00
     0.716851663589478E+01     0.868692755699158E+00     0.647488594055176E+01     0.823737144470215E+00
     0.717763662338257E+01     0.869887590408325E+00     0.647715902328491E+01     0.824978530406952E+00
     0.718675708770752E+01     0.868917882442474E+00     0.647178077697754E+01     0.823793053627014E+00
     0.719587707519531E+01     0.869859457015991E+00     0.647311210632324E+01     0.824748158454895E+00
     0.720499753952026E+01     0.872797608375549E+00     0.648151588439941E+01     0.827944457530975E+00
     0.721411752700806E+01     0.873575210571289E+00     0.648233652114868E+01     0.828720092773438E+00
     0.722323799133301E+01     0.874374091625214E+00     0.648316144943237E+01     0.829516530036926E+00
     0.723235845565796E+01     0.873979270458221E+00     0.647985839843750E+01     0.828976750373840E+00
     0.724147844314575E+01     0.874468684196472E+00     0.647960710525513E+01     0.829426288604736E+00
     0.725059890747070E+01     0.874060511589050E+00     0.647627878189087E+01     0.828872799873352E+00
     0.725971889495850E+01     0.876942574977875E+00     0.648442983627319E+01     0.832008183002472E+00
     0.726883935928345E+01     0.875853717327118E+00     0.647866725921631E+01     0.830687522888184E+00
     0.727795934677124E+01     0.878906965255737E+00     0.648739194869995E+01     0.834016025066376E+00
     0.728707981109619E+01     0.879649639129639E+00     0.648808193206787E+01     0.834753572940826E+00
