     0.237506240606308E+00     0.262104964349419E-03     0.115061986446381E+01     0.261804700130597E-03
     0.254470974206924E+00     0.142379163298756E-02     0.200348687171936E+01     0.142223120201379E-02
     0.271435707807541E+00     0.331842689774930E-02     0.262901496887207E+01     0.331639242358506E-02
     0.288400441408157E+00     0.600821478292346E-02     0.317001414299011E+01     0.600760430097580E-02
     0.305365145206451E+00     0.945178512483835E-02     0.364835119247437E+01     0.945674348622561E-02
     0.322329878807068E+00     0.136887114495039E-01     0.408581876754761E+01     0.137053821235895E-01
     0.339294612407684E+00     0.186523739248514E-01     0.448317718505859E+01     0.186887420713902E-01
     0.356259346008301E+00     0.244141072034836E-01     0.485476350784302E+01     0.244807824492455E-01
     0.373224079608917E+00     0.310819968581200E-01     0.521155166625977E+01     0.311930533498526E-01
     0.390188813209534E+00     0.386157929897308E-01     0.555095815658569E+01     0.387882292270660E-01
     0.407153546810150E+00     0.469815358519554E-01     0.587254476547241E+01     0.472352243959904E-01
     0.424118280410767E+00     0.559435002505779E-01     0.616620540618896E+01     0.562987476587296E-01
     0.441083014011383E+00     0.659198164939880E-01     0.645649480819702E+01     0.664052665233612E-01
     0.458047747612000E+00     0.765723809599876E-01     0.672775506973267E+01     0.772158578038216E-01
     0.475012481212616E+00     0.882810577750206E-01     0.699794864654541E+01     0.891202911734581E-01
     0.491977185010910E+00     0.100651085376740E+00     0.725146627426147E+01     0.101721361279488E+00
     0.508941948413849E+00     0.113598406314850E+00     0.748770809173584E+01     0.114936441183090E+00
     0.525906682014465E+00     0.127411022782326E+00     0.771856737136841E+01     0.129063367843628E+00
     0.542871415615082E+00     0.142144903540611E+00     0.794619464874268E+01     0.144164428114891E+00
     0.559836149215698E+00     0.157547503709793E+00     0.816335105895996E+01     0.159985393285751E+00
     0.576800882816315E+00     0.173244580626488E+00     0.836089801788330E+01     0.176144361495972E+00
     0.593765556812286E+00     0.190200090408325E+00     0.856715106964111E+01     0.193638816475868E+00
     0.610730290412903E+00     0.207385435700417E+00     0.875467872619629E+01     0.211411923170090E+00
     0.627695024013519E+00     0.225396424531937E+00     0.894040679931641E+01     0.230083420872688E+00
     0.644659757614136E+00     0.243914127349854E+00     0.911708450317383E+01     0.249327078461647E+00
     0.661624491214752E+00     0.262283593416214E+00     0.928180885314941E+01     0.268463253974915E+00
     0.678589224815369E+00     0.274312853813171E+00     0.937945175170898E+01     0.281019300222397E+00
     0.695553958415985E+00     0.288752913475037E+00     0.950176048278809E+01     0.296117812395096E+00
     0.712518692016602E+00     0.303745448589325E+00     0.961253643035889E+01     0.311823636293411E+00
     0.729483425617218E+00     0.320197761058807E+00     0.973462486267090E+01     0.329093754291534E+00
     0.746448159217834E+00     0.337192058563232E+00     0.985036754608154E+01     0.346970975399017E+00
     0.763412892818451E+00     0.355012238025665E+00     0.996673107147217E+01     0.365758687257767E+00
     0.780377626419067E+00     0.373430609703064E+00     0.100799760818481E+02     0.385221838951111E+00
     0.797342360019684E+00     0.392613500356674E+00     0.101939382553101E+02     0.405541211366653E+00
     0.814307093620300E+00     0.412452608346939E+00     0.103070440292358E+02     0.426607519388199E+00
     0.831271827220917E+00     0.433028012514114E+00     0.104212131500244E+02     0.448511302471161E+00
     0.848236560821533E+00     0.453803867101669E+00     0.105273447036743E+02     0.470685809850693E+00
     0.865201294422150E+00     0.475273698568344E+00     0.106348314285278E+02     0.493661701679230E+00
     0.882166028022766E+00     0.496414512395859E+00     0.107266263961792E+02     0.516345441341400E+00
     0.899130761623383E+00     0.518470585346222E+00     0.108246679306030E+02     0.540075182914734E+00
     0.916095495223999E+00     0.541071653366089E+00     0.109229087829590E+02     0.564458847045898E+00
     0.933060228824615E+00     0.564476609230042E+00     0.110258865356445E+02     0.589782357215881E+00
     0.950024962425232E+00     0.587116897106171E+00     0.111092720031738E+02     0.614348053932190E+00
     0.966989696025848E+00     0.608966231346130E+00     0.111970129013062E+02     0.638121366500854E+00
     0.983954370021820E+00     0.630404591560364E+00     0.112755661010742E+02     0.661509990692139E+00
     0.100091910362244E+01     0.651768326759338E+00     0.113473749160767E+02     0.684878766536713E+00
     0.101788389682770E+01     0.673739075660706E+00     0.114231729507446E+02     0.708976507186890E+00
     0.103484857082367E+01     0.695392966270447E+00     0.114894475936890E+02     0.732790708541870E+00
     0.105181336402893E+01     0.717883825302124E+00     0.115635280609131E+02     0.757593631744385E+00
     0.106877803802490E+01     0.740511953830719E+00     0.116353721618652E+02     0.782618105411530E+00
     0.108574283123016E+01     0.762476801872253E+00     0.116938924789429E+02     0.806976020336151E+00
     0.110270750522614E+01     0.785574734210968E+00     0.117649974822998E+02     0.832663357257843E+00
     0.111967229843140E+01     0.807794928550720E+00     0.118205709457397E+02     0.857443988323212E+00
     0.113663697242737E+01     0.830998539924622E+00     0.118869132995605E+02     0.883395850658417E+00
     0.115360176563263E+01     0.853935003280640E+00     0.119469003677368E+02     0.909123122692108E+00
     0.117056643962860E+01     0.876614153385162E+00     0.120010185241699E+02     0.934634625911713E+00
     0.118753111362457E+01     0.899140119552612E+00     0.120510740280151E+02     0.960046112537384E+00
     0.120449590682983E+01     0.922182083129883E+00     0.121062183380127E+02     0.986115396022797E+00
     0.122146058082581E+01     0.944647669792175E+00     0.121521997451782E+02     0.101160550117493E+01
     0.123842537403107E+01     0.967613577842712E+00     0.122033872604370E+02     0.103773951530457E+01
     0.125539004802704E+01     0.990997672080994E+00     0.122588443756104E+02     0.106442916393280E+01
     0.127235484123230E+01     0.101354920864105E+01     0.123025503158569E+02     0.109024345874786E+01
     0.128931951522827E+01     0.103580307960510E+01     0.123418006896973E+02     0.111579012870789E+01
     0.130628430843353E+01     0.105852448940277E+01     0.123864927291870E+02     0.114195048809052E+01
     0.132324898242950E+01     0.108112788200378E+01     0.124293365478516E+02     0.116805171966553E+01
     0.134021377563477E+01     0.110371601581573E+01     0.124718055725098E+02     0.119421255588531E+01
     0.135717844963074E+01     0.112538671493530E+01     0.125028705596924E+02     0.121938204765320E+01
     0.137414324283600E+01     0.114793729782104E+01     0.125449638366699E+02     0.124565184116364E+01
     0.139110791683197E+01     0.116987860202789E+01     0.125798559188843E+02     0.127128601074219E+01
     0.140807271003723E+01     0.119198000431061E+01     0.126171531677246E+02     0.129718375205994E+01
     0.142503738403320E+01     0.121318984031677E+01     0.126441812515259E+02     0.132210659980774E+01
     0.144200217723846E+01     0.123511564731598E+01     0.126805725097656E+02     0.134794759750366E+01
     0.145896685123444E+01     0.125626647472382E+01     0.127084512710571E+02     0.137294602394104E+01
     0.147593164443970E+01     0.127721333503723E+01     0.127348670959473E+02     0.139777374267578E+01
     0.149289631843567E+01     0.129807651042938E+01     0.127615976333618E+02     0.142257297039032E+01
     0.150986111164093E+01     0.131352913379669E+01     0.127896938323975E+02     0.144098901748657E+01
     0.152682578563690E+01     0.132352817058563E+01     0.128001079559326E+02     0.145292377471924E+01
     0.154379057884216E+01     0.133421337604523E+01     0.128105735778809E+02     0.146569502353668E+01
     0.156075525283813E+01     0.134564459323883E+01     0.128239116668701E+02     0.147937905788422E+01
     0.157771992683411E+01     0.135758495330811E+01     0.128385477066040E+02     0.149369525909424E+01
     0.159468472003937E+01     0.137021148204803E+01     0.128574762344360E+02     0.150886082649231E+01
     0.161164939403534E+01     0.138187098503113E+01     0.128619880676270E+02     0.152288281917572E+01
     0.162861418724060E+01     0.139457404613495E+01     0.128761310577393E+02     0.153818857669830E+01
     0.164557886123657E+01     0.140718901157379E+01     0.128871679306030E+02     0.155341339111328E+01
     0.166254365444183E+01     0.142052102088928E+01     0.129047079086304E+02     0.156953501701355E+01
     0.167950832843781E+01     0.143336498737335E+01     0.129151420593262E+02     0.158509135246277E+01
     0.169647312164307E+01     0.144674110412598E+01     0.129305343627930E+02     0.160132396221161E+01
     0.171343779563904E+01     0.145921480655670E+01     0.129344511032104E+02     0.161648309230804E+01
     0.173040258884430E+01     0.147266674041748E+01     0.129494037628174E+02     0.163286650180817E+01
     0.174736726284027E+01     0.148495495319366E+01     0.129536905288696E+02     0.164785397052765E+01
     0.176433205604553E+01     0.149750602245331E+01     0.129604864120483E+02     0.166319024562836E+01
     0.178129673004150E+01     0.151021039485931E+01     0.129685897827148E+02     0.167874193191528E+01
     0.179826152324677E+01     0.152354300022125E+01     0.129835395812988E+02     0.169509756565094E+01
     0.181522619724274E+01     0.153609216213226E+01     0.129893255233765E+02     0.171051454544067E+01
     0.183219099044800E+01     0.154851877689362E+01     0.129936122894287E+02     0.172580718994141E+01
     0.184915566444397E+01     0.156117725372314E+01     0.130005254745483E+02     0.174141514301300E+01
     0.186612045764923E+01     0.157332479953766E+01     0.130017280578613E+02     0.175641548633575E+01
     0.188308513164520E+01     0.158600854873657E+01     0.130091028213501E+02     0.177211093902588E+01
     0.190004992485046E+01     0.159852743148804E+01     0.130151996612549E+02     0.178762996196747E+01
     0.191701459884644E+01     0.160850727558136E+01     0.130221109390259E+02     0.180002355575562E+01
     0.193397939205170E+01     0.161767947673798E+01     0.130230665206909E+02     0.181142485141754E+01
     0.195094406604767E+01     0.162683725357056E+01     0.130231018066406E+02     0.182282209396362E+01
     0.196790874004364E+01     0.163645112514496E+01     0.130278215408325E+02     0.183480751514435E+01
     0.198487353324890E+01     0.164622819423676E+01     0.130342483520508E+02     0.184701514244080E+01
     0.200183820724487E+01     0.165520858764648E+01     0.130288705825806E+02     0.185823071002960E+01
     0.201880288124084E+01     0.166541624069214E+01     0.130341501235962E+02     0.187100899219513E+01
     0.203576779365540E+01     0.167524790763855E+01     0.130348567962646E+02     0.188332927227020E+01
     0.205273246765137E+01     0.168319869041443E+01     0.130391378402710E+02     0.189330959320068E+01
     0.206969714164734E+01     0.169028151035309E+01     0.130392961502075E+02     0.190220534801483E+01
     0.208666181564331E+01     0.169677042961121E+01     0.130307369232178E+02     0.191035115718842E+01
     0.210362672805786E+01     0.170488679409027E+01     0.130390110015869E+02     0.192057502269745E+01
     0.212059140205383E+01     0.171155357360840E+01     0.130297698974609E+02     0.192895948886871E+01
     0.213755607604980E+01     0.171930634975433E+01     0.130319318771362E+02     0.193873679637909E+01
     0.215452075004578E+01     0.172669982910156E+01     0.130310783386230E+02     0.194806635379791E+01
     0.217148566246033E+01     0.173449456691742E+01     0.130354642868042E+02     0.195792031288147E+01
     0.218845033645630E+01     0.174155247211456E+01     0.130320644378662E+02     0.196684014797211E+01
     0.220541501045227E+01     0.174843037128448E+01     0.130272397994995E+02     0.197553789615631E+01
     0.222237968444824E+01     0.175571715831757E+01     0.130276393890381E+02     0.198477005958557E+01
     0.223934459686279E+01     0.176267516613007E+01     0.130249586105347E+02     0.199358868598938E+01
     0.225630927085876E+01     0.176949787139893E+01     0.130214052200317E+02     0.200224184989929E+01
     0.227327394485474E+01     0.177661371231079E+01     0.130218486785889E+02     0.201128220558167E+01
     0.229023861885071E+01     0.178329396247864E+01     0.130180339813232E+02     0.201976895332336E+01
     0.230720353126526E+01     0.178958737850189E+01     0.130105638504028E+02     0.202776265144348E+01
     0.232416820526123E+01     0.179673445224762E+01     0.130134553909302E+02     0.203687119483948E+01
     0.234113287925720E+01     0.180298507213593E+01     0.130068807601929E+02     0.204482531547546E+01
     0.235809755325317E+01     0.180947828292847E+01     0.130038032531738E+02     0.205310225486755E+01
     0.237506222724915E+01     0.181536221504211E+01     0.129945859909058E+02     0.206059384346008E+01
     0.239202713966370E+01     0.182231366634369E+01     0.129981365203857E+02     0.206948375701904E+01
     0.240899181365967E+01     0.182826387882233E+01     0.129910526275635E+02     0.207707595825195E+01
     0.242595648765564E+01     0.183387804031372E+01     0.129809732437134E+02     0.208423590660095E+01
     0.244292116165161E+01     0.184006178379059E+01     0.129779863357544E+02     0.209214663505554E+01
     0.245988607406616E+01     0.184599852561951E+01     0.129729633331299E+02     0.209974145889282E+01
     0.247685074806213E+01     0.185206806659698E+01     0.129701461791992E+02     0.210751748085022E+01
     0.249381542205811E+01     0.185773801803589E+01     0.129635534286499E+02     0.211477589607239E+01
     0.251078009605408E+01     0.186385738849640E+01     0.129627752304077E+02     0.212263178825378E+01
     0.252774500846863E+01     0.186921131610870E+01     0.129540090560913E+02     0.212948703765869E+01
     0.254470968246460E+01     0.187475800514221E+01     0.129481620788574E+02     0.213660216331482E+01
     0.256167435646057E+01     0.188049709796906E+01     0.129452161788940E+02     0.214397740364075E+01
     0.257863903045654E+01     0.188551175594330E+01     0.129347534179688E+02     0.215040135383606E+01
     0.259560394287109E+01     0.189158868789673E+01     0.129371261596680E+02     0.215823698043823E+01
     0.261256861686707E+01     0.189665758609772E+01     0.129286155700684E+02     0.216474390029907E+01
     0.262953329086304E+01     0.190175390243530E+01     0.129211530685425E+02     0.217129230499268E+01
     0.264649796485901E+01     0.190652704238892E+01     0.129107189178467E+02     0.217741656303406E+01
     0.266346287727356E+01     0.191153120994568E+01     0.129036121368408E+02     0.218385243415833E+01
     0.268042755126953E+01     0.191671407222748E+01     0.128991994857788E+02     0.219053149223328E+01
     0.269739222526550E+01     0.192183148860931E+01     0.128947525024414E+02     0.219712901115417E+01
     0.271435689926147E+01     0.192651236057281E+01     0.128859844207764E+02     0.220314931869507E+01
     0.273132181167603E+01     0.193138754367828E+01     0.128801164627075E+02     0.220943379402161E+01
     0.274828648567200E+01     0.193609058856964E+01     0.128729486465454E+02     0.221549296379089E+01
     0.276525115966797E+01     0.194101297855377E+01     0.128689966201782E+02     0.222185087203979E+01
     0.278221583366394E+01     0.194513905048370E+01     0.128564348220825E+02     0.222714519500732E+01
     0.279918050765991E+01     0.194949269294739E+01     0.128501033782959E+02     0.223276066780090E+01
     0.281614542007446E+01     0.195407128334045E+01     0.128474788665771E+02     0.223868465423584E+01
     0.283311009407043E+01     0.195840466022491E+01     0.128425178527832E+02     0.224428296089172E+01
     0.285007476806641E+01     0.196235942840576E+01     0.128335723876953E+02     0.224937462806702E+01
     0.286703944206238E+01     0.196667754650116E+01     0.128293952941895E+02     0.225495910644531E+01
     0.288400435447693E+01     0.197014415264130E+01     0.128157196044922E+02     0.225939702987671E+01
     0.290096902847290E+01     0.197441351413727E+01     0.128119029998779E+02     0.226492214202881E+01
     0.291793370246887E+01     0.197788560390472E+01     0.127993621826172E+02     0.226937198638916E+01
     0.293489837646484E+01     0.198209953308105E+01     0.127958812713623E+02     0.227482843399048E+01
     0.295186328887939E+01     0.198544955253601E+01     0.127829799652100E+02     0.227911734580994E+01
     0.296882796287537E+01     0.198989093303680E+01     0.127831678390503E+02     0.228488945960999E+01
     0.298579263687134E+01     0.199371707439423E+01     0.127767934799194E+02     0.228983020782471E+01
     0.300275731086731E+01     0.199678015708923E+01     0.127619943618774E+02     0.229373574256897E+01
     0.301972222328186E+01     0.200045824050903E+01     0.127548923492432E+02     0.229848003387451E+01
     0.303668689727783E+01     0.200466346740723E+01     0.127545413970947E+02     0.230394601821899E+01
     0.305365157127380E+01     0.200819373130798E+01     0.127467737197876E+02     0.230849528312683E+01
     0.307061624526978E+01     0.201125907897949E+01     0.127340002059937E+02     0.231241202354431E+01
     0.308758115768433E+01     0.201505494117737E+01     0.127304430007935E+02     0.231732940673828E+01
     0.310454583168030E+01     0.201845836639404E+01     0.127227497100830E+02     0.232171297073364E+01
     0.312151050567627E+01     0.202179861068726E+01     0.127148265838623E+02     0.232601284980774E+01
     0.313847517967224E+01     0.202472448348999E+01     0.127024660110474E+02     0.232974648475647E+01
     0.315543985366821E+01     0.202758455276489E+01     0.126899576187134E+02     0.233339118957520E+01
     0.317240476608276E+01     0.203101158142090E+01     0.126845350265503E+02     0.233781695365906E+01
     0.318936944007874E+01     0.203389668464661E+01     0.126733322143555E+02     0.234149980545044E+01
     0.320633411407471E+01     0.203717041015625E+01     0.126671190261841E+02     0.234572005271912E+01
     0.322329878807068E+01     0.204085373878479E+01     0.126663608551025E+02     0.235050749778748E+01
     0.324026370048523E+01     0.204376769065857E+01     0.126569108963013E+02     0.235423731803894E+01
     0.325722837448120E+01     0.204627490043640E+01     0.126431283950806E+02     0.235740733146667E+01
     0.327419304847717E+01     0.204960536956787E+01     0.126396512985229E+02     0.236171627044678E+01
     0.329115772247314E+01     0.205196547508240E+01     0.126251316070557E+02     0.236468601226807E+01
     0.330812263488770E+01     0.205466437339783E+01     0.126151561737061E+02     0.236812615394592E+01
     0.332508730888367E+01     0.205822181701660E+01     0.126158113479614E+02     0.237275791168213E+01
     0.334205198287964E+01     0.206070303916931E+01     0.126041040420532E+02     0.237590050697327E+01
     0.335901665687561E+01     0.206342840194702E+01     0.125958337783813E+02     0.237938380241394E+01
     0.337598156929016E+01     0.206612730026245E+01     0.125877199172974E+02     0.238283205032349E+01
     0.339294624328613E+01     0.206837725639343E+01     0.125747413635254E+02     0.238565802574158E+01
     0.340991091728210E+01     0.207144594192505E+01     0.125719594955444E+02     0.238962531089783E+01
     0.342687559127808E+01     0.207378196716309E+01     0.125608758926392E+02     0.239257454872131E+01
     0.344384050369263E+01     0.207596707344055E+01     0.125485181808472E+02     0.239531469345093E+01
     0.346080517768860E+01     0.207872724533081E+01     0.125433778762817E+02     0.239885878562927E+01
     0.347776985168457E+01     0.208119344711304E+01     0.125352268218994E+02     0.240199518203735E+01
     0.349473452568054E+01     0.208379483222961E+01     0.125291528701782E+02     0.240532231330872E+01
     0.351169943809509E+01     0.208640193939209E+01     0.125236558914185E+02     0.240866017341614E+01
     0.352866411209106E+01     0.208876991271973E+01     0.125156726837158E+02     0.241166543960571E+01
     0.354562878608704E+01     0.209077405929565E+01     0.125036277770996E+02     0.241416215896606E+01
     0.356259346008301E+01     0.209301614761353E+01     0.124949655532837E+02     0.241699409484863E+01
     0.357955813407898E+01     0.209532690048218E+01     0.124875745773315E+02     0.241992425918579E+01
     0.359652304649353E+01     0.209743928909302E+01     0.124781837463379E+02     0.242257809638977E+01
     0.361348772048950E+01     0.209946012496948E+01     0.124681015014648E+02     0.242510414123535E+01
     0.363045239448547E+01     0.210177659988403E+01     0.124620456695557E+02     0.242804861068726E+01
     0.364741706848145E+01     0.210354280471802E+01     0.124496965408325E+02     0.243021917343140E+01
     0.366438198089600E+01     0.210553479194641E+01     0.124405117034912E+02     0.243270969390869E+01
     0.368134665489197E+01     0.210739016532898E+01     0.124301061630249E+02     0.243500900268555E+01
     0.369831132888794E+01     0.210989880561829E+01     0.124279432296753E+02     0.243823266029358E+01
     0.371527600288391E+01     0.211166572570801E+01     0.124171943664551E+02     0.244041061401367E+01
     0.373224091529846E+01     0.211404442787170E+01     0.124144077301025E+02     0.244345545768738E+01
     0.374920558929443E+01     0.211581873893738E+01     0.124044923782349E+02     0.244564723968506E+01
     0.376617026329041E+01     0.211701798439026E+01     0.123879976272583E+02     0.244702506065369E+01
     0.378313493728638E+01     0.211887335777283E+01     0.123798685073853E+02     0.244933414459229E+01
     0.380009984970093E+01     0.212102937698364E+01     0.123757419586182E+02     0.245207190513611E+01
     0.381706452369690E+01     0.212273764610291E+01     0.123665714263916E+02     0.245417571067810E+01
     0.383402919769287E+01     0.212458801269531E+01     0.123595056533813E+02     0.245648336410522E+01
     0.385099387168884E+01     0.212592959403992E+01     0.123476428985596E+02     0.245808005332947E+01
     0.386795878410339E+01     0.212773084640503E+01     0.123417501449585E+02     0.246033310890198E+01
     0.388492345809937E+01     0.212966728210449E+01     0.123378763198853E+02     0.246278047561646E+01
     0.390188813209534E+01     0.213096976280212E+01     0.123264179229736E+02     0.246432471275330E+01
     0.391885280609131E+01     0.213276886940002E+01     0.123214378356934E+02     0.246657896041870E+01
     0.393581748008728E+01     0.213418364524841E+01     0.123119659423828E+02     0.246828556060791E+01
     0.395278239250183E+01     0.213528227806091E+01     0.122989540100098E+02     0.246954083442688E+01
     0.396974706649780E+01     0.213738584518433E+01     0.122986135482788E+02     0.247223448753357E+01
     0.398671174049377E+01     0.213837313652039E+01     0.122847194671631E+02     0.247333240509033E+01
     0.400367641448975E+01     0.213964748382568E+01     0.122747640609741E+02     0.247484183311462E+01
     0.402064132690430E+01     0.214107775688171E+01     0.122669820785522E+02     0.247657585144043E+01
     0.403760576248169E+01     0.214251446723938E+01     0.122595682144165E+02     0.247832012176514E+01
     0.405457067489624E+01     0.214416146278381E+01     0.122550401687622E+02     0.248036789894104E+01
     0.407153558731079E+01     0.214579296112061E+01     0.122507209777832E+02     0.248239493370056E+01
     0.408850002288818E+01     0.214718341827393E+01     0.122436733245850E+02     0.248407769203186E+01
     0.410546493530273E+01     0.214839577674866E+01     0.122346315383911E+02     0.248550558090210E+01
     0.412242984771729E+01     0.214941096305847E+01     0.122234029769897E+02     0.248665094375610E+01
     0.413939428329468E+01     0.215041613578796E+01     0.122124137878418E+02     0.248778271675110E+01
     0.415635919570923E+01     0.215168642997742E+01     0.122049770355225E+02     0.248929738998413E+01
     0.417332363128662E+01     0.215327453613281E+01     0.122018146514893E+02     0.249127197265625E+01
     0.419028854370117E+01     0.215405583381653E+01     0.121888418197632E+02     0.249208426475525E+01
     0.420725345611572E+01     0.215532755851746E+01     0.121822586059570E+02     0.249360513687134E+01
     0.422421789169312E+01     0.215700817108154E+01     0.121812171936035E+02     0.249571847915649E+01
     0.424118280410767E+01     0.215791630744934E+01     0.121705570220947E+02     0.249671721458435E+01
     0.425814771652222E+01     0.215917634963989E+01     0.121647367477417E+02     0.249822592735291E+01
     0.427511215209961E+01     0.215971660614014E+01     0.121501188278198E+02     0.249869632720947E+01
     0.429207706451416E+01     0.216073894500732E+01     0.121420412063599E+02     0.249986720085144E+01
     0.430904150009155E+01     0.216180562973022E+01     0.121348505020142E+02     0.250110530853271E+01
     0.432600641250610E+01     0.216304230690002E+01     0.121301059722900E+02     0.250259160995483E+01
     0.434297132492065E+01     0.216432189941406E+01     0.121263170242310E+02     0.250414323806763E+01
     0.435993576049805E+01     0.216544127464294E+01     0.121208190917969E+02     0.250546479225159E+01
     0.437690067291260E+01     0.216579961776733E+01     0.121057357788086E+02     0.250568270683289E+01
     0.439386510848999E+01     0.216704487800598E+01     0.121023311614990E+02     0.250719070434570E+01
     0.441083002090454E+01     0.216793704032898E+01     0.120947074890137E+02     0.250818777084351E+01
     0.442779493331909E+01     0.216882276535034E+01     0.120872745513916E+02     0.250917744636536E+01
     0.444475936889648E+01     0.216933822631836E+01     0.120753993988037E+02     0.250962924957275E+01
     0.446172428131104E+01     0.217026376724243E+01     0.120689830780029E+02     0.251068019866943E+01
     0.447868919372559E+01     0.217109990119934E+01     0.120616989135742E+02     0.251160240173340E+01
     0.449565362930298E+01     0.217226290702820E+01     0.120588626861572E+02     0.251300287246704E+01
     0.451261854171753E+01     0.217270135879517E+01     0.120469789505005E+02     0.251334834098816E+01
     0.452958297729492E+01     0.217341232299805E+01     0.120388593673706E+02     0.251409316062927E+01
     0.454654788970947E+01     0.217475247383118E+01     0.120390787124634E+02     0.251575851440430E+01
     0.456351280212402E+01     0.217521500587463E+01     0.120281457901001E+02     0.251614308357239E+01
     0.458047723770142E+01     0.217587304115295E+01     0.120200386047363E+02     0.251681518554688E+01
     0.459744215011597E+01     0.217690658569336E+01     0.120170564651489E+02     0.251803827285767E+01
     0.461440706253052E+01     0.217775726318359E+01     0.120119762420654E+02     0.251899576187134E+01
     0.463137149810791E+01     0.217795181274414E+01     0.119984416961670E+02     0.251899361610413E+01
     0.464833641052246E+01     0.217887639999390E+01     0.119947061538696E+02     0.252006220817566E+01
     0.466530084609985E+01     0.217904067039490E+01     0.119813919067383E+02     0.252001857757568E+01
     0.468226575851440E+01     0.217979621887207E+01     0.119758443832397E+02     0.252084231376648E+01
     0.469923067092896E+01     0.218101716041565E+01     0.119766807556152E+02     0.252235150337219E+01
     0.471619510650635E+01     0.218140053749084E+01     0.119666881561279E+02     0.252263259887695E+01
     0.473316001892090E+01     0.218165111541748E+01     0.119552822113037E+02     0.252271986007690E+01
     0.475012445449829E+01     0.218228340148926E+01     0.119490137100220E+02     0.252336931228638E+01
     0.476708936691284E+01     0.218342351913452E+01     0.119496994018555E+02     0.252476739883423E+01
     0.478405427932739E+01     0.218375301361084E+01     0.119398012161255E+02     0.252497458457947E+01
     0.480101871490479E+01     0.218401074409485E+01     0.119292545318604E+02     0.252507758140564E+01
     0.481798362731934E+01     0.218442606925964E+01     0.119210042953491E+02     0.252541399002075E+01
     0.483494853973389E+01     0.218532562255859E+01     0.119192247390747E+02     0.252646446228027E+01
     0.485191297531128E+01     0.218594098091125E+01     0.119139871597290E+02     0.252709865570068E+01
     0.486887788772583E+01     0.218623447418213E+01     0.119046316146851E+02     0.252725934982300E+01
     0.488584232330322E+01     0.218704080581665E+01     0.119023590087891E+02     0.252817821502686E+01
     0.490280723571777E+01     0.218754744529724E+01     0.118962535858154E+02     0.252865648269653E+01
     0.491977214813232E+01     0.218758583068848E+01     0.118840007781982E+02     0.252844452857971E+01
     0.493673658370972E+01     0.218794465065002E+01     0.118762893676758E+02     0.252870702743530E+01
     0.495370149612427E+01     0.218860745429993E+01     0.118727626800537E+02     0.252942013740540E+01
     0.497066640853882E+01     0.218856573104858E+01     0.118601856231689E+02     0.252909326553345E+01
     0.498763084411621E+01     0.218914222717285E+01     0.118558006286621E+02     0.252968144416809E+01
     0.500459575653076E+01     0.218982648849487E+01     0.118530721664429E+02     0.253043103218079E+01
     0.502156019210815E+01     0.218982505798340E+01     0.118415040969849E+02     0.253016686439514E+01
     0.503852510452271E+01     0.219038891792297E+01     0.118374805450439E+02     0.253074097633362E+01
     0.505549001693726E+01     0.219112110137939E+01     0.118359756469727E+02     0.253156661987305E+01
     0.507245445251465E+01     0.219097614288330E+01     0.118229179382324E+02     0.253109312057495E+01
     0.508941936492920E+01     0.219176030158997E+01     0.118223762512207E+02     0.253199887275696E+01
     0.510638380050659E+01     0.219165444374084E+01     0.118101778030396E+02     0.253158545494080E+01
     0.512334871292114E+01     0.219199323654175E+01     0.118040370941162E+02     0.253183341026306E+01
     0.514031362533569E+01     0.219227719306946E+01     0.117973384857178E+02     0.253200101852417E+01
     0.515727806091309E+01     0.219261097908020E+01     0.117914381027222E+02     0.253224396705627E+01
     0.517424297332764E+01     0.219285631179810E+01     0.117845420837402E+02     0.253235697746277E+01
     0.519120788574219E+01     0.219355702400208E+01     0.117838125228882E+02     0.253314805030823E+01
     0.520817232131958E+01     0.219355034828186E+01     0.117738323211670E+02     0.253288936614990E+01
     0.522513723373413E+01     0.219437789916992E+01     0.117752971649170E+02     0.253387260437012E+01
     0.524210166931152E+01     0.219421267509460E+01     0.117633247375488E+02     0.253338003158569E+01
     0.525906658172607E+01     0.219440579414368E+01     0.117564516067505E+02     0.253342199325562E+01
     0.527603149414062E+01     0.219505333900452E+01     0.117559204101562E+02     0.253414225578308E+01
     0.529299592971802E+01     0.219490957260132E+01     0.117446994781494E+02     0.253368473052979E+01
     0.530996084213257E+01     0.219523906707764E+01     0.117400817871094E+02     0.253393387794495E+01
     0.532692575454712E+01     0.219545745849609E+01     0.117341079711914E+02     0.253401851654053E+01
     0.534389019012451E+01     0.219578599929810E+01     0.117297954559326E+02     0.253426957130432E+01
     0.536085510253906E+01     0.219607400894165E+01     0.117251720428467E+02     0.253446388244629E+01
     0.537781953811646E+01     0.219567561149597E+01     0.117113685607910E+02     0.253363442420959E+01
     0.539478445053101E+01     0.219645214080811E+01     0.117135648727417E+02     0.253456044197083E+01
     0.541174936294556E+01     0.219657158851624E+01     0.117069759368896E+02     0.253450632095337E+01
     0.542871379852295E+01     0.219668769836426E+01     0.117004690170288E+02     0.253444838523865E+01
     0.544567871093750E+01     0.219640684127808E+01     0.116887388229370E+02     0.253379821777344E+01
     0.546264362335205E+01     0.219720077514648E+01     0.116917905807495E+02     0.253475618362427E+01
     0.547960805892944E+01     0.219695401191711E+01     0.116805868148804E+02     0.253415894508362E+01
     0.549657297134399E+01     0.219732189178467E+01     0.116780595779419E+02     0.253448224067688E+01
     0.551353740692139E+01     0.219733738899231E+01     0.116707649230957E+02     0.253427958488464E+01
     0.553050231933594E+01     0.219770336151123E+01     0.116685209274292E+02     0.253460311889648E+01
     0.554746723175049E+01     0.219732284545898E+01     0.116559686660767E+02     0.253380894660950E+01
     0.556443166732788E+01     0.219762992858887E+01     0.116530313491821E+02     0.253404688835144E+01
     0.558139657974243E+01     0.219732141494751E+01     0.116418895721436E+02     0.253336262702942E+01
     0.559836101531982E+01     0.219808435440063E+01     0.116454458236694E+02     0.253428649902344E+01
     0.561532592773438E+01     0.219816946983337E+01     0.116398239135742E+02     0.253419494628906E+01
     0.563229084014893E+01     0.219788885116577E+01     0.116291837692261E+02     0.253355598449707E+01
     0.564925527572632E+01     0.219805502891541E+01     0.116248979568481E+02     0.253358840942383E+01
     0.566622018814087E+01     0.219836449623108E+01     0.116227817535400E+02     0.253383779525757E+01
     0.568318510055542E+01     0.219812273979187E+01     0.116130008697510E+02     0.253325986862183E+01
     0.570014953613281E+01     0.219840264320374E+01     0.116106576919556E+02     0.253346705436707E+01
     0.571711444854736E+01     0.219789171218872E+01     0.115975074768066E+02     0.253248691558838E+01
     0.573407888412476E+01     0.219836878776550E+01     0.115979595184326E+02     0.253299307823181E+01
     0.575104379653931E+01     0.219797039031982E+01     0.115865945816040E+02     0.253218388557434E+01
     0.576800870895386E+01     0.219829297065735E+01     0.115851154327393E+02     0.253246021270752E+01
     0.578497314453125E+01     0.219843101501465E+01     0.115812921524048E+02     0.253246045112610E+01
     0.580193805694580E+01     0.219867920875549E+01     0.115791864395142E+02     0.253262805938721E+01
     0.581890296936035E+01     0.219854283332825E+01     0.115716991424561E+02     0.253221797943115E+01
     0.583586740493774E+01     0.219812440872192E+01     0.115604991912842E+02     0.253138446807861E+01
     0.585283231735229E+01     0.219843888282776E+01     0.115594749450684E+02     0.253165602684021E+01
     0.586979675292969E+01     0.219810748100281E+01     0.115496950149536E+02     0.253095555305481E+01
     0.588676166534424E+01     0.219865465164185E+01     0.115521802902222E+02     0.253158044815063E+01
     0.590372657775879E+01     0.219802069664001E+01     0.115383186340332E+02     0.253042554855347E+01
     0.592069101333618E+01     0.219801878929138E+01     0.115333185195923E+02     0.253022503852844E+01
     0.593765592575073E+01     0.219825100898743E+01     0.115315952301025E+02     0.253037858009338E+01
     0.595462036132812E+01     0.219800996780396E+01     0.115235261917114E+02     0.252982020378113E+01
     0.597158527374268E+01     0.219824504852295E+01     0.115222768783569E+02     0.252998995780945E+01
     0.598855018615723E+01     0.219853353500366E+01     0.115230312347412E+02     0.253028392791748E+01
     0.600551462173462E+01     0.219820737838745E+01     0.115147180557251E+02     0.252963685989380E+01
     0.602247953414917E+01     0.219792675971985E+01     0.115071182250977E+02     0.252905392646790E+01
     0.603944444656372E+01     0.219799757003784E+01     0.115043430328369E+02     0.252899909019470E+01
     0.605640888214111E+01     0.219794726371765E+01     0.114999094009399E+02     0.252875900268555E+01
     0.607337379455566E+01     0.219779419898987E+01     0.114940910339355E+02     0.252836275100708E+01
     0.609033823013306E+01     0.219814610481262E+01     0.114953851699829E+02     0.252872920036316E+01
     0.610730314254761E+01     0.219807338714600E+01     0.114907436370850E+02     0.252845335006714E+01
     0.612426805496216E+01     0.219762802124023E+01     0.114808979034424E+02     0.252761387825012E+01
     0.614123249053955E+01     0.219756960868835E+01     0.114765586853027E+02     0.252735948562622E+01
     0.615819740295410E+01     0.219800114631653E+01     0.114792966842651E+02     0.252784729003906E+01
     0.617516231536865E+01     0.219763278961182E+01     0.114705801010132E+02     0.252712440490723E+01
     0.619212675094604E+01     0.219783306121826E+01     0.114702081680298E+02     0.252726316452026E+01
     0.620909166336060E+01     0.219755673408508E+01     0.114629316329956E+02     0.252668023109436E+01
     0.622605609893799E+01     0.219721031188965E+01     0.114548091888428E+02     0.252599191665649E+01
     0.624302101135254E+01     0.219722914695740E+01     0.114519252777100E+02     0.252585744857788E+01
     0.625998592376709E+01     0.219740509986877E+01     0.114514408111572E+02     0.252596187591553E+01
     0.627695035934448E+01     0.219678831100464E+01     0.114396276473999E+02     0.252486491203308E+01
     0.629391527175903E+01     0.219718527793884E+01     0.114423646926880E+02     0.252530574798584E+01
     0.631087970733643E+01     0.219646978378296E+01     0.114293136596680E+02     0.252406001091003E+01
     0.632784461975098E+01     0.219631266593933E+01     0.114242839813232E+02     0.252366232872009E+01
     0.634480953216553E+01     0.219659996032715E+01     0.114254941940308E+02     0.252393889427185E+01
     0.636177396774292E+01     0.219646000862122E+01     0.114208126068115E+02     0.252356886863708E+01
     0.637873888015747E+01     0.219611310958862E+01     0.114132671356201E+02     0.252288484573364E+01
     0.639570379257202E+01     0.219581365585327E+01     0.114065170288086E+02     0.252227377891541E+01
     0.641266822814941E+01     0.219600081443787E+01     0.114065694808960E+02     0.252240228652954E+01
     0.642963314056396E+01     0.219576048851013E+01     0.114007120132446E+02     0.252188253402710E+01
     0.644659757614136E+01     0.219573593139648E+01     0.113979711532593E+02     0.252169108390808E+01
     0.646356248855591E+01     0.219550204277039E+01     0.113923215866089E+02     0.252118277549744E+01
     0.648052740097046E+01     0.219558382034302E+01     0.113912601470947E+02     0.252115488052368E+01
     0.649749183654785E+01     0.219555234909058E+01     0.113886842727661E+02     0.252095580101013E+01
     0.651445674896240E+01     0.219516801834106E+01     0.113809623718262E+02     0.252022099494934E+01
     0.653142166137695E+01     0.219507288932800E+01     0.113775444030762E+02     0.251992702484131E+01
     0.654838609695435E+01     0.219452166557312E+01     0.113676824569702E+02     0.251893949508667E+01
     0.656535100936890E+01     0.219483661651611E+01     0.113702306747437E+02     0.251927113533020E+01
     0.658231544494629E+01     0.219424796104431E+01     0.113598728179932E+02     0.251822829246521E+01
     0.659928035736084E+01     0.219403123855591E+01     0.113549413681030E+02     0.251775240898132E+01
     0.661624526977539E+01     0.219391536712646E+01     0.113514690399170E+02     0.251743102073669E+01
     0.663320970535278E+01     0.219375348091125E+01     0.113474121093750E+02     0.251704025268555E+01
     0.665017461776733E+01     0.219366884231567E+01     0.113445043563843E+02     0.251676797866821E+01
     0.666713905334473E+01     0.219330239295959E+01     0.113376770019531E+02     0.251606750488281E+01
     0.668410396575928E+01     0.219317197799683E+01     0.113342161178589E+02     0.251572728157043E+01
     0.670106887817383E+01     0.219325685501099E+01     0.113339176177979E+02     0.251571631431580E+01
     0.671803331375122E+01     0.219321584701538E+01     0.113319435119629E+02     0.251551413536072E+01
     0.673499822616577E+01     0.219293904304504E+01     0.113265199661255E+02     0.251495337486267E+01
     0.675196313858032E+01     0.219256734848022E+01     0.113197860717773E+02     0.251424932479858E+01
     0.676892757415771E+01     0.219224739074707E+01     0.113138923645020E+02     0.251362419128418E+01
     0.678589248657227E+01     0.219243669509888E+01     0.113154726028442E+02     0.251377725601196E+01
     0.680285692214966E+01     0.219197511672974E+01     0.113075294494629E+02     0.251293802261353E+01
     0.681982183456421E+01     0.219207692146301E+01     0.113080072402954E+02     0.251295924186707E+01
     0.683678674697876E+01     0.219139719009399E+01     0.112969722747803E+02     0.251178860664368E+01
     0.685375118255615E+01     0.219158864021301E+01     0.112987899780273E+02     0.251194858551025E+01
     0.687071609497070E+01     0.219095993041992E+01     0.112886285781860E+02     0.251085734367371E+01
     0.688768100738525E+01     0.219066739082336E+01     0.112834844589233E+02     0.251028037071228E+01
     0.690464544296265E+01     0.219046902656555E+01     0.112797098159790E+02     0.250984740257263E+01
     0.692161035537720E+01     0.219027042388916E+01     0.112760887145996E+02     0.250943040847778E+01
     0.693857479095459E+01     0.219017314910889E+01     0.112740879058838E+02     0.250919055938721E+01
     0.695553970336914E+01     0.218983006477356E+01     0.112686185836792E+02     0.250857210159302E+01
     0.697250461578369E+01     0.219002985954285E+01     0.112708921432495E+02     0.250878119468689E+01
     0.698946905136108E+01     0.218964147567749E+01     0.112647304534912E+02     0.250809001922607E+01
     0.700643396377563E+01     0.218944382667542E+01     0.112613554000854E+02     0.250768899917603E+01
     0.702339887619019E+01     0.218932199478149E+01     0.112590932846069E+02     0.250740337371826E+01
     0.704036331176758E+01     0.218936657905579E+01     0.112593317031860E+02     0.250737214088440E+01
     0.705732822418213E+01     0.218878555297852E+01     0.112504720687866E+02     0.250638341903687E+01
     0.707429265975952E+01     0.218872833251953E+01     0.112492113113403E+02     0.250619554519653E+01
     0.709125757217407E+01     0.218880915641785E+01     0.112500934600830E+02     0.250621914863586E+01
     0.710822248458862E+01     0.218843889236450E+01     0.112443284988403E+02     0.250555276870728E+01
     0.712518692016602E+01     0.218849992752075E+01     0.112450666427612E+02     0.250554633140564E+01
     0.714215183258057E+01     0.218821191787720E+01     0.112405652999878E+02     0.250500607490540E+01
     0.715911626815796E+01     0.218748021125793E+01     0.112296829223633E+02     0.250378680229187E+01
     0.717608118057251E+01     0.218722605705261E+01     0.112258195877075E+02     0.250329899787903E+01
     0.719304609298706E+01     0.218763566017151E+01     0.112316856384277E+02     0.250382757186890E+01
     0.721001052856445E+01     0.218685364723206E+01     0.112200899124146E+02     0.250253200531006E+01
     0.722697544097900E+01     0.218721389770508E+01     0.112253723144531E+02     0.250298619270325E+01
     0.724394035339355E+01     0.218636465072632E+01     0.112128562927246E+02     0.250158834457397E+01
     0.726090478897095E+01     0.218675994873047E+01     0.112187004089355E+02     0.250209736824036E+01
     0.727786970138550E+01     0.218654060363770E+01     0.112155370712280E+02     0.250166535377502E+01
     0.729483413696289E+01     0.218588566780090E+01     0.112058687210083E+02     0.250056695938110E+01
     0.731179904937744E+01     0.218596696853638E+01     0.112072324752808E+02     0.250059652328491E+01
     0.732876396179199E+01     0.218530583381653E+01     0.111976461410522E+02     0.249948954582214E+01
     0.734572839736938E+01     0.218513298034668E+01     0.111952629089355E+02     0.249913144111633E+01
     0.736269330978394E+01     0.218488097190857E+01     0.111917753219604E+02     0.249865245819092E+01
     0.737965822219849E+01     0.218485856056213E+01     0.111916723251343E+02     0.249852657318115E+01
     0.739662265777588E+01     0.218459153175354E+01     0.111880207061768E+02     0.249802684783936E+01
     0.741358757019043E+01     0.218434047698975E+01     0.111846294403076E+02     0.249755263328552E+01
     0.743055200576782E+01     0.218412280082703E+01     0.111817569732666E+02     0.249713301658630E+01
     0.744751691818237E+01     0.218379592895508E+01     0.111773185729980E+02     0.249654173851013E+01
     0.746448183059692E+01     0.218351244926453E+01     0.111735696792603E+02     0.249601578712463E+01
     0.748144626617432E+01     0.218332052230835E+01     0.111711893081665E+02     0.249563002586365E+01
     0.749841117858887E+01     0.218306255340576E+01     0.111678781509399E+02     0.249514412879944E+01
     0.751537561416626E+01     0.218275403976440E+01     0.111638526916504E+02     0.249458098411560E+01
     0.753234052658081E+01     0.218251109123230E+01     0.111608200073242E+02     0.249411892890930E+01
     0.754930543899536E+01     0.218197941780090E+01     0.111536569595337E+02     0.249321436882019E+01
     0.756626987457275E+01     0.218219542503357E+01     0.111574144363403E+02     0.249345803260803E+01
     0.758323478698730E+01     0.218203258514404E+01     0.111557321548462E+02     0.249312138557434E+01
     0.760019969940186E+01     0.218177509307861E+01     0.111526193618774E+02     0.249263954162598E+01
     0.761716413497925E+01     0.218146610260010E+01     0.111487398147583E+02     0.249207949638367E+01
     0.763412904739380E+01     0.218128228187561E+01     0.111468391418457E+02     0.249171209335327E+01
     0.765109348297119E+01     0.218101906776428E+01     0.111437330245972E+02     0.249122381210327E+01
     0.766805839538574E+01     0.218062996864319E+01     0.111386833190918E+02     0.249054217338562E+01
     0.768502330780029E+01     0.218031334877014E+01     0.111348075866699E+02     0.248997330665588E+01
     0.770198774337769E+01     0.218018794059753E+01     0.111339244842529E+02     0.248969841003418E+01
     0.771895265579224E+01     0.217975497245789E+01     0.111282815933228E+02     0.248895192146301E+01
     0.773591756820679E+01     0.217915272712708E+01     0.111202354431152E+02     0.248794603347778E+01
     0.775288200378418E+01     0.217876172065735E+01     0.111154575347900E+02     0.248726248741150E+01
     0.776984691619873E+01     0.217872858047485E+01     0.111159229278564E+02     0.248712873458862E+01
     0.778681135177612E+01     0.217826271057129E+01     0.111100778579712E+02     0.248633027076721E+01
     0.780377626419067E+01     0.217783284187317E+01     0.111048374176025E+02     0.248558783531189E+01
     0.782074117660522E+01     0.217768669128418E+01     0.111037054061890E+02     0.248528242111206E+01
     0.783770561218262E+01     0.217734646797180E+01     0.110997991561890E+02     0.248467874526978E+01
     0.785467052459717E+01     0.217711877822876E+01     0.110975608825684E+02     0.248424911499023E+01
     0.787163496017456E+01     0.217689275741577E+01     0.110953874588013E+02     0.248382258415222E+01
     0.788859987258911E+01     0.217653059959412E+01     0.110912284851074E+02     0.248318696022034E+01
     0.790556478500366E+01     0.217618393898010E+01     0.110873308181763E+02     0.248257589340210E+01
     0.792252922058105E+01     0.217598128318787E+01     0.110855779647827E+02     0.248218679428101E+01
     0.793949413299561E+01     0.217560243606567E+01     0.110812520980835E+02     0.248152756690979E+01
     0.795645904541016E+01     0.217533445358276E+01     0.110785884857178E+02     0.248103928565979E+01
     0.797342348098755E+01     0.217515158653259E+01     0.110772342681885E+02     0.248068284988403E+01
     0.799038839340210E+01     0.217483472824097E+01     0.110738973617554E+02     0.248012042045593E+01
     0.800735282897949E+01     0.217441487312317E+01     0.110690441131592E+02     0.247939991950989E+01
     0.802431774139404E+01     0.217419075965881E+01     0.110671472549438E+02     0.247898173332214E+01
     0.804128265380859E+01     0.217387795448303E+01     0.110639476776123E+02     0.247842741012573E+01
     0.805824756622314E+01     0.217351293563843E+01     0.110599889755249E+02     0.247779321670532E+01
     0.807521152496338E+01     0.217332816123962E+01     0.110587711334229E+02     0.247743701934814E+01
     0.809217643737793E+01     0.217266893386841E+01     0.110504693984985E+02     0.247635173797607E+01
     0.810914134979248E+01     0.217270421981812E+01     0.110522432327271E+02     0.247634863853455E+01
     0.812610626220703E+01     0.217250537872314E+01     0.110505771636963E+02     0.247598576545715E+01
     0.814307117462158E+01     0.217225980758667E+01     0.110482378005981E+02     0.247555041313171E+01
     0.816003608703613E+01     0.217198133468628E+01     0.110454292297363E+02     0.247506403923035E+01
     0.817700004577637E+01     0.217174220085144E+01     0.110432634353638E+02     0.247463798522949E+01
     0.819396495819092E+01     0.217160987854004E+01     0.110428104400635E+02     0.247437644004822E+01
     0.821092987060547E+01     0.217123389244080E+01     0.110385608673096E+02     0.247373938560486E+01
     0.822789478302002E+01     0.217088818550110E+01     0.110348348617554E+02     0.247314953804016E+01
     0.824485969543457E+01     0.217065382003784E+01     0.110328607559204E+02     0.247273087501526E+01
     0.826182365417480E+01     0.217044019699097E+01     0.110312490463257E+02     0.247234439849854E+01
     0.827878856658936E+01     0.217003512382507E+01     0.110266695022583E+02     0.247166347503662E+01
     0.829575347900391E+01     0.216944456100464E+01     0.110193815231323E+02     0.247069621086121E+01
     0.831271839141846E+01     0.216953206062317E+01     0.110223779678345E+02     0.247077488899231E+01
     0.832968330383301E+01     0.216928458213806E+01     0.110203409194946E+02     0.247033739089966E+01
     0.834664726257324E+01     0.216899538040161E+01     0.110176706314087E+02     0.246983575820923E+01
     0.836361217498779E+01     0.216821885108948E+01     0.110076141357422E+02     0.246858310699463E+01
     0.838057708740234E+01     0.216786789894104E+01     0.110040817260742E+02     0.246798706054688E+01
     0.839754199981689E+01     0.216809368133545E+01     0.110092658996582E+02     0.246828079223633E+01
     0.841450691223145E+01     0.216785955429077E+01     0.110075683593750E+02     0.246786522865295E+01
     0.843147087097168E+01     0.216741061210632E+01     0.110024852752686E+02     0.246711921691895E+01
     0.844843578338623E+01     0.216722321510315E+01     0.110015630722046E+02     0.246677660942078E+01
     0.846540069580078E+01     0.216637420654297E+01     0.109905204772949E+02     0.246541380882263E+01
